[Sun Jun 05 2022 13:39:45]Bass Catto#6001 said: Hi
[Sun Jun 05 2022 13:39:50]Bass Catto#6001 said: No
[Sun Jun 05 2022 13:39:53]Bass Catto#6001 said: No
[Sun Jun 05 2022 13:39:56]Bass Catto#6001 said: No
[Sun Jun 05 2022 13:40:03]Bass Catto#6001 said: No
[Sun Jun 05 2022 13:40:11]Bass Catto#6001 said: Yes
[Sun Jun 05 2022 13:40:18]Bass Catto#6001 said: Ughh
[Sun Jun 05 2022 13:40:31]Bass Catto#6001 said: Nah nah nah
[Sun Jun 05 2022 13:40:38]Bass Catto#6001 said: No
[Sun Jun 05 2022 13:40:43]Bass Catto#6001 said: Ho ho ho
[Sun Jun 05 2022 13:40:51]Bass Catto#6001 said: No
[Sun Jun 05 2022 13:40:58]Bass Catto#6001 said: Yes
[Sun Jun 05 2022 13:41:05]Bass Catto#6001 said: Ugh
[Sun Jun 05 2022 13:41:11]Bass Catto#6001 said: No
[Sun Jun 05 2022 13:41:19]Bass Catto#6001 said: Meow
[Sun Jun 05 2022 13:41:26]Bass Catto#6001 said: Meow
[Sun Jun 05 2022 13:41:32]Bass Catto#6001 said: Woof
[Sun Jun 05 2022 13:41:46]Bass Catto#6001 said: What the dog doin
[Sun Jun 05 2022 13:41:52]Bass Catto#6001 said: Woof
[Sun Jun 05 2022 13:41:59]Bass Catto#6001 said: Meoow
[Sun Jun 05 2022 13:42:14]Bass Catto#6001 said: Nyau
[Sun Jun 05 2022 13:42:20]Bass Catto#6001 said: Nyau
[Sun Jun 05 2022 13:42:41]Bass Catto#6001 said: TRAPCITY
[Sun Jun 05 2022 13:42:46]Bass Catto#6001 said: Yes
[Sun Jun 05 2022 13:43:24]Bass Catto#6001 said: Pls Wine
[Sun Jun 05 2022 13:43:31]Bass Catto#6001 said: No
[Sun Jun 05 2022 13:43:36]Bass Catto#6001 said: Sus
[Sun Jun 05 2022 13:43:45]Bass Catto#6001 said: Uk
[Sun Jun 05 2022 13:44:01]Bass Catto#6001 said: 11*2=
[Sun Jun 05 2022 13:44:25]Bass Catto#6001 said: √49 +√36=
[Sun Jun 05 2022 13:44:39]Bass Catto#6001 said: √36
[Sun Jun 05 2022 13:44:50]Bass Catto#6001 said: √25
[Sun Jun 05 2022 13:44:58]Bass Catto#6001 said: 01010
[Sun Jun 05 2022 13:45:05]Bass Catto#6001 said: 10110
[Sun Jun 05 2022 13:45:20]Bass Catto#6001 said: 011001
[Sun Jun 05 2022 13:45:30]Bass Catto#6001 said: 0101100
[Sun Jun 05 2022 13:45:52]Bass Catto#6001 said: 1011011100010110
[Sun Jun 05 2022 13:46:04]Bass Catto#6001 said: 00101001010101010101
[Sun Jun 05 2022 13:46:12]Bass Catto#6001 said: 011101010101010101
[Sun Jun 05 2022 13:46:23]Bass Catto#6001 said: U never know
[Sun Jun 05 2022 13:46:37]Bass Catto#6001 said: I will give u F
[Sun Jun 05 2022 13:46:42]Bass Catto#6001 said: Yes
[Sun Jun 05 2022 13:46:53]Bass Catto#6001 said: No you are
[Sun Jun 05 2022 13:47:08]Bass Catto#6001 said: Got milk?
[Sun Jun 05 2022 13:47:34]Bass Catto#6001 said: No electricity .-.
[Sun Jun 05 2022 13:47:47]Bass Catto#6001 said: Bass money fancy clothes
[Sun Jun 05 2022 13:49:15]Bass Catto#6001 said: Maow
[Sun Jun 05 2022 13:49:27]Bass Catto#6001 said: Give me whiskas
[Sun Jun 05 2022 13:49:37]Bass Catto#6001 said: Feed me
[Sun Jun 05 2022 13:49:42]Bass Catto#6001 said: Yee
[Sun Jun 05 2022 13:49:51]Bass Catto#6001 said: Nom nom nom
[Sun Jun 05 2022 13:50:30]Bass Catto#6001 said: Where i can scratch ?
[Sun Jun 05 2022 13:50:48]Bass Catto#6001 said: I will scratch u
[Sun Jun 05 2022 13:50:53]Bass Catto#6001 said: Yes
[Sun Jun 05 2022 13:51:06]Bass Catto#6001 said: U said anywhere
[Sun Jun 05 2022 13:51:30]Bass Catto#6001 said: Which person should i scratch?
