! Phoenix#1608 said: i dont get how people are so blind
Reshildship127#3113 said: lmao
! Phoenix#1608 said: 
! Phoenix#1608 said: wha
Bloqy#6392 said: 💀 even I have terrible eyesight, but I can see it.
Tec M BACKUP#3420 said: No wonder he cant catch Jerry
Reshildship127#3113 said: lol
Muxto#8483 said: new feature for <@977262952354828308> : auto-deletes any unknown links
Reshildship127#3113 said: Oi some of them are not
Muxto#8483 said: don't worry. It records the message and who sent it, before deleting
Muxto#8483 said: so that you can manually check
Muxto#8483 said: trust me, if you've ever been raided by a hacked acc, you'll understand the pain and danger of having someone spam up so many links 💀
Reshildship127#3113 said: ik lol
Muxto#8483 said: the worst part is, the 'best' malicious site links look almost exactly the same as the genuine ones. That's why some dumb people end up clicking on them intentionally or accidentally.
Reshildship127#3113 said: ok
Reshildship127#3113 said: lol
Tec M BACKUP#3420 said: If the was isnt the are could am,
Does that are the mean it would could maybe yesnt
Muxto#8483 said: huh?
Muxto#8483 said: 🤔
Muxto#8483 said: https://discors.gg/123456
Muxto#8483 said: don't worry. I was jus' testing out the new feature.
Muxto#8483 said: and obviously don't enter that link!
[Sat May 28 2022 22:01:34]Tec M BACKUP#3420 said: The was isnt da wae
[Sat May 28 2022 22:02:00]Tec M BACKUP#3420 said: Anyways
[Mon May 30 2022 10:15:07]! Phoenix#1608 said: i will give yall a reason to be active
[Mon May 30 2022 10:15:10]! Phoenix#1608 said: https://media.discordapp.net/attachments/962439183820009482/980813954043482142/IMG_1327.gif
[Mon May 30 2022 10:15:34]DMukto#8483 said: lol
[Mon May 30 2022 10:19:50]! Phoenix#1608 said: its _cool_ innit?
[Mon May 30 2022 10:29:59]Tec M BACKUP#3420 said: epik air
[Mon May 30 2022 10:30:22]grue n bleen#1190 said: :)
[Mon May 30 2022 10:30:32]Tec M BACKUP#3420 said: 👍
[Mon May 30 2022 13:30:05]Reshildship127#3113 said: I am sleep in that cool air
[Mon May 30 2022 16:18:44]DMukto#8483 said: working on a gacha card game for <@977262952354828308> here's progress
[Mon May 30 2022 16:26:56]Tec M BACKUP#3420 said: but epik
[Mon May 30 2022 16:27:05]Tec M BACKUP#3420 said: i dont understand anything in that
[Mon May 30 2022 16:27:18]Tec M BACKUP#3420 said: that was not meant to go the other way round
[Mon May 30 2022 16:27:21]Tec M BACKUP#3420 said: XD
[Mon May 30 2022 17:00:38]DMukto#8483 said: cards are ready!
[Mon May 30 2022 17:00:48]DMukto#8483 said: <#762958530273214465>
[Mon May 30 2022 17:15:37]Quin#9132 said: Phoenix turnin’ British.
[Mon May 30 2022 18:19:53]Tec M BACKUP#3420 said: im british
[Mon May 30 2022 18:19:55]Tec M BACKUP#3420 said: lol
[Mon May 30 2022 18:20:05]Tec M BACKUP#3420 said: no more leaf next to my name ;-;
[Mon May 30 2022 18:40:13]DMukto#8483 said: easy
[Mon May 30 2022 18:40:17]DMukto#8483 said: leave and rejoin
[Mon May 30 2022 18:40:20]DMukto#8483 said: I guess
[Mon May 30 2022 18:40:42]Tec M BACKUP#3420 said: trees
[Mon May 30 2022 18:41:03]Tec M BACKUP#3420 said: i have epik image of tree so i should be good for now lol
[Wed Jun 01 2022 06:12:19]Quin#9132 said: Phoenix Natino. :O
[Wed Jun 01 2022 06:21:24]! Phoenix#1608 said: thick one
[Wed Jun 01 2022 06:53:48]Tec M BACKUP#3420 said: tree
[Wed Jun 01 2022 06:54:06]Tec M BACKUP#3420 said: made beautifully
*in MSPaint*
[Wed Jun 01 2022 10:30:05]DMukto#8483 said: https://tenor.com/view/dryads-total-war-warhammer-wood-elves-warhammer-total-war-forest-monster-gif-19302406
[Wed Jun 01 2022 10:30:16]DMukto#8483 said: 💀
[Wed Jun 01 2022 11:19:52]Tec M BACKUP#3420 said: what the
[Wed Jun 01 2022 11:42:17]DMukto#8483 said: aren't these the trees you dream of ? 😂
[Wed Jun 01 2022 12:59:05]Tec M BACKUP#3420 said: no i just dream of the tree trees
[Wed Jun 01 2022 12:59:34]Tec M BACKUP#3420 said: they look like bots that are designed to be like a tree but are secretly trying to kill them
[Wed Jun 01 2022 18:10:41]Tec M BACKUP#3420 said: md meme
[Tue Oct 04 2022 22:47:40]Reshildship127#3113 said: .
[Tue Oct 04 2022 23:15:31]Quin#9132 said: .
[Tue Oct 04 2022 23:32:56]DewanMukto#8815 said: .
[Tue Oct 04 2022 23:32:57]DewanMukto#8815 said: ?
[Tue Oct 04 2022 23:33:13]DewanMukto#8815 said: what is this new ritual? 🥴
[Thu Oct 06 2022 11:53:46]tact.#9151 said: Real shit
[Thu Oct 06 2022 11:53:54]tact.#9151 said: I broke the fucking chain
[Thu Oct 06 2022 11:54:04]tact.#9151 said: https://cdn.discordapp.com/emojis/876236643055595560.png?v=1&size=48&quality=lossless
[Thu Oct 06 2022 12:27:51]DewanMukto#8815 said: 🧌
[Thu Oct 06 2022 19:03:34]Quin#9132 said: .
[Thu Oct 06 2022 19:26:22]DewanMukto#8815 said: Drop a sus link
[Thu Oct 06 2022 19:26:33]DewanMukto#8815 said: 👋
[Thu Oct 06 2022 19:27:06]DewanMukto#8815 said: I'm not a <@&884431926583234590> ? 😦
[Thu Oct 06 2022 19:47:09]! Phoenix#1608 said: He made that himself
[Thu Oct 06 2022 19:52:21]DewanMukto#8815 said: oh
[Thu Oct 06 2022 19:55:37]Quin#9132 said: >:D
[Thu Oct 06 2022 19:55:54]Quin#9132 said: I’ll change it to something else.
[Thu Oct 06 2022 19:56:25]Quin#9132 said: There we go.
[Thu Oct 06 2022 20:06:11]DewanMukto#8815 said: md delete 24
[Thu Oct 06 2022 21:37:22]Quin#9132 said: Wha-?
[Thu Oct 06 2022 21:37:23]Quin#9132 said: .
[Sat Oct 08 2022 21:24:01]DewanMukto#8815 said: md reddit amongus
[Sat Oct 08 2022 21:24:20]DewanMukto#8815 said: md amongus
[Sun Oct 09 2022 16:30:15]DewanMukto#8815 said: md repeat .
[Sun Oct 09 2022 16:31:10]DewanMukto#8815 said: md whois <@932575110597074944>
[Sun Oct 09 2022 16:31:19]DewanMukto#8815 said: Hu Tao?
[Sun Oct 09 2022 16:46:39]Quin#9132 said: Eh?
[Sun Oct 09 2022 16:49:58]DewanMukto#8815 said: md meme
[Sun Oct 09 2022 17:47:41]DewanMukto#8815 said: wait... you're Bloqy?!
[Sun Oct 09 2022 17:47:53]DewanMukto#8815 said: how're ya doin', mate?
[Sun Oct 09 2022 18:15:25]Quin#9132 said: Yes.
[Sun Oct 09 2022 18:15:42]Quin#9132 said: I’m doing alright, what about you?
[Sun Oct 09 2022 18:15:58]Quin#9132 said: Oop- I almost forgot.
[Sun Oct 09 2022 18:16:00]Quin#9132 said: .
[Sun Oct 09 2022 18:23:43]DewanMukto#8815 said: I'm doing OK, I guess. I myself don't know 🥴
[Sun Oct 09 2022 21:53:58]Quin#9132 said: 🥴
[Mon Oct 10 2022 16:49:47]DewanMukto#8815 said: md .
[Mon Oct 10 2022 16:49:50]DewanMukto#8815 said: .
[Fri Feb 24 2023 06:30:55]Pearl#1679 said: Hiya!!!!
[Fri Feb 24 2023 06:31:50]Pearl#1679 said: <a:hanaDances:954121625001947156> Let's get the party started!!! <a:hanaDances:954121625001947156>
[Fri Feb 24 2023 06:33:08]Pearl#1679 said: who wants <:Nitro:1078495341839663194> ??
[Fri Feb 24 2023 06:33:20]Pearl#1679 said: I'll try to randomly send in nitro at any time.
[Fri Feb 24 2023 06:33:34]Pearl#1679 said: So make sure all of you people remain more active!
[Fri Feb 24 2023 06:34:09]Pearl#1679 said: Tips on being active :
- talk about your day
- talk about your latest work (but not self-promo directly)
- talk about yourself/your interests
[Fri Feb 24 2023 06:34:58]Pearl#1679 said: hmm... <@334688944346365953> and <@&780311207768489984>s, could you please restructure the server so that the bots don't get in the way??
[Fri Feb 24 2023 06:35:06]Pearl#1679 said: Thanks in advance!
[Fri Feb 24 2023 06:37:31]Pearl#1679 said: Sorry if I sounded like a mod (even though I'm not one)
[Fri Feb 24 2023 06:43:56]Pearl#1679 said: Also... it'll be the standard nitro NOT the classic/basic one. 'Cause those ones are lame. <:hanaSMH:985699348052582430>
