[Fri May 27 2022 19:55:26]Muxto#8483 said: md meme
[Fri May 27 2022 19:55:30]Muxto#8483 said: md meme
[Fri May 27 2022 19:55:37]Muxto#8483 said: md meme
[Fri May 27 2022 19:55:41]Muxto#8483 said: md meme
[Fri May 27 2022 19:55:45]Muxto#8483 said: md meme
[Fri May 27 2022 19:56:08]Muxto#8483 said: oh sh... I thought I disabled NSFW
[Fri May 27 2022 19:56:14]Muxto#8483 said: md delete 3
[Fri May 27 2022 19:56:18]Muxto#8483 said: 😐
[Fri May 27 2022 19:56:41]Muxto#8483 said: <@932575110597074944> can you please run `md delete 7` ?
[Fri May 27 2022 19:59:31]Muxto#8483 said: Nvm. Got it.
[Fri May 27 2022 19:59:34]Muxto#8483 said: md delete 7
[Fri May 27 2022 19:59:42]Muxto#8483 said: md delete 3
[Fri May 27 2022 19:59:50]Muxto#8483 said: md meme
[Fri May 27 2022 21:50:03]Muxto#8483 said: md meme murderedbywords
[Fri May 27 2022 21:50:17]Muxto#8483 said: md meme technicallythetruth
[Sat May 28 2022 00:39:43]! Phoenix#1608 said: what the hell happened
[Sat May 28 2022 08:47:59]Muxto#8483 said: Nothing much. <@977262952354828308> now has a feature of finding and sending you memes
[Sat May 28 2022 10:24:23]Muxto#8483 said: promoteDolly
[Mon May 30 2022 11:47:23]! Phoenix#1608 said: why is mogu
[Mon May 30 2022 11:51:03]DMukto#8483 said: md reddit blenderhelp
[Mon May 30 2022 11:51:13]DMukto#8483 said: md reddit amongus
[Mon May 30 2022 11:51:33]DMukto#8483 said: md reddit amongus
[Mon May 30 2022 11:51:35]! Phoenix#1608 said: mongoos
[Mon May 30 2022 11:51:51]DMukto#8483 said: md amongus
[Mon May 30 2022 11:51:57]DMukto#8483 said: md reddit amongus
[Mon May 30 2022 11:52:05]DMukto#8483 said: md reddit amongus
[Mon May 30 2022 11:52:10]DMukto#8483 said: md reddit amongus
[Mon May 30 2022 15:34:08]Tec M BACKUP#3420 said: epik
[Mon May 30 2022 15:34:10]Tec M BACKUP#3420 said: md help
[Mon May 30 2022 15:34:13]Tec M BACKUP#3420 said: dad help
[Mon May 30 2022 15:34:19]Tec M BACKUP#3420 said: md rabbit
[Mon May 30 2022 15:34:34]Tec M BACKUP#3420 said: md count 10
[Mon May 30 2022 15:34:39]Tec M BACKUP#3420 said: i cant count
[Mon May 30 2022 15:34:51]Tec M BACKUP#3420 said: md meme
[Mon May 30 2022 15:35:23]Tec M BACKUP#3420 said: ok
[Mon May 30 2022 15:35:38]Tec M BACKUP#3420 said: md crimes
[Mon May 30 2022 15:35:47]Tec M BACKUP#3420 said: im a human
[Mon May 30 2022 15:35:49]Tec M BACKUP#3420 said: i think
[Mon May 30 2022 15:35:54]Tec M BACKUP#3420 said: md meme
[Mon May 30 2022 15:36:16]Tec M BACKUP#3420 said: meme from subreddit meme
[Mon May 30 2022 15:36:24]Tec M BACKUP#3420 said: makes sense
[Mon May 30 2022 15:36:28]Tec M BACKUP#3420 said: md reddit Luigikid
[Mon May 30 2022 15:36:37]Tec M BACKUP#3420 said: kirb
[Tue May 31 2022 12:48:51]Tec M BACKUP#3420 said: i gained their attenstion
