Muxto#8483 said: md help
Muxto#8483 said: md play werabbitzs
Muxto#8483 said: What the
Muxto#8483 said: 784119755111661569
Muxto#8483 said: GqHJmagG4k
Muxto#8483 said: play nightcore sleepy 2
Muxto#8483 said: play nightcore sleepy 2
Muxto#8483 said: volume 100
Muxto#8483 said: np
Muxto#8483 said: play nightcore sleepy 8
Muxto#8483 said: skip
Muxto#8483 said: filters
Muxto#8483 said: filterlist
Muxto#8483 said: surround
Muxto#8483 said: play nightcore sleepy 8
Muxto#8483 said: filter surround
Muxto#8483 said: play werabbitz blue da ba dee
Muxto#8483 said: filter nightcore
Muxto#8483 said: volume 100
Muxto#8483 said: reset
Muxto#8483 said: filter surround
Muxto#8483 said: play lofi girl
Muxto#8483 said: queue
Muxto#8483 said: skip
Muxto#8483 said: reset
Muxto#8483 said: play lofi girl
Muxto#8483 said: play kupla living things
Muxto#8483 said: pause
Muxto#8483 said: resume
Muxto#8483 said: np
Muxto#8483 said: nowplaying
Muxto#8483 said: play cyberpunk radio
Muxto#8483 said: stop
Muxto#8483 said: stop
Muxto#8483 said: stop
Muxto#8483 said: ssssssssssssssss
Muxto#8483 said: kek
Muxto#8483 said: info
Muxto#8483 said: server
Muxto#8483 said: botinfo
Muxto#8483 said: play ravers in the uk
Muxto#8483 said: filter nightcore
Muxto#8483 said: help
Muxto#8483 said: https://Dolly.muxsites.com/discordbot/
Muxto#8483 said: help
Muxto#8483 said: menu
Muxto#8483 said: help
Muxto#8483 said: md play nightcore radio
Muxto#8483 said: play nightcore radio
