[Wed Jun 01 2022 13:53:09]AstricX#1975 said: bigger wiggle
  bigger wiggle
   bigger wiggle
     bigger wiggle
       bigger wiggle
         bigger wiggle
            bigger wiggle
               bigger wiggle
                  bigger wiggle
                     bigger wiggle
                        bigger wiggle
                           bigger wiggle
                              bigger wiggle
                                 bigger wiggle
                                    bigger wiggle
                                       bigger wiggle
                                         bigger wiggle
                                           bigger wiggle
                                             bigger wiggle
                                              bigger wiggle
                                               bigger wiggle
                                                bigger wiggle
                                                bigger wiggle
                                                bigger wiggle
                                                bigger wiggle
                                               bigger wiggle
                                              bigger wiggle
                                             bigger wiggle
                                             bigger wiggle
                                           bigger wiggle
                                         bigger wiggle
                                       bigger wiggle
                                    bigger wiggle
                                 bigger wiggle
                              bigger wiggle
                           bigger wiggle
                        bigger wiggle
                     bigger wiggle
                  bigger wiggle
               bigger wiggle
            bigger wiggle
         bigger wiggle
       bigger wiggle
     bigger wiggle
   bigger wiggle
  bigger wiggle
 bigger wiggle
bigger wiggle
bigger wiggle
[Wed Jun 01 2022 13:53:13]AstricX#1975 said: bigger wiggle
  bigger wiggle
   bigger wiggle
     bigger wiggle
       bigger wiggle
         bigger wiggle
            bigger wiggle
               bigger wiggle
                  bigger wiggle
                     bigger wiggle
                        bigger wiggle
                           bigger wiggle
                              bigger wiggle
                                 bigger wiggle
                                    bigger wiggle
                                       bigger wiggle
                                         bigger wiggle
                                           bigger wiggle
                                             bigger wiggle
                                              bigger wiggle
                                               bigger wiggle
                                                bigger wiggle
                                                bigger wiggle
                                                bigger wiggle
                                                bigger wiggle
                                               bigger wiggle
                                              bigger wiggle
                                             bigger wiggle
                                             bigger wiggle
                                           bigger wiggle
                                         bigger wiggle
                                       bigger wiggle
                                    bigger wiggle
                                 bigger wiggle
                              bigger wiggle
                           bigger wiggle
                        bigger wiggle
                     bigger wiggle
                  bigger wiggle
               bigger wiggle
            bigger wiggle
         bigger wiggle
       bigger wiggle
     bigger wiggle
   bigger wiggle
  bigger wiggle
 bigger wiggle
bigger wiggle
bigger wiggle
[Wed Jun 01 2022 13:53:17]AstricX#1975 said: bigger wiggle
  bigger wiggle
   bigger wiggle
     bigger wiggle
       bigger wiggle
         bigger wiggle
            bigger wiggle
               bigger wiggle
                  bigger wiggle
                     bigger wiggle
                        bigger wiggle
                           bigger wiggle
                              bigger wiggle
                                 bigger wiggle
                                    bigger wiggle
                                       bigger wiggle
                                         bigger wiggle
                                           bigger wiggle
                                             bigger wiggle
                                              bigger wiggle
                                               bigger wiggle
                                                bigger wiggle
                                                bigger wiggle
                                                bigger wiggle
                                                bigger wiggle
                                               bigger wiggle
                                              bigger wiggle
                                             bigger wiggle
                                             bigger wiggle
                                           bigger wiggle
                                         bigger wiggle
                                       bigger wiggle
                                    bigger wiggle
                                 bigger wiggle
                              bigger wiggle
                           bigger wiggle
                        bigger wiggle
                     bigger wiggle
                  bigger wiggle
               bigger wiggle
            bigger wiggle
         bigger wiggle
       bigger wiggle
     bigger wiggle
   bigger wiggle
  bigger wiggle
 bigger wiggle
bigger wiggle
bigger wiggle
[Wed Jun 01 2022 13:53:27]AstricX#1975 said: bigger wiggle
  bigger wiggle
   bigger wiggle
     bigger wiggle
       bigger wiggle
         bigger wiggle
            bigger wiggle
               bigger wiggle
                  bigger wiggle
                     bigger wiggle
                        bigger wiggle
                           bigger wiggle
                              bigger wiggle
                                 bigger wiggle
                                    bigger wiggle
                                       bigger wiggle
                                         bigger wiggle
                                           bigger wiggle
                                             bigger wiggle
                                              bigger wiggle
                                               bigger wiggle
                                                bigger wiggle
                                                bigger wiggle
                                                bigger wiggle
                                                bigger wiggle
                                               bigger wiggle
                                              bigger wiggle
                                             bigger wiggle
                                             bigger wiggle
                                           bigger wiggle
                                         bigger wiggle
                                       bigger wiggle
                                    bigger wiggle
                                 bigger wiggle
                              bigger wiggle
                           bigger wiggle
                        bigger wiggle
                     bigger wiggle
                  bigger wiggle
               bigger wiggle
            bigger wiggle
         bigger wiggle
       bigger wiggle
     bigger wiggle
   bigger wiggle
  bigger wiggle
 bigger wiggle
bigger wiggle
bigger wiggle
[Wed Jun 01 2022 13:53:30]AstricX#1975 said: bigger wiggle
  bigger wiggle
   bigger wiggle
     bigger wiggle
       bigger wiggle
         bigger wiggle
            bigger wiggle
               bigger wiggle
                  bigger wiggle
                     bigger wiggle
                        bigger wiggle
                           bigger wiggle
                              bigger wiggle
                                 bigger wiggle
                                    bigger wiggle
                                       bigger wiggle
                                         bigger wiggle
                                           bigger wiggle
                                             bigger wiggle
                                              bigger wiggle
                                               bigger wiggle
                                                bigger wiggle
                                                bigger wiggle
                                                bigger wiggle
                                                bigger wiggle
                                               bigger wiggle
                                              bigger wiggle
                                             bigger wiggle
                                             bigger wiggle
                                           bigger wiggle
                                         bigger wiggle
                                       bigger wiggle
                                    bigger wiggle
                                 bigger wiggle
                              bigger wiggle
                           bigger wiggle
                        bigger wiggle
                     bigger wiggle
                  bigger wiggle
               bigger wiggle
            bigger wiggle
         bigger wiggle
       bigger wiggle
     bigger wiggle
   bigger wiggle
  bigger wiggle
 bigger wiggle
bigger wiggle
bigger wiggle
[Wed Jun 01 2022 13:53:33]AstricX#1975 said: bigger wiggle
  bigger wiggle
   bigger wiggle
     bigger wiggle
       bigger wiggle
         bigger wiggle
            bigger wiggle
               bigger wiggle
                  bigger wiggle
                     bigger wiggle
                        bigger wiggle
                           bigger wiggle
                              bigger wiggle
                                 bigger wiggle
                                    bigger wiggle
                                       bigger wiggle
                                         bigger wiggle
                                           bigger wiggle
                                             bigger wiggle
                                              bigger wiggle
                                               bigger wiggle
                                                bigger wiggle
                                                bigger wiggle
                                                bigger wiggle
                                                bigger wiggle
                                               bigger wiggle
                                              bigger wiggle
                                             bigger wiggle
                                             bigger wiggle
                                           bigger wiggle
                                         bigger wiggle
                                       bigger wiggle
                                    bigger wiggle
                                 bigger wiggle
                              bigger wiggle
                           bigger wiggle
                        bigger wiggle
                     bigger wiggle
                  bigger wiggle
               bigger wiggle
            bigger wiggle
         bigger wiggle
       bigger wiggle
     bigger wiggle
   bigger wiggle
  bigger wiggle
 bigger wiggle
bigger wiggle
bigger wiggle
[Wed Jun 01 2022 13:53:37]AstricX#1975 said: bigger wiggle
  bigger wiggle
   bigger wiggle
     bigger wiggle
       bigger wiggle
         bigger wiggle
            bigger wiggle
               bigger wiggle
                  bigger wiggle
                     bigger wiggle
                        bigger wiggle
                           bigger wiggle
                              bigger wiggle
                                 bigger wiggle
                                    bigger wiggle
                                       bigger wiggle
                                         bigger wiggle
                                           bigger wiggle
                                             bigger wiggle
                                              bigger wiggle
                                               bigger wiggle
                                                bigger wiggle
                                                bigger wiggle
                                                bigger wiggle
                                                bigger wiggle
                                               bigger wiggle
                                              bigger wiggle
                                             bigger wiggle
                                             bigger wiggle
                                           bigger wiggle
                                         bigger wiggle
                                       bigger wiggle
                                    bigger wiggle
                                 bigger wiggle
                              bigger wiggle
                           bigger wiggle
                        bigger wiggle
                     bigger wiggle
                  bigger wiggle
               bigger wiggle
            bigger wiggle
         bigger wiggle
       bigger wiggle
     bigger wiggle
   bigger wiggle
  bigger wiggle
 bigger wiggle
bigger wiggle
bigger wiggle
[Wed Jun 01 2022 13:53:40]AstricX#1975 said: bigger wiggle
  bigger wiggle
   bigger wiggle
     bigger wiggle
       bigger wiggle
         bigger wiggle
            bigger wiggle
               bigger wiggle
                  bigger wiggle
                     bigger wiggle
                        bigger wiggle
                           bigger wiggle
                              bigger wiggle
                                 bigger wiggle
                                    bigger wiggle
                                       bigger wiggle
                                         bigger wiggle
                                           bigger wiggle
                                             bigger wiggle
                                              bigger wiggle
                                               bigger wiggle
                                                bigger wiggle
                                                bigger wiggle
                                                bigger wiggle
                                                bigger wiggle
                                               bigger wiggle
                                              bigger wiggle
                                             bigger wiggle
                                             bigger wiggle
                                           bigger wiggle
                                         bigger wiggle
                                       bigger wiggle
                                    bigger wiggle
                                 bigger wiggle
                              bigger wiggle
                           bigger wiggle
                        bigger wiggle
                     bigger wiggle
                  bigger wiggle
               bigger wiggle
            bigger wiggle
         bigger wiggle
       bigger wiggle
     bigger wiggle
   bigger wiggle
  bigger wiggle
 bigger wiggle
bigger wiggle
bigger wiggle
[Wed Jun 01 2022 13:53:43]AstricX#1975 said: bigger wiggle
  bigger wiggle
   bigger wiggle
     bigger wiggle
       bigger wiggle
         bigger wiggle
            bigger wiggle
               bigger wiggle
                  bigger wiggle
                     bigger wiggle
                        bigger wiggle
                           bigger wiggle
                              bigger wiggle
                                 bigger wiggle
                                    bigger wiggle
                                       bigger wiggle
                                         bigger wiggle
                                           bigger wiggle
                                             bigger wiggle
                                              bigger wiggle
                                               bigger wiggle
                                                bigger wiggle
                                                bigger wiggle
                                                bigger wiggle
                                                bigger wiggle
                                               bigger wiggle
                                              bigger wiggle
                                             bigger wiggle
                                             bigger wiggle
                                           bigger wiggle
                                         bigger wiggle
                                       bigger wiggle
                                    bigger wiggle
                                 bigger wiggle
                              bigger wiggle
                           bigger wiggle
                        bigger wiggle
                     bigger wiggle
                  bigger wiggle
               bigger wiggle
            bigger wiggle
         bigger wiggle
       bigger wiggle
     bigger wiggle
   bigger wiggle
  bigger wiggle
 bigger wiggle
bigger wiggle
bigger wiggle
[Wed Jun 01 2022 13:53:46]AstricX#1975 said: bigger wiggle
  bigger wiggle
   bigger wiggle
     bigger wiggle
       bigger wiggle
         bigger wiggle
            bigger wiggle
               bigger wiggle
                  bigger wiggle
                     bigger wiggle
                        bigger wiggle
                           bigger wiggle
                              bigger wiggle
                                 bigger wiggle
                                    bigger wiggle
                                       bigger wiggle
                                         bigger wiggle
                                           bigger wiggle
                                             bigger wiggle
                                              bigger wiggle
                                               bigger wiggle
                                                bigger wiggle
                                                bigger wiggle
                                                bigger wiggle
                                                bigger wiggle
                                               bigger wiggle
                                              bigger wiggle
                                             bigger wiggle
                                             bigger wiggle
                                           bigger wiggle
                                         bigger wiggle
                                       bigger wiggle
                                    bigger wiggle
                                 bigger wiggle
                              bigger wiggle
                           bigger wiggle
                        bigger wiggle
                     bigger wiggle
                  bigger wiggle
               bigger wiggle
            bigger wiggle
         bigger wiggle
       bigger wiggle
     bigger wiggle
   bigger wiggle
  bigger wiggle
 bigger wiggle
bigger wiggle
bigger wiggle
[Wed Jun 01 2022 13:53:49]AstricX#1975 said: bigger wiggle
  bigger wiggle
   bigger wiggle
     bigger wiggle
       bigger wiggle
         bigger wiggle
            bigger wiggle
               bigger wiggle
                  bigger wiggle
                     bigger wiggle
                        bigger wiggle
                           bigger wiggle
                              bigger wiggle
                                 bigger wiggle
                                    bigger wiggle
                                       bigger wiggle
                                         bigger wiggle
                                           bigger wiggle
                                             bigger wiggle
                                              bigger wiggle
                                               bigger wiggle
                                                bigger wiggle
                                                bigger wiggle
                                                bigger wiggle
                                                bigger wiggle
                                               bigger wiggle
                                              bigger wiggle
                                             bigger wiggle
                                             bigger wiggle
                                           bigger wiggle
                                         bigger wiggle
                                       bigger wiggle
                                    bigger wiggle
                                 bigger wiggle
                              bigger wiggle
                           bigger wiggle
                        bigger wiggle
                     bigger wiggle
                  bigger wiggle
               bigger wiggle
            bigger wiggle
         bigger wiggle
       bigger wiggle
     bigger wiggle
   bigger wiggle
  bigger wiggle
 bigger wiggle
bigger wiggle
bigger wiggle
[Wed Jun 01 2022 13:53:51]AstricX#1975 said: bigger wiggle
  bigger wiggle
   bigger wiggle
     bigger wiggle
       bigger wiggle
         bigger wiggle
            bigger wiggle
               bigger wiggle
                  bigger wiggle
                     bigger wiggle
                        bigger wiggle
                           bigger wiggle
                              bigger wiggle
                                 bigger wiggle
                                    bigger wiggle
                                       bigger wiggle
                                         bigger wiggle
                                           bigger wiggle
                                             bigger wiggle
                                              bigger wiggle
                                               bigger wiggle
                                                bigger wiggle
                                                bigger wiggle
                                                bigger wiggle
                                                bigger wiggle
                                               bigger wiggle
                                              bigger wiggle
                                             bigger wiggle
                                             bigger wiggle
                                           bigger wiggle
                                         bigger wiggle
                                       bigger wiggle
                                    bigger wiggle
                                 bigger wiggle
                              bigger wiggle
                           bigger wiggle
                        bigger wiggle
                     bigger wiggle
                  bigger wiggle
               bigger wiggle
            bigger wiggle
         bigger wiggle
       bigger wiggle
     bigger wiggle
   bigger wiggle
  bigger wiggle
 bigger wiggle
bigger wiggle
bigger wiggle
[Wed Jun 01 2022 13:53:54]AstricX#1975 said: bigger wiggle
  bigger wiggle
   bigger wiggle
     bigger wiggle
       bigger wiggle
         bigger wiggle
            bigger wiggle
               bigger wiggle
                  bigger wiggle
                     bigger wiggle
                        bigger wiggle
                           bigger wiggle
                              bigger wiggle
                                 bigger wiggle
                                    bigger wiggle
                                       bigger wiggle
                                         bigger wiggle
                                           bigger wiggle
                                             bigger wiggle
                                              bigger wiggle
                                               bigger wiggle
                                                bigger wiggle
                                                bigger wiggle
                                                bigger wiggle
                                                bigger wiggle
                                               bigger wiggle
                                              bigger wiggle
                                             bigger wiggle
                                             bigger wiggle
                                           bigger wiggle
                                         bigger wiggle
                                       bigger wiggle
                                    bigger wiggle
                                 bigger wiggle
                              bigger wiggle
                           bigger wiggle
                        bigger wiggle
                     bigger wiggle
                  bigger wiggle
               bigger wiggle
            bigger wiggle
         bigger wiggle
       bigger wiggle
     bigger wiggle
   bigger wiggle
  bigger wiggle
 bigger wiggle
bigger wiggle
bigger wiggle
[Wed Jun 01 2022 13:53:56]AstricX#1975 said: bigger wiggle
  bigger wiggle
   bigger wiggle
     bigger wiggle
       bigger wiggle
         bigger wiggle
            bigger wiggle
               bigger wiggle
                  bigger wiggle
                     bigger wiggle
                        bigger wiggle
                           bigger wiggle
                              bigger wiggle
                                 bigger wiggle
                                    bigger wiggle
                                       bigger wiggle
                                         bigger wiggle
                                           bigger wiggle
                                             bigger wiggle
                                              bigger wiggle
                                               bigger wiggle
                                                bigger wiggle
                                                bigger wiggle
                                                bigger wiggle
                                                bigger wiggle
                                               bigger wiggle
                                              bigger wiggle
                                             bigger wiggle
                                             bigger wiggle
                                           bigger wiggle
                                         bigger wiggle
                                       bigger wiggle
                                    bigger wiggle
                                 bigger wiggle
                              bigger wiggle
                           bigger wiggle
                        bigger wiggle
                     bigger wiggle
                  bigger wiggle
               bigger wiggle
            bigger wiggle
         bigger wiggle
       bigger wiggle
     bigger wiggle
   bigger wiggle
  bigger wiggle
 bigger wiggle
bigger wiggle
bigger wiggle
[Wed Jun 01 2022 13:54:00]AstricX#1975 said: bigger wiggle
  bigger wiggle
   bigger wiggle
     bigger wiggle
       bigger wiggle
         bigger wiggle
            bigger wiggle
               bigger wiggle
                  bigger wiggle
                     bigger wiggle
                        bigger wiggle
                           bigger wiggle
                              bigger wiggle
                                 bigger wiggle
                                    bigger wiggle
                                       bigger wiggle
                                         bigger wiggle
                                           bigger wiggle
                                             bigger wiggle
                                              bigger wiggle
                                               bigger wiggle
                                                bigger wiggle
                                                bigger wiggle
                                                bigger wiggle
                                                bigger wiggle
                                               bigger wiggle
                                              bigger wiggle
                                             bigger wiggle
                                             bigger wiggle
                                           bigger wiggle
                                         bigger wiggle
                                       bigger wiggle
                                    bigger wiggle
                                 bigger wiggle
                              bigger wiggle
                           bigger wiggle
                        bigger wiggle
                     bigger wiggle
                  bigger wiggle
               bigger wiggle
            bigger wiggle
         bigger wiggle
       bigger wiggle
     bigger wiggle
   bigger wiggle
  bigger wiggle
 bigger wiggle
bigger wiggle
bigger wiggle
[Wed Jun 01 2022 13:54:03]AstricX#1975 said: bigger wiggle
  bigger wiggle
   bigger wiggle
     bigger wiggle
       bigger wiggle
         bigger wiggle
            bigger wiggle
               bigger wiggle
                  bigger wiggle
                     bigger wiggle
                        bigger wiggle
                           bigger wiggle
                              bigger wiggle
                                 bigger wiggle
                                    bigger wiggle
                                       bigger wiggle
                                         bigger wiggle
                                           bigger wiggle
                                             bigger wiggle
                                              bigger wiggle
                                               bigger wiggle
                                                bigger wiggle
                                                bigger wiggle
                                                bigger wiggle
                                                bigger wiggle
                                               bigger wiggle
                                              bigger wiggle
                                             bigger wiggle
                                             bigger wiggle
                                           bigger wiggle
                                         bigger wiggle
                                       bigger wiggle
                                    bigger wiggle
                                 bigger wiggle
                              bigger wiggle
                           bigger wiggle
                        bigger wiggle
                     bigger wiggle
                  bigger wiggle
               bigger wiggle
            bigger wiggle
         bigger wiggle
       bigger wiggle
     bigger wiggle
   bigger wiggle
  bigger wiggle
 bigger wiggle
bigger wiggle
bigger wiggle
[Wed Jun 01 2022 13:54:06]AstricX#1975 said: bigger wiggle
  bigger wiggle
   bigger wiggle
     bigger wiggle
       bigger wiggle
         bigger wiggle
            bigger wiggle
               bigger wiggle
                  bigger wiggle
                     bigger wiggle
                        bigger wiggle
                           bigger wiggle
                              bigger wiggle
                                 bigger wiggle
                                    bigger wiggle
                                       bigger wiggle
                                         bigger wiggle
                                           bigger wiggle
                                             bigger wiggle
                                              bigger wiggle
                                               bigger wiggle
                                                bigger wiggle
                                                bigger wiggle
                                                bigger wiggle
                                                bigger wiggle
                                               bigger wiggle
                                              bigger wiggle
                                             bigger wiggle
                                             bigger wiggle
                                           bigger wiggle
                                         bigger wiggle
                                       bigger wiggle
                                    bigger wiggle
                                 bigger wiggle
                              bigger wiggle
                           bigger wiggle
                        bigger wiggle
                     bigger wiggle
                  bigger wiggle
               bigger wiggle
            bigger wiggle
         bigger wiggle
       bigger wiggle
     bigger wiggle
   bigger wiggle
  bigger wiggle
 bigger wiggle
bigger wiggle
bigger wiggle
[Wed Jun 01 2022 13:54:09]AstricX#1975 said: bigger wiggle
  bigger wiggle
   bigger wiggle
     bigger wiggle
       bigger wiggle
         bigger wiggle
            bigger wiggle
               bigger wiggle
                  bigger wiggle
                     bigger wiggle
                        bigger wiggle
                           bigger wiggle
                              bigger wiggle
                                 bigger wiggle
                                    bigger wiggle
                                       bigger wiggle
                                         bigger wiggle
                                           bigger wiggle
                                             bigger wiggle
                                              bigger wiggle
                                               bigger wiggle
                                                bigger wiggle
                                                bigger wiggle
                                                bigger wiggle
                                                bigger wiggle
                                               bigger wiggle
                                              bigger wiggle
                                             bigger wiggle
                                             bigger wiggle
                                           bigger wiggle
                                         bigger wiggle
                                       bigger wiggle
                                    bigger wiggle
                                 bigger wiggle
                              bigger wiggle
                           bigger wiggle
                        bigger wiggle
                     bigger wiggle
                  bigger wiggle
               bigger wiggle
            bigger wiggle
         bigger wiggle
       bigger wiggle
     bigger wiggle
   bigger wiggle
  bigger wiggle
 bigger wiggle
bigger wiggle
bigger wiggle
[Wed Jun 01 2022 13:54:11]AstricX#1975 said: bigger wiggle
  bigger wiggle
   bigger wiggle
     bigger wiggle
       bigger wiggle
         bigger wiggle
            bigger wiggle
               bigger wiggle
                  bigger wiggle
                     bigger wiggle
                        bigger wiggle
                           bigger wiggle
                              bigger wiggle
                                 bigger wiggle
                                    bigger wiggle
                                       bigger wiggle
                                         bigger wiggle
                                           bigger wiggle
                                             bigger wiggle
                                              bigger wiggle
                                               bigger wiggle
                                                bigger wiggle
                                                bigger wiggle
                                                bigger wiggle
                                                bigger wiggle
                                               bigger wiggle
                                              bigger wiggle
                                             bigger wiggle
                                             bigger wiggle
                                           bigger wiggle
                                         bigger wiggle
                                       bigger wiggle
                                    bigger wiggle
                                 bigger wiggle
                              bigger wiggle
                           bigger wiggle
                        bigger wiggle
                     bigger wiggle
                  bigger wiggle
               bigger wiggle
            bigger wiggle
         bigger wiggle
       bigger wiggle
     bigger wiggle
   bigger wiggle
  bigger wiggle
 bigger wiggle
bigger wiggle
bigger wiggle
[Wed Jun 01 2022 13:54:14]AstricX#1975 said: bigger wiggle
  bigger wiggle
   bigger wiggle
     bigger wiggle
       bigger wiggle
         bigger wiggle
            bigger wiggle
               bigger wiggle
                  bigger wiggle
                     bigger wiggle
                        bigger wiggle
                           bigger wiggle
                              bigger wiggle
                                 bigger wiggle
                                    bigger wiggle
                                       bigger wiggle
                                         bigger wiggle
                                           bigger wiggle
                                             bigger wiggle
                                              bigger wiggle
                                               bigger wiggle
                                                bigger wiggle
                                                bigger wiggle
                                                bigger wiggle
                                                bigger wiggle
                                               bigger wiggle
                                              bigger wiggle
                                             bigger wiggle
                                             bigger wiggle
                                           bigger wiggle
                                         bigger wiggle
                                       bigger wiggle
                                    bigger wiggle
                                 bigger wiggle
                              bigger wiggle
                           bigger wiggle
                        bigger wiggle
                     bigger wiggle
                  bigger wiggle
               bigger wiggle
            bigger wiggle
         bigger wiggle
       bigger wiggle
     bigger wiggle
   bigger wiggle
  bigger wiggle
 bigger wiggle
bigger wiggle
bigger wiggle
[Wed Jun 01 2022 13:54:17]AstricX#1975 said: bigger wiggle
  bigger wiggle
   bigger wiggle
     bigger wiggle
       bigger wiggle
         bigger wiggle
            bigger wiggle
               bigger wiggle
                  bigger wiggle
                     bigger wiggle
                        bigger wiggle
                           bigger wiggle
                              bigger wiggle
                                 bigger wiggle
                                    bigger wiggle
                                       bigger wiggle
                                         bigger wiggle
                                           bigger wiggle
                                             bigger wiggle
                                              bigger wiggle
                                               bigger wiggle
                                                bigger wiggle
                                                bigger wiggle
                                                bigger wiggle
                                                bigger wiggle
                                               bigger wiggle
                                              bigger wiggle
                                             bigger wiggle
                                             bigger wiggle
                                           bigger wiggle
                                         bigger wiggle
                                       bigger wiggle
                                    bigger wiggle
                                 bigger wiggle
                              bigger wiggle
                           bigger wiggle
                        bigger wiggle
                     bigger wiggle
                  bigger wiggle
               bigger wiggle
            bigger wiggle
         bigger wiggle
       bigger wiggle
     bigger wiggle
   bigger wiggle
  bigger wiggle
 bigger wiggle
bigger wiggle
bigger wiggle
[Wed Jun 01 2022 13:54:19]AstricX#1975 said: bigger wiggle
  bigger wiggle
   bigger wiggle
     bigger wiggle
       bigger wiggle
         bigger wiggle
            bigger wiggle
               bigger wiggle
                  bigger wiggle
                     bigger wiggle
                        bigger wiggle
                           bigger wiggle
                              bigger wiggle
                                 bigger wiggle
                                    bigger wiggle
                                       bigger wiggle
                                         bigger wiggle
                                           bigger wiggle
                                             bigger wiggle
                                              bigger wiggle
                                               bigger wiggle
                                                bigger wiggle
                                                bigger wiggle
                                                bigger wiggle
                                                bigger wiggle
                                               bigger wiggle
                                              bigger wiggle
                                             bigger wiggle
                                             bigger wiggle
                                           bigger wiggle
                                         bigger wiggle
                                       bigger wiggle
                                    bigger wiggle
                                 bigger wiggle
                              bigger wiggle
                           bigger wiggle
                        bigger wiggle
                     bigger wiggle
                  bigger wiggle
               bigger wiggle
            bigger wiggle
         bigger wiggle
       bigger wiggle
     bigger wiggle
   bigger wiggle
  bigger wiggle
 bigger wiggle
bigger wiggle
bigger wiggle
[Wed Jun 01 2022 13:56:17]++schxma#9578 said: wth
[Wed Jun 01 2022 13:56:37]Beast Boy#3041 said: Perfectly aligned text be like
[Wed Jun 01 2022 14:02:38]AstricX#1975 said: Lol
[Sun Jun 05 2022 13:39:13]Bass Catto#6001 said: Lmao
