Zs'jei#0779 said: hey!
Zs'jei#0779 said: 
Zs'jei#0779 said: welcome <@977262952354828308> !
Muxto#8483 said: 
Glorious Kat#5643 said: 
Glorious Kat#5643 said: 
Glorious Kat#5643 said: 
Marlizo Hamachi#9374 said: 
Marlizo Hamachi#9374 said: 
Marlizo Hamachi#9374 said: <@784119755111661569> who is nuke guy
Muxto#8483 said: everyone is me
Muxto#8483 said: my alts
Marlizo Hamachi#9374 said: So
Muxto#8483 said: <@854404138107928576> too
Marlizo Hamachi#9374 said: Tht <@854404138107928576> is u??!
Muxto#8483 said: yes
Marlizo Hamachi#9374 said: Dis whol TIME??!!
Muxto#8483 said: what happened? 🤔
Muxto#8483 said: yeah
Muxto#8483 said: what did you expect?
Muxto#8483 said: or... what did I tell you in the past? I forgot 😅
Muxto#8483 said: you think I'll ever tell someone something harsh?
Muxto#8483 said: Just an easy hint to spot my alts : I often swear at them or behave rudely to them (unless it's someone else, who is toxic)
Marlizo Hamachi#9374 said: I wanted to reply to tht in "with my little eye"
Marlizo Hamachi#9374 said: LOl
Marlizo Hamachi#9374 said: Also almost every1 watches spyxfamily in my class
nuke#7747 said: o'course
nuke#7747 said: it's the most trending anime right now
Marlizo Hamachi#9374 said: hello mr.nuke
nuke#7747 said: also... right now I'm in this acc, meaning I'm on the virtual 'server' device
Marlizo Hamachi#9374 said: ohhh
nuke#7747 said: I can now run both Linux and Windows at the same time, so...
nuke#7747 said: <@531811739746959360> is my main Linux acc
Marlizo Hamachi#9374 said: Ok
nuke#7747 said: which is also where <@977262952354828308> is running
nuke#7747 said: md botinfo
nuke#7747 said: md botinfo
Marlizo Hamachi#9374 said: I see so linux is mostly used for work?
nuke#7747 said: yes, because they made the OS like that
nuke#7747 said: Linux : programming
Windows : gaming
Mac (Apple) : work
Marlizo Hamachi#9374 said: Also made a multiverse glitched fanmade version of the HEH , (marliana ver.)
nuke#7747 said: those black texts aren't typed by me, btw. They're automatically fetched from the syste,
nuke#7747 said: *system
Marlizo Hamachi#9374 said: All the glitch effect was used from the same app we use to draw, the legendary ibis paint XD
nuke#7747 said: I know
Marlizo Hamachi#9374 said: Alr
nuke#7747 said: STUDY!
Marlizo Hamachi#9374 said: going
Marlizo Hamachi#9374 said: Heh
Muxto#8483 said: md help
serverwise#7747 said: https://discord.com/api/oauth2/authorize?client_id=900766190266368051&permissions=1644971949559&scope=bot
Muxto#8483 said: https://discord.gg/A2xxCQqkve
Muxto#8483 said: https://muxworks.com/musicbot
serverwise#7747 said: mmp setting
serverwise#7747 said: mmp settings
Muxto#8483 said: https://youtu.be/XDLdRamo_G8
rexonight134#9930 said: huh
rexonight134#9930 said: bye
Muxto#8483 said: byeee
Muxto#8483 said: 🤔
Muxto#8483 said: 🤷‍♂️
Muxto#8483 said: help
Muxto#8483 said: md help
Muxto#8483 said: play rickroll
Muxto#8483 said: <@977262952354828308>
Muxto#8483 said: <@900766190266368051>
Muxto#8483 said: md <@977262952354828308>
Muxto#8483 said: md <@977262952354828308>
Muxto#8483 said: <@900766190266368051>
Muxto#8483 said: md amongus
Zs'jei#0779 said: <@900766190266368051> behave yourself
Muxto#8483 said: invite him
Muxto#8483 said: <@900766190266368051> help
Muxto#8483 said: pls help
serverwise#7747 said: https://discord.gg/nqjQBrh
[Fri May 27 2022 08:50:24]serverwise#7747 said: K i z u#5351
[Fri May 27 2022 09:49:09]serverwise#7747 said: https://discord.gg/u44QmD2s
[Fri May 27 2022 12:48:26]Muxto#8483 said: XLS氣Oceløtシ#5964
[Fri May 27 2022 21:26:05]Muxto#8483 said: md help
[Fri May 27 2022 21:46:23]Zs'jei#0779 said: md waifu
[Fri May 27 2022 22:25:46]serverwise#7747 said: https://discord.gg/J766CXpV
[Fri May 27 2022 23:11:07]Muxto#8483 said: md nsfwmeme
[Fri May 27 2022 23:11:18]Muxto#8483 said: md nsfwmeme animegirlsfullynaked
[Fri May 27 2022 23:11:30]Muxto#8483 said: md delete 4
[Fri May 27 2022 23:12:11]Muxto#8483 said: md nsfwmeme titties
[Fri May 27 2022 23:12:20]Muxto#8483 said: md delete 4
[Fri May 27 2022 23:12:35]Muxto#8483 said: md waifu
[Fri May 27 2022 23:16:39]Muxto#8483 said: md nsfwwaifu
[Fri May 27 2022 23:16:45]Muxto#8483 said: md nfswwaifu
[Sat May 28 2022 08:50:06]serverwise#7747 said: https://discord.gg/yyEwfUas
[Sat May 28 2022 09:17:57]Muxto#8483 said: promoteDolly
[Sat May 28 2022 09:19:39]Muxto#8483 said: https://media.discordapp.net/attachments/817313984264536114/978627246841532466/Dolly_discord_logo.png?width=574&height=574
[Sat May 28 2022 09:21:11]Muxto#8483 said: promoteDolly
[Sat May 28 2022 14:42:54]Muxto#8483 said: https://media.discordapp.net/attachments/817313984264536114/980151026701193299/Dolly_webhook_icon.png?width=490&height=490
[Sat May 28 2022 14:49:42]Muxto#8483 said: 980158201297248257
[Sat May 28 2022 14:49:55]Muxto#8483 said: vMjZOZY4R2Czxaxp2w9Dlzuudnnt90Srm1nlFsxZyMual96s9W3MFFFhtn3tU0mMgUQJ
[Sat May 28 2022 14:55:42]Muxto#8483 said: md webhook
[Sat May 28 2022 14:56:36]Muxto#8483 said: md webhooktest
[Sat May 28 2022 14:56:43]Muxto#8483 said: md webhook
[Sat May 28 2022 14:57:17]Muxto#8483 said: md webhook
[Sat May 28 2022 15:05:12]Muxto#8483 said: md webhook
[Sat May 28 2022 15:20:45]Muxto#8483 said: md webhook
[Sat May 28 2022 15:21:30]Muxto#8483 said: md webhook
[Sat May 28 2022 15:22:01]Muxto#8483 said: md webhook
[Sat May 28 2022 15:23:51]Muxto#8483 said: md webhook
[Sat May 28 2022 15:24:16]Muxto#8483 said: md webhook
[Sat May 28 2022 15:45:16]Muxto#8483 said: md balance
[Sat May 28 2022 15:45:21]Muxto#8483 said: md balanca
[Sat May 28 2022 15:45:25]Muxto#8483 said: md balance
[Sat May 28 2022 15:46:23]Muxto#8483 said: md balance
[Sat May 28 2022 15:47:20]Muxto#8483 said: md balance
[Sat May 28 2022 15:49:34]Muxto#8483 said: md balance
[Sat May 28 2022 16:15:21]Muxto#8483 said: md balance
[Sat May 28 2022 16:15:24]Muxto#8483 said: md balance
[Sat May 28 2022 16:23:53]Muxto#8483 said: md balance
[Sat May 28 2022 16:25:48]Muxto#8483 said: md balance
[Sat May 28 2022 16:26:15]Muxto#8483 said: md balance
[Sat May 28 2022 17:03:32]Muxto#8483 said: md balance
[Sat May 28 2022 17:03:39]Muxto#8483 said: md newacc
[Sat May 28 2022 17:03:43]Muxto#8483 said: md createacc
[Sat May 28 2022 17:03:54]Muxto#8483 said: md transfer <@854404138107928576> 20
[Sat May 28 2022 17:04:17]Zs'jei#0779 said: md newacc
[Sat May 28 2022 17:04:28]Muxto#8483 said: md transfer <@854404138107928576> 20
[Sat May 28 2022 17:04:34]Muxto#8483 said: md balance
[Sat May 28 2022 17:04:39]Zs'jei#0779 said: md balance
[Sat May 28 2022 17:04:44]Zs'jei#0779 said: noice
[Sat May 28 2022 17:04:49]Muxto#8483 said: 😎
[Sat May 28 2022 17:21:25]Muxto#8483 said: md balance
[Sat May 28 2022 17:21:27]Muxto#8483 said: md help
[Sat May 28 2022 17:24:06]Muxto#8483 said: md help
[Sat May 28 2022 17:25:46]Muxto#8483 said: md bal
[Sat May 28 2022 17:25:53]Muxto#8483 said: md bal <@854404138107928576>
[Sat May 28 2022 17:28:50]Muxto#8483 said: md bal <@784119755111661569>
[Sat May 28 2022 17:29:03]Muxto#8483 said: md transfer <@854404138107928576> 1200
[Sat May 28 2022 17:29:13]Muxto#8483 said: md transfer <@854404138107928576> 2
[Sat May 28 2022 17:29:27]Muxto#8483 said: md transfer <@531811739746959360> 2
[Sat May 28 2022 17:30:59]Zs'jei#0779 said: md transfer <@854404138107928576> 2
[Sat May 28 2022 17:31:06]Zs'jei#0779 said: md bal
[Sat May 28 2022 17:31:34]Zs'jei#0779 said: md transfer <@854404138107928576> 22
[Sat May 28 2022 17:31:36]Zs'jei#0779 said: md bal
[Sat May 28 2022 17:31:40]Zs'jei#0779 said: lol
[Sat May 28 2022 17:31:50]Muxto#8483 said: md bal
[Sat May 28 2022 17:51:37]Muxto#8483 said: md bal
[Sat May 28 2022 17:51:45]Muxto#8483 said: md transfer <@784119755111661569> 2
[Sat May 28 2022 19:21:09]Muxto#8483 said: md steal <@854404138107928576>
[Sat May 28 2022 19:22:03]Zs'jei#0779 said: md steal <@784119755111661569>
[Sat May 28 2022 19:27:00]Zs'jei#0779 said: md steal <@784119755111661569>
[Sat May 28 2022 19:27:20]Muxto#8483 said: md steal <@784119755111661569>
[Sat May 28 2022 19:27:27]Muxto#8483 said: md steal <@854404138107928576>
[Sat May 28 2022 19:27:34]Muxto#8483 said: md steal <@854404138107928576>
[Sat May 28 2022 19:27:38]Muxto#8483 said: md steal <@854404138107928576>
[Sat May 28 2022 19:27:41]Muxto#8483 said: md steal <@854404138107928576>
[Sat May 28 2022 19:27:45]Muxto#8483 said: md steal <@854404138107928576>
[Sat May 28 2022 19:27:50]Muxto#8483 said: md bal
[Sat May 28 2022 19:27:54]Zs'jei#0779 said: md bal
[Sat May 28 2022 19:29:53]Zs'jei#0779 said: md createacc
[Sat May 28 2022 19:29:56]Zs'jei#0779 said: md bal
[Sat May 28 2022 19:30:09]Muxto#8483 said: md bal
[Sat May 28 2022 19:30:12]Muxto#8483 said: md bal
[Sat May 28 2022 19:30:17]Zs'jei#0779 said: md bal
[Sat May 28 2022 19:30:22]Zs'jei#0779 said: md steal <@784119755111661569>
[Sat May 28 2022 19:30:25]Zs'jei#0779 said: md bal
[Sat May 28 2022 19:30:39]Muxto#8483 said: md bal
[Sat May 28 2022 19:40:56]Muxto#8483 said: md steal <@854404138107928576>
[Sat May 28 2022 19:40:56]Muxto#8483 said: md steal <@854404138107928576>
[Sat May 28 2022 19:41:18]Muxto#8483 said: md createacc
[Sat May 28 2022 19:41:21]Muxto#8483 said: md bal
[Sat May 28 2022 19:41:30]Muxto#8483 said: md transfer <@854404138107928576>
[Sat May 28 2022 19:41:44]Zs'jei#0779 said: md bal
[Sat May 28 2022 19:41:49]Zs'jei#0779 said: md balance
[Sat May 28 2022 19:41:58]Muxto#8483 said: md transfer <@854404138107928576> 10
[Sat May 28 2022 19:42:07]Muxto#8483 said: md transfer <@854404138107928576> 1
[Sat May 28 2022 19:42:58]Muxto#8483 said: md bal
[Sat May 28 2022 19:43:08]Zs'jei#0779 said: md steal <@784119755111661569>
[Sat May 28 2022 19:46:40]Muxto#8483 said: md steal <@854404138107928576>
[Sat May 28 2022 19:47:15]Muxto#8483 said: md steal <@854404138107928576>
[Sat May 28 2022 19:48:45]Muxto#8483 said: md steal <@854404138107928576>
[Sat May 28 2022 19:48:52]Zs'jei#0779 said: md steal <@854404138107928576>
[Sat May 28 2022 19:48:57]Zs'jei#0779 said: md steal <@784119755111661569>
[Sat May 28 2022 19:49:10]Muxto#8483 said: md bal
[Sat May 28 2022 19:49:14]Zs'jei#0779 said: md bal
[Sat May 28 2022 19:49:38]Muxto#8483 said: md steal <@784119755111661569>
[Sat May 28 2022 19:49:47]Muxto#8483 said: md steal <@854404138107928576>
[Sat May 28 2022 19:49:47]Muxto#8483 said: md steal <@854404138107928576>
[Sat May 28 2022 19:49:48]Muxto#8483 said: md steal <@854404138107928576>
[Sat May 28 2022 19:49:48]Muxto#8483 said: md steal <@854404138107928576>
[Sat May 28 2022 19:49:50]Muxto#8483 said: md steal <@854404138107928576>
[Sat May 28 2022 19:49:53]Muxto#8483 said: md bal
[Sat May 28 2022 19:49:57]Zs'jei#0779 said: md bal
[Sat May 28 2022 19:57:09]Muxto#8483 said: md bal
[Sat May 28 2022 19:57:12]Zs'jei#0779 said: md bal
[Sat May 28 2022 19:57:29]Muxto#8483 said: md transfer <@854404138107928576> 130
[Sat May 28 2022 19:57:35]Zs'jei#0779 said: md bal
[Sat May 28 2022 19:57:39]Muxto#8483 said: md bal
[Sat May 28 2022 19:57:47]Muxto#8483 said: md steal <@854404138107928576>
[Sat May 28 2022 19:58:24]Zs'jei#0779 said: md bal
[Sat May 28 2022 19:58:29]Zs'jei#0779 said: ☹️
[Sat May 28 2022 19:58:33]Muxto#8483 said: md bal
[Sat May 28 2022 19:58:42]Zs'jei#0779 said: md steal <@784119755111661569>
[Sat May 28 2022 19:58:48]Zs'jei#0779 said: md steal <@977262952354828308>
[Sat May 28 2022 19:58:56]Muxto#8483 said: md steal <@854404138107928576>
[Sat May 28 2022 19:59:04]Zs'jei#0779 said: md bal
[Sat May 28 2022 19:59:08]Muxto#8483 said: md bal
[Sat May 28 2022 20:03:58]Muxto#8483 said: md bal
[Sat May 28 2022 20:04:02]Zs'jei#0779 said: md bal
[Sat May 28 2022 20:04:09]Muxto#8483 said: md steal <@854404138107928576>
[Sat May 28 2022 20:04:14]Zs'jei#0779 said: md bal
[Sat May 28 2022 20:04:19]Muxto#8483 said: md steal <@854404138107928576>
[Sat May 28 2022 20:07:11]Zs'jei#0779 said: md steal <@784119755111661569>
[Sat May 28 2022 20:07:18]Zs'jei#0779 said: md bal
[Sat May 28 2022 20:07:25]Zs'jei#0779 said: md steal <@784119755111661569>
[Sat May 28 2022 20:07:30]Zs'jei#0779 said: md balance
[Sat May 28 2022 20:07:35]Muxto#8483 said: md bal
[Sat May 28 2022 20:07:52]Muxto#8483 said: md sendcoins <@854404138107928576> 67
[Sat May 28 2022 20:07:54]Muxto#8483 said: md bal
[Sat May 28 2022 20:07:57]Zs'jei#0779 said: md bal
[Sat May 28 2022 20:08:05]Muxto#8483 said: md steal <@854404138107928576>
[Sat May 28 2022 20:08:12]Muxto#8483 said: md steal <@854404138107928576>
[Sat May 28 2022 20:08:22]Zs'jei#0779 said: md bal
[Sat May 28 2022 20:08:52]serverwise#7747 said: https://discord.gg/ScdtnYAV
[Sat May 28 2022 20:13:34]Zs'jei#0779 said: md bal
[Sat May 28 2022 20:13:49]Muxto#8483 said: md steal <@854404138107928576>
[Sat May 28 2022 20:16:30]Zs'jei#0779 said: md steal <@784119755111661569>
[Sat May 28 2022 20:59:43]Muxto#8483 said: md bal
[Sat May 28 2022 20:59:49]Zs'jei#0779 said: md bal
[Sat May 28 2022 20:59:56]Muxto#8483 said: md steal <@854404138107928576>
[Sat May 28 2022 21:00:02]Muxto#8483 said: md bal
[Sat May 28 2022 21:00:07]Zs'jei#0779 said: md bal
[Sat May 28 2022 21:00:13]Zs'jei#0779 said: md steal <@784119755111661569>
[Sat May 28 2022 21:16:02]serverwise#7747 said: md steal <@854404138107928576>
[Sat May 28 2022 21:16:08]serverwise#7747 said: md steal <@784119755111661569>
[Sat May 28 2022 21:16:12]serverwise#7747 said: md createacc
[Sat May 28 2022 21:16:18]serverwise#7747 said: md steal <@854404138107928576>
[Sat May 28 2022 21:16:30]Zs'jei#0779 said: md steal <@854404138107928576>
[Sat May 28 2022 21:16:35]Zs'jei#0779 said: md steal <@531811739746959360>
[Sat May 28 2022 21:16:44]Zs'jei#0779 said: md transfer 200 <@531811739746959360>
[Sat May 28 2022 21:17:06]serverwise#7747 said: md bal
[Sat May 28 2022 21:17:29]Muxto#8483 said: md transfer <@531811739746959360> 2
[Sat May 28 2022 21:17:44]serverwise#7747 said: md bal
[Sat May 28 2022 21:17:53]Muxto#8483 said: md transfer 2 <@531811739746959360>
[Sat May 28 2022 21:18:05]serverwise#7747 said: md bal
[Sat May 28 2022 23:28:57]Muxto#8483 said: md bal
[Sat May 28 2022 23:30:01]Muxto#8483 said: md bal
[Sat May 28 2022 23:30:09]Muxto#8483 said: md transfer <@531811739746959360> 40
[Sat May 28 2022 23:30:11]Muxto#8483 said: md bal
[Sat May 28 2022 23:30:18]Muxto#8483 said: md transfer 40 <@531811739746959360>
[Sat May 28 2022 23:30:38]Muxto#8483 said: md bal
[Sat May 28 2022 23:31:03]Muxto#8483 said: md bal
[Sat May 28 2022 23:31:16]Zs'jei#0779 said: md bal
[Sat May 28 2022 23:31:23]Zs'jei#0779 said: md transfer <@784119755111661569> 200
[Sat May 28 2022 23:31:30]Zs'jei#0779 said: md transfer 20 <@784119755111661569>
[Sat May 28 2022 23:32:38]Muxto#8483 said: md bal
[Sat May 28 2022 23:32:45]Zs'jei#0779 said: md bal
[Sat May 28 2022 23:32:54]Muxto#8483 said: md transfer <@854404138107928576> 2
[Sat May 28 2022 23:32:57]Muxto#8483 said: md balance
[Sat May 28 2022 23:33:01]Zs'jei#0779 said: md bal
[Sat May 28 2022 23:33:20]Muxto#8483 said: md transfer 2 <@854404138107928576>
[Sat May 28 2022 23:35:33]Muxto#8483 said: md bal
[Sat May 28 2022 23:35:39]Zs'jei#0779 said: md bal
[Sat May 28 2022 23:35:45]Zs'jei#0779 said: md transfer 20 <@784119755111661569>
[Sat May 28 2022 23:35:48]Zs'jei#0779 said: md bal
[Sat May 28 2022 23:36:06]Muxto#8483 said: md transfer <@854404138107928576> 2
[Sat May 28 2022 23:36:19]Muxto#8483 said: md transfer 2 <@854404138107928576>
[Sat May 28 2022 23:36:32]Muxto#8483 said: md bal
[Sat May 28 2022 23:41:28]Zs'jei#0779 said: md bal
[Sat May 28 2022 23:41:34]Zs'jei#0779 said: md transfer <@784119755111661569> 20
[Sat May 28 2022 23:43:22]Zs'jei#0779 said: md transfer <@784119755111661569> 29
[Sat May 28 2022 23:43:25]Zs'jei#0779 said: md bal
[Sat May 28 2022 23:43:37]Zs'jei#0779 said: md transfer 71 <@784119755111661569>
[Sat May 28 2022 23:47:59]Muxto#8483 said: md bal
[Sat May 28 2022 23:48:04]Zs'jei#0779 said: md bal
[Sat May 28 2022 23:48:13]Muxto#8483 said: md transfer 80 <@784119755111661569>
[Sat May 28 2022 23:48:26]Muxto#8483 said: md transfer 80 <@854404138107928576>
[Sat May 28 2022 23:48:36]Muxto#8483 said: md transfer <@854404138107928576> 80
[Sat May 28 2022 23:48:41]Muxto#8483 said: md bal
[Sat May 28 2022 23:49:38]Muxto#8483 said: md bal
[Sat May 28 2022 23:49:44]Muxto#8483 said: md transfer 80 <@854404138107928576>
[Sat May 28 2022 23:51:42]Muxto#8483 said: md bal
[Sat May 28 2022 23:51:49]Muxto#8483 said: md transfer 80 <@854404138107928576>
[Sat May 28 2022 23:51:54]Muxto#8483 said: md bal
[Sat May 28 2022 23:52:00]Zs'jei#0779 said: md bal
[Sat May 28 2022 23:52:02]Zs'jei#0779 said: nice
[Sat May 28 2022 23:52:16]Zs'jei#0779 said: md transfer <@784119755111661569> 80
[Sat May 28 2022 23:52:19]Zs'jei#0779 said: md bal
[Sat May 28 2022 23:52:23]Muxto#8483 said: md bal
[Sat May 28 2022 23:52:28]Muxto#8483 said: 😎
[Sat May 28 2022 23:52:31]Muxto#8483 said: bingo!
[Sat May 28 2022 23:52:35]Muxto#8483 said: md steal <@854404138107928576>
[Sat May 28 2022 23:52:43]Zs'jei#0779 said: md steal <@854404138107928576>
[Sat May 28 2022 23:52:55]Zs'jei#0779 said: md steal <@531811739746959360>
[Sat May 28 2022 23:53:04]Muxto#8483 said: md steal <@531811739746959360>
[Sat May 28 2022 23:55:00]Muxto#8483 said: md bal
[Sat May 28 2022 23:55:04]Zs'jei#0779 said: md bal
[Sat May 28 2022 23:55:24]Zs'jei#0779 said: md transfer 30 <@784119755111661569>
[Sat May 28 2022 23:55:32]Zs'jei#0779 said: md transfer 10 <@977262952354828308>
[Sat May 28 2022 23:55:37]Zs'jei#0779 said: md bal
[Sat May 28 2022 23:55:47]Muxto#8483 said: md steal <@854404138107928576>
[Sat May 28 2022 23:55:53]Muxto#8483 said: md steal <@531811739746959360>
[Sat May 28 2022 23:55:58]Muxto#8483 said: heh heh boi
[Sat May 28 2022 23:56:00]Muxto#8483 said: md bal
[Sat May 28 2022 23:56:12]Zs'jei#0779 said: md steal <@784119755111661569>
[Sun May 29 2022 00:18:19]DMukto#8483 said: md authinfo
[Sun May 29 2022 08:23:31]serverwise#7747 said: https://discord.gg/XUyBMk6R
[Sun May 29 2022 08:28:10]serverwise#7747 said: https://discord.gg/8cMGYcX6
[Sun May 29 2022 09:25:46]DMukto#8483 said: md bal
[Sun May 29 2022 09:25:46]DMukto#8483 said: md bal
[Sun May 29 2022 09:26:45]DMukto#8483 said: md beg
[Sun May 29 2022 09:26:45]DMukto#8483 said: md beg
[Sun May 29 2022 09:27:00]DMukto#8483 said: md bal
[Sun May 29 2022 09:27:07]DMukto#8483 said: md beg
[Sun May 29 2022 09:27:10]DMukto#8483 said: md beg
[Sun May 29 2022 09:27:12]DMukto#8483 said: md beg
[Sun May 29 2022 09:27:34]DMukto#8483 said: md beg
[Sun May 29 2022 09:27:36]DMukto#8483 said: md beg
[Sun May 29 2022 09:27:41]DMukto#8483 said: md beg
[Sun May 29 2022 09:27:41]DMukto#8483 said: md beg
[Sun May 29 2022 09:27:42]DMukto#8483 said: md beg
[Sun May 29 2022 09:27:42]DMukto#8483 said: md beg
[Sun May 29 2022 09:27:44]DMukto#8483 said: md beg
[Sun May 29 2022 09:27:45]DMukto#8483 said: md beg
[Sun May 29 2022 09:27:47]DMukto#8483 said: md beg
[Sun May 29 2022 09:27:48]DMukto#8483 said: md beg
[Sun May 29 2022 09:27:49]DMukto#8483 said: md beg
[Sun May 29 2022 09:27:49]DMukto#8483 said: md beg
[Sun May 29 2022 09:27:50]DMukto#8483 said: md beg
[Sun May 29 2022 09:27:51]DMukto#8483 said: md beg
[Sun May 29 2022 09:27:51]DMukto#8483 said: md beg
[Sun May 29 2022 09:27:52]DMukto#8483 said: md beg
[Sun May 29 2022 09:27:54]DMukto#8483 said: md beg
[Sun May 29 2022 09:27:55]DMukto#8483 said: md beg
[Sun May 29 2022 09:27:55]DMukto#8483 said: md beg
[Sun May 29 2022 09:27:56]DMukto#8483 said: md beg
[Sun May 29 2022 09:27:57]DMukto#8483 said: md beg
[Sun May 29 2022 09:27:58]DMukto#8483 said: md beg
[Sun May 29 2022 09:28:07]DMukto#8483 said: md beg
[Sun May 29 2022 09:28:09]DMukto#8483 said: md beg
[Sun May 29 2022 09:28:10]DMukto#8483 said: md beg
[Sun May 29 2022 09:28:11]DMukto#8483 said: md beg
[Sun May 29 2022 09:31:04]DMukto#8483 said: md bal
[Sun May 29 2022 09:31:04]DMukto#8483 said: md bal
[Sun May 29 2022 09:34:00]DMukto#8483 said: md bal
[Sun May 29 2022 09:35:10]DMukto#8483 said: md bal
[Sun May 29 2022 09:36:52]DMukto#8483 said: 980434956025217074.gif?size=32&quality=lossless
[Sun May 29 2022 09:37:27]DMukto#8483 said: md bal
[Sun May 29 2022 09:43:01]DMukto#8483 said: md bal
[Sun May 29 2022 09:45:00]DMukto#8483 said: md bal
[Sun May 29 2022 09:46:47]DMukto#8483 said: md bal
[Sun May 29 2022 09:49:17]DMukto#8483 said: md balance
[Sun May 29 2022 09:49:44]Zs'jei#0779 said: md bal
[Sun May 29 2022 09:50:02]Zs'jei#0779 said: md beg
[Sun May 29 2022 09:50:04]Zs'jei#0779 said: md beg
[Sun May 29 2022 09:50:07]Zs'jei#0779 said: md beg
[Sun May 29 2022 09:50:11]Zs'jei#0779 said: md beg
[Sun May 29 2022 09:50:12]Zs'jei#0779 said: md beg
[Sun May 29 2022 09:50:14]Zs'jei#0779 said: md beg
[Sun May 29 2022 09:50:26]Zs'jei#0779 said: md beg
[Sun May 29 2022 09:50:29]Zs'jei#0779 said: md beg
[Sun May 29 2022 09:51:36]Zs'jei#0779 said: md beg
[Sun May 29 2022 09:51:49]Zs'jei#0779 said: md beg
[Sun May 29 2022 09:51:51]Zs'jei#0779 said: md beg
[Sun May 29 2022 09:51:53]Zs'jei#0779 said: md beg
[Sun May 29 2022 09:51:55]Zs'jei#0779 said: md beg
[Sun May 29 2022 09:52:46]Zs'jei#0779 said: md beg
[Sun May 29 2022 09:52:48]Zs'jei#0779 said: md beg
[Sun May 29 2022 09:52:50]Zs'jei#0779 said: md beg
[Sun May 29 2022 09:52:51]Zs'jei#0779 said: md beg
[Sun May 29 2022 09:52:53]Zs'jei#0779 said: md beg
[Sun May 29 2022 09:52:55]Zs'jei#0779 said: md beg
[Sun May 29 2022 09:52:56]Zs'jei#0779 said: md beg
[Sun May 29 2022 09:52:59]Zs'jei#0779 said: md beg
[Sun May 29 2022 09:53:01]Zs'jei#0779 said: md beg
[Sun May 29 2022 09:53:03]Zs'jei#0779 said: md beg
[Sun May 29 2022 09:53:07]Zs'jei#0779 said: md beg
[Sun May 29 2022 09:53:07]Zs'jei#0779 said: md beg
[Sun May 29 2022 09:53:08]Zs'jei#0779 said: md beg
[Sun May 29 2022 09:53:08]Zs'jei#0779 said: md beg
[Sun May 29 2022 09:53:09]Zs'jei#0779 said: md beg
[Sun May 29 2022 09:53:09]Zs'jei#0779 said: md beg
[Sun May 29 2022 09:53:10]Zs'jei#0779 said: md beg
[Sun May 29 2022 09:53:16]Zs'jei#0779 said: md beg
[Sun May 29 2022 09:53:18]Zs'jei#0779 said: md beg
[Sun May 29 2022 09:53:20]Zs'jei#0779 said: md beg
[Sun May 29 2022 09:53:21]Zs'jei#0779 said: md beg
[Sun May 29 2022 09:53:23]Zs'jei#0779 said: md beg
[Sun May 29 2022 09:54:08]Zs'jei#0779 said: md bal
[Sun May 29 2022 09:55:02]Zs'jei#0779 said: md steal <@784119755111661569>
[Sun May 29 2022 09:55:08]Zs'jei#0779 said: md steal <@977262952354828308>
[Sun May 29 2022 09:55:18]DMukto#8483 said: md steal <@854404138107928576>
[Sun May 29 2022 09:55:24]DMukto#8483 said: md bal
[Sun May 29 2022 09:59:27]DMukto#8483 said: md bal
[Sun May 29 2022 10:00:43]Zs'jei#0779 said: md bal
[Sun May 29 2022 10:01:21]Zs'jei#0779 said: 🧑‍💻
[Sun May 29 2022 10:11:21]DMukto#8483 said: md help
[Sun May 29 2022 10:11:40]DMukto#8483 said: md anime
[Sun May 29 2022 10:11:47]DMukto#8483 said: md anime
[Sun May 29 2022 10:11:53]DMukto#8483 said: md anime
[Sun May 29 2022 10:11:58]DMukto#8483 said: md anime
[Sun May 29 2022 10:12:03]DMukto#8483 said: md anime
[Sun May 29 2022 10:12:08]DMukto#8483 said: md anime
[Sun May 29 2022 10:12:16]DMukto#8483 said: md meme
[Sun May 29 2022 10:12:21]DMukto#8483 said: md anime
[Sun May 29 2022 10:12:31]DMukto#8483 said: md delete 2
[Sun May 29 2022 10:19:54]DMukto#8483 said: md meme
[Sun May 29 2022 10:19:58]DMukto#8483 said: md meme
[Sun May 29 2022 10:20:49]DMukto#8483 said: md reddit
[Sun May 29 2022 10:22:01]DMukto#8483 said: md reddit
[Sun May 29 2022 10:22:08]DMukto#8483 said: md reddit mildlyinteresting
[Sun May 29 2022 10:22:44]DMukto#8483 said: md bal
[Sun May 29 2022 10:22:49]Zs'jei#0779 said: md bal
[Sun May 29 2022 10:23:26]DMukto#8483 said: md bal
[Sun May 29 2022 10:23:37]DMukto#8483 said: 👤
[Sun May 29 2022 10:24:02]DMukto#8483 said: :bust_in_silhouette/
[Sun May 29 2022 11:08:30]DMukto#8483 said: md bal
[Sun May 29 2022 11:30:03]DMukto#8483 said: md bal
[Sun May 29 2022 11:30:11]DMukto#8483 said: md rich
[Sun May 29 2022 11:31:01]DMukto#8483 said: md rich
[Sun May 29 2022 11:41:34]DMukto#8483 said: md rich
[Sun May 29 2022 11:43:23]DMukto#8483 said: md rich
[Sun May 29 2022 11:43:57]DMukto#8483 said: md rich
[Sun May 29 2022 11:44:38]DMukto#8483 said: md rich
[Sun May 29 2022 11:45:49]DMukto#8483 said: md rich
[Sun May 29 2022 11:47:41]DMukto#8483 said: md rich
[Sun May 29 2022 11:50:13]DMukto#8483 said: md richlist
[Sun May 29 2022 11:52:14]DMukto#8483 said: md rich
[Sun May 29 2022 11:57:26]DMukto#8483 said: md transfer
[Sun May 29 2022 12:06:19]DMukto#8483 said: md rich
[Sun May 29 2022 12:06:21]DMukto#8483 said: md kick
[Sun May 29 2022 12:07:10]DMukto#8483 said: md kick <@757148419277193218>
[Sun May 29 2022 12:07:32]DMukto#8483 said: md kick <@757148419277193218>
[Sun May 29 2022 12:10:12]DMukto#8483 said: md kick
[Sun May 29 2022 12:10:19]DMukto#8483 said: md kick <@757148419277193218>
[Sun May 29 2022 12:17:50]DMukto#8483 said: md kick <@854404138107928576>
[Sun May 29 2022 12:17:58]DMukto#8483 said: md kick <@757148419277193218>
[Sun May 29 2022 12:18:41]DMukto#8483 said: md kick <@757148419277193218>
[Sun May 29 2022 12:21:38]DMukto#8483 said: md kick <@784119755111661569>
[Sun May 29 2022 12:22:16]Zs'jei#0779 said: md help
[Sun May 29 2022 12:22:36]Zs'jei#0779 said: eh?
[Sun May 29 2022 12:22:39]Zs'jei#0779 said: oh
[Sun May 29 2022 12:23:32]Zs'jei#0779 said: what the
[Sun May 29 2022 12:26:07]DMukto#8483 said: mukto
[Sun May 29 2022 12:26:12]DMukto#8483 said: md kick <@784119755111661569>
[Sun May 29 2022 12:26:32]Zs'jei#0779 said: md kick <@854404138107928576>
[Sun May 29 2022 12:26:39]Zs'jei#0779 said: md kick <@784119755111661569>
[Sun May 29 2022 12:28:27]DMukto#8483 said: md kick <@854404138107928576>
[Sun May 29 2022 12:30:46]DMukto#8483 said: 🪙
[Sun May 29 2022 12:36:27]serverwise#7747 said: https://discord.gg/Najd6M9u
[Sun May 29 2022 12:37:25]Zs'jei#0779 said: heh heh
[Sun May 29 2022 12:44:17]DMukto#8483 said: md kick
[Sun May 29 2022 12:44:23]DMukto#8483 said: md kick <@854404138107928576>
[Sun May 29 2022 12:46:03]DMukto#8483 said: md kick <@784119755111661569>
[Sun May 29 2022 12:46:14]DMukto#8483 said: md kick <@854404138107928576>
[Sun May 29 2022 12:48:01]serverwise#7747 said: md kick <@854404138107928576>
[Sun May 29 2022 12:48:04]serverwise#7747 said: md kick <@784119755111661569>
[Sun May 29 2022 12:48:32]DMukto#8483 said: md rich
[Sun May 29 2022 12:49:17]DMukto#8483 said: md rich
[Sun May 29 2022 13:43:11]DMukto#8483 said: md rich
[Sun May 29 2022 13:47:24]DMukto#8483 said: md rich
[Sun May 29 2022 13:50:20]DMukto#8483 said: md rich
[Sun May 29 2022 13:56:41]DMukto#8483 said: md rich
[Sun May 29 2022 14:00:56]DMukto#8483 said: md help
[Sun May 29 2022 14:01:05]DMukto#8483 said: md bal
[Sun May 29 2022 15:05:17]DMukto#8483 said: md bal
[Sun May 29 2022 15:05:20]DMukto#8483 said: md beg
[Sun May 29 2022 15:05:22]DMukto#8483 said: md bal
[Sun May 29 2022 15:05:28]DMukto#8483 said: md shop
[Sun May 29 2022 15:11:27]DMukto#8483 said: md shop
[Sun May 29 2022 15:11:59]DMukto#8483 said: md shop
[Sun May 29 2022 15:13:56]DMukto#8483 said: md shop
[Sun May 29 2022 15:15:10]DMukto#8483 said: md shop
[Sun May 29 2022 15:18:34]DMukto#8483 said: md shop
[Sun May 29 2022 15:25:45]DMukto#8483 said: md shop
[Sun May 29 2022 15:26:17]DMukto#8483 said: md shop
[Sun May 29 2022 15:26:41]DMukto#8483 said: md shop
[Sun May 29 2022 15:54:08]DMukto#8483 said: md shop
[Sun May 29 2022 16:30:55]DMukto#8483 said: md shop
[Sun May 29 2022 17:15:48]DMukto#8483 said: md bal
[Sun May 29 2022 17:17:56]DMukto#8483 said: md balance
[Sun May 29 2022 17:18:07]DMukto#8483 said: md shop
[Sun May 29 2022 17:18:13]DMukto#8483 said: md buy wrench
[Sun May 29 2022 17:22:41]DMukto#8483 said: md shop
[Sun May 29 2022 17:22:46]DMukto#8483 said: md buy wrench
[Sun May 29 2022 17:26:51]DMukto#8483 said: md buy wrench
[Sun May 29 2022 17:27:26]DMukto#8483 said: md buy cookie
[Sun May 29 2022 17:36:47]DMukto#8483 said: md buy wrench
[Sun May 29 2022 17:44:23]DMukto#8483 said: md buy wrench
[Sun May 29 2022 17:44:29]DMukto#8483 said: md shop
[Sun May 29 2022 17:44:49]DMukto#8483 said: md bal
[Sun May 29 2022 17:44:55]DMukto#8483 said: md buy wrench
[Sun May 29 2022 17:45:06]DMukto#8483 said: md shop
[Sun May 29 2022 17:47:07]DMukto#8483 said: md buy cookie
[Sun May 29 2022 17:47:17]DMukto#8483 said: md buy riotshielf
[Sun May 29 2022 17:47:22]DMukto#8483 said: md buy riotshield
[Sun May 29 2022 17:47:32]DMukto#8483 said: md shop
[Sun May 29 2022 18:36:30]DMukto#8483 said: md shop
[Sun May 29 2022 18:36:32]DMukto#8483 said: md bal
[Sun May 29 2022 18:37:22]DMukto#8483 said: md bal
[Sun May 29 2022 18:37:27]DMukto#8483 said: md shop
[Sun May 29 2022 18:37:40]DMukto#8483 said: md buy wrench
[Sun May 29 2022 18:37:43]DMukto#8483 said: md bal
[Sun May 29 2022 18:37:52]DMukto#8483 said: md shop
[Sun May 29 2022 18:38:40]DMukto#8483 said: md steal <@854404138107928576>
[Sun May 29 2022 18:38:44]DMukto#8483 said: okeee
[Sun May 29 2022 18:38:47]DMukto#8483 said: md buy drill
[Sun May 29 2022 18:38:50]DMukto#8483 said: md shop
[Sun May 29 2022 18:38:59]DMukto#8483 said: md bal
[Sun May 29 2022 18:39:17]DMukto#8483 said: md steal <@854404138107928576>
[Sun May 29 2022 18:39:22]DMukto#8483 said: heh heh 😎
[Sun May 29 2022 18:39:46]DMukto#8483 said: md steal <@854404138107928576>
[Sun May 29 2022 18:39:50]DMukto#8483 said: md steal <@854404138107928576>
[Sun May 29 2022 18:39:53]DMukto#8483 said: md steal <@854404138107928576>
[Sun May 29 2022 18:39:57]DMukto#8483 said: md steal <@854404138107928576>
[Sun May 29 2022 18:40:02]DMukto#8483 said: md steal <@854404138107928576>
[Sun May 29 2022 18:40:08]DMukto#8483 said: md steal <@854404138107928576>
[Sun May 29 2022 18:40:09]DMukto#8483 said: md steal <@854404138107928576>
[Sun May 29 2022 18:40:09]DMukto#8483 said: md steal <@854404138107928576>
[Sun May 29 2022 18:40:10]DMukto#8483 said: md steal <@854404138107928576>
[Sun May 29 2022 18:40:10]DMukto#8483 said: md steal <@854404138107928576>
[Sun May 29 2022 18:40:11]DMukto#8483 said: md steal <@854404138107928576>
[Sun May 29 2022 18:40:12]DMukto#8483 said: md steal <@854404138107928576>
[Sun May 29 2022 18:40:12]DMukto#8483 said: md steal <@854404138107928576>
[Sun May 29 2022 18:40:21]DMukto#8483 said: md balance
[Sun May 29 2022 18:57:39]DMukto#8483 said: md crimes
[Sun May 29 2022 18:59:23]DMukto#8483 said: md crimerecords
[Sun May 29 2022 18:59:51]DMukto#8483 said: md shop
[Sun May 29 2022 19:00:18]DMukto#8483 said: md buy riotshielf
[Sun May 29 2022 19:00:25]DMukto#8483 said: md buy riotshield
[Sun May 29 2022 19:00:31]DMukto#8483 said: md shop
[Sun May 29 2022 19:00:43]DMukto#8483 said: md buy chainsaw
[Sun May 29 2022 19:00:48]DMukto#8483 said: md buy gun
[Sun May 29 2022 19:00:52]DMukto#8483 said: md buy smg
[Sun May 29 2022 19:00:55]DMukto#8483 said: md bal
[Sun May 29 2022 19:01:07]DMukto#8483 said: md buy knife
[Sun May 29 2022 19:01:11]DMukto#8483 said: md buy bazooka
[Sun May 29 2022 19:01:18]DMukto#8483 said: md bal
[Sun May 29 2022 19:35:17]serverwise#7747 said: https://discord.gg/UuRU3Kff
[Sun May 29 2022 20:03:03]DMukto#8483 said: md help
[Sun May 29 2022 20:03:03]DMukto#8483 said: md help
[Sun May 29 2022 20:03:35]DMukto#8483 said: md bal
[Sun May 29 2022 20:03:35]DMukto#8483 said: md bal
[Sun May 29 2022 20:03:52]DMukto#8483 said: md bal
[Sun May 29 2022 20:04:03]DMukto#8483 said: md buy cookie
[Sun May 29 2022 20:04:10]DMukto#8483 said: md buy shotgun
[Sun May 29 2022 20:04:15]DMukto#8483 said: md bal
[Sun May 29 2022 20:04:19]DMukto#8483 said: md shop
[Sun May 29 2022 20:06:04]DMukto#8483 said: md amongus
[Sun May 29 2022 20:06:11]DMukto#8483 said: md count 5
[Sun May 29 2022 20:06:29]DMukto#8483 said: md kick <@854404138107928576>
[Sun May 29 2022 20:07:21]DMukto#8483 said: md waifu
[Sun May 29 2022 20:30:44]Zs'jei#0779 said: md help
[Sun May 29 2022 20:31:59]Zs'jei#0779 said: help
[Sun May 29 2022 20:34:12]Zs'jei#0779 said: md help
[Sun May 29 2022 20:34:35]Zs'jei#0779 said: md cat
[Sun May 29 2022 20:35:00]Zs'jei#0779 said: md dog
[Sun May 29 2022 20:35:12]Zs'jei#0779 said: md dogs
[Sun May 29 2022 20:35:20]Zs'jei#0779 said: md botinfo
[Sun May 29 2022 20:35:23]DMukto#8483 said: md botingo
[Sun May 29 2022 20:35:29]DMukto#8483 said: md botinfo
[Sun May 29 2022 20:35:58]DMukto#8483 said: md fox
[Sun May 29 2022 20:36:01]DMukto#8483 said: md fox
[Sun May 29 2022 20:38:13]DMukto#8483 said: md foxxie
[Sun May 29 2022 20:38:15]DMukto#8483 said: md fox
[Sun May 29 2022 20:38:18]DMukto#8483 said: md fox
[Sun May 29 2022 20:38:23]DMukto#8483 said: md owl
[Sun May 29 2022 20:38:28]DMukto#8483 said: md pussy
[Sun May 29 2022 20:38:32]DMukto#8483 said: md kitties
[Sun May 29 2022 20:38:39]DMukto#8483 said: md ducks
[Sun May 29 2022 20:38:41]DMukto#8483 said: md quack
[Sun May 29 2022 20:38:48]DMukto#8483 said: md help
[Sun May 29 2022 20:39:10]DMukto#8483 said: md wabbit
[Sun May 29 2022 20:39:17]DMukto#8483 said: md rabbit
[Mon May 30 2022 09:20:47]DMukto#8483 said: md delete 6
[Mon May 30 2022 09:49:40]DMukto#8483 said: legendary : 20
epic : 14-18
rare : 10-12
uncommon : 5-10
common : 1-2
[Mon May 30 2022 10:40:36]DMukto#8483 said: md bal
[Mon May 30 2022 11:34:16]serverwise#7747 said: https://discord.gg/QMu2URCB
[Mon May 30 2022 11:35:16]serverwise#7747 said: https://discord.gg/eCREe6eZ
[Mon May 30 2022 16:21:42]DMukto#8483 said: md gacha
[Mon May 30 2022 16:21:51]DMukto#8483 said: md gacharoll
[Mon May 30 2022 16:22:32]DMukto#8483 said: md gacharoll
[Mon May 30 2022 16:23:40]DMukto#8483 said: md gacharoll
[Mon May 30 2022 16:25:47]DMukto#8483 said: md cardroll
[Mon May 30 2022 16:26:23]DMukto#8483 said: md bal
[Mon May 30 2022 16:26:28]DMukto#8483 said: md bal
[Mon May 30 2022 16:27:06]DMukto#8483 said: md cardroll
[Mon May 30 2022 16:27:15]DMukto#8483 said: md gacharoll
[Mon May 30 2022 16:27:21]DMukto#8483 said: md cardroll
[Mon May 30 2022 16:27:28]DMukto#8483 said: md cardroll
[Mon May 30 2022 16:28:09]DMukto#8483 said: md bal
[Mon May 30 2022 16:28:42]DMukto#8483 said: md roll
[Mon May 30 2022 16:41:18]DMukto#8483 said: md cardroll
[Mon May 30 2022 16:41:33]DMukto#8483 said: md bal
[Mon May 30 2022 16:43:50]DMukto#8483 said: md gacharoll
[Mon May 30 2022 16:49:17]DMukto#8483 said: md cardroll
[Mon May 30 2022 16:49:26]DMukto#8483 said: md bal
[Mon May 30 2022 16:49:30]DMukto#8483 said: md gacharoll
[Mon May 30 2022 16:51:15]DMukto#8483 said: md cardroll
[Mon May 30 2022 16:51:24]DMukto#8483 said: md gachroll
[Mon May 30 2022 16:51:27]DMukto#8483 said: md cardroll
[Mon May 30 2022 16:51:35]DMukto#8483 said: md bal
[Mon May 30 2022 17:16:39]DMukto#8483 said: md gacha
[Mon May 30 2022 17:16:48]DMukto#8483 said: md help
[Mon May 30 2022 17:19:45]DMukto#8483 said: md gacha
[Mon May 30 2022 17:19:55]DMukto#8483 said: md gacha
[Mon May 30 2022 17:19:56]DMukto#8483 said: md gacha
[Mon May 30 2022 17:19:56]DMukto#8483 said: md gacha
[Mon May 30 2022 17:19:57]DMukto#8483 said: md gacha
[Mon May 30 2022 17:19:58]DMukto#8483 said: md gacha
[Mon May 30 2022 17:22:22]DMukto#8483 said: md bal
[Mon May 30 2022 17:22:24]DMukto#8483 said: md gacha
[Mon May 30 2022 17:22:24]DMukto#8483 said: md gacha
[Mon May 30 2022 17:22:25]DMukto#8483 said: md gacha
[Mon May 30 2022 17:22:25]DMukto#8483 said: md gacha
[Mon May 30 2022 17:22:26]DMukto#8483 said: md gacha
[Mon May 30 2022 17:22:26]DMukto#8483 said: md gacha
[Mon May 30 2022 17:22:27]DMukto#8483 said: md gacha
[Mon May 30 2022 17:22:27]DMukto#8483 said: md gacha
[Mon May 30 2022 17:22:28]DMukto#8483 said: md gacha
[Mon May 30 2022 17:22:32]DMukto#8483 said: md gacha
[Mon May 30 2022 17:22:32]DMukto#8483 said: md gacha
[Mon May 30 2022 17:22:32]DMukto#8483 said: md gacha
[Mon May 30 2022 17:22:33]DMukto#8483 said: md gacha
[Mon May 30 2022 17:22:33]DMukto#8483 said: md gacha
[Mon May 30 2022 17:22:33]DMukto#8483 said: md gacha
[Mon May 30 2022 17:22:36]DMukto#8483 said: md gacha
md gacha
[Mon May 30 2022 17:22:39]DMukto#8483 said: md gacha
[Mon May 30 2022 18:23:42]DMukto#8483 said: md gacha
[Mon May 30 2022 18:23:42]DMukto#8483 said: md gacha
[Mon May 30 2022 18:23:44]DMukto#8483 said: md cards
[Mon May 30 2022 18:23:44]DMukto#8483 said: md cards
[Mon May 30 2022 18:23:48]DMukto#8483 said: md mycards
[Mon May 30 2022 18:23:48]DMukto#8483 said: md mycards
[Mon May 30 2022 18:26:27]DMukto#8483 said: md bal
[Mon May 30 2022 18:26:27]DMukto#8483 said: md bal
[Mon May 30 2022 18:32:53]DMukto#8483 said: md cards
[Mon May 30 2022 18:34:28]DMukto#8483 said: md cards
[Mon May 30 2022 18:34:58]DMukto#8483 said: md gacha
[Mon May 30 2022 18:35:03]DMukto#8483 said: md gacha
[Mon May 30 2022 18:35:08]DMukto#8483 said: md gacha
[Mon May 30 2022 18:35:12]DMukto#8483 said: md gacha
[Mon May 30 2022 18:35:16]DMukto#8483 said: md gacha
[Mon May 30 2022 18:35:22]DMukto#8483 said: md cards
[Mon May 30 2022 18:35:54]DMukto#8483 said: md cards
[Mon May 30 2022 18:36:52]DMukto#8483 said: md cards
[Mon May 30 2022 18:39:06]DMukto#8483 said: md cards
[Mon May 30 2022 18:50:38]DMukto#8483 said: md delete 2
[Mon May 30 2022 18:50:41]DMukto#8483 said: md balance
[Mon May 30 2022 18:50:52]DMukto#8483 said: md roll
[Mon May 30 2022 18:50:55]DMukto#8483 said: md roll
[Mon May 30 2022 18:50:58]DMukto#8483 said: md roll
[Mon May 30 2022 18:51:00]DMukto#8483 said: md roll
[Mon May 30 2022 18:51:02]DMukto#8483 said: md roll
[Mon May 30 2022 18:51:05]DMukto#8483 said: md roll
[Mon May 30 2022 18:51:07]DMukto#8483 said: md roll
[Mon May 30 2022 18:51:10]DMukto#8483 said: md roll
[Mon May 30 2022 18:51:12]DMukto#8483 said: md roll
[Mon May 30 2022 18:51:14]DMukto#8483 said: md roll
[Mon May 30 2022 18:51:17]DMukto#8483 said: md roll
[Mon May 30 2022 18:51:19]DMukto#8483 said: md roll
[Mon May 30 2022 18:51:21]DMukto#8483 said: md roll
[Mon May 30 2022 18:51:23]DMukto#8483 said: md roll
[Mon May 30 2022 18:51:27]DMukto#8483 said: md roll
[Mon May 30 2022 18:51:29]DMukto#8483 said: md roll
[Mon May 30 2022 18:51:31]DMukto#8483 said: md roll
[Mon May 30 2022 18:51:33]DMukto#8483 said: md roll
[Mon May 30 2022 18:51:36]DMukto#8483 said: md roll
[Mon May 30 2022 18:51:38]DMukto#8483 said: md roll
[Mon May 30 2022 18:51:40]DMukto#8483 said: md roll
[Mon May 30 2022 18:51:42]DMukto#8483 said: md roll
[Mon May 30 2022 18:51:44]DMukto#8483 said: md roll
[Mon May 30 2022 18:51:46]DMukto#8483 said: md roll
[Mon May 30 2022 18:51:50]DMukto#8483 said: md roll
[Mon May 30 2022 18:51:52]DMukto#8483 said: md roll
[Mon May 30 2022 18:51:54]DMukto#8483 said: md roll
[Mon May 30 2022 18:51:57]DMukto#8483 said: md roll
[Mon May 30 2022 18:51:59]DMukto#8483 said: md roll
[Mon May 30 2022 18:52:02]DMukto#8483 said: md roll
[Mon May 30 2022 18:52:04]DMukto#8483 said: md roll
[Mon May 30 2022 18:52:07]DMukto#8483 said: md roll
[Mon May 30 2022 18:52:10]DMukto#8483 said: md roll
[Mon May 30 2022 18:52:13]DMukto#8483 said: md roll
[Mon May 30 2022 18:52:15]DMukto#8483 said: md roll
[Mon May 30 2022 18:52:18]DMukto#8483 said: md roll
[Mon May 30 2022 18:52:20]DMukto#8483 said: md roll
[Mon May 30 2022 18:52:22]DMukto#8483 said: md roll
[Mon May 30 2022 18:52:25]DMukto#8483 said: md roll
[Mon May 30 2022 18:52:27]DMukto#8483 said: md roll
[Mon May 30 2022 18:52:30]DMukto#8483 said: md roll
[Mon May 30 2022 18:52:32]DMukto#8483 said: md roll
[Mon May 30 2022 18:52:34]DMukto#8483 said: md roll
[Mon May 30 2022 18:52:37]DMukto#8483 said: md roll
[Mon May 30 2022 18:52:39]DMukto#8483 said: md roll
[Mon May 30 2022 18:52:41]DMukto#8483 said: md roll
[Mon May 30 2022 18:52:44]DMukto#8483 said: md roll
[Mon May 30 2022 18:52:46]DMukto#8483 said: md roll
[Mon May 30 2022 18:52:50]DMukto#8483 said: md roll
[Mon May 30 2022 18:52:52]DMukto#8483 said: md roll
[Mon May 30 2022 18:52:54]DMukto#8483 said: md roll
[Mon May 30 2022 18:52:58]DMukto#8483 said: md roll
[Mon May 30 2022 18:53:00]DMukto#8483 said: md roll
[Mon May 30 2022 18:53:03]DMukto#8483 said: md roll
[Mon May 30 2022 18:53:05]DMukto#8483 said: md roll
[Mon May 30 2022 18:53:07]DMukto#8483 said: md roll
[Mon May 30 2022 18:53:10]DMukto#8483 said: md roll
[Mon May 30 2022 18:53:12]DMukto#8483 said: md roll
[Mon May 30 2022 18:53:14]DMukto#8483 said: md roll
[Mon May 30 2022 18:53:16]DMukto#8483 said: md roll
[Mon May 30 2022 18:53:20]DMukto#8483 said: md roll
[Mon May 30 2022 18:53:23]DMukto#8483 said: md cards
[Mon May 30 2022 18:53:32]DMukto#8483 said: md roll
[Mon May 30 2022 18:53:35]DMukto#8483 said: md roll
[Mon May 30 2022 18:53:37]DMukto#8483 said: md roll
[Mon May 30 2022 18:53:42]DMukto#8483 said: md cards
[Mon May 30 2022 18:54:06]DMukto#8483 said: md roll
[Mon May 30 2022 18:54:10]DMukto#8483 said: md roll
[Mon May 30 2022 18:54:16]DMukto#8483 said: md cards
[Mon May 30 2022 18:54:28]DMukto#8483 said: md roll
[Mon May 30 2022 18:54:29]DMukto#8483 said: md roll
[Mon May 30 2022 18:54:30]DMukto#8483 said: md roll
[Mon May 30 2022 18:54:31]DMukto#8483 said: md roll
[Mon May 30 2022 18:54:33]DMukto#8483 said: md roll
[Mon May 30 2022 18:54:34]DMukto#8483 said: md roll
[Mon May 30 2022 18:54:35]DMukto#8483 said: md roll
[Mon May 30 2022 18:54:36]DMukto#8483 said: md roll
[Mon May 30 2022 18:54:37]DMukto#8483 said: md roll
[Mon May 30 2022 18:54:38]DMukto#8483 said: md roll
[Mon May 30 2022 18:54:39]DMukto#8483 said: md roll
[Mon May 30 2022 18:54:44]DMukto#8483 said: md roll
[Mon May 30 2022 18:54:45]DMukto#8483 said: md roll
[Mon May 30 2022 18:54:46]DMukto#8483 said: md roll
[Mon May 30 2022 18:54:46]DMukto#8483 said: md roll
[Mon May 30 2022 18:54:47]DMukto#8483 said: md roll
[Mon May 30 2022 18:54:48]DMukto#8483 said: md roll
[Mon May 30 2022 18:54:51]DMukto#8483 said: md roll
[Mon May 30 2022 18:54:52]DMukto#8483 said: md roll
[Mon May 30 2022 18:54:53]DMukto#8483 said: md roll
[Mon May 30 2022 18:54:54]DMukto#8483 said: md roll
[Mon May 30 2022 18:54:55]DMukto#8483 said: md roll
[Mon May 30 2022 18:54:57]DMukto#8483 said: md roll
[Mon May 30 2022 18:54:58]DMukto#8483 said: md roll
[Mon May 30 2022 18:54:59]DMukto#8483 said: md roll
[Mon May 30 2022 18:55:00]DMukto#8483 said: md roll
[Mon May 30 2022 18:55:01]DMukto#8483 said: md roll
[Mon May 30 2022 18:55:02]DMukto#8483 said: md roll
[Mon May 30 2022 18:55:03]DMukto#8483 said: md roll
[Mon May 30 2022 18:55:04]DMukto#8483 said: md roll
[Mon May 30 2022 18:55:05]DMukto#8483 said: md roll
[Mon May 30 2022 18:55:06]DMukto#8483 said: md roll
[Mon May 30 2022 18:55:07]DMukto#8483 said: md roll
[Mon May 30 2022 18:55:08]DMukto#8483 said: md roll
[Mon May 30 2022 18:55:09]DMukto#8483 said: md roll
[Mon May 30 2022 18:55:10]DMukto#8483 said: md roll
[Mon May 30 2022 18:55:11]DMukto#8483 said: md roll
[Mon May 30 2022 18:55:12]DMukto#8483 said: md roll
[Mon May 30 2022 18:55:15]DMukto#8483 said: md roll
[Mon May 30 2022 18:55:15]DMukto#8483 said: md roll
[Mon May 30 2022 18:55:17]DMukto#8483 said: md roll
[Mon May 30 2022 18:55:18]DMukto#8483 said: md roll
[Mon May 30 2022 18:55:19]DMukto#8483 said: md roll
[Mon May 30 2022 18:55:20]DMukto#8483 said: md roll
[Mon May 30 2022 18:55:21]DMukto#8483 said: md roll
[Mon May 30 2022 18:55:22]DMukto#8483 said: md roll
[Mon May 30 2022 18:55:31]DMukto#8483 said: md cards
[Mon May 30 2022 22:39:31]DMukto#8483 said: botinfo
[Mon May 30 2022 22:39:33]DMukto#8483 said: md botinfo
[Tue May 31 2022 10:29:13]DMukto#8483 said: https://tenor.com/view/one-punch-man-one-punch-man2-tatsumaki-tornado-of-terror-metal-knight-gif-19297186
[Tue May 31 2022 16:12:59]serverwise#7747 said: https://discord.gg/MdNTfHxR
[Tue May 31 2022 16:13:16]serverwise#7747 said: https://discord.gg/gNTwVFEN
[Tue May 31 2022 17:02:58]Zs'jei#0779 said: md help
[Tue May 31 2022 17:03:00]Zs'jei#0779 said: md daily
[Tue May 31 2022 17:03:58]Zs'jei#0779 said: md daily
[Tue May 31 2022 17:04:03]Zs'jei#0779 said: md bal
[Tue May 31 2022 17:04:14]Zs'jei#0779 said: md transfer 81 <@784119755111661569>
[Tue May 31 2022 17:04:16]Zs'jei#0779 said: md bal
[Tue May 31 2022 17:04:54]Zs'jei#0779 said: md daily
[Tue May 31 2022 17:04:59]Zs'jei#0779 said: md createacc
[Tue May 31 2022 17:05:02]Zs'jei#0779 said: md bal
[Tue May 31 2022 17:06:08]Zs'jei#0779 said: md createacc
[Tue May 31 2022 17:06:13]Zs'jei#0779 said: md bal
[Tue May 31 2022 17:06:16]Zs'jei#0779 said: md daily
[Tue May 31 2022 17:06:39]Zs'jei#0779 said: md daily
[Tue May 31 2022 17:07:05]Zs'jei#0779 said: md dail
[Tue May 31 2022 17:07:07]Zs'jei#0779 said: md daily
[Tue May 31 2022 17:08:05]Zs'jei#0779 said: md daily
[Tue May 31 2022 17:08:47]Zs'jei#0779 said: md daily
[Tue May 31 2022 17:09:38]Zs'jei#0779 said: md daily
[Tue May 31 2022 17:09:49]Zs'jei#0779 said: md bal
[Tue May 31 2022 17:11:38]Zs'jei#0779 said: md daily
[Tue May 31 2022 17:18:07]Zs'jei#0779 said: md daily
[Tue May 31 2022 17:18:46]DMukto#8483 said: md transfer 81 <@854404138107928576>
[Tue May 31 2022 17:19:01]DMukto#8483 said: md daily
[Tue May 31 2022 17:19:25]DMukto#8483 said: md daily
[Tue May 31 2022 17:41:26]Zs'jei#0779 said: md balance
[Tue May 31 2022 17:41:30]Zs'jei#0779 said: md bal
[Tue May 31 2022 18:01:18]DMukto#8483 said: `:construction_worker: :farmer::cook::teacher::factory_worker::mechanic:`
[Tue May 31 2022 18:07:39]DMukto#8483 said: `:police_officer::detective::factory_worker::person_in_tuxedo::judge::ninja:`
[Tue May 31 2022 18:14:21]DMukto#8483 said: 🤵
[Tue May 31 2022 18:16:37]DMukto#8483 said: `:teacher::technologist::office_worker::scientist::firefighter::pilot::astronaut:`
[Tue May 31 2022 18:26:58]DMukto#8483 said: md jobs
[Tue May 31 2022 18:27:58]DMukto#8483 said: md jobs
[Tue May 31 2022 18:45:04]DMukto#8483 said: md daily
[Tue May 31 2022 18:45:13]DMukto#8483 said: md daily
[Tue May 31 2022 18:45:17]DMukto#8483 said: md daily
[Tue May 31 2022 18:45:35]DMukto#8483 said: md daily
[Tue May 31 2022 18:46:35]DMukto#8483 said: md daily
[Tue May 31 2022 18:47:18]DMukto#8483 said: md daily
[Tue May 31 2022 18:47:22]DMukto#8483 said: md jobs
[Tue May 31 2022 19:01:06]DMukto#8483 said: md help
[Tue May 31 2022 19:01:45]DMukto#8483 said: md jobs
[Tue May 31 2022 19:21:05]DMukto#8483 said: md cards
[Tue May 31 2022 19:21:43]DMukto#8483 said: md daily
[Tue May 31 2022 19:58:51]DMukto#8483 said: md shop
[Tue May 31 2022 20:00:36]DMukto#8483 said: md daily
[Wed Jun 01 2022 10:17:50]DMukto#8483 said: md daily
[Wed Jun 01 2022 11:21:03]DMukto#8483 said: java -Dnogui=true -jar JMusicBot-X.Y.Z.jar
[Wed Jun 01 2022 11:42:33]DMukto#8483 said: https://dankmemer.lol
[Wed Jun 01 2022 12:14:39]DMukto#8483 said: play alan walker sky vip
[Wed Jun 01 2022 12:20:31]DMukto#8483 said: join
[Wed Jun 01 2022 12:20:45]DMukto#8483 said: play alan walker sky vip
[Wed Jun 01 2022 12:24:03]DMukto#8483 said: filter vaporwave
[Wed Jun 01 2022 12:25:12]DMukto#8483 said: play alan walker sky vip
[Wed Jun 01 2022 12:25:19]DMukto#8483 said: filter nightcore
[Wed Jun 01 2022 12:30:25]DMukto#8483 said: md jobs
[Wed Jun 01 2022 12:30:29]DMukto#8483 said: md apply janitor
[Wed Jun 01 2022 12:30:40]DMukto#8483 said: md apply doctor
[Wed Jun 01 2022 12:30:44]DMukto#8483 said: md bal
[Wed Jun 01 2022 12:32:07]DMukto#8483 said: md apply doctor
[Wed Jun 01 2022 12:32:07]DMukto#8483 said: md apply doctor
[Wed Jun 01 2022 12:32:10]DMukto#8483 said: md bal
[Wed Jun 01 2022 12:32:10]DMukto#8483 said: md bal
[Wed Jun 01 2022 12:51:39]DMukto#8483 said: md bal
[Wed Jun 01 2022 12:51:49]DMukto#8483 said: md apply fbi
[Wed Jun 01 2022 12:51:52]DMukto#8483 said: md bal
[Wed Jun 01 2022 17:25:50]DMukto#8483 said: md bal
[Wed Jun 01 2022 17:25:57]DMukto#8483 said: md apply doctor
[Wed Jun 01 2022 17:25:59]DMukto#8483 said: md bal
[Wed Jun 01 2022 17:26:10]DMukto#8483 said: md apply developer
[Wed Jun 01 2022 17:26:14]DMukto#8483 said: md bal
[Wed Jun 01 2022 17:26:37]DMukto#8483 said: md daily
[Wed Jun 01 2022 17:26:59]Zs'jei#0779 said: md daily
[Wed Jun 01 2022 17:27:06]Zs'jei#0779 said: md jobs
[Wed Jun 01 2022 17:27:11]Zs'jei#0779 said: md apply cop
[Wed Jun 01 2022 17:27:18]Zs'jei#0779 said: md apply police
[Wed Jun 01 2022 17:27:22]Zs'jei#0779 said: md bal
[Wed Jun 01 2022 17:54:35]Zs'jei#0779 said: md help
[Wed Jun 01 2022 18:21:59]Zs'jei#0779 said: md work
[Wed Jun 01 2022 18:22:02]Zs'jei#0779 said: md work
[Wed Jun 01 2022 18:22:07]Zs'jei#0779 said: md apply lawyer
[Wed Jun 01 2022 18:22:12]Zs'jei#0779 said: md work
[Wed Jun 01 2022 18:22:17]Zs'jei#0779 said: md bal
[Wed Jun 01 2022 18:22:23]Zs'jei#0779 said: md apply fbi
[Wed Jun 01 2022 18:22:41]Zs'jei#0779 said: md job
[Wed Jun 01 2022 18:23:16]DMukto#8483 said: md apply police
[Wed Jun 01 2022 18:23:22]DMukto#8483 said: md apply lawyer
[Wed Jun 01 2022 18:23:25]DMukto#8483 said: md apply judge
[Wed Jun 01 2022 18:23:28]DMukto#8483 said: md crimes
[Wed Jun 01 2022 18:29:24]Zs'jei#0779 said: md av <@854404138107928576>
[Wed Jun 01 2022 18:32:17]Zs'jei#0779 said: stop
[Wed Jun 01 2022 18:34:18]Zs'jei#0779 said: md av <@784119755111661569>
[Wed Jun 01 2022 18:48:20]DMukto#8483 said: md av <@784119755111661569>
[Wed Jun 01 2022 18:50:16]DMukto#8483 said: md av <@784119755111661569>
[Wed Jun 01 2022 18:50:51]DMukto#8483 said: md av <@784119755111661569>
[Wed Jun 01 2022 18:50:56]DMukto#8483 said: md av <@854404138107928576>
[Wed Jun 01 2022 18:51:02]DMukto#8483 said: md av <@977262952354828308>
[Wed Jun 01 2022 18:53:03]DMukto#8483 said: md av <@854404138107928576>
[Wed Jun 01 2022 18:54:17]DMukto#8483 said: md av <@854404138107928576>
[Wed Jun 01 2022 19:03:01]DMukto#8483 said: md av <@854404138107928576>
[Wed Jun 01 2022 19:07:32]DMukto#8483 said: md av <@854404138107928576>
[Wed Jun 01 2022 19:13:42]Zs'jei#0779 said: md avatar <@784119755111661569>
[Wed Jun 01 2022 19:13:52]Zs'jei#0779 said: md help
[Wed Jun 01 2022 19:16:22]DMukto#8483 said: md delete 20
[Wed Jun 01 2022 19:16:36]DMukto#8483 said: md delete 4
[Wed Jun 01 2022 19:16:42]DMukto#8483 said: md delete 5
[Thu Jun 02 2022 06:31:18]serverwise#7747 said: https://discord.gg/CvFSqF2B
[Thu Jun 02 2022 06:41:46]DMukto#8483 said: md daily
[Thu Jun 02 2022 06:41:53]DMukto#8483 said: md work
[Thu Jun 02 2022 06:41:59]DMukto#8483 said: md bal
[Thu Jun 02 2022 07:07:34]DMukto#8483 said: md help
[Thu Jun 02 2022 07:11:40]DMukto#8483 said: md shop
[Thu Jun 02 2022 08:02:10]DMukto#8483 said: md fish
[Thu Jun 02 2022 08:02:31]DMukto#8483 said: md catchfish
[Thu Jun 02 2022 08:02:34]DMukto#8483 said: md bal
[Thu Jun 02 2022 08:03:43]DMukto#8483 said: md fish
[Thu Jun 02 2022 08:04:07]DMukto#8483 said: md buy fishingrod
[Thu Jun 02 2022 08:04:10]DMukto#8483 said: md bal
[Thu Jun 02 2022 08:04:13]DMukto#8483 said: md fish
[Thu Jun 02 2022 08:05:30]DMukto#8483 said: md fish
[Thu Jun 02 2022 08:05:36]DMukto#8483 said: md bal
[Thu Jun 02 2022 08:08:53]DMukto#8483 said: md fish
[Thu Jun 02 2022 08:08:57]DMukto#8483 said: md fish
[Thu Jun 02 2022 08:09:00]DMukto#8483 said: md fish
[Thu Jun 02 2022 08:09:03]DMukto#8483 said: md bal
[Thu Jun 02 2022 08:10:57]DMukto#8483 said: md fish
[Thu Jun 02 2022 08:11:03]DMukto#8483 said: md fish
[Thu Jun 02 2022 08:16:17]DMukto#8483 said: md fish
[Thu Jun 02 2022 08:16:46]DMukto#8483 said: md fish
[Thu Jun 02 2022 08:16:50]DMukto#8483 said: md fish
[Thu Jun 02 2022 08:16:53]DMukto#8483 said: md fish
[Thu Jun 02 2022 08:16:55]DMukto#8483 said: md fish
[Thu Jun 02 2022 08:16:57]DMukto#8483 said: md fish
[Thu Jun 02 2022 08:38:10]DMukto#8483 said: md bal
[Thu Jun 02 2022 08:38:25]DMukto#8483 said: md fish
[Thu Jun 02 2022 08:38:28]DMukto#8483 said: md fish
[Thu Jun 02 2022 08:38:35]DMukto#8483 said: md sell salmon
[Thu Jun 02 2022 08:38:53]DMukto#8483 said: md bal
[Thu Jun 02 2022 08:40:01]DMukto#8483 said: md sell salmon
[Thu Jun 02 2022 08:44:16]DMukto#8483 said: md buy wrench
[Thu Jun 02 2022 08:44:21]DMukto#8483 said: md sell wrench
[Thu Jun 02 2022 08:45:30]DMukto#8483 said: md bal
[Thu Jun 02 2022 08:45:34]DMukto#8483 said: md shop
[Thu Jun 02 2022 08:45:44]DMukto#8483 said: md buy drill
[Thu Jun 02 2022 08:45:47]DMukto#8483 said: md bal
[Thu Jun 02 2022 08:45:55]DMukto#8483 said: md sell drill
[Thu Jun 02 2022 08:46:02]DMukto#8483 said: md bal
[Thu Jun 02 2022 08:46:08]DMukto#8483 said: md sell tuna
[Thu Jun 02 2022 08:46:21]DMukto#8483 said: md bal
[Thu Jun 02 2022 08:46:28]DMukto#8483 said: md sell hilsa
[Thu Jun 02 2022 08:46:35]DMukto#8483 said: md bal
[Thu Jun 02 2022 08:46:39]DMukto#8483 said: md fish
[Thu Jun 02 2022 08:46:43]DMukto#8483 said: md sell tuna
[Thu Jun 02 2022 08:47:14]Zs'jei#0779 said: md bal
[Thu Jun 02 2022 08:47:20]DMukto#8483 said: md sell cod
[Thu Jun 02 2022 08:47:27]DMukto#8483 said: md bal
[Thu Jun 02 2022 08:47:33]Zs'jei#0779 said: md bal
[Thu Jun 02 2022 08:47:38]Zs'jei#0779 said: md fish
[Thu Jun 02 2022 08:49:02]DMukto#8483 said: md fish
[Thu Jun 02 2022 08:49:06]DMukto#8483 said: md sell cod
[Thu Jun 02 2022 08:49:19]DMukto#8483 said: md cards
[Thu Jun 02 2022 08:59:28]Zs'jei#0779 said: md fish
[Thu Jun 02 2022 09:00:26]Zs'jei#0779 said: md fish
[Thu Jun 02 2022 09:00:32]Zs'jei#0779 said: md fish
[Thu Jun 02 2022 09:00:40]Zs'jei#0779 said: md buy fishingrod
[Thu Jun 02 2022 09:00:45]Zs'jei#0779 said: md bal
[Thu Jun 02 2022 09:00:48]Zs'jei#0779 said: md fish
[Thu Jun 02 2022 09:00:52]Zs'jei#0779 said: md sell tuna
[Thu Jun 02 2022 09:03:54]Zs'jei#0779 said: md sell tuna
[Thu Jun 02 2022 09:04:00]Zs'jei#0779 said: md inv
[Thu Jun 02 2022 09:04:05]Zs'jei#0779 said: md fish
[Thu Jun 02 2022 09:04:11]Zs'jei#0779 said: md sell fish
[Thu Jun 02 2022 09:04:17]Zs'jei#0779 said: md sell cod
[Thu Jun 02 2022 09:04:26]Zs'jei#0779 said: md fish
[Thu Jun 02 2022 09:04:28]Zs'jei#0779 said: md fish
[Thu Jun 02 2022 09:04:29]Zs'jei#0779 said: md fish
[Thu Jun 02 2022 09:04:36]Zs'jei#0779 said: md bal
[Thu Jun 02 2022 09:04:48]Zs'jei#0779 said: md fish
[Thu Jun 02 2022 09:04:53]Zs'jei#0779 said: md fish
[Thu Jun 02 2022 09:04:56]Zs'jei#0779 said: md fish
[Thu Jun 02 2022 09:05:01]Zs'jei#0779 said: md inv
[Thu Jun 02 2022 09:07:51]Zs'jei#0779 said: md bal
[Thu Jun 02 2022 09:07:53]Zs'jei#0779 said: md inv
[Thu Jun 02 2022 09:07:56]Zs'jei#0779 said: md sell cod
[Thu Jun 02 2022 09:08:02]Zs'jei#0779 said: md sell tuna
[Thu Jun 02 2022 09:08:06]Zs'jei#0779 said: md sell salmon
[Thu Jun 02 2022 09:08:14]Zs'jei#0779 said: md inv
[Thu Jun 02 2022 09:08:20]Zs'jei#0779 said: md sell salmon
[Thu Jun 02 2022 09:08:28]Zs'jei#0779 said: md inv
[Thu Jun 02 2022 09:08:35]Zs'jei#0779 said: md sell salmon
[Thu Jun 02 2022 09:08:42]Zs'jei#0779 said: md inv
[Thu Jun 02 2022 09:08:47]Zs'jei#0779 said: md sell salmon
[Thu Jun 02 2022 09:08:51]Zs'jei#0779 said: md inv
[Thu Jun 02 2022 09:08:55]Zs'jei#0779 said: md fish
[Thu Jun 02 2022 09:09:00]Zs'jei#0779 said: md fish
[Thu Jun 02 2022 09:09:02]Zs'jei#0779 said: md inv
[Thu Jun 02 2022 09:09:50]Zs'jei#0779 said: md fish
[Thu Jun 02 2022 09:10:00]Zs'jei#0779 said: md buy
[Thu Jun 02 2022 09:10:06]Zs'jei#0779 said: md shop
[Thu Jun 02 2022 09:10:09]Zs'jei#0779 said: md fish
[Thu Jun 02 2022 09:10:13]Zs'jei#0779 said: md bal
[Thu Jun 02 2022 09:10:24]Zs'jei#0779 said: md daily
[Thu Jun 02 2022 09:27:17]DMukto#8483 said: md bal
[Thu Jun 02 2022 09:27:19]DMukto#8483 said: md inv
[Thu Jun 02 2022 09:27:25]DMukto#8483 said: md sell salmon
[Thu Jun 02 2022 09:27:33]DMukto#8483 said: md sell cod
[Thu Jun 02 2022 09:28:31]DMukto#8483 said: md inv
[Thu Jun 02 2022 09:28:37]DMukto#8483 said: md sell cod
[Thu Jun 02 2022 09:28:45]DMukto#8483 said: md sell tuna
[Thu Jun 02 2022 09:28:56]DMukto#8483 said: md inv
[Thu Jun 02 2022 09:29:00]DMukto#8483 said: md sell tuna
[Thu Jun 02 2022 09:29:10]DMukto#8483 said: md inv
[Thu Jun 02 2022 09:30:08]DMukto#8483 said: md sell tuna
[Thu Jun 02 2022 09:30:13]DMukto#8483 said: md sell tuna
[Thu Jun 02 2022 09:30:18]DMukto#8483 said: md sell tuna
[Thu Jun 02 2022 09:30:23]DMukto#8483 said: md sell tuna
[Thu Jun 02 2022 09:30:28]DMukto#8483 said: md in
[Thu Jun 02 2022 09:30:30]DMukto#8483 said: md inv
[Thu Jun 02 2022 09:30:42]DMukto#8483 said: md sell hilsa
[Thu Jun 02 2022 09:30:45]DMukto#8483 said: md inv
[Thu Jun 02 2022 09:30:51]DMukto#8483 said: md sell fishingrod
[Thu Jun 02 2022 09:30:55]DMukto#8483 said: md inv
[Thu Jun 02 2022 09:30:59]DMukto#8483 said: md bal
[Thu Jun 02 2022 09:31:04]DMukto#8483 said: md fish
[Thu Jun 02 2022 09:31:08]DMukto#8483 said: md buy fishingrod
[Thu Jun 02 2022 09:31:12]DMukto#8483 said: md inv
[Thu Jun 02 2022 09:31:13]DMukto#8483 said: md fish
[Thu Jun 02 2022 09:31:20]DMukto#8483 said: md inv
[Thu Jun 02 2022 09:49:41]DMukto#8483 said: md fish
[Thu Jun 02 2022 09:49:49]DMukto#8483 said: md fish
[Thu Jun 02 2022 09:49:52]DMukto#8483 said: md inv
[Thu Jun 02 2022 09:54:19]DMukto#8483 said: md fish
[Thu Jun 02 2022 09:54:21]DMukto#8483 said: md fish
[Thu Jun 02 2022 09:54:24]DMukto#8483 said: md fish
[Thu Jun 02 2022 09:54:25]DMukto#8483 said: md fish
[Thu Jun 02 2022 09:54:28]DMukto#8483 said: md fish
[Thu Jun 02 2022 09:54:29]DMukto#8483 said: md fish
[Thu Jun 02 2022 09:54:29]DMukto#8483 said: md fish
[Thu Jun 02 2022 09:54:30]DMukto#8483 said: md fish
[Thu Jun 02 2022 09:54:30]DMukto#8483 said: md fish
[Thu Jun 02 2022 09:54:31]DMukto#8483 said: md fish
[Thu Jun 02 2022 09:54:31]DMukto#8483 said: md fish
[Thu Jun 02 2022 09:54:31]DMukto#8483 said: md fish
[Thu Jun 02 2022 09:54:32]DMukto#8483 said: md fish
[Thu Jun 02 2022 09:54:32]DMukto#8483 said: md fish
[Thu Jun 02 2022 09:54:33]DMukto#8483 said: md fish
[Thu Jun 02 2022 09:54:33]DMukto#8483 said: md fish
[Thu Jun 02 2022 09:54:33]DMukto#8483 said: md fish
[Thu Jun 02 2022 09:54:40]DMukto#8483 said: md fish
[Thu Jun 02 2022 09:54:40]DMukto#8483 said: md fish
[Thu Jun 02 2022 09:54:40]DMukto#8483 said: md fish
[Thu Jun 02 2022 09:54:41]DMukto#8483 said: md fish
[Thu Jun 02 2022 09:54:41]DMukto#8483 said: md fish
[Thu Jun 02 2022 09:54:41]DMukto#8483 said: md fish
[Thu Jun 02 2022 09:54:41]DMukto#8483 said: md fishmd fish
md fish
[Thu Jun 02 2022 09:54:42]DMukto#8483 said: md fish
[Thu Jun 02 2022 09:54:42]DMukto#8483 said: md fish
[Thu Jun 02 2022 09:54:43]DMukto#8483 said: md fish
[Thu Jun 02 2022 09:54:50]DMukto#8483 said: md fish
[Thu Jun 02 2022 09:54:50]DMukto#8483 said: md fish
[Thu Jun 02 2022 09:54:51]DMukto#8483 said: md fish
[Thu Jun 02 2022 09:54:51]DMukto#8483 said: md fish
[Thu Jun 02 2022 09:54:51]DMukto#8483 said: md fish
[Thu Jun 02 2022 09:54:51]DMukto#8483 said: md fish
[Thu Jun 02 2022 09:54:52]DMukto#8483 said: md fish
[Thu Jun 02 2022 09:54:53]DMukto#8483 said: md fish
[Thu Jun 02 2022 09:54:54]DMukto#8483 said: md fish
[Thu Jun 02 2022 09:54:55]DMukto#8483 said: md fish
[Thu Jun 02 2022 09:55:00]DMukto#8483 said: md fish
[Thu Jun 02 2022 09:55:00]DMukto#8483 said: md fish
[Thu Jun 02 2022 09:55:01]DMukto#8483 said: md fish
[Thu Jun 02 2022 09:55:01]DMukto#8483 said: md fish
[Thu Jun 02 2022 09:55:03]DMukto#8483 said: md inv
[Thu Jun 02 2022 09:55:13]DMukto#8483 said: md fish
[Thu Jun 02 2022 09:55:14]DMukto#8483 said: md fish
[Thu Jun 02 2022 09:55:16]DMukto#8483 said: md fish
[Thu Jun 02 2022 09:55:20]DMukto#8483 said: md fish
[Thu Jun 02 2022 09:55:21]DMukto#8483 said: md fish
[Thu Jun 02 2022 09:55:24]DMukto#8483 said: md inv
[Thu Jun 02 2022 09:59:39]DMukto#8483 said: md fish
[Thu Jun 02 2022 09:59:41]DMukto#8483 said: md fish
[Thu Jun 02 2022 09:59:44]DMukto#8483 said: md inv
[Thu Jun 02 2022 10:07:34]DMukto#8483 said: md sell salmon
[Thu Jun 02 2022 10:07:42]DMukto#8483 said: md sell salmon
[Thu Jun 02 2022 10:07:48]DMukto#8483 said: md sell salmon
[Thu Jun 02 2022 10:07:54]DMukto#8483 said: md sell salmon
[Thu Jun 02 2022 10:07:58]DMukto#8483 said: md inv
[Thu Jun 02 2022 10:08:12]DMukto#8483 said: md sell salmon
[Thu Jun 02 2022 10:08:17]DMukto#8483 said: md sell salmon
[Thu Jun 02 2022 10:08:23]DMukto#8483 said: md sell salmon
[Thu Jun 02 2022 10:08:30]DMukto#8483 said: md sell salmon
[Thu Jun 02 2022 10:08:36]DMukto#8483 said: md sell salmon
[Thu Jun 02 2022 10:08:38]DMukto#8483 said: md sell salmon
[Thu Jun 02 2022 10:08:42]DMukto#8483 said: md sell salmon
[Thu Jun 02 2022 10:08:46]DMukto#8483 said: md inv
[Thu Jun 02 2022 10:14:02]DMukto#8483 said: md sell salmon all
[Thu Jun 02 2022 10:14:15]DMukto#8483 said: md inv
[Thu Jun 02 2022 10:17:52]DMukto#8483 said: md sell salmon
[Thu Jun 02 2022 10:17:58]DMukto#8483 said: md bal
[Thu Jun 02 2022 10:18:23]DMukto#8483 said: md sell salmon all
[Thu Jun 02 2022 10:20:51]DMukto#8483 said: md sell salmon all
[Thu Jun 02 2022 10:22:33]DMukto#8483 said: md sell salmon
[Thu Jun 02 2022 10:22:39]DMukto#8483 said: md bal
[Thu Jun 02 2022 10:22:47]DMukto#8483 said: md sell all
[Thu Jun 02 2022 10:22:52]DMukto#8483 said: md sell salmon all
[Thu Jun 02 2022 10:23:48]DMukto#8483 said: md sell salmon all
[Thu Jun 02 2022 10:23:53]DMukto#8483 said: md inv
[Thu Jun 02 2022 10:24:08]DMukto#8483 said: md sell salmon all
[Thu Jun 02 2022 10:24:11]DMukto#8483 said: md inv
[Thu Jun 02 2022 10:24:42]DMukto#8483 said: md sell salmon all
[Thu Jun 02 2022 10:24:45]DMukto#8483 said: md inv
[Thu Jun 02 2022 10:24:50]DMukto#8483 said: md sell salmon
[Thu Jun 02 2022 10:25:10]DMukto#8483 said: md sell tuna
[Thu Jun 02 2022 10:25:17]DMukto#8483 said: md inv
[Thu Jun 02 2022 10:25:30]DMukto#8483 said: md sell cod
[Thu Jun 02 2022 10:25:42]DMukto#8483 said: md inv
[Thu Jun 02 2022 10:25:57]DMukto#8483 said: md sell cod all
[Thu Jun 02 2022 10:26:03]DMukto#8483 said: md inv
[Thu Jun 02 2022 10:26:35]DMukto#8483 said: md fish
[Thu Jun 02 2022 10:26:44]DMukto#8483 said: md buy fishingrod
[Thu Jun 02 2022 10:26:48]DMukto#8483 said: md inv
[Thu Jun 02 2022 10:26:54]DMukto#8483 said: md fish
[Thu Jun 02 2022 10:27:03]DMukto#8483 said: md inv
[Thu Jun 02 2022 10:27:13]DMukto#8483 said: md sell salmon
[Thu Jun 02 2022 10:27:21]DMukto#8483 said: md inv
[Thu Jun 02 2022 10:27:32]DMukto#8483 said: md sell salmon all
[Thu Jun 02 2022 10:27:36]DMukto#8483 said: md inv
[Thu Jun 02 2022 10:28:03]DMukto#8483 said: md sell cod all
[Thu Jun 02 2022 10:28:07]DMukto#8483 said: md inv
[Thu Jun 02 2022 10:28:26]DMukto#8483 said: md sell cod all
[Thu Jun 02 2022 10:28:31]DMukto#8483 said: md inv
[Thu Jun 02 2022 10:28:37]DMukto#8483 said: md bal
[Thu Jun 02 2022 10:33:06]DMukto#8483 said: md buy wrench
[Thu Jun 02 2022 10:33:10]DMukto#8483 said: md buy drill
[Thu Jun 02 2022 10:33:14]DMukto#8483 said: md fish
[Thu Jun 02 2022 10:33:20]DMukto#8483 said: md buy fishingrod
[Thu Jun 02 2022 10:33:25]DMukto#8483 said: md fish
[Thu Jun 02 2022 10:33:28]DMukto#8483 said: md fish
[Thu Jun 02 2022 10:33:30]DMukto#8483 said: md fish
[Thu Jun 02 2022 10:33:35]DMukto#8483 said: md bal
[Thu Jun 02 2022 10:33:38]DMukto#8483 said: md inv
[Thu Jun 02 2022 10:33:49]DMukto#8483 said: md sell wrench
[Thu Jun 02 2022 10:34:44]DMukto#8483 said: md sell cod all
[Thu Jun 02 2022 10:34:47]DMukto#8483 said: md inv
[Thu Jun 02 2022 10:35:44]DMukto#8483 said: md sell drill
[Thu Jun 02 2022 10:37:43]DMukto#8483 said: md sell drill
[Thu Jun 02 2022 10:39:45]DMukto#8483 said: md sell drill
[Thu Jun 02 2022 10:40:38]DMukto#8483 said: md sell drill
[Thu Jun 02 2022 10:40:47]DMukto#8483 said: md sell wrench
[Thu Jun 02 2022 10:40:59]DMukto#8483 said: md sell fishingrod
[Thu Jun 02 2022 10:41:16]DMukto#8483 said: md inv
[Thu Jun 02 2022 10:41:23]DMukto#8483 said: md sell fishingrod
[Thu Jun 02 2022 10:43:12]DMukto#8483 said: md sell drill
[Thu Jun 02 2022 10:44:25]DMukto#8483 said: md sell wrench
[Thu Jun 02 2022 10:44:34]DMukto#8483 said: md sell drill
[Thu Jun 02 2022 10:44:41]DMukto#8483 said: md sell salmon
[Thu Jun 02 2022 10:44:49]DMukto#8483 said: md sell cod
[Thu Jun 02 2022 10:44:59]DMukto#8483 said: md sell drill
[Thu Jun 02 2022 10:45:04]DMukto#8483 said: md sell fishingrod
[Thu Jun 02 2022 10:45:16]DMukto#8483 said: md inv
[Thu Jun 02 2022 10:46:14]DMukto#8483 said: md buy fishingrod
[Thu Jun 02 2022 10:46:17]DMukto#8483 said: md inv
[Thu Jun 02 2022 10:46:20]DMukto#8483 said: md fish
[Thu Jun 02 2022 10:46:22]DMukto#8483 said: md fish
[Thu Jun 02 2022 10:46:24]DMukto#8483 said: md fish
[Thu Jun 02 2022 10:46:27]DMukto#8483 said: md fish
[Thu Jun 02 2022 10:46:30]DMukto#8483 said: md inv
[Thu Jun 02 2022 10:46:35]DMukto#8483 said: md sell salmon all
[Thu Jun 02 2022 10:46:44]DMukto#8483 said: md sell salmon all
[Thu Jun 02 2022 10:46:48]DMukto#8483 said: md inv
[Thu Jun 02 2022 10:47:19]DMukto#8483 said: md fish
[Thu Jun 02 2022 10:47:22]DMukto#8483 said: md inv
[Thu Jun 02 2022 10:47:28]DMukto#8483 said: md fish
[Thu Jun 02 2022 10:47:31]DMukto#8483 said: md inv
[Tue Nov 28 2023 20:25:58]dewanmukto#0 said: bd help
[Tue Nov 28 2023 20:26:01]dewanmukto#0 said: bd helpdesk
[Tue Nov 28 2023 20:26:21]dewanmukto#0 said: bd ban <@936329222048346163>
[Tue Nov 28 2023 20:26:42]dewanmukto#0 said: bd kick <@936329222048346163>
[Tue Nov 28 2023 20:27:08]dewanmukto#0 said: bd bal
[Tue Nov 28 2023 20:31:48]dewanmukto#0 said: https://discord.gg/RpNXNKmFuQ
[Tue Nov 28 2023 20:31:59]dewanmukto#0 said: https://discord.gg/A2xxCQqkve
[Tue Nov 28 2023 20:38:09]dewanmukto#0 said: https://discord.com/api/oauth2/authorize?client_id=977262952354828308&permissions=1789324553303&scope=bot
[Tue Nov 28 2023 20:53:31]dewanmukto#0 said: ## bot
[Tue Nov 28 2023 20:53:34]dewanmukto#0 said: # bot
[Tue Nov 28 2023 21:07:47]dewanmukto#0 said: bd menu
[Tue Nov 28 2023 21:07:52]dewanmukto#0 said: bd anime
[Tue Nov 28 2023 21:07:54]dewanmukto#0 said: bd cars
[Tue Nov 28 2023 21:08:15]dewanmukto#0 said: bd botinfo
[Sat Jun 08 2024 11:54:14]cn_6268#0 said: fox bot
[Sat Jun 08 2024 11:54:16]cn_6268#0 said: heheh
