sndeesool#8381 said: my gcash got banned
sndeesool#8381 said: lmfao
bibble#4278 said: y
sndeesool#8381 said: no money deposit
sndeesool#8381 said: lmao yuumi is soo boring
sndeesool#8381 said: its fun
sndeesool#8381 said: all you do is just possess them
sndeesool#8381 said: and they do the work
sndeesool#8381 said: i got 35 assists lmfao
sndeesool#8381 said: 
sndeesool#8381 said: yuumi so boring
sndeesool#8381 said: i love it
sndeesool#8381 said: https://cdn.discordapp.com/attachments/609985878689054748/978255937611636816/1651999461577-1-4.mp4
Lyfe#5779 said: wild rift?
sndeesool#8381 said: yes
sndeesool#8381 said: wanna play?
Lyfe#5779 said: ill pass
sndeesool#8381 said: :dies:
Lyfe#5779 said: i refuse to become obese and bitch less
sndeesool#8381 said: thats not the cause
sndeesool#8381 said: i want to play with someone
sndeesool#8381 said: cause its boring
Lyfe#5779 said: game looks so good
sndeesool#8381 said: yes
Lyfe#5779 said: love how the prepubescent children mass reported the game when riot sued moonton
sndeesool#8381 said: fr
Lyfe#5779 said: ppl acting as if they didn't just steal every skin and weapon
Lyfe#5779 said: the only hero they didn't steal was faramis
sndeesool#8381 said: the others were
sndeesool#8381 said: plagiarized
Lyfe#5779 said: yea
Lyfe#5779 said: literally 1'1
Lyfe#5779 said: 1:1*
Lyfe#5779 said: wonder why faramis is the least used hero and doesnt have a skin
Lyfe#5779 said: oh wait
Lyfe#5779 said: its because its shit and moonton didnt have anyone to copy from
Lyfe#5779 said: kekw
Lyfe#5779 said: i hope moonton gets sued to hell so the kids finally go out and touch grass
rexonight134#9930 said: is wild rift fun
sndeesool#8381 said: its
sndeesool#8381 said: league of legends
sndeesool#8381 said: on mobile
Lyfe#5779 said: yes
Lyfe#5779 said: become obese on the go 😎
rexonight134#9930 said: is it fun
sndeesool#8381 said: sort of
sndeesool#8381 said: https://youtu.be/MyMmB7vnO9c
Chub chub#5060 said: no not again
sndeesool#8381 said: whot
Chub chub#5060 said: i cried to that
Chub chub#5060 said: 💀
sndeesool#8381 said: ohh
sndeesool#8381 said: i just like the symphony
Chub chub#5060 said: i see
sndeesool#8381 said: cat just moved her kittens in our stall
sndeesool#8381 said: since its safer
sndeesool#8381 said: 
sndeesool#8381 said: :trollege:
Lyfe#5779 said: <:niko_wink:931501520627859516>
sndeesool#8381 said: #p https://youtu.be/MyMmB7vnO9c
sndeesool#8381 said: #p nangangamba
sndeesool#8381 said: #p mundo IV of Spades
sndeesool#8381 said: #skip
sndeesool#8381 said: #p come inside of my heart IV of spades
bibble#4278 said: come
sndeesool#8381 said: come
sndeesool#8381 said: #skip
sndeesool#8381 said: #p line without a hook
sndeesool#8381 said: #p ricky montgomery line without a hook lyrics
sndeesool#8381 said: #p https://www.youtube.com/watch?v=8JW6qzPCkE8
sndeesool#8381 said: #p mr loverman Ricky Montgomery
sndeesool#8381 said: #p ghost justin bieber
Chub chub#5060 said: atlantis
bibble#4278 said: oh my goodness gracious
sndeesool#8381 said: we're all angels to strangers sometimes
sndeesool#8381 said: but to our friends
sndeesool#8381 said: we are devils
sndeesool#8381 said: trolling each other
sndeesool#8381 said: heheh
Chub chub#5060 said: hehe
sndeesool#8381 said: #p https://youtu.be/MyMmB7vnO9c
sndeesool#8381 said: #p https://www.youtube.com/watch?v=8JW6qzPCkE8
Chub chub#5060 said: #p talk to you ricky
Chub chub#5060 said: #p atlantis seafret
Chub chub#5060 said: #p until i found you
Chub chub#5060 said: #p sa susunod na habang buhay ben and ben
Chub chub#5060 said: #p dancing with my phone HYBS
sndeesool#8381 said: #p justin bieber Ghost lyrics
Chub chub#5060 said: #p lemon boy
Chub chub#5060 said: #q
Chub chub#5060 said: #queue
Chub chub#5060 said: #lyrics
sndeesool#8381 said: Jojo siwa?
sndeesool#8381 said: is it an anime?
sndeesool#8381 said: and i refuse to believe thats someone's name
rexonight134#9930 said: its a name
sndeesool#8381 said: im quoting videos
sndeesool#8381 said: <@630669014959652865>
sndeesool#8381 said: if you want smp
sndeesool#8381 said: to be turned on
sndeesool#8381 said: tell me
rexonight134#9930 said: alr
rexonight134#9930 said: not now tho
sndeesool#8381 said: yes thats why i said that
sndeesool#8381 said: https://cdn.discordapp.com/attachments/414588402680201226/979074864524693544/i4IXPzhs2ZGSzSHC.mp4?size=4096
rexonight134#9930 said: wtf
sndeesool#8381 said: close quarter tank
sndeesool#8381 said: gives a whole new definition of
sndeesool#8381 said: "I know kung fu"
sndeesool#8381 said: 
sndeesool#8381 said: 
Chub chub#5060 said: GATO
sndeesool#8381 said: she has
sndeesool#8381 said: 4 kittens
sndeesool#8381 said: group idea
sndeesool#8381 said: i need
sndeesool#8381 said: a mage that is tanky as fuck
sndeesool#8381 said: a tank that is a glass cannon
sndeesool#8381 said: a warrior with low mana points, and can cast tier 10 magics
sndeesool#8381 said: and a ranger who uses melee weapons instead of ranged weapons
sndeesool#8381 said: <:clueless:972336459740766258>
sndeesool#8381 said: we are bound to kill someone over misconceptions
sndeesool#8381 said: 
Chub chub#5060 said: magic
Lyfe#5779 said: Saul goodman
sndeesool#8381 said: yes
sndeesool#8381 said: Oh I love you...
Hyundai Reina
sndeesool#8381 said: https://esportsdriven.com/valorant/news/410/valorant-patch-notes-409
sndeesool#8381 said: Agents

 

“Destroyed” Voice lines for deployable abilities will now be heard globally by allies. This includes:

Chamber: Trademark and Rendezvous

Killjoy: Turret and Alarmbot

Cypher: Trapwire and Spycam

Yoru: Gatecrash

Solved a bug where Neon’s High Gear would automatically stop after using Fast Lane or Relay Bolt

Fixed issue where observers would see Viper’s enemies glow red when they were near but outside of Viper’s Pit.

Fixed Chamber’s Rendezvous radius not showing for spectators and observers

Fix: Brimstone’s Incendiary (Q) feeling damage in chunks of 15 instead of 1 like the other zone damage abilities in the game

Overall DPS should be unchanged.
sndeesool#8381 said: https://cdn.discordapp.com/attachments/609985878689054748/979157748702924831/IMG_0983-1.mp4
