Muxto#8483 said: md play
Muxto#8483 said: md play nevada
Muxto#8483 said: md invite
Muxto#8483 said: md help
Muxto#8483 said: help
Muxto#8483 said: lyrics alan walker faded
Muxto#8483 said: join
Muxto#8483 said: lyrics alan walker faded
Muxto#8483 said: play fallout centuries
Muxto#8483 said: lyrics alan walker faded
Muxto#8483 said: lyrics
Muxto#8483 said: md join
Muxto#8483 said: md play tenno luna
Muxto#8483 said: md lyrics rick astley
Muxto#8483 said: md stop
Muxto#8483 said: md play rick astley never gonna give you up
Muxto#8483 said: lyrics
Muxto#8483 said: md lyrics
Muxto#8483 said: hmmm
Muxto#8483 said: lyrics not working 🤔
Muxto#8483 said: lyrics faded
Muxto#8483 said: lyrics vicetone nevada
Muxto#8483 said: now it worked!
Muxto#8483 said: lyrics alan walker faded
Muxto#8483 said: lyrics faded alan walker
Muxto#8483 said: play alan walker
Muxto#8483 said: playskip
Muxto#8483 said: playskip alan walker spectre
