Muxto#8483 said: Eh?
Muxto#8483 said: How's Github related here?
Muxto#8483 said: Oh wait...
Muxto#8483 said: The source
Muxto#8483 said: I see
Zibblobet#1429 said: The meme is a github link
Zibblobet#1429 said: YeH
Muxto#8483 said: Basically someone's website. They stored a cat pic there.
Zibblobet#1429 said: Yeah but it's thumbnail is another video somehow
Zibblobet#1429 said: And the site itself is just a troll face
Zibblobet#1429 said: Very interesting
Muxto#8483 said: Oh yeah
Muxto#8483 said: 😮
Muxto#8483 said: Jus' realized
Muxto#8483 said: Some clever hacks
Zibblobet#1429 said: Very
Muxto#8483 said: Also.... <@977262952354828308> dutifully records all the msgs now.
Zibblobet#1429 said: Damn
Muxto#8483 said: Soon, I'll add in some security features
Zibblobet#1429 said: China rn
Muxto#8483 said: Also...
Muxto#8483 said: Sends a hell lotta info
Muxto#8483 said: But this info is pretty much useless
Zibblobet#1429 said: Holy shit
Thoris#1906 said: this is the meme channel :(
Zibblobet#1429 said: You need to do a lot of parsing
Zibblobet#1429 said: This is memes
Thoris#1906 said: ok
Muxto#8483 said: Bots are a meme, yes
Zibblobet#1429 said: Very funny meme
Thoris#1906 said: https://media.discordapp.net/attachments/891093680855859232/972986003805577317/IMG_1812.gif
Muxto#8483 said: Not really. Thanks to Discord's API, I just need to specify what info I need
Zibblobet#1429 said: Oh damn
Muxto#8483 said: I mean... that's how bots manage to count how many members are there, etc
Zibblobet#1429 said: Yeah makes sense
Zibblobet#1429 said: I haven't used the discord API
Zibblobet#1429 said: I tried Discord.py once and pretty much said "never again"
Muxto#8483 said: So... Do ya make bots?
Zibblobet#1429 said: No
Muxto#8483 said: Oh... Why?
Zibblobet#1429 said: Not a fun experience
Muxto#8483 said: Me, too. But Python is too slow.
Now I'm trying out NodeJS.
Zibblobet#1429 said: Definitely gonna be a lot faster
Zibblobet#1429 said: So far I've just been messing around with C++ and it's standard library
Zibblobet#1429 said: And OpenGL a bit
Zibblobet#1429 said: I've also made a shitty Minecraft clone in WebGL
Thoris#1906 said: https://imgur.com/FzsrKnH
Zibblobet#1429 said: That roach is gaming
Zibblobet#1429 said: It lived?
Zibblobet#1429 said: I refuse to believe that
Zibblobet#1429 said: Headless chicken situation
Thoris#1906 said: https://media.discordapp.net/attachments/845879248911597578/968838877299245076/caption.gif
Zibblobet#1429 said: https://tenor.com/view/no-chad-giga-chad-giga-chet-gif-25063092
ʇɐɔ s,ǝɹʎs+ɥsᴉq/ɯǝlqoɹdǝɯɐuʎlsɹS#6989 said: Hi trying out NodeJS., Im SNP
Zibblobet#1429 said: Just when I thought we had escaped
[Fri May 27 2022 19:46:49]Muxto#8483 said: md meme
[Fri May 27 2022 19:46:53]Muxto#8483 said: md meme
[Fri May 27 2022 19:47:06]Muxto#8483 said: md meme
[Fri May 27 2022 21:15:07]Muxto#8483 said: md anime
[Fri May 27 2022 21:15:20]Muxto#8483 said: md animegirl
[Fri May 27 2022 21:15:30]Muxto#8483 said: md waifu
[Fri May 27 2022 21:15:36]Muxto#8483 said: md waifu
[Fri May 27 2022 21:15:40]Muxto#8483 said: md animegirl
[Fri May 27 2022 21:15:43]Muxto#8483 said: md anime
[Fri May 27 2022 21:15:45]Muxto#8483 said: md animegirl
[Fri May 27 2022 21:16:18]Muxto#8483 said: md meme
[Fri May 27 2022 21:16:21]Muxto#8483 said: md animewaifu
[Fri May 27 2022 21:16:24]Muxto#8483 said: md waifu
[Fri May 27 2022 21:16:26]Muxto#8483 said: md waifu
[Fri May 27 2022 21:16:30]Muxto#8483 said: md anime
[Fri May 27 2022 21:16:34]Muxto#8483 said: md animegirl
[Fri May 27 2022 21:16:37]Muxto#8483 said: md animegirl
[Fri May 27 2022 21:16:44]Muxto#8483 said: md delete 5
[Fri May 27 2022 21:16:50]Muxto#8483 said: md animegirl
[Fri May 27 2022 21:17:20]Muxto#8483 said: <@342641771051745281> <@290522112270270465> how's this new feature? 😎
[Fri May 27 2022 21:17:35]Muxto#8483 said: <@977262952354828308>  auto-finds and sends memes and images from reddit
[Fri May 27 2022 21:17:53]Thoris#1906 said: 4chan when
[Fri May 27 2022 21:18:00]Thoris#1906 said: https://media.discordapp.net/attachments/723422363772911656/794872376675270666/image0.gif
[Fri May 27 2022 21:19:01]Muxto#8483 said: 4chan? I myself never entered it 🥴
[Fri May 27 2022 21:19:23]Thoris#1906 said: good
[Fri May 27 2022 21:19:29]Thoris#1906 said: the bot is perfect
[Fri May 27 2022 21:19:53]Muxto#8483 said: almost perfect
[Fri May 27 2022 21:20:00]Muxto#8483 said: <@977262952354828308> no longer has its audio commands
[Fri May 27 2022 21:20:08]Muxto#8483 said: instead, they've moved to another bot of mine
[Fri May 27 2022 21:20:25]Muxto#8483 said: https://www.youtube.com/watch?v=XDLdRamo_G8
[Fri May 27 2022 21:20:44]Muxto#8483 said: and sorry about that. I forgot to whitelist that URL. Now I've done it.
[Fri May 27 2022 21:30:01]Thoris#1906 said: https://media.discordapp.net/attachments/845879248911597578/968838877299245076/caption.gif
[Fri May 27 2022 21:49:22]Muxto#8483 said: md meme
[Fri May 27 2022 21:49:28]Muxto#8483 said: md meme
[Fri May 27 2022 21:49:44]Muxto#8483 said: md meme murderedbywords
[Fri May 27 2022 23:19:18]Thoris#1906 said: md stfu
[Sat May 28 2022 04:52:11]Lyfe#5779 said: md ratio
[Sat May 28 2022 05:01:53]Thoris#1906 said: +cope
[Sat May 28 2022 05:16:15]Lyfe#5779 said: +seethe
[Sat May 28 2022 12:11:10]Muxto#8483 said: md anime
[Sat May 28 2022 12:11:18]Muxto#8483 said: md anime
[Sat May 28 2022 12:11:29]Muxto#8483 said: md anime
[Sat May 28 2022 12:11:52]Muxto#8483 said: md anime
[Sat May 28 2022 12:11:57]Muxto#8483 said: md anime
[Sat May 28 2022 12:12:03]Muxto#8483 said: md anime
[Sat May 28 2022 12:12:10]Muxto#8483 said: md meme vrchat
[Sat May 28 2022 12:12:18]Muxto#8483 said: md meme vrchat
[Sat May 28 2022 12:12:22]Muxto#8483 said: md meme vrchat
[Sat May 28 2022 12:28:44]Thoris#1906 said: please stop spamming the bot
[Sat May 28 2022 12:30:48]Thoris#1906 said: I'd rather have a dead chat than shitty anime memes from reddit
[Sat May 28 2022 15:02:31]Lyfe#5779 said: GAHAHAHAH
[Sat May 28 2022 15:04:42]Thoris#1906 said: damn i really do feel like a dictator rn
[Sat May 28 2022 15:04:47]Thoris#1906 said: 😎
[Sat May 28 2022 15:05:26]Lyfe#5779 said: https://cdn.discordapp.com/emojis/850754382740062248.png?quality=lossless&size=48
[Sat May 28 2022 15:09:50]Thoris#1906 said: on a serious note though, post anything as long as you actually consciously chose it and think it's funny
[Sat May 28 2022 15:09:53]Thoris#1906 said: because it's a meme
[Sat May 28 2022 15:09:54]Thoris#1906 said: yeah
[Sun May 29 2022 00:05:29]DMukto#8483 said: md balance
[Sun May 29 2022 00:05:49]DMukto#8483 said: 💪 🪙
[Sun May 29 2022 21:04:48]DMukto#8483 said: md delete 4
[Mon May 30 2022 04:20:33]Thoris#1906 said: rule 6, 21: making fun of the dictator results in a ban
[Mon May 30 2022 04:20:34]Thoris#1906 said: fuck you
[Mon May 30 2022 04:47:35]Lyfe#5779 said: 😨
[Wed Jun 01 2022 18:19:00]DrKreuzer#8469 said: https://pbs.twimg.com/media/FUH-skZXoAU6vWS?format=jpg&name=900x900
[Thu Jun 02 2022 00:29:17]Lyfe#5779 said: real
[Thu Jun 02 2022 02:35:36]Thoris#1906 said: true
[Sun Jun 05 2022 10:03:01]DMukto#8483 said: https://www.youtube.com/watch?v=SUULY8FSJQY
[Sun Jun 05 2022 17:18:13]Thoris#1906 said: furry 🤢
