[Mon May 30 2022 09:32:50]DMukto#8483 said: https://static.wikia.nocookie.net/onepunchman/images/8/82/Saitama_Manga.png/revision/latest/scale-to-width-down/350?cb=20210309101455
[Mon May 30 2022 09:38:25]DMukto#8483 said: https://static.wikia.nocookie.net/onepunchman/images/5/5b/Genos_Profile.png/revision/latest/scale-to-width-down/332?cb=20210325171010
[Mon May 30 2022 09:42:18]DMukto#8483 said: https://static.wikia.nocookie.net/onepunchman/images/7/7d/King_Manga.jpg/revision/latest/scale-to-width-down/299?cb=20191019062240
[Mon May 30 2022 09:47:43]DMukto#8483 said: https://static.wikia.nocookie.net/onepunchman/images/1/19/Sonic_Manga.png/revision/latest/scale-to-width-down/302?cb=20210325013007
[Mon May 30 2022 09:55:51]DMukto#8483 said: https://static.wikia.nocookie.net/onepunchman/images/d/d2/Tatsumaki_Manga.png/revision/latest/scale-to-width-down/350?cb=20210225062527
[Mon May 30 2022 10:02:31]DMukto#8483 said: https://static.wikia.nocookie.net/onepunchman/images/0/0d/Fubuki_Manga.png/revision/latest/scale-to-width-down/348?cb=20200216005423
[Mon May 30 2022 10:07:11]DMukto#8483 said: https://static.wikia.nocookie.net/onepunchman/images/e/e1/Monster_Garou.png/revision/latest/scale-to-width-down/350?cb=20220126041356
[Mon May 30 2022 10:12:02]DMukto#8483 said: https://i.ytimg.com/vi/88ClkgPN6Ww/maxresdefault.jpg
[Mon May 30 2022 10:37:32]DMukto#8483 said: https://static.wikia.nocookie.net/jujutsu-kaisen/images/7/75/Yuji_Itadori_%28SJ_2020-43%29.png/revision/latest/scale-to-width-down/318?cb=20210305222700
[Mon May 30 2022 10:42:10]DMukto#8483 said: https://static.wikia.nocookie.net/jujutsu-kaisen/images/0/08/Megumi_Fushiguro.png/revision/latest/scale-to-width-down/350?cb=20200530162546
[Mon May 30 2022 10:46:47]DMukto#8483 said: https://static.wikia.nocookie.net/jujutsu-kaisen/images/7/7a/Nobara_Kugisaki.png/revision/latest/scale-to-width-down/350?cb=20200530163538'
[Mon May 30 2022 10:52:27]DMukto#8483 said: https://static.wikia.nocookie.net/jujutsu-kaisen/images/5/53/Satoru_Gojo_%28Full%29.png/revision/latest/scale-to-width-down/350?cb=20201025015309
[Mon May 30 2022 11:00:23]DMukto#8483 said: https://cdn.myanimelist.net/images/characters/9/364578.jpg
[Mon May 30 2022 11:04:21]DMukto#8483 said: https://i.pinimg.com/564x/7d/7b/be/7d7bbec3d77299e89397c43953d2cc7c.jpg
[Mon May 30 2022 11:43:32]DMukto#8483 said: https://static.wikia.nocookie.net/gensin-impact/images/b/bb/Weapon_Traveler%27s_Handy_Sword_3D.png/revision/latest?cb=20201010023850
[Mon May 30 2022 13:47:54]DMukto#8483 said: https://img.sharetv.com/shows/characters/large/baka_and_test.yuuji_sakamoto.jpg
[Mon May 30 2022 13:51:26]DMukto#8483 said: http://images6.fanpop.com/image/photos/40000000/Hideyoshi-hideyoshi-kinoshita-40011051-499-700.jpg
[Mon May 30 2022 13:54:48]DMukto#8483 said: https://s1.zerochan.net/Himeji.Mizuki.600.252042.jpg
[Mon May 30 2022 13:58:40]DMukto#8483 said: https://cdn.anime-planet.com/characters/primary/minami-shimada-1.jpg?t=1625777904
[Sat Jun 08 2024 11:56:28]cn_6268#0 said: meow
[Sat Jun 08 2024 11:56:32]cn_6268#0 said: baa help
[Sat Jun 08 2024 11:56:42]cn_6268#0 said: baahelp
[Sat Jun 08 2024 11:56:46]cn_6268#0 said: d help
[Sat Jun 08 2024 11:56:48]cn_6268#0 said: bd help
[Sat Jun 08 2024 11:58:22]cn_6268#0 said: bd bal
[Sat Jun 08 2024 11:58:26]cn_6268#0 said: bd acc
[Sat Jun 08 2024 11:58:43]cn_6268#0 said: bd inv
[Sat Jun 08 2024 11:59:05]cn_6268#0 said: bd shop
