[Fri May 27 2022 19:48:20]Muxto#8483 said: <@757148419277193218> new feature for <@977262952354828308>
[Fri May 27 2022 19:48:24]Muxto#8483 said: md help
[Fri May 27 2022 19:48:27]Muxto#8483 said: md mem
[Fri May 27 2022 19:48:32]Muxto#8483 said: md meme
[Fri May 27 2022 19:48:37]Muxto#8483 said: md meme
[Fri May 27 2022 19:48:41]Muxto#8483 said: md meme
[Fri May 27 2022 19:48:51]Muxto#8483 said: it fetches random memes from Reddit
[Fri May 27 2022 21:14:00]Muxto#8483 said: md anime
[Fri May 27 2022 21:14:03]Muxto#8483 said: md cat
[Fri May 27 2022 21:14:06]Muxto#8483 said: md animegirl
[Fri May 27 2022 21:14:13]Muxto#8483 said: md delete 3
[Fri May 27 2022 21:14:24]Muxto#8483 said: md anime
[Fri May 27 2022 21:14:27]Muxto#8483 said: md cat
[Fri May 27 2022 21:14:45]Muxto#8483 said: md anime
[Fri May 27 2022 21:14:48]Muxto#8483 said: md animegirl
[Fri May 27 2022 21:14:57]Muxto#8483 said: Anya!
[Fri May 27 2022 21:22:11]Muxto#8483 said: md meme animegirls
[Fri May 27 2022 21:22:19]Muxto#8483 said: md meme animegirls
[Fri May 27 2022 21:22:23]Muxto#8483 said: md meme animegirls
[Fri May 27 2022 21:22:37]Muxto#8483 said: md meme animegirls
[Fri May 27 2022 21:22:44]Muxto#8483 said: md meme animegirls
[Fri May 27 2022 21:23:58]Muxto#8483 said: md meme animegirls
[Fri May 27 2022 21:24:05]Muxto#8483 said: md meme animegirls
[Fri May 27 2022 21:24:16]Muxto#8483 said: ooooh, teenage Anya
[Fri May 27 2022 22:23:08]Muxto#8483 said: md meme technicallythetruth
[Fri May 27 2022 22:23:28]Muxto#8483 said: md delete 2
[Fri May 27 2022 22:23:57]Muxto#8483 said: md meme technicallythetruth
[Fri May 27 2022 22:24:03]Muxto#8483 said: md meme technicallythetruth
[Fri May 27 2022 22:24:23]Muxto#8483 said: md meme murderedbywords
[Fri May 27 2022 22:24:34]Muxto#8483 said: md meme mildlyinteresting
[Sat May 28 2022 11:04:16]Muxto#8483 said: <@757148419277193218>
[Sat May 28 2022 11:04:31]Marlizo Hamachi#9374 said: waku waku
[Sat May 28 2022 11:04:41]Muxto#8483 said: md anime
[Sat May 28 2022 11:04:45]Marlizo Hamachi#9374 said: md anime
[Sat May 28 2022 11:04:56]Muxto#8483 said: md waifu
[Sat May 28 2022 11:05:00]Marlizo Hamachi#9374 said: md waifu
[Sat May 28 2022 11:05:16]Marlizo Hamachi#9374 said: ...
[Sat May 28 2022 11:05:17]Marlizo Hamachi#9374 said: tf
[Sat May 28 2022 11:05:34]Marlizo Hamachi#9374 said: md anime
[Sat May 28 2022 11:05:41]Muxto#8483 said: md meme
[Sat May 28 2022 11:05:43]Marlizo Hamachi#9374 said: wat is yes
[Sat May 28 2022 11:05:44]Muxto#8483 said: md meme
[Sat May 28 2022 11:05:52]Muxto#8483 said: md cat
[Sat May 28 2022 11:05:56]Marlizo Hamachi#9374 said: best anime i've ever seen, YES
[Sat May 28 2022 11:05:56]Muxto#8483 said: md cars
[Sat May 28 2022 11:06:03]Muxto#8483 said: md voogai
[Sat May 28 2022 11:06:15]Marlizo Hamachi#9374 said: md help
[Sat May 28 2022 11:06:26]Marlizo Hamachi#9374 said: md commands
[Sat May 28 2022 11:06:48]Muxto#8483 said: md husbando
[Sat May 28 2022 11:06:49]Marlizo Hamachi#9374 said: md husbando
[Sat May 28 2022 11:07:08]Muxto#8483 said: md amongus
[Sat May 28 2022 11:07:31]Marlizo Hamachi#9374 said: amogus
[Sat May 28 2022 11:07:42]Muxto#8483 said: md help automobile
[Sat May 28 2022 11:07:42]Marlizo Hamachi#9374 said: md alias
[Sat May 28 2022 11:07:54]Marlizo Hamachi#9374 said: md vroon
[Sat May 28 2022 11:07:58]Marlizo Hamachi#9374 said: nd vroom
[Sat May 28 2022 11:08:02]Marlizo Hamachi#9374 said: md vroom
[Sat May 28 2022 11:08:02]Muxto#8483 said: md vroom
[Sat May 28 2022 11:08:14]Marlizo Hamachi#9374 said: smash
[Sat May 28 2022 11:08:23]Muxto#8483 said: md delete 3
[Sat May 28 2022 11:08:25]Marlizo Hamachi#9374 said: md anime
[Sat May 28 2022 11:08:32]Muxto#8483 said: md delete 3
[Sat May 28 2022 11:08:38]Marlizo Hamachi#9374 said: md anime
[Sat May 28 2022 11:08:43]Marlizo Hamachi#9374 said: md anime
[Sat May 28 2022 11:08:51]Marlizo Hamachi#9374 said: cursed
[Sat May 28 2022 11:08:52]Marlizo Hamachi#9374 said: af
[Sat May 28 2022 11:08:53]Marlizo Hamachi#9374 said: wtf
[Sat May 28 2022 11:08:57]Marlizo Hamachi#9374 said: bleach my eyes
[Sat May 28 2022 11:08:58]Muxto#8483 said: md delete 4
[Sat May 28 2022 11:09:03]Muxto#8483 said: md delete 5
[Sat May 28 2022 11:09:09]Muxto#8483 said: md anime
[Sat May 28 2022 11:09:18]Muxto#8483 said: md anime
[Sat May 28 2022 11:09:25]Muxto#8483 said: md delete 3
[Sat May 28 2022 11:09:29]Muxto#8483 said: md anime
[Sat May 28 2022 11:09:36]Muxto#8483 said: md delete 3
[Sat May 28 2022 11:09:47]Muxto#8483 said: md anime
[Sat May 28 2022 11:09:47]Marlizo Hamachi#9374 said: anime name i forgot
[Sat May 28 2022 11:10:02]Muxto#8483 said: md anime 24
[Sat May 28 2022 11:10:12]Muxto#8483 said: md anime
[Sat May 28 2022 11:11:10]Muxto#8483 said: md anime
[Sat May 28 2022 11:27:05]Marlizo Hamachi#9374 said: md anime
[Sat May 28 2022 11:27:31]Muxto#8483 said: md anime
[Sat May 28 2022 11:27:35]Muxto#8483 said: md anime
[Sat May 28 2022 11:27:40]Muxto#8483 said: md anime
[Sat May 28 2022 11:27:43]Muxto#8483 said: md anime
[Sat May 28 2022 11:27:51]Muxto#8483 said: md anime
[Sat May 28 2022 11:27:55]Muxto#8483 said: md anime
[Sat May 28 2022 11:27:59]Marlizo Hamachi#9374 said: md anime
[Sat May 28 2022 11:28:01]Marlizo Hamachi#9374 said: md anime
[Sat May 28 2022 11:28:01]Muxto#8483 said: md anime
[Sat May 28 2022 11:28:03]Marlizo Hamachi#9374 said: md anime
[Sat May 28 2022 11:28:09]Muxto#8483 said: md delete 100
[Sat May 28 2022 11:28:29]Muxto#8483 said: md anime
[Sat May 28 2022 11:28:33]Marlizo Hamachi#9374 said: rnt these
[Sat May 28 2022 11:28:45]Muxto#8483 said: Someone cosplayed
[Sat May 28 2022 11:29:17]Muxto#8483 said: md anime
[Sat May 28 2022 11:29:20]Muxto#8483 said: md delete 4
[Sat May 28 2022 11:29:26]Marlizo Hamachi#9374 said: md anime
[Sat May 28 2022 11:29:33]Muxto#8483 said: md cats
[Sat May 28 2022 11:29:35]Marlizo Hamachi#9374 said: md anime
[Sat May 28 2022 11:29:40]Muxto#8483 said: md cats
[Sat May 28 2022 11:29:41]Marlizo Hamachi#9374 said: art
[Sat May 28 2022 11:29:43]Marlizo Hamachi#9374 said: noice
[Sat May 28 2022 11:29:45]Muxto#8483 said: md cars
[Sat May 28 2022 11:29:52]Muxto#8483 said: md cars
[Sat May 28 2022 11:29:55]Muxto#8483 said: md cars
[Sat May 28 2022 11:29:56]Marlizo Hamachi#9374 said: md anime help
[Sat May 28 2022 11:30:03]Muxto#8483 said: md help anime
[Sat May 28 2022 11:30:34]Marlizo Hamachi#9374 said: md art
[Sat May 28 2022 11:30:38]Marlizo Hamachi#9374 said: meh
[Sat May 28 2022 11:30:42]Muxto#8483 said: md meme
[Sat May 28 2022 11:31:45]Muxto#8483 said: md anime
[Sat May 28 2022 11:31:51]Muxto#8483 said: md anime
[Sat May 28 2022 11:31:58]Muxto#8483 said: md anime
[Sat May 28 2022 11:32:03]Muxto#8483 said: md anime
[Sat May 28 2022 11:32:14]Marlizo Hamachi#9374 said: md anime
[Sat May 28 2022 11:32:26]Marlizo Hamachi#9374 said: art
[Sat May 28 2022 11:32:29]Marlizo Hamachi#9374 said: arrttttt
[Sat May 28 2022 11:32:37]Marlizo Hamachi#9374 said: noted inspired
[Sat May 28 2022 11:32:41]Muxto#8483 said: md meme animeart
[Sat May 28 2022 11:32:45]Muxto#8483 said: md delete 4
[Sat May 28 2022 11:33:02]Muxto#8483 said: md meme gaming
[Sat May 28 2022 11:33:07]Muxto#8483 said: md meme gaming
[Sat May 28 2022 11:33:09]Marlizo Hamachi#9374 said: md meme gaming
[Sat May 28 2022 11:33:14]Muxto#8483 said: md meme genshinimpact
[Sat May 28 2022 11:33:26]Muxto#8483 said: md meme freefire
[Sat May 28 2022 11:33:29]Marlizo Hamachi#9374 said: md meme jujutsu kaisen
[Sat May 28 2022 11:33:34]Muxto#8483 said: md meme jujustukaisen
[Sat May 28 2022 11:33:47]Muxto#8483 said: there should be no spaces
[Sat May 28 2022 11:33:52]Marlizo Hamachi#9374 said: md meme jujutsukaisen
[Sat May 28 2022 11:33:56]Muxto#8483 said: md meme jujutsukaisen
[Sat May 28 2022 11:34:04]Marlizo Hamachi#9374 said: md meme spyxfamily
[Sat May 28 2022 11:34:10]Muxto#8483 said: md meme spyxfamily
[Sat May 28 2022 11:34:18]Muxto#8483 said: md meme spyxfamily
[Sat May 28 2022 11:34:31]Muxto#8483 said: md meme spyxfamily
[Sat May 28 2022 11:34:36]Muxto#8483 said: md meme spyxfamily
[Sat May 28 2022 11:34:53]Muxto#8483 said: md meme spyxfamily
[Sat May 28 2022 11:35:13]Muxto#8483 said: md meme spyxfamily
[Sat May 28 2022 11:35:19]Muxto#8483 said: md meme spyxfamily
[Sat May 28 2022 11:35:27]Muxto#8483 said: md meme spyxfamily
[Sat May 28 2022 11:35:27]Marlizo Hamachi#9374 said: md meme valorant
[Sat May 28 2022 11:35:32]Muxto#8483 said: md meme valorant
[Sat May 28 2022 11:35:55]Marlizo Hamachi#9374 said: md meme valorant
[Sat May 28 2022 11:36:03]Marlizo Hamachi#9374 said: md meme overwatch
[Sat May 28 2022 11:36:21]Muxto#8483 said: md meme VALORANT
[Sat May 28 2022 11:36:21]Marlizo Hamachi#9374 said: md meme overwatch
[Sat May 28 2022 11:36:28]Muxto#8483 said: md meme valorantmeme
[Sat May 28 2022 11:36:33]Muxto#8483 said: md meme valorantmemes
[Sat May 28 2022 11:36:36]Marlizo Hamachi#9374 said: md meme dantdm
[Sat May 28 2022 11:36:50]Muxto#8483 said: md meme valorantmemes
[Sat May 28 2022 11:36:50]Muxto#8483 said: md meme valorantmemes
[Sat May 28 2022 11:36:50]Muxto#8483 said: md meme valorantmemes
[Sat May 28 2022 11:36:51]Muxto#8483 said: md meme valorantmemes
[Sat May 28 2022 11:36:51]Muxto#8483 said: md meme valorantmemes
[Sat May 28 2022 11:36:52]Muxto#8483 said: md meme valorantmemes
[Sat May 28 2022 11:37:07]Muxto#8483 said: md meme valorantmemes
[Sat May 28 2022 11:37:11]Muxto#8483 said: md meme valorantmemes
[Sat May 28 2022 11:37:19]Muxto#8483 said: md meme valorantmemes
[Sat May 28 2022 11:37:46]Muxto#8483 said: md meme murderedbywords
[Sat May 28 2022 11:37:59]Muxto#8483 said: md meme murderedbywords
[Sat May 28 2022 11:38:08]Muxto#8483 said: md meme murderedbywords
[Sat May 28 2022 11:38:15]Muxto#8483 said: md meme mildlyinteresting
[Sat May 28 2022 11:38:19]Marlizo Hamachi#9374 said: md meme micdrop
[Sat May 28 2022 11:38:43]Muxto#8483 said: md meme mildlyinteresting
[Sat May 28 2022 11:38:47]Muxto#8483 said: md meme bts
[Sat May 28 2022 11:39:11]Muxto#8483 said: md meme btsworld
[Sat May 28 2022 11:39:11]Marlizo Hamachi#9374 said: md meme bangtan
[Sat May 28 2022 11:39:30]Muxto#8483 said: md meme Dolly
[Sat May 28 2022 11:39:35]Marlizo Hamachi#9374 said: md meme btsmemes
[Sat May 28 2022 11:39:37]Muxto#8483 said: md meme memorialuniversity
[Sat May 28 2022 11:39:47]Muxto#8483 said: md meme memorialuniversity
[Sat May 28 2022 11:39:51]Marlizo Hamachi#9374 said: md meme digitalart
[Sat May 28 2022 11:39:58]Muxto#8483 said: md meme memorialuniversity
[Sat May 28 2022 11:39:59]Muxto#8483 said: md meme memorialuniversity
[Sat May 28 2022 11:39:59]Muxto#8483 said: md meme memorialuniversity
[Sat May 28 2022 11:40:00]Muxto#8483 said: md meme memorialuniversity
[Sat May 28 2022 11:40:00]Muxto#8483 said: md meme memorialuniversity
[Sat May 28 2022 11:40:00]Muxto#8483 said: md meme memorialuniversity
[Sat May 28 2022 11:40:01]Muxto#8483 said: md meme memorialuniversity
[Sat May 28 2022 11:40:10]Marlizo Hamachi#9374 said: md meme fnafsb
[Sat May 28 2022 11:40:24]Marlizo Hamachi#9374 said: md meme security breach
[Sat May 28 2022 11:40:29]Marlizo Hamachi#9374 said: md meme fnaf
[Sat May 28 2022 11:40:41]Marlizo Hamachi#9374 said: md meme fnaf
[Sat May 28 2022 11:40:44]Muxto#8483 said: md meme fivenightsatfreddys
[Sat May 28 2022 11:40:57]Muxto#8483 said: md meme fivenightsatfreddys
[Sat May 28 2022 11:40:57]Muxto#8483 said: md meme fivenightsatfreddys
[Sat May 28 2022 11:41:04]Marlizo Hamachi#9374 said: md meme feddy
[Sat May 28 2022 11:41:05]Muxto#8483 said: md meme fivenightsatfreddys
[Sat May 28 2022 11:41:15]Marlizo Hamachi#9374 said: feddy
[Sat May 28 2022 11:41:18]Muxto#8483 said: md meme amongus
[Sat May 28 2022 11:41:29]Marlizo Hamachi#9374 said: md meme feddy
[Sat May 28 2022 11:41:33]Muxto#8483 said: md meme funny
[Sat May 28 2022 11:41:43]Muxto#8483 said: md meme funny
[Sat May 28 2022 11:41:44]Marlizo Hamachi#9374 said: md meme feddy
[Sat May 28 2022 11:41:48]Muxto#8483 said: md meme funny
[Sat May 28 2022 11:41:52]Muxto#8483 said: md meme funny
[Sat May 28 2022 11:42:15]Marlizo Hamachi#9374 said: feddy
[Sat May 28 2022 11:42:31]Marlizo Hamachi#9374 said: <@762610916851843072> feddy boi where u at
[Sat May 28 2022 11:42:41]Muxto#8483 said: md meme funnyanimals
[Sat May 28 2022 11:42:53]Muxto#8483 said: md meme funnyanimals
[Sat May 28 2022 11:43:02]Muxto#8483 said: md delete 3
[Sat May 28 2022 11:43:07]Muxto#8483 said: md meme funnyanimals
[Sat May 28 2022 11:43:13]Muxto#8483 said: md meme funnyanimals
[Sat May 28 2022 11:43:14]Marlizo Hamachi#9374 said: faber
[Sat May 28 2022 11:43:41]Muxto#8483 said: md meme funnyanimals
[Sat May 28 2022 11:43:48]Muxto#8483 said: md meme funnyanimals
[Sat May 28 2022 11:44:12]Muxto#8483 said: md meme marvelmemes
[Sat May 28 2022 11:44:16]Muxto#8483 said: md meme marvelmemes
[Sat May 28 2022 11:44:23]Muxto#8483 said: md meme marvelmemes
[Sat May 28 2022 11:44:38]Muxto#8483 said: md meme marvelmemes
[Sat May 28 2022 11:44:45]Muxto#8483 said: md meme marvelmemes
[Sat May 28 2022 11:44:49]Muxto#8483 said: md meme marvelmemes
[Sat May 28 2022 11:44:55]Muxto#8483 said: md meme marvelmemes
[Sat May 28 2022 11:45:05]Muxto#8483 said: md meme marvelmemes
[Sat May 28 2022 11:45:10]Muxto#8483 said: md meme marvelmemes
[Sat May 28 2022 11:45:15]Muxto#8483 said: md meme marvelmemes
[Sat May 28 2022 11:45:42]Muxto#8483 said: md meme marvelmemes
[Sat May 28 2022 11:46:15]Muxto#8483 said: md meme marvelmemes
[Sat May 28 2022 11:46:18]Muxto#8483 said: md meme marvelmemes
[Sat May 28 2022 11:46:59]Muxto#8483 said: md meme marvelmemes
[Sat May 28 2022 11:47:27]Muxto#8483 said: md meme marvelmemes
[Sat May 28 2022 11:47:35]Muxto#8483 said: md meme marvelmemes
[Sat May 28 2022 11:47:39]Muxto#8483 said: md meme marvelmemes
[Sat May 28 2022 11:47:43]Muxto#8483 said: md meme marvelmemes
[Sat May 28 2022 11:47:47]Muxto#8483 said: md meme marvelmemes
[Sat May 28 2022 11:47:52]Muxto#8483 said: md meme marvelmemes
[Sat May 28 2022 11:48:06]Muxto#8483 said: md meme marvelmemes
[Sat May 28 2022 11:48:11]Muxto#8483 said: md meme marvelmemes
[Sat May 28 2022 11:48:34]Muxto#8483 said: md meme marvelmemes
[Sat May 28 2022 11:48:46]Muxto#8483 said: md meme marvelmemes
[Sat May 28 2022 11:48:54]Muxto#8483 said: md meme marvelmemes
[Sat May 28 2022 11:49:03]Muxto#8483 said: md meme marvelmemes
[Sat May 28 2022 11:49:10]Muxto#8483 said: md meme marvelmemes
[Sat May 28 2022 11:49:20]Muxto#8483 said: md meme marvelmemes
[Sat May 28 2022 11:49:41]Muxto#8483 said: md meme marvelmemes
[Sat May 28 2022 11:49:50]Muxto#8483 said: md meme marvelmemes
[Sat May 28 2022 11:49:54]Muxto#8483 said: md meme marvelmemes
[Sat May 28 2022 11:50:00]Marlizo Hamachi#9374 said: md meme shehulk
[Sat May 28 2022 11:50:03]Muxto#8483 said: md meme marvelmemes
[Sat May 28 2022 11:50:12]Muxto#8483 said: md meme marvelmemes
[Sat May 28 2022 11:50:19]Muxto#8483 said: md meme marvelmemes
[Sat May 28 2022 11:50:42]Muxto#8483 said: md meme mildlyinteresting
[Sat May 28 2022 11:50:52]Marlizo Hamachi#9374 said: fich
[Sat May 28 2022 11:51:08]Marlizo Hamachi#9374 said: dis is vision in ultron body
[Sat May 28 2022 11:51:23]Muxto#8483 said: md meme fischl
[Sat May 28 2022 11:51:32]Muxto#8483 said: The Fisch I like
[Sat May 28 2022 11:51:34]Marlizo Hamachi#9374 said: md meme urmom
[Sat May 28 2022 11:51:34]Muxto#8483 said: 😆
[Sat May 28 2022 11:51:40]Marlizo Hamachi#9374 said: wtf..
[Sat May 28 2022 11:51:59]Marlizo Hamachi#9374 said: thts not wat i meant with urmom
[Sat May 28 2022 11:52:08]Marlizo Hamachi#9374 said: anyways
[Sat May 28 2022 11:52:11]Marlizo Hamachi#9374 said: md meme
[Sat May 28 2022 11:52:11]Muxto#8483 said: <@757148419277193218> oh wait... I just realized you're not in a VC
[Sat May 28 2022 11:52:15]Muxto#8483 said: md delete 4
[Sat May 28 2022 11:52:51]Muxto#8483 said: md meme ultron
[Sat May 28 2022 11:53:06]Muxto#8483 said: md meme Dolly
[Sat May 28 2022 11:53:12]Marlizo Hamachi#9374 said: md meme weeb
[Sat May 28 2022 11:53:25]Muxto#8483 said: md delete 4
[Sat May 28 2022 11:53:37]Muxto#8483 said: careful what you say <@757148419277193218>
[Sat May 28 2022 11:53:38]Marlizo Hamachi#9374 said: md meme monke
[Sat May 28 2022 11:53:43]Muxto#8483 said: don't utter those words
[Sat May 28 2022 11:53:47]Marlizo Hamachi#9374 said: bhery happy
[Sat May 28 2022 11:53:49]Marlizo Hamachi#9374 said: monke
[Sat May 28 2022 11:53:50]Marlizo Hamachi#9374 said: i c
[Sat May 28 2022 11:53:53]Marlizo Hamachi#9374 said: ok
[Sat May 28 2022 11:54:22]Marlizo Hamachi#9374 said: md  meme mmd
[Sat May 28 2022 11:54:24]Muxto#8483 said: md meme hilarious
[Sat May 28 2022 11:54:32]Marlizo Hamachi#9374 said: pigggg
[Sat May 28 2022 11:54:47]Marlizo Hamachi#9374 said: md meme mmd
[Sat May 28 2022 11:54:52]Muxto#8483 said: md meme mmd
[Sat May 28 2022 11:54:56]Muxto#8483 said: md meme md
[Sat May 28 2022 11:55:00]Marlizo Hamachi#9374 said: md meme mmd
[Sat May 28 2022 11:55:01]Muxto#8483 said: md meme mmd
[Sat May 28 2022 11:55:05]Muxto#8483 said: md meme mmd
[Sat May 28 2022 11:55:07]Muxto#8483 said: md delete 4
[Sat May 28 2022 11:55:14]Muxto#8483 said: md meme mmd
[Sat May 28 2022 11:55:17]Muxto#8483 said: md meme md
[Sat May 28 2022 11:55:20]Muxto#8483 said: md meme mmd
[Sat May 28 2022 11:55:22]Marlizo Hamachi#9374 said: md meme mmd
[Sat May 28 2022 11:55:26]Muxto#8483 said: md meme mmd
[Sat May 28 2022 11:55:27]Marlizo Hamachi#9374 said: md meme mmd
[Sat May 28 2022 11:55:32]Muxto#8483 said: md meme mmd
[Sat May 28 2022 11:55:36]Marlizo Hamachi#9374 said: md meme mmd
[Sat May 28 2022 11:55:42]Marlizo Hamachi#9374 said: md meme mmd
[Sat May 28 2022 11:55:49]Marlizo Hamachi#9374 said: md delete
[Sat May 28 2022 11:55:50]Muxto#8483 said: md delete 4
[Sat May 28 2022 11:56:02]Marlizo Hamachi#9374 said: md  meme dicord
[Sat May 28 2022 11:56:08]Muxto#8483 said: md meme mikumikudance
[Sat May 28 2022 11:56:11]Marlizo Hamachi#9374 said: md meme discord
[Sat May 28 2022 11:56:25]Marlizo Hamachi#9374 said: md meme mod
[Sat May 28 2022 11:56:34]Muxto#8483 said: md meme discord
[Sat May 28 2022 11:56:39]Marlizo Hamachi#9374 said: mmd meme discoesmod
[Sat May 28 2022 11:56:45]Muxto#8483 said: md meme discord
[Sat May 28 2022 11:56:51]Muxto#8483 said: md meme mikumikudance
[Sat May 28 2022 11:56:55]Muxto#8483 said: md delete 4
[Sat May 28 2022 11:57:01]Marlizo Hamachi#9374 said: md meme sonic
[Sat May 28 2022 11:57:01]Muxto#8483 said: md meme mikumikudance
[Sat May 28 2022 11:57:20]Muxto#8483 said: md meme sonic
[Sat May 28 2022 11:57:32]Marlizo Hamachi#9374 said: md meme pixelart
[Sat May 28 2022 11:57:38]Muxto#8483 said: md delete 4
[Sat May 28 2022 11:57:46]Marlizo Hamachi#9374 said: md meme pixelart
[Sat May 28 2022 11:57:47]Muxto#8483 said: md meme pixelart
[Sat May 28 2022 11:58:00]Muxto#8483 said: md meme pixelart
[Sat May 28 2022 11:58:02]Marlizo Hamachi#9374 said: md meme pixelart
[Sat May 28 2022 11:58:04]Muxto#8483 said: md delete 4
[Sat May 28 2022 11:58:13]Marlizo Hamachi#9374 said: md meme pixelart
[Sat May 28 2022 11:58:29]Marlizo Hamachi#9374 said: md meme pixelart
[Sat May 28 2022 11:58:38]Marlizo Hamachi#9374 said: md meme pixel
[Sat May 28 2022 11:58:39]Muxto#8483 said: md meme pixelarttutorials
[Sat May 28 2022 11:58:52]Muxto#8483 said: md meme pixel
[Sat May 28 2022 11:58:59]Muxto#8483 said: md meme pixel
[Sat May 28 2022 11:59:04]Muxto#8483 said: md meme minecraft
[Sat May 28 2022 11:59:06]Marlizo Hamachi#9374 said: md meme pixelart
[Sat May 28 2022 11:59:10]Muxto#8483 said: md delete 4
[Sat May 28 2022 11:59:20]Marlizo Hamachi#9374 said: md meme pixelart
[Sat May 28 2022 11:59:20]Muxto#8483 said: md meme minecraft
[Sat May 28 2022 11:59:29]Muxto#8483 said: md meme pixelart
[Sat May 28 2022 11:59:35]Marlizo Hamachi#9374 said: md meme pixeart
[Sat May 28 2022 11:59:36]Muxto#8483 said: md meme doom
[Sat May 28 2022 11:59:45]Marlizo Hamachi#9374 said: md meme pixelart
[Sat May 28 2022 11:59:52]Muxto#8483 said: md meme pixelart
[Sat May 28 2022 12:00:12]Marlizo Hamachi#9374 said: md meme pixelart
[Sat May 28 2022 12:00:24]Muxto#8483 said: md meme speedart
[Sat May 28 2022 12:00:52]Marlizo Hamachi#9374 said: md meme pixelart
[Sat May 28 2022 12:00:56]Muxto#8483 said: md delete 4
[Sat May 28 2022 12:01:03]Marlizo Hamachi#9374 said: md meme pixelart
[Sat May 28 2022 12:01:13]Marlizo Hamachi#9374 said: md meme pixelart
[Sat May 28 2022 12:01:28]Muxto#8483 said: md meme callofduty
[Sat May 28 2022 12:01:39]Marlizo Hamachi#9374 said: md meme pixelartanimation
[Sat May 28 2022 12:01:41]Muxto#8483 said: md meme callofdutymemes
[Sat May 28 2022 12:01:48]Marlizo Hamachi#9374 said: md meme pixelart
[Sat May 28 2022 12:01:55]Marlizo Hamachi#9374 said: md meme pixelart
[Sat May 28 2022 12:02:03]Muxto#8483 said: md delete 4
[Sat May 28 2022 12:02:11]Marlizo Hamachi#9374 said: md meme pixelart
[Sat May 28 2022 12:02:38]Muxto#8483 said: https://redd.it/uyzfbv
[Sat May 28 2022 12:02:54]Muxto#8483 said: https://images-ext-2.discordapp.net/external/bXbgKSYRSxHHR3ISl9RnzaXMW1_lCfFYCEoP8WDa4wE/https/cdn.weeb.sh/images/rJl3BcTuG.gif
[Sat May 28 2022 12:03:19]Marlizo Hamachi#9374 said: md meme starwars
[Sat May 28 2022 12:03:45]Marlizo Hamachi#9374 said: md meme
[Sat May 28 2022 12:03:52]Muxto#8483 said: md meme
[Sat May 28 2022 12:03:58]Muxto#8483 said: md cats
[Sat May 28 2022 12:04:02]Muxto#8483 said: md voogai
[Sat May 28 2022 12:04:04]Muxto#8483 said: md voogai
[Sat May 28 2022 12:04:05]Marlizo Hamachi#9374 said: md meme kidsfalling
[Sat May 28 2022 12:04:08]Muxto#8483 said: md voogai
[Sat May 28 2022 12:04:09]Muxto#8483 said: md voogai
[Sat May 28 2022 12:04:11]Muxto#8483 said: md voogai
[Sat May 28 2022 12:04:15]Muxto#8483 said: md voogai
[Sat May 28 2022 12:04:21]Muxto#8483 said: md voogai
[Sat May 28 2022 12:04:22]Muxto#8483 said: md voogai
[Sat May 28 2022 12:04:24]Marlizo Hamachi#9374 said: md meme jacksepticeye
[Sat May 28 2022 12:04:38]Marlizo Hamachi#9374 said: md meme markiplier
[Sat May 28 2022 12:04:38]Muxto#8483 said: md meme dantdm
[Sat May 28 2022 12:04:52]Marlizo Hamachi#9374 said: md meme dantdm
[Sat May 28 2022 12:05:17]Muxto#8483 said: md meme safe
[Sat May 28 2022 12:05:24]Muxto#8483 said: md delete 4
[Sat May 28 2022 12:05:29]Marlizo Hamachi#9374 said: md meme pixelart
[Sat May 28 2022 12:05:48]Marlizo Hamachi#9374 said: https://tenor.com/view/cope-cope-furry-furry-meme-furry-cope-catgirl-gif-24559289
[Sat May 28 2022 12:05:55]Marlizo Hamachi#9374 said: i wanna learn dis animation
[Sat May 28 2022 12:06:27]Marlizo Hamachi#9374 said: https://media.discordapp.net/attachments/937249461032333312/954674615408533574/cb5a88fc-bcbb-4e5f-b4fa-f0a45e8651a6.gif
[Sat May 28 2022 12:06:35]Muxto#8483 said: https://tenor.com/view/protogen-reverse-card-protogen-reverse-card-gif-23025101
[Sat May 28 2022 12:06:58]Marlizo Hamachi#9374 said: https://media.discordapp.net/attachments/783552404641546280/954670619910369322/c01ea896-664e-47b9-be5c-1a117a451510.gif
[Sat May 28 2022 12:07:19]Muxto#8483 said: https://pfpmaker.com
[Sat May 28 2022 12:07:47]Muxto#8483 said: md meme voogai
[Sat May 28 2022 12:07:51]Muxto#8483 said: md voogai
[Sat May 28 2022 12:07:54]Muxto#8483 said: md voogai
[Sat May 28 2022 12:07:56]Muxto#8483 said: md voogai
[Sat May 28 2022 12:07:59]Muxto#8483 said: md voogai
[Sat May 28 2022 12:08:39]Muxto#8483 said: md voogai
[Sat May 28 2022 12:08:42]Muxto#8483 said: md voogai
[Sat May 28 2022 12:08:44]Muxto#8483 said: md voogai
[Sat May 28 2022 12:08:45]Marlizo Hamachi#9374 said: md meme
[Sat May 28 2022 12:08:46]Muxto#8483 said: md voogai
[Sat May 28 2022 12:08:51]Muxto#8483 said: md voogai
[Sat May 28 2022 12:08:54]Muxto#8483 said: md voogai
[Sat May 28 2022 12:08:57]Marlizo Hamachi#9374 said: md gaari
[Sat May 28 2022 12:08:59]Muxto#8483 said: md voogai
[Sat May 28 2022 12:09:01]Muxto#8483 said: md voogai
[Sat May 28 2022 12:09:02]Muxto#8483 said: md voogai
[Sat May 28 2022 12:09:06]Muxto#8483 said: md voogai
[Sat May 28 2022 12:09:11]Muxto#8483 said: md voogai
[Sat May 28 2022 12:09:37]Marlizo Hamachi#9374 said: md meme bot
[Sat May 28 2022 12:09:52]Muxto#8483 said: md delete 4
[Sat May 28 2022 12:09:57]Muxto#8483 said: md delete 4
[Sat May 28 2022 13:27:16]Muxto#8483 said: md anime
[Sat May 28 2022 13:29:29]XLS氣Oceløtシ#5964 said: hentai 👍
[Sat May 28 2022 13:37:06]Muxto#8483 said: 🤔
[Sat May 28 2022 13:37:16]Muxto#8483 said: how's this NSFW?
[Sat May 28 2022 13:37:33]Muxto#8483 said: the whole story may be, but in this frame, nothing's bad
[Sat May 28 2022 13:56:49]XLS氣Oceløtシ#5964 said: nah thats just gen z humour
[Sat May 28 2022 13:56:57]XLS氣Oceløtシ#5964 said: we kids laugh at random shit
[Sat May 28 2022 13:57:24]XLS氣Oceløtシ#5964 said: i literally laughed at me giving a thumbsup at hentai for no reason at all
[Sat May 28 2022 13:57:45]Muxto#8483 said: md meme mildlyinteresting
[Sat May 28 2022 14:27:45]Marlizo Hamachi#9374 said: Md anime
[Sat May 28 2022 14:27:49]Marlizo Hamachi#9374 said: md anime
[Sat May 28 2022 14:28:00]Marlizo Hamachi#9374 said: <@784119755111661569> DELETE!!
[Sat May 28 2022 14:28:01]Marlizo Hamachi#9374 said: FUK
[Sat May 28 2022 14:28:02]Marlizo Hamachi#9374 said: SHIT
[Sat May 28 2022 14:28:03]Marlizo Hamachi#9374 said: SRY
[Sat May 28 2022 14:28:05]Marlizo Hamachi#9374 said: OMG
[Sat May 28 2022 14:28:06]Marlizo Hamachi#9374 said: FUK
[Sat May 28 2022 14:28:12]Marlizo Hamachi#9374 said: BLEACH MY EYES
[Sat May 28 2022 14:28:19]Marlizo Hamachi#9374 said: md anime
[Sat May 28 2022 14:28:23]Marlizo Hamachi#9374 said: md anime
[Sat May 28 2022 14:28:26]Marlizo Hamachi#9374 said: md anime
[Sat May 28 2022 14:28:32]Marlizo Hamachi#9374 said: md anime
[Sat May 28 2022 14:28:41]Marlizo Hamachi#9374 said: md anime
[Sat May 28 2022 14:28:59]Marlizo Hamachi#9374 said: morbius sucks, but dis art dont
[Sat May 28 2022 14:29:30]Marlizo Hamachi#9374 said: md meme AnimeART
[Sat May 28 2022 14:29:40]Marlizo Hamachi#9374 said: Noice
[Sat May 28 2022 14:39:21]Marlizo Hamachi#9374 said: <@784119755111661569> plz delete an inappropriate art here PLZ FFS
[Sat May 28 2022 14:39:39]Marlizo Hamachi#9374 said: <@784119755111661569> <@784119755111661569> <@784119755111661569> <@784119755111661569> <@784119755111661569> <@784119755111661569>
[Sat May 28 2022 14:40:33]XLS氣Oceløtシ#5964 said: bro who will look at that 🗿
[Sat May 28 2022 14:43:18]Marlizo Hamachi#9374 said: no1 :| u saw nth
[Sat May 28 2022 14:43:30]Marlizo Hamachi#9374 said: https://tenor.com/view/pedro-monkey-puppet-meme-awkward-gif-15268759
[Sat May 28 2022 14:44:01]XLS氣Oceløtシ#5964 said: apni ektu dum
[Sat May 28 2022 14:47:46]Marlizo Hamachi#9374 said: Yech
[Sat May 28 2022 15:02:40]Muxto#8483 said: https://media.discordapp.net/attachments/804291070296064063/920462839611805738/45B967BD-FDA3-41D0-BA9D-8EDCE67E08FB.gif
[Sat May 28 2022 19:52:05]Muxto#8483 said: md balance
[Sun May 29 2022 00:17:43]DMukto#8483 said: <@757148419277193218>
[Sun May 29 2022 00:17:56]DMukto#8483 said: 😎 👍 Just got the currency system ready
[Sun May 29 2022 00:18:00]DMukto#8483 said: md help
[Sun May 29 2022 07:51:50]DMukto#8483 said: md balance
[Sun May 29 2022 08:24:43]Marlizo Hamachi#9374 said: <@784119755111661569>
[Sun May 29 2022 08:24:48]Marlizo Hamachi#9374 said: U free today?
[Sun May 29 2022 08:24:53]DMukto#8483 said: yes
[Sun May 29 2022 08:24:55]DMukto#8483 said: but no
[Sun May 29 2022 08:25:02]DMukto#8483 said: I'll work on the bot
[Sun May 29 2022 08:25:07]DMukto#8483 said: btw check your balance
[Sun May 29 2022 08:25:18]Marlizo Hamachi#9374 said: Wanna watch spyxfamily ep8 at bd time 7 pm??
[Sun May 29 2022 08:25:31]Marlizo Hamachi#9374 said: Eh ok
[Sun May 29 2022 08:25:35]Marlizo Hamachi#9374 said: md balance
[Sun May 29 2022 08:25:44]DMukto#8483 said: check again
[Sun May 29 2022 08:25:46]Marlizo Hamachi#9374 said: md balance
[Sun May 29 2022 08:25:49]DMukto#8483 said: okeee
[Sun May 29 2022 08:25:55]DMukto#8483 said: md transfer 300 <@757148419277193218>
[Sun May 29 2022 08:25:59]Marlizo Hamachi#9374 said: md balance
[Sun May 29 2022 08:25:59]DMukto#8483 said: md bal
[Sun May 29 2022 08:26:06]DMukto#8483 said: now...
[Sun May 29 2022 08:26:08]DMukto#8483 said: 😎
[Sun May 29 2022 08:26:13]Marlizo Hamachi#9374 said: .
[Sun May 29 2022 08:26:14]DMukto#8483 said: md steal <@757148419277193218>
[Sun May 29 2022 08:26:18]DMukto#8483 said: lol
[Sun May 29 2022 08:26:21]DMukto#8483 said: md steal <@757148419277193218>
[Sun May 29 2022 08:26:24]Marlizo Hamachi#9374 said: :|
[Sun May 29 2022 08:26:25]DMukto#8483 said: md bal
[Sun May 29 2022 08:26:30]Marlizo Hamachi#9374 said: >:|
[Sun May 29 2022 08:26:41]Marlizo Hamachi#9374 said: md steal <@784119755111661569>
[Sun May 29 2022 08:26:44]DMukto#8483 said: lol
[Sun May 29 2022 08:26:48]Marlizo Hamachi#9374 said: Mother of-
[Sun May 29 2022 08:27:01]DMukto#8483 said: I didn't add a shop yet. So... gotta wait before you can buy a drill
[Sun May 29 2022 08:27:06]Marlizo Hamachi#9374 said: Alr
[Sun May 29 2022 08:27:06]DMukto#8483 said: 😜
[Sun May 29 2022 08:27:18]Marlizo Hamachi#9374 said: But will u watch ep8 today at 7 pm??
[Sun May 29 2022 08:27:19]DMukto#8483 said: anyways... dw, you can always have as many coins as you like
[Sun May 29 2022 08:27:25]DMukto#8483 said: i'll see about it
[Sun May 29 2022 08:27:33]DMukto#8483 said: if the episode is there, okay
[Sun May 29 2022 08:27:45]Marlizo Hamachi#9374 said: Lemme chek if its out
[Sun May 29 2022 08:28:31]Marlizo Hamachi#9374 said: Yep
[Sun May 29 2022 08:28:39]Marlizo Hamachi#9374 said: Ep 8 came in tht website
[Sun May 29 2022 08:28:43]Marlizo Hamachi#9374 said: Confirmed
[Sun May 29 2022 08:28:46]Marlizo Hamachi#9374 said: No cap
[Sun May 29 2022 08:28:50]Marlizo Hamachi#9374 said: <@784119755111661569>
[Sun May 29 2022 08:34:58]DMukto#8483 said: okay then
[Sun May 29 2022 08:39:16]DMukto#8483 said: anyways... looks like I beat your friend's Future bot by now! <@757148419277193218>
[Sun May 29 2022 08:39:44]DMukto#8483 said: 'cause I made all the basic Dank Memer-ish features in just 1 week instead of several months
[Sun May 29 2022 08:39:48]DMukto#8483 said: <:kgm_smirk:850398050169258055>
[Sun May 29 2022 08:44:00]Marlizo Hamachi#9374 said: Not yet
[Sun May 29 2022 08:44:17]DMukto#8483 said: okay. What more features do they have?
[Sun May 29 2022 08:44:30]DMukto#8483 said: what;s missing in <@977262952354828308> ?
[Sun May 29 2022 08:44:34]Marlizo Hamachi#9374 said: Tht dude's bot has more features like digging, hunting, fishing
[Sun May 29 2022 08:44:40]Marlizo Hamachi#9374 said: Which r also in dankmemer
[Sun May 29 2022 08:44:45]DMukto#8483 said: lol, even I can add them
[Sun May 29 2022 08:44:53]DMukto#8483 said: which I'll do today
[Sun May 29 2022 08:44:56]DMukto#8483 said: no worries
[Sun May 29 2022 08:44:58]Marlizo Hamachi#9374 said: Alr
[Sun May 29 2022 08:45:24]Marlizo Hamachi#9374 said: <@784119755111661569> wat does bbq sauce taste like :|
[Sun May 29 2022 08:45:48]DMukto#8483 said: nothing much, just normal sauce slightly sour
[Sun May 29 2022 08:46:08]Marlizo Hamachi#9374 said: I've been wanting to try it but cant remember tht if i ever tasted it in my life
[Sun May 29 2022 08:46:52]Marlizo Hamachi#9374 said: Hmm i expected a spicy sauce but its sour?? Makes me wanna try it more
[Sun May 29 2022 08:47:07]Marlizo Hamachi#9374 said: Anyways
[Sun May 29 2022 08:47:19]Marlizo Hamachi#9374 said: We binge on anime tonight(bd)
[Sun May 29 2022 08:47:33]Marlizo Hamachi#9374 said: Dont forget :]
[Sun May 29 2022 08:48:07]DMukto#8483 said: aye
[Sun May 29 2022 08:48:09]DMukto#8483 said: md balance
[Sun May 29 2022 08:49:48]DMukto#8483 said: how do you like <@977262952354828308>'s coin designs? <@757148419277193218>
[Sun May 29 2022 08:50:58]DMukto#8483 said: Daycoins can be earned and transferred.
Nytecoins are like FF diamonds. Only earned via Patreon subscriptions.
[Sun May 29 2022 08:51:21]DMukto#8483 said: Nytecoins are required for some extremely cool commands
[Sun May 29 2022 08:51:34]DMukto#8483 said: Nytecoins can also be broken down into 1000 daycoins
[Sun May 29 2022 08:52:02]DMukto#8483 said: tap on the emojis to view the coin icons
[Sun May 29 2022 09:00:18]Marlizo Hamachi#9374 said: Nice ig, but i cud've made u  custom pixel arts for ur items like i did for my frnd's bot
[Sun May 29 2022 09:00:42]Marlizo Hamachi#9374 said: But nah im too lazy now so nvm
[Sun May 29 2022 09:00:53]DMukto#8483 said: yeah sure, although I make my own assets for my things 😅 so I didn't bother ya
[Sun May 29 2022 09:01:07]DMukto#8483 said: will let you know if there's any item I couldn't draw
[Sun May 29 2022 09:01:13]Marlizo Hamachi#9374 said: good.. Cuz i am a lazy artist lol
[Sun May 29 2022 09:01:22]Marlizo Hamachi#9374 said: Sure np
[Sun May 29 2022 09:02:39]Marlizo Hamachi#9374 said: Add dis sniper item for hunting command,  u need to buy equipments for those commands<@784119755111661569>
[Sun May 29 2022 09:02:58]Marlizo Hamachi#9374 said: Fishing pole item for fishing command
[Sun May 29 2022 09:03:00]DMukto#8483 said: ofcourse
[Sun May 29 2022 09:03:03]DMukto#8483 said: I know
[Sun May 29 2022 09:03:04]DMukto#8483 said: lol
[Sun May 29 2022 09:03:20]DMukto#8483 said: I'll become like EA Games and add lots of prices for <@977262952354828308> 😈
[Sun May 29 2022 09:03:34]Marlizo Hamachi#9374 said: For digging
[Sun May 29 2022 09:03:34]DMukto#8483 said: microtransactions and top-ups
[Sun May 29 2022 09:03:38]DMukto#8483 said: ooo
[Sun May 29 2022 09:03:48]DMukto#8483 said: but wait... did you already send this to someone?
[Sun May 29 2022 09:03:56]DMukto#8483 said: if so, I cannot use them. Sorry.
[Sun May 29 2022 09:04:12]DMukto#8483 said: If Future is using these item art, I cannot use 'em.
[Sun May 29 2022 09:04:13]Marlizo Hamachi#9374 said: Fishing pole here
[Sun May 29 2022 09:04:27]Marlizo Hamachi#9374 said: Eh.. I did.. sedly
[Sun May 29 2022 09:04:36]DMukto#8483 said: o'course 🤦‍♂️
[Sun May 29 2022 09:04:40]DMukto#8483 said: but no worries
[Sun May 29 2022 09:04:43]Marlizo Hamachi#9374 said: Its all of those future bot's items
[Sun May 29 2022 09:04:53]DMukto#8483 said: I could tell 😐
[Sun May 29 2022 09:04:56]DMukto#8483 said: but it's okay
[Sun May 29 2022 09:04:56]Marlizo Hamachi#9374 said: But dis sniper isnt
[Sun May 29 2022 09:05:01]Marlizo Hamachi#9374 said: Use da sniper
[Sun May 29 2022 09:05:02]DMukto#8483 said: I don't need anything
[Sun May 29 2022 09:05:06]DMukto#8483 said: let them use it
[Sun May 29 2022 09:05:27]Marlizo Hamachi#9374 said: Use dis goddamn sniper, i only sent u dis
[Sun May 29 2022 09:06:07]Marlizo Hamachi#9374 said: My frnd's bot uses ak47
[Sun May 29 2022 09:06:10]Marlizo Hamachi#9374 said: For hunting
[Sun May 29 2022 09:06:25]Marlizo Hamachi#9374 said: Ur one wud look cool to use a sniper
[Sun May 29 2022 09:06:39]DMukto#8483 said: I'll just keep that as a rare item then
[Sun May 29 2022 09:06:53]DMukto#8483 said: 'cause that sniper rifle looks weird
[Sun May 29 2022 09:07:57]Marlizo Hamachi#9374 said: Becoz i designed it lol i did it on purpose to make it unique
[Mon May 30 2022 09:57:10]DMukto#8483 said: md help
[Mon May 30 2022 09:57:22]DMukto#8483 said: md balance
[Mon May 30 2022 12:10:41]DMukto#8483 said: md shop
[Mon May 30 2022 12:10:48]DMukto#8483 said: md shop
[Mon May 30 2022 12:11:21]DMukto#8483 said: md delete 4
[Mon May 30 2022 12:55:11]DMukto#8483 said: md steal <@757148419277193218>
[Mon May 30 2022 12:55:27]DMukto#8483 said: md transfer 300 <@757148419277193218>
[Mon May 30 2022 12:55:37]DMukto#8483 said: md steal <@757148419277193218>
[Mon May 30 2022 12:55:43]Marlizo Hamachi#9374 said: Bruh
[Mon May 30 2022 12:55:47]DMukto#8483 said: md shop
[Mon May 30 2022 12:55:52]Marlizo Hamachi#9374 said: Also
[Mon May 30 2022 12:56:05]Marlizo Hamachi#9374 said: Dankmemer has a fighting feature
[Mon May 30 2022 12:56:18]DMukto#8483 said: I know
[Mon May 30 2022 12:56:28]Marlizo Hamachi#9374 said: Like if u command "pls fight [name]"
[Mon May 30 2022 12:56:36]Marlizo Hamachi#9374 said: md bal
[Mon May 30 2022 12:56:49]Marlizo Hamachi#9374 said: -_-
[Mon May 30 2022 12:56:54]Marlizo Hamachi#9374 said: Anyways
[Mon May 30 2022 12:56:57]Marlizo Hamachi#9374 said: md anime
[Mon May 30 2022 12:57:04]DMukto#8483 said: forget Dank Memer! Now I'm making an extraordinary bot
[Mon May 30 2022 12:57:06]Marlizo Hamachi#9374 said: nice
[Mon May 30 2022 12:57:28]Marlizo Hamachi#9374 said: can we also have pets
[Mon May 30 2022 12:57:33]Marlizo Hamachi#9374 said: Dankmemer have pets
[Mon May 30 2022 12:57:37]DMukto#8483 said: if you steal, you increase wanted lvl
[Mon May 30 2022 12:57:40]DMukto#8483 said: md crimes
[Mon May 30 2022 12:57:53]Marlizo Hamachi#9374 said: U also have to feed it take care of it like talking tom
[Mon May 30 2022 12:58:00]Marlizo Hamachi#9374 said: For the pets
[Mon May 30 2022 12:58:08]DMukto#8483 said: sure
[Mon May 30 2022 12:58:11]DMukto#8483 said: but later
[Mon May 30 2022 12:58:50]Marlizo Hamachi#9374 said: Pets can be bought from shop , dont forget tht
[Mon May 30 2022 12:59:18]DMukto#8483 said: or caught in the wilds
[Mon May 30 2022 12:59:19]Marlizo Hamachi#9374 said: Also add an expensive pet tht shud be unique
[Mon May 30 2022 12:59:26]Marlizo Hamachi#9374 said: Yes
[Mon May 30 2022 12:59:36]DMukto#8483 said: what's Mudae?
[Mon May 30 2022 12:59:44]DMukto#8483 said: and why do people use it?
[Mon May 30 2022 12:59:58]Marlizo Hamachi#9374 said: Dont .. They use it for collecting waifus
[Mon May 30 2022 13:00:08]DMukto#8483 said: lol
[Mon May 30 2022 13:00:11]DMukto#8483 said: lame
[Mon May 30 2022 13:00:24]Marlizo Hamachi#9374 said: ngl i agree its lame
[Mon May 30 2022 13:00:29]DMukto#8483 said: but I like the idea. Instead, you can collect characters
[Mon May 30 2022 13:00:35]DMukto#8483 said: and use them to fight
[Mon May 30 2022 13:00:41]DMukto#8483 said: like Pokemon cards
[Mon May 30 2022 13:00:46]Marlizo Hamachi#9374 said: Like card game
[Mon May 30 2022 13:00:55]Marlizo Hamachi#9374 said: Awesome timing
[Mon May 30 2022 13:01:06]DMukto#8483 said: there'll also be an Among Us game
[Mon May 30 2022 13:01:14]DMukto#8483 said: on Discord
[Mon May 30 2022 13:01:14]Marlizo Hamachi#9374 said: Mogus
[Mon May 30 2022 13:01:26]Marlizo Hamachi#9374 said: How do u play it in discord
[Mon May 30 2022 13:01:48]DMukto#8483 said: I don't care about your friend's bot or any other bot anymore. I'll just build what I want
[Mon May 30 2022 13:02:12]DMukto#8483 said: I'll find a way.
E.g. There'll be tasks like DankMemer jobs
[Mon May 30 2022 13:02:22]Marlizo Hamachi#9374 said: Np, i wanted u to say tht long ago
[Mon May 30 2022 13:02:37]DMukto#8483 said: and there'll be a detective and an impostor
[Mon May 30 2022 13:02:42]DMukto#8483 said: /murderer
[Mon May 30 2022 13:02:51]Marlizo Hamachi#9374 said: Thts like rblx murder mystery
[Mon May 30 2022 13:02:52]DMukto#8483 said: impo kills people
[Mon May 30 2022 13:02:56]DMukto#8483 said: yeah
[Mon May 30 2022 13:03:23]DMukto#8483 said: and since it's Discord, any dead players will be auto-muted
[Mon May 30 2022 13:03:26]Marlizo Hamachi#9374 said: Roblox murder mystery literally has 1 detevtive 1 murderer and rests r innocent
[Mon May 30 2022 13:03:37]Marlizo Hamachi#9374 said: Ofc
[Mon May 30 2022 13:03:44]DMukto#8483 said: the rest can become detective by collecting evidence
[Mon May 30 2022 13:04:08]DMukto#8483 said: the detective needs evidence before shooting
[Mon May 30 2022 13:04:24]Marlizo Hamachi#9374 said: Eh?
[Mon May 30 2022 13:05:20]DMukto#8483 said: the innocents/crewmates complete tasks to gain some power and if they reach enough power, they can shoot someone
[Mon May 30 2022 13:05:30]DMukto#8483 said: if they shoot the detective, they die
[Mon May 30 2022 13:05:38]DMukto#8483 said: if they shoot innocent, they die
[Mon May 30 2022 13:05:46]DMukto#8483 said: if they shoot killer, they win
[Mon May 30 2022 13:06:00]DMukto#8483 said: as for the killer, they can kill whoever they want
[Mon May 30 2022 13:06:11]Marlizo Hamachi#9374 said: Ohhhh
[Mon May 30 2022 13:06:13]Marlizo Hamachi#9374 said: Ok
[Mon May 30 2022 13:06:35]DMukto#8483 said: md beg
[Mon May 30 2022 13:06:40]Marlizo Hamachi#9374 said: Its actually rblx mm(murder mystery)
[Mon May 30 2022 13:06:51]XLS氣Oceløtシ#5964 said: smex
[Mon May 30 2022 13:06:59]DMukto#8483 said: oh? I found this on VRChat
[Mon May 30 2022 13:07:03]Marlizo Hamachi#9374 said: kothla
[Mon May 30 2022 13:07:05]DMukto#8483 said: a similar game
[Mon May 30 2022 13:07:19]DMukto#8483 said: md reddit amongus
[Mon May 30 2022 13:07:21]Marlizo Hamachi#9374 said: YO I WANNA PLAY MM ON VR
[Mon May 30 2022 13:07:22]XLS氣Oceløtシ#5964 said: its not rlly funny anymore tbh
[Mon May 30 2022 13:07:31]Marlizo Hamachi#9374 said: ;-;
[Mon May 30 2022 13:07:34]Marlizo Hamachi#9374 said: Bruh
[Mon May 30 2022 13:07:39]Marlizo Hamachi#9374 said: Its just amogus
[Mon May 30 2022 13:07:49]XLS氣Oceløtシ#5964 said: mongus
[Mon May 30 2022 13:07:49]Marlizo Hamachi#9374 said: Kaathla mass
[Mon May 30 2022 13:07:59]XLS氣Oceløtシ#5964 said: .
[Mon May 30 2022 13:08:07]DMukto#8483 said: md fox
[Mon May 30 2022 13:08:08]XLS氣Oceløtシ#5964 said: :cringe:
[Mon May 30 2022 13:08:08]Marlizo Hamachi#9374 said: komod
[Mon May 30 2022 13:08:22]XLS氣Oceløtシ#5964 said: BTS TOILET!!!1111!!1
[Mon May 30 2022 13:08:25]DMukto#8483 said: md kick
[Mon May 30 2022 13:08:27]XLS氣Oceløtシ#5964 said: RHTDHDRHRHJDRTJ
[Mon May 30 2022 13:08:41]DMukto#8483 said: who wants to be kicked?
[Mon May 30 2022 13:08:42]Marlizo Hamachi#9374 said: md voogai
[Mon May 30 2022 13:08:52]DMukto#8483 said: md kick <@784119755111661569>
[Mon May 30 2022 13:08:54]Marlizo Hamachi#9374 said: Kick <@927539906526449704>
[Mon May 30 2022 13:08:55]XLS氣Oceløtシ#5964 said: <@758358454926049280> :troll:
[Mon May 30 2022 13:09:38]Marlizo Hamachi#9374 said: Y does dis make me feel nostalgic even tho idk dis car at all
[Mon May 30 2022 13:09:48]Marlizo Hamachi#9374 said: md voogai
[Mon May 30 2022 13:09:55]DMukto#8483 said: md delete 3
[Mon May 30 2022 13:09:56]Abigail_Heisie_#3489 said: sex
[Mon May 30 2022 13:10:03]DMukto#8483 said: md delete 3
[Mon May 30 2022 13:10:12]Marlizo Hamachi#9374 said: md voogai
[Mon May 30 2022 13:10:18]Marlizo Hamachi#9374 said: md vroom
[Mon May 30 2022 13:10:28]Marlizo Hamachi#9374 said: Rip
[Mon May 30 2022 13:10:35]DMukto#8483 said: md anime
[Mon May 30 2022 13:10:49]Marlizo Hamachi#9374 said: Oh nive
[Mon May 30 2022 13:10:51]Marlizo Hamachi#9374 said: Nice*
[Mon May 30 2022 13:10:51]DMukto#8483 said: this is..... ok, right?
[Mon May 30 2022 13:11:01]Marlizo Hamachi#9374 said: Yes
[Mon May 30 2022 13:11:10]XLS氣Oceløtシ#5964 said: md kidsarefuckingstupid
[Mon May 30 2022 13:11:18]XLS氣Oceløtシ#5964 said: .
[Mon May 30 2022 13:11:20]Marlizo Hamachi#9374 said: md meme scalies
[Mon May 30 2022 13:11:23]DMukto#8483 said: md reddit kidsarefuckingstupid
[Mon May 30 2022 13:11:34]Marlizo Hamachi#9374 said: U gotta be kidding
[Mon May 30 2022 13:11:43]Marlizo Hamachi#9374 said: md meme scalies
[Mon May 30 2022 13:11:48]XLS氣Oceløtシ#5964 said: haha L bozo
[Mon May 30 2022 13:11:59]XLS氣Oceløtシ#5964 said: md meme kidsarefuckingstupid
[Mon May 30 2022 13:12:12]XLS氣Oceløtシ#5964 said: wtf
[Mon May 30 2022 13:12:18]DMukto#8483 said: oh... i forgot to mention.... `md meme <>` is now `md reddit <>`
[Mon May 30 2022 13:12:23]XLS氣Oceløtシ#5964 said: not da theighs bro :tired:
[Mon May 30 2022 13:12:47]XLS氣Oceløtシ#5964 said: md reddit scalies
[Mon May 30 2022 13:12:54]XLS氣Oceløtシ#5964 said: hawt
[Mon May 30 2022 13:13:03]DMukto#8483 said: that's a scaly?
[Mon May 30 2022 13:13:06]XLS氣Oceløtシ#5964 said: yes
[Mon May 30 2022 13:13:12]DMukto#8483 said: md reddit furries
[Mon May 30 2022 13:13:22]XLS氣Oceløtシ#5964 said: basiclly a furry with scales but less enthusiastic
[Mon May 30 2022 13:13:33]DMukto#8483 said: md reddit protogens
[Mon May 30 2022 13:13:34]XLS氣Oceløtシ#5964 said: im a scalie lol
[Mon May 30 2022 13:13:40]Marlizo Hamachi#9374 said: Ocelotxls is a goddamn scalie
[Mon May 30 2022 13:13:43]DMukto#8483 said: md reddit protogen
[Mon May 30 2022 13:13:49]XLS氣Oceløtシ#5964 said: <@757148419277193218> lmao your tbg chaeacter
[Mon May 30 2022 13:14:03]XLS氣Oceløtシ#5964 said: xd L bozo
[Mon May 30 2022 13:14:04]DMukto#8483 said: tbg?
[Mon May 30 2022 13:14:06]Marlizo Hamachi#9374 said: Also a degenerate furry lover
[Mon May 30 2022 13:14:13]DMukto#8483 said: md waifu
[Mon May 30 2022 13:14:18]Marlizo Hamachi#9374 said: But idgf abt it
[Mon May 30 2022 13:14:23]XLS氣Oceløtシ#5964 said: "the bad guys"
[Mon May 30 2022 13:14:28]Marlizo Hamachi#9374 said: He still da same guy
[Mon May 30 2022 13:14:30]XLS氣Oceløtシ#5964 said: ei beta
[Mon May 30 2022 13:14:31]XLS氣Oceløtシ#5964 said: mair dibo
[Mon May 30 2022 13:14:35]Marlizo Hamachi#9374 said: Movie
[Mon May 30 2022 13:14:46]DMukto#8483 said: md reddit paimon
[Mon May 30 2022 13:14:52]XLS氣Oceløtシ#5964 said: call me a degenerate again im bringing a rubber band to terrorize you with
[Mon May 30 2022 13:15:01]DMukto#8483 said: md reddit paimon
[Mon May 30 2022 13:15:09]DMukto#8483 said: md reddit paimon
[Mon May 30 2022 13:15:11]XLS氣Oceløtシ#5964 said: paimon food
[Mon May 30 2022 13:15:15]XLS氣Oceløtシ#5964 said: :drrol
[Mon May 30 2022 13:15:18]XLS氣Oceløtシ#5964 said: 🤤
[Mon May 30 2022 13:15:20]DMukto#8483 said: md delete 8
[Mon May 30 2022 13:15:28]Marlizo Hamachi#9374 said: and me gonna whoop yo ass if i get high on sugar u better dont
[Mon May 30 2022 13:15:45]DMukto#8483 said: md reddit animegirls
[Mon May 30 2022 13:15:49]XLS氣Oceløtシ#5964 said: im gona ram you full speed if you dont watch out
[Mon May 30 2022 13:15:57]Marlizo Hamachi#9374 said: Rlly bruh y miku
[Mon May 30 2022 13:16:02]XLS氣Oceløtシ#5964 said: or pin you and break your spine
[Mon May 30 2022 13:16:13]DMukto#8483 said: md duck
[Mon May 30 2022 13:16:15]XLS氣Oceløtシ#5964 said: and ribs
[Mon May 30 2022 13:16:19]Marlizo Hamachi#9374 said: Gonna send u to god, stoobid
[Mon May 30 2022 13:16:34]Marlizo Hamachi#9374 said: md meme
[Mon May 30 2022 13:16:39]DMukto#8483 said: md say something
[Mon May 30 2022 13:16:39]XLS氣Oceløtシ#5964 said: lmao if you murder me you'll get a life sentence
[Mon May 30 2022 13:17:01]Marlizo Hamachi#9374 said: *exaggeration exists*
[Mon May 30 2022 13:17:03]XLS氣Oceløtシ#5964 said: i break you bones i get expelled but totally worth it
[Mon May 30 2022 13:17:04]DMukto#8483 said: md delete 12
[Mon May 30 2022 13:17:10]XLS氣Oceløtシ#5964 said: smex
[Mon May 30 2022 13:17:21]Marlizo Hamachi#9374 said: md reddit animeoc
[Mon May 30 2022 13:17:30]Marlizo Hamachi#9374 said: :|
[Mon May 30 2022 13:17:33]XLS氣Oceløtシ#5964 said: anime 🐔
[Mon May 30 2022 13:17:33]Marlizo Hamachi#9374 said: Where pic
[Mon May 30 2022 13:17:42]DMukto#8483 said: md reddit animeart
[Mon May 30 2022 13:18:00]Marlizo Hamachi#9374 said: Inspiration pic bravo
[Mon May 30 2022 13:18:24]Marlizo Hamachi#9374 said: Gimme tht, take my credit card, i'll have tht piece
[Mon May 30 2022 13:18:31]XLS氣Oceløtシ#5964 said: hahahahah lolololol imagie bieng depressed
[Mon May 30 2022 13:18:35]XLS氣Oceløtシ#5964 said: can relate 😔
[Mon May 30 2022 13:18:38]DMukto#8483 said: I'll add a "save" button to save the images via DMs
[Mon May 30 2022 13:18:59]DMukto#8483 said: md reddit animewallpapers
[Mon May 30 2022 13:19:01]Marlizo Hamachi#9374 said: https://tenor.com/view/credit-card-smacking-credit-card-on-table-gif-21340324
[Mon May 30 2022 13:19:23]DMukto#8483 said: md reddit animewallpapers
[Mon May 30 2022 13:19:24]Marlizo Hamachi#9374 said: cant relate :trollge:
[Mon May 30 2022 13:19:35]DMukto#8483 said: md reddit animewallpapers
[Mon May 30 2022 13:19:43]DMukto#8483 said: md reddit animewallpapers
[Mon May 30 2022 13:19:52]DMukto#8483 said: md reddit animewallpapers
[Mon May 30 2022 13:19:52]XLS氣Oceløtシ#5964 said: woah
[Mon May 30 2022 13:19:53]Marlizo Hamachi#9374 said: OH MY GOOOO-
[Mon May 30 2022 13:19:55]XLS氣Oceløtシ#5964 said: astolfo with bobs
[Mon May 30 2022 13:20:16]DMukto#8483 said: lol, that was a character from Genshin
[Mon May 30 2022 13:20:20]XLS氣Oceløtシ#5964 said: bro why do i see stuff there
[Mon May 30 2022 13:20:24]DMukto#8483 said: Yae Miko
[Mon May 30 2022 13:20:25]XLS氣Oceløtシ#5964 said: .
[Mon May 30 2022 13:20:27]Marlizo Hamachi#9374 said: Go to horny jail dammit
[Mon May 30 2022 13:20:35]XLS氣Oceløtシ#5964 said: sex
[Mon May 30 2022 13:20:38]DMukto#8483 said: md reddit animewallpapers
[Mon May 30 2022 13:20:43]DMukto#8483 said: md reddit animewallpapers
[Mon May 30 2022 13:20:47]DMukto#8483 said: md reddit animewallpapers
[Mon May 30 2022 13:20:54]DMukto#8483 said: 😐
[Mon May 30 2022 13:21:00]Marlizo Hamachi#9374 said: https://tenor.com/view/guy-slamming-card-on-table-gif-21126320
[Mon May 30 2022 13:21:10]XLS氣Oceløtシ#5964 said: cringe gif
[Mon May 30 2022 13:21:15]XLS氣Oceløtシ#5964 said: orig vido betr
[Mon May 30 2022 13:21:24]Marlizo Hamachi#9374 said: I was high tht night dont mind me
[Mon May 30 2022 13:21:43]XLS氣Oceløtシ#5964 said: damn what is that bruh- *smack* *smack*
[Mon May 30 2022 13:22:27]Marlizo Hamachi#9374 said: md vroom
[Mon May 30 2022 13:22:27]DMukto#8483 said: md reddit animegirlsreading
[Mon May 30 2022 13:22:50]DMukto#8483 said: md reddit animegirlsreading
[Mon May 30 2022 13:22:52]Marlizo Hamachi#9374 said: md reddit animeart
[Mon May 30 2022 13:22:56]DMukto#8483 said: md reddit animegirlsreading
[Mon May 30 2022 13:22:59]DMukto#8483 said: md reddit animegirlsreading
[Mon May 30 2022 13:23:13]Marlizo Hamachi#9374 said: Um..
[Mon May 30 2022 13:23:20]DMukto#8483 said: md reddit animegirlsreading
[Mon May 30 2022 13:23:44]Marlizo Hamachi#9374 said: md reddit animegamer
[Mon May 30 2022 13:23:46]DMukto#8483 said: md reddit animegirlsreading
[Mon May 30 2022 13:23:56]Marlizo Hamachi#9374 said: Ffs
[Mon May 30 2022 13:24:04]DMukto#8483 said: gotta check  if the subreddit exists
[Mon May 30 2022 13:24:15]Marlizo Hamachi#9374 said: md reddit animegamergirl
[Mon May 30 2022 13:24:27]DMukto#8483 said: md reddit gamergirl
[Mon May 30 2022 13:24:29]Marlizo Hamachi#9374 said: <:ocelot_bunny:850398050291023898>
[Mon May 30 2022 13:24:38]Marlizo Hamachi#9374 said: no
[Mon May 30 2022 13:24:42]Marlizo Hamachi#9374 said: Anime.girl
[Mon May 30 2022 13:24:50]Marlizo Hamachi#9374 said: I want anime gamergirl
[Mon May 30 2022 13:24:52]DMukto#8483 said: md reddit animegirls
[Mon May 30 2022 13:25:00]Marlizo Hamachi#9374 said: Whoo
[Mon May 30 2022 13:25:02]DMukto#8483 said: looks like a gamer girl
[Mon May 30 2022 13:25:14]Marlizo Hamachi#9374 said: Where hedfon
[Mon May 30 2022 13:25:22]Marlizo Hamachi#9374 said: Anyways
[Mon May 30 2022 13:25:25]DMukto#8483 said: draw your own
[Mon May 30 2022 13:25:37]DMukto#8483 said: md reddit animegirls
[Mon May 30 2022 13:25:42]Marlizo Hamachi#9374 said: md reddit animegirls
[Mon May 30 2022 13:25:44]DMukto#8483 said: md reddit animegirlsreading
[Mon May 30 2022 13:26:02]Marlizo Hamachi#9374 said: Older SIS?!
[Mon May 30 2022 13:26:11]Marlizo Hamachi#9374 said: big sis is tht U?!
[Mon May 30 2022 13:26:16]DMukto#8483 said: lol
[Mon May 30 2022 13:26:23]DMukto#8483 said: you don't have a sis
[Mon May 30 2022 13:26:25]DMukto#8483 said: never will
[Mon May 30 2022 13:26:27]Marlizo Hamachi#9374 said: wait a min i dont even have a big sis
[Mon May 30 2022 13:26:39]DMukto#8483 said: https://tenor.com/view/laugh-laughing-lord-of-the-rings-gif-12017081
[Mon May 30 2022 13:26:54]Marlizo Hamachi#9374 said: Wat kinda dimensional simulation error is dis, timing always perfect
[Mon May 30 2022 13:27:13]DMukto#8483 said: https://tenor.com/view/jesus-god-dj-dancing-party-gif-11368127
[Mon May 30 2022 13:27:19]DMukto#8483 said: lol
[Mon May 30 2022 13:27:38]Marlizo Hamachi#9374 said: if only music was life and tht wud be it
[Mon May 30 2022 13:27:44]DMukto#8483 said: dw, it's just Christian depiction of God, not ours
[Mon May 30 2022 13:27:51]Marlizo Hamachi#9374 said: Ik
[Mon May 30 2022 13:28:10]DMukto#8483 said: but Jesus will not be happy when he arrives 😐
[Mon May 30 2022 13:28:16]DMukto#8483 said: meh
[Mon May 30 2022 13:28:27]Marlizo Hamachi#9374 said: hmm
[Mon May 30 2022 13:29:05]Marlizo Hamachi#9374 said: md reddit animegirls
[Mon May 30 2022 13:29:15]Marlizo Hamachi#9374 said: Y dis again
[Mon May 30 2022 13:29:24]DMukto#8483 said: people don't realize that Jesus is pronounced Yesa, just like Juan (Yuan), Jarl (yarl), and Louise (loui)
[Mon May 30 2022 13:29:25]Marlizo Hamachi#9374 said: md reddit animegirls
[Mon May 30 2022 13:29:36]DMukto#8483 said: md reddit animewaifus
[Mon May 30 2022 13:29:43]DMukto#8483 said: whoops
[Mon May 30 2022 13:29:49]DMukto#8483 said: too NSFW
[Mon May 30 2022 13:30:03]Marlizo Hamachi#9374 said: md reddit spyxfamily
[Mon May 30 2022 13:30:19]DMukto#8483 said: md reddit paimon
[Mon May 30 2022 13:30:41]Marlizo Hamachi#9374 said: md reddit spyxfamily
[Mon May 30 2022 13:30:51]Marlizo Hamachi#9374 said: Whoop
[Mon May 30 2022 13:30:56]Marlizo Hamachi#9374 said: Woops
[Mon May 30 2022 13:31:02]Marlizo Hamachi#9374 said: 😳
[Mon May 30 2022 13:31:04]DMukto#8483 said: md reddit spyxfamily
[Mon May 30 2022 13:31:09]DMukto#8483 said: md reddit spyxfamily
[Mon May 30 2022 13:31:10]DMukto#8483 said: md reddit spyxfamily
[Mon May 30 2022 13:31:16]Marlizo Hamachi#9374 said: Lmao
[Mon May 30 2022 13:31:20]DMukto#8483 said: md reddit spyxfamily
[Mon May 30 2022 13:31:26]DMukto#8483 said: md reddit spyxfamily
[Mon May 30 2022 13:31:32]DMukto#8483 said: md reddit spyxfamily
[Mon May 30 2022 13:31:39]DMukto#8483 said: md reddit spyxfamily
[Mon May 30 2022 13:31:40]Marlizo Hamachi#9374 said: Hehh
[Mon May 30 2022 13:31:43]DMukto#8483 said: md reddit spyxfamily
[Mon May 30 2022 13:31:49]DMukto#8483 said: md reddit spyxfamily
[Mon May 30 2022 13:31:51]Marlizo Hamachi#9374 said: ...
[Mon May 30 2022 13:32:07]DMukto#8483 said: why's everyone obsessed with Yor and Loid?
[Mon May 30 2022 13:32:08]DMukto#8483 said: lol
[Mon May 30 2022 13:32:11]Marlizo Hamachi#9374 said: Gimme one
[Mon May 30 2022 13:32:19]DMukto#8483 said: md reddit spyxfamily
[Mon May 30 2022 13:32:26]DMukto#8483 said: md reddit spyxfamily
[Mon May 30 2022 13:32:32]Marlizo Hamachi#9374 said: Mostly Yor
[Mon May 30 2022 13:32:34]DMukto#8483 said: md reddit spyxfamily
[Mon May 30 2022 13:32:38]DMukto#8483 said: md reddit spyxfamily
[Mon May 30 2022 13:33:06]DMukto#8483 said: md reddit spyxfamily
[Mon May 30 2022 13:33:11]DMukto#8483 said: md reddit spyxfamily
[Mon May 30 2022 13:33:15]DMukto#8483 said: md reddit spyxfamily
[Mon May 30 2022 13:33:19]DMukto#8483 said: md reddit spyxfamily
[Mon May 30 2022 13:33:23]DMukto#8483 said: md reddit spyxfamily
[Mon May 30 2022 13:33:26]DMukto#8483 said: md reddit spyxfamily
[Mon May 30 2022 13:33:30]DMukto#8483 said: md reddit spyxfamily
[Mon May 30 2022 13:33:42]DMukto#8483 said: <@757148419277193218>
[Mon May 30 2022 13:33:43]DMukto#8483 said: lol
[Mon May 30 2022 13:33:46]Marlizo Hamachi#9374 said: Y anya's a adog?
[Mon May 30 2022 13:34:11]Marlizo Hamachi#9374 said: "waku waku tht robber anya!"
[Mon May 30 2022 13:34:26]DMukto#8483 said: who says that?
[Mon May 30 2022 13:34:34]Marlizo Hamachi#9374 said: no1
[Mon May 30 2022 13:34:38]DMukto#8483 said: md reddit spyxfamily
[Mon May 30 2022 13:34:41]DMukto#8483 said: md reddit spyxfamily
[Mon May 30 2022 13:34:49]DMukto#8483 said: md reddit spyxfamily
[Mon May 30 2022 13:34:54]DMukto#8483 said: md reddit spyxfamily
[Mon May 30 2022 13:35:12]DMukto#8483 said: md reddit memorialuniversity
[Mon May 30 2022 13:35:18]Marlizo Hamachi#9374 said: Yo can i send u sth in insta?
[Mon May 30 2022 13:35:30]DMukto#8483 said: send
[Mon May 30 2022 20:10:47]DMukto#8483 said: md gacha
[Mon May 30 2022 20:10:49]DMukto#8483 said: md gacha
[Mon May 30 2022 20:10:51]DMukto#8483 said: md gacha
[Mon May 30 2022 20:10:54]DMukto#8483 said: md gacha
[Mon May 30 2022 20:10:57]DMukto#8483 said: md gacha
[Mon May 30 2022 20:11:04]DMukto#8483 said: md gacha
[Mon May 30 2022 20:11:10]DMukto#8483 said: md gacha
[Mon May 30 2022 20:11:13]DMukto#8483 said: md cards
[Tue May 31 2022 19:03:38]DMukto#8483 said: md help
[Tue May 31 2022 19:03:41]DMukto#8483 said: md daily
[Tue May 31 2022 19:03:42]DMukto#8483 said: md jobs
[Tue May 31 2022 19:04:25]DMukto#8483 said: <@757148419277193218> new features : daily rewards, jobs (though I didn't add the `apply` command yet, so you cannot select a job yet!)
[Tue May 31 2022 19:04:40]DMukto#8483 said: Use `md daily`
and then `md jobs`
[Wed Jun 01 2022 07:18:50]Marlizo Hamachi#9374 said: Alr
