[Sun Aug 21 2022 18:59:48]AlienX185#7782 said: MD help
[Sun Aug 21 2022 18:59:59]AlienX185#7782 said: md help
[Sun Aug 21 2022 19:01:05]DewanMukto#8815 said: here I am!
[Sun Aug 21 2022 19:01:06]DewanMukto#8815 said: lol
[Sun Aug 21 2022 19:02:23]DewanMukto#8815 said: md anime
[Sun Aug 21 2022 19:03:52]DewanMukto#8815 said: md cat
[Sun Aug 21 2022 19:03:55]DewanMukto#8815 said: md fox
[Sun Aug 21 2022 19:04:06]AlienX185#7782 said: md porn
[Sun Aug 21 2022 19:04:26]AlienX185#7782 said: md pussy
[Sun Aug 21 2022 19:04:44]DewanMukto#8815 said: md catto
[Sun Aug 21 2022 19:04:49]DewanMukto#8815 said: md dog
[Sun Aug 21 2022 19:04:51]DewanMukto#8815 said: md car
[Sun Aug 21 2022 19:04:54]DewanMukto#8815 said: md automobile
[Sun Aug 21 2022 19:05:02]DewanMukto#8815 said: md bagin
[Sun Aug 21 2022 19:05:42]AlienX185#7782 said: md vagina
[Sun Aug 21 2022 19:05:44]DewanMukto#8815 said: md acc
[Sun Aug 21 2022 19:06:06]DewanMukto#8815 said: md subreddit animegirls
[Sun Aug 21 2022 19:06:15]DewanMukto#8815 said: md reddit animegirls
[Sun Aug 21 2022 19:06:23]DewanMukto#8815 said: md reddit animewaifus
[Sun Aug 21 2022 19:06:51]AlienX185#7782 said: md reddit waifus
[Sun Aug 21 2022 19:07:02]AlienX185#7782 said: md reddit animewaifus
[Sun Aug 21 2022 19:07:20]DewanMukto#8815 said: md reddit animegirls
[Sun Aug 21 2022 19:08:12]AlienX185#7782 said: md reddit porn
[Sun Aug 21 2022 19:08:21]DewanMukto#8815 said: md animegirl
[Sun Aug 21 2022 19:08:55]DewanMukto#8815 said: md acc
[Sun Aug 21 2022 19:08:58]DewanMukto#8815 said: md bal
[Sun Aug 21 2022 19:09:07]DewanMukto#8815 said: md jobs
[Sun Aug 21 2022 19:09:20]DewanMukto#8815 said: md shops
[Sun Aug 21 2022 19:09:23]DewanMukto#8815 said: md shop
[Sun Aug 21 2022 19:10:06]DewanMukto#8815 said: md cardroll
[Sun Aug 21 2022 19:10:15]DewanMukto#8815 said: md cardroll
[Sun Aug 21 2022 19:10:34]DewanMukto#8815 said: md meme
[Sun Aug 21 2022 19:10:37]DewanMukto#8815 said: md meme
[Sun Aug 21 2022 19:10:38]DewanMukto#8815 said: md meme
[Sun Aug 21 2022 19:10:40]DewanMukto#8815 said: md meme
[Sun Aug 21 2022 19:11:23]DewanMukto#8815 said: md beg
[Sun Aug 21 2022 19:11:24]DewanMukto#8815 said: md beg
[Sun Aug 21 2022 19:11:25]DewanMukto#8815 said: md beg
[Sun Aug 21 2022 19:11:26]DewanMukto#8815 said: md beg
[Sun Aug 21 2022 19:11:27]DewanMukto#8815 said: md beg
[Sun Aug 21 2022 19:11:28]DewanMukto#8815 said: md beg
[Sun Aug 21 2022 19:11:30]DewanMukto#8815 said: md beg
[Sun Aug 21 2022 19:11:31]DewanMukto#8815 said: md beg
[Sun Aug 21 2022 19:11:32]DewanMukto#8815 said: md beg
[Sun Aug 21 2022 19:11:33]DewanMukto#8815 said: md beg
[Sun Aug 21 2022 19:11:39]DewanMukto#8815 said: md daily
[Sun Aug 21 2022 19:12:14]DewanMukto#8815 said: md inv
[Sun Aug 21 2022 19:12:27]AlienX185#7782 said: md balance
[Sun Aug 21 2022 19:12:33]AlienX185#7782 said: md balance
[Sun Aug 21 2022 19:12:39]DewanMukto#8815 said: md steal <@757540477279928330>
[Sun Aug 21 2022 19:12:59]DewanMukto#8815 said: md transfer <@757540477279928330> 500
[Sun Aug 21 2022 19:13:07]AlienX185#7782 said: md balance
[Sun Aug 21 2022 19:13:11]DewanMukto#8815 said: md cardroll
[Sun Aug 21 2022 19:13:46]DewanMukto#8815 said: md jobs
[Sun Aug 21 2022 19:13:47]AlienX185#7782 said: md steal <@531811739746959360>
[Sun Aug 21 2022 19:14:06]AlienX185#7782 said: md steal <@531811739746959360>
[Sun Aug 21 2022 19:14:08]AlienX185#7782 said: md steal <@531811739746959360>
[Sun Aug 21 2022 19:14:09]AlienX185#7782 said: md steal <@531811739746959360>
[Sun Aug 21 2022 19:14:27]DewanMukto#8815 said: 757540477279928330
[Sun Aug 21 2022 19:14:54]AlienX185#7782 said: md transfer <@531811739746959360>  581
[Sun Aug 21 2022 19:15:17]AlienX185#7782 said: md steal <@531811739746959360>
[Sun Aug 21 2022 19:15:21]AlienX185#7782 said: md steal <@531811739746959360>
[Sun Aug 21 2022 19:15:30]AlienX185#7782 said: md account
[Sun Aug 21 2022 19:15:39]DewanMukto#8815 said: md steal <@757540477279928330>
[Sun Aug 21 2022 19:15:49]DewanMukto#8815 said: md shop
[Sun Aug 21 2022 19:15:57]DewanMukto#8815 said: md buy drill
[Sun Aug 21 2022 19:16:00]DewanMukto#8815 said: md inv
[Sun Aug 21 2022 19:16:28]DewanMukto#8815 said: md steal <@757540477279928330>
[Sun Aug 21 2022 19:16:37]DewanMukto#8815 said: md use drill
[Sun Aug 21 2022 19:17:01]AlienX185#7782 said: md shop
[Sun Aug 21 2022 19:19:51]DewanMukto#8815 said: md inv
[Sun Aug 21 2022 19:20:14]AlienX185#7782 said: md steal <@531811739746959360>
[Sun Aug 21 2022 19:20:41]DewanMukto#8815 said: md steal <@977262952354828308>
[Sun Aug 21 2022 19:20:47]DewanMukto#8815 said: md steal <@531811739746959360>
[Sun Aug 21 2022 19:21:02]DewanMukto#8815 said: md transfer <@531811739746959360> 500
[Sun Aug 21 2022 19:21:50]AlienX185#7782 said: md steal <@531811739746959360>
[Sun Aug 21 2022 19:23:14]AlienX185#7782 said: md shop
[Sun Aug 21 2022 19:23:30]DewanMukto#8815 said: md balance
[Sun Aug 21 2022 19:23:35]DewanMukto#8815 said: md acc
[Sun Aug 21 2022 19:23:38]DewanMukto#8815 said: md crimes
[Sun Aug 21 2022 19:23:47]AlienX185#7782 said: md crimes
[Sun Aug 21 2022 19:24:06]DewanMukto#8815 said: md jobs
[Sun Aug 21 2022 19:24:16]DewanMukto#8815 said: md work
[Sun Aug 21 2022 19:24:29]AlienX185#7782 said: md jobs
[Sun Aug 21 2022 19:26:22]DewanMukto#8815 said: https://leaves.dewanmukto.com/
[Sun Aug 21 2022 19:26:32]DewanMukto#8815 said: https://petals.dewanmukto.com
[Sun Aug 21 2022 19:26:55]DewanMukto#8815 said: https://discord.com/oauth2/authorize?client_id=900766190266368051&permissions=1644971949559&scope=bot
[Sun Aug 21 2022 19:26:59]DewanMukto#8815 said: <@757540477279928330>
[Sun Aug 21 2022 19:27:43]DewanMukto#8815 said: md botinfo
[Sun Aug 21 2022 19:28:29]DewanMukto#8815 said: https://www.youtube.com/watch?v=iz2tE4DzYy0&t=22s
[Sun Aug 21 2022 19:29:40]DewanMukto#8815 said: help
[Sun Aug 21 2022 19:29:46]DewanMukto#8815 said: <@757540477279928330>
[Sun Aug 21 2022 19:30:56]AlienX185#7782 said: play walking the wire
[Sun Aug 21 2022 19:31:26]DewanMukto#8815 said: play walking the wire
[Sun Aug 21 2022 19:31:56]DewanMukto#8815 said: play https://open.spotify.com/track/3ryL7lm4HBX5WLTsICApcj?si=9a70771d979e48ab
[Sun Aug 21 2022 19:33:11]DewanMukto#8815 said: ☝️
[Sun Aug 21 2022 19:36:03]DewanMukto#8815 said: https://github.com/muxworks/Dolly
[Sun Aug 21 2022 19:37:44]AlienX185#7782 said: the only thing i can do with the code is kill the bot
[Sun Aug 21 2022 19:37:55]DewanMukto#8815 said: lol
[Sun Aug 21 2022 19:41:05]DewanMukto#8815 said: ```
✔️ 20 May 2022 : Development started. Fierce programming in progress. Managed to create buttons using DiscordJS v13.
✔️ 21 May 2022 : Began implementing music commands. Was programming for more than 10 hours. Result not complete yet.
✔️ 22 May 2022 : Success! Music features are now available. But I still gotta find a way to reduce latency to improve the bitrate.
✔️ 23 May 2022 : Decided to switch to a different bot for all of Dolly's music features. Designed new logos using Canva.
✔️ 24 May 2022 : Set up a new website for MuxMusic. Spent majority of today's time working on that.
✔️ 26 May 2022 : New feature for Dolly that auto-deletes any messages containing unknown links.
✔️ 27 May 2022 : New meme/image fetching features for Dolly.
✔️ 28 May 2022 : New virtual currency system and economy! DayCoins and NyteCoins. Balance, Create, Transfer and Steal!
✔️ 29 May 2022 : Added a shop. Buy tools, weapons, protection equipment. Crimes increase wanted levels gradually. JSONs JSONs everywhere!
✔️ 30 May 2022 : Today marks the 10th day of progress. Added gacha rolls (cards) and a card showcasing system. Need to add a feature to sell duplicates.
✔️ 31 May 2022 : Worked on the job feature. Managed to get the job board right, and also the daily reward system.
✔️ 01 June 2022 : Worked on 'work' function. Currently just provides money instantly. Will add puzzling tasks to make it more fun and challenging, later.
🔥 02 June 2022 : Worked on 'fish','sell', and 'inventory'. Something's wrong with 'sell' and 'fish'. Had to shut down my bots for diverting attention towards finding jobs.
```
[Sun Aug 21 2022 19:41:23]DewanMukto#8815 said: md fish
[Sun Aug 21 2022 19:46:27]DewanMukto#8815 said: play walking the wire
[Sun Aug 21 2022 19:46:37]DewanMukto#8815 said: stop
[Sun Aug 21 2022 19:46:40]DewanMukto#8815 said: disconnect
[Sun Aug 21 2022 19:46:44]DewanMukto#8815 said: leave
[Sun Aug 21 2022 19:46:53]DewanMukto#8815 said: stop
[Sun Aug 21 2022 19:46:56]DewanMukto#8815 said: stopbot
[Sun Aug 21 2022 19:47:15]DewanMukto#8815 said: md stopbot
[Sun Aug 21 2022 19:47:15]DewanMukto#8815 said: md stopbot
[Sun Aug 21 2022 19:47:22]DewanMukto#8815 said: 🥴
[Sun Aug 21 2022 19:47:22]DewanMukto#8815 said: 🥴
[Sun Aug 21 2022 19:47:32]DewanMukto#8815 said: md authinfo
[Sun Aug 21 2022 19:47:32]DewanMukto#8815 said: md authinfo
