[Wed Jun 01 2022 00:01:25]DMukto#8483 said: md help
[Wed Jun 01 2022 00:01:28]DMukto#8483 said: md daily
[Wed Jun 01 2022 00:01:55]DMukto#8483 said: md cards
[Wed Jun 01 2022 00:03:04]DMukto#8483 said: md cardroll
[Wed Jun 01 2022 00:03:06]DMukto#8483 said: md meme
[Wed Jun 01 2022 00:03:18]DMukto#8483 said: md reddit mildlyinteresting
[Wed Jun 01 2022 00:59:56]!Véga#9866 said: pls daily
[Wed Jun 01 2022 00:59:59]!Véga#9866 said: md daily
[Wed Jun 01 2022 01:00:04]!Véga#9866 said: ok
[Wed Jun 01 2022 01:03:42]AstricX#1975 said: pls daily
[Wed Jun 01 2022 10:14:55]DMukto#8483 said: no, it works!
Jus' gotta try again
[Wed Jun 01 2022 10:15:25]DMukto#8483 said: 'cause sometimes the connection gets reset for the bot, so it doesn't remember what command you placed at that momen
[Wed Jun 01 2022 10:15:27]!Véga#9866 said: md daily
[Wed Jun 01 2022 10:15:28]DMukto#8483 said: *moment
[Wed Jun 01 2022 10:15:35]!Véga#9866 said: oh
[Wed Jun 01 2022 10:15:41]!Véga#9866 said: nvm
[Wed Jun 01 2022 10:15:50]DMukto#8483 said: md daily
[Wed Jun 01 2022 10:15:58]DMukto#8483 said: jus' create an acc, mate
[Wed Jun 01 2022 10:15:59]DMukto#8483 said: easy
[Wed Jun 01 2022 10:16:07]DMukto#8483 said: `md createacc` or `md newacc`
