Zs'jei#0779 said: Lay down any reports you may have
Zs'jei#0779 said: hmm
Zs'jei#0779 said: authorinfo
Muxto#8483 said: lol we got no reports
Zs'jei#0779 said: heck
Zs'jei#0779 said: md help
Zs'jei#0779 said: lol we got no reports
Muxto#8483 said: lol
Muxto#8483 said: delete those msgs
Muxto#8483 said: shit
Muxto#8483 said: shit shit shit!
Muxto#8483 said: fuck
Muxto#8483 said: lol
Muxto#8483 said: just testing profanty
[Fri May 27 2022 17:56:39]Muxto#8483 said: md help
[Fri May 27 2022 17:57:22]Muxto#8483 said: md meme
[Fri May 27 2022 17:59:30]Muxto#8483 said: md meme
[Fri May 27 2022 18:02:48]Muxto#8483 said: md meme
[Fri May 27 2022 18:06:01]Muxto#8483 said: 😄
[Fri May 27 2022 18:06:08]Muxto#8483 said: <@977262952354828308>
[Fri May 27 2022 18:29:08]Muxto#8483 said: md meme
[Fri May 27 2022 18:29:38]Muxto#8483 said: md selfdelete 2
[Fri May 27 2022 18:30:03]Muxto#8483 said: 977262952354828308
[Fri May 27 2022 18:36:33]Muxto#8483 said: md meme
[Fri May 27 2022 18:40:24]Muxto#8483 said: md meme
[Fri May 27 2022 18:41:19]Muxto#8483 said: md meme
[Fri May 27 2022 18:41:31]Muxto#8483 said: md selfdelete 3
[Fri May 27 2022 18:42:32]Muxto#8483 said: md selfdelete 3
[Fri May 27 2022 18:45:18]Muxto#8483 said: md selfdelete 3
[Fri May 27 2022 18:46:00]Zs'jei#0779 said: md selfdelete 4
[Fri May 27 2022 18:46:14]Zs'jei#0779 said: md selfdelete 4
[Fri May 27 2022 18:46:31]Zs'jei#0779 said: selfdelete 4
[Fri May 27 2022 18:46:35]Zs'jei#0779 said: md selfdelete 4
[Fri May 27 2022 18:47:29]Zs'jei#0779 said: md meme
[Fri May 27 2022 18:48:55]Zs'jei#0779 said: md meme
[Fri May 27 2022 18:48:55]Zs'jei#0779 said: md meme
[Fri May 27 2022 18:52:54]Muxto#8483 said: md meme
[Fri May 27 2022 18:53:02]Muxto#8483 said: md meme
[Fri May 27 2022 18:53:02]Muxto#8483 said: md meme
[Fri May 27 2022 18:57:35]Muxto#8483 said: md meme
[Fri May 27 2022 18:57:35]Muxto#8483 said: md meme
[Fri May 27 2022 18:58:08]Muxto#8483 said: md meme
[Fri May 27 2022 18:58:08]Muxto#8483 said: md meme
[Fri May 27 2022 19:01:49]Muxto#8483 said: md meme
[Fri May 27 2022 19:01:49]Muxto#8483 said: md meme
[Fri May 27 2022 19:02:44]Muxto#8483 said: md meme
[Fri May 27 2022 19:02:44]Muxto#8483 said: md meme
[Fri May 27 2022 19:05:48]Muxto#8483 said: md meme
[Fri May 27 2022 19:05:48]Muxto#8483 said: md meme
[Fri May 27 2022 19:05:48]Muxto#8483 said: md meme
[Fri May 27 2022 19:07:06]Muxto#8483 said: md meme
[Fri May 27 2022 19:07:45]Muxto#8483 said: md meme
[Fri May 27 2022 19:39:49]Muxto#8483 said: md meme
[Fri May 27 2022 19:40:26]Muxto#8483 said: md meme
[Fri May 27 2022 19:41:29]Muxto#8483 said: md meme
[Fri May 27 2022 19:45:19]Muxto#8483 said: md meme
[Fri May 27 2022 19:57:14]Muxto#8483 said: 784119755111661569
[Fri May 27 2022 19:59:08]Muxto#8483 said: md delete 3
[Fri May 27 2022 20:13:15]Muxto#8483 said: md meme cats
[Fri May 27 2022 20:14:32]Muxto#8483 said: md meme cats
[Fri May 27 2022 20:14:47]Muxto#8483 said: md memecats
[Fri May 27 2022 20:14:56]Muxto#8483 said: md meme genshinimpact
[Fri May 27 2022 20:16:09]Muxto#8483 said: md meme cats
[Fri May 27 2022 20:16:14]Muxto#8483 said: md meme
[Fri May 27 2022 20:16:18]Muxto#8483 said: md meme genshin
[Fri May 27 2022 20:17:41]Muxto#8483 said: md meme cats
[Fri May 27 2022 20:19:01]Muxto#8483 said: md meme genshinimpact
[Fri May 27 2022 20:20:20]Muxto#8483 said: md meme
[Fri May 27 2022 20:20:28]Muxto#8483 said: md meme genshinimpact
[Fri May 27 2022 20:21:16]Muxto#8483 said: md meme genshinimpact
[Fri May 27 2022 20:21:23]Muxto#8483 said: md meme cats
[Fri May 27 2022 20:22:12]Muxto#8483 said: md meme
[Fri May 27 2022 20:22:18]Muxto#8483 said: md meme
[Fri May 27 2022 20:22:29]Muxto#8483 said: md meme genshinimpact
[Fri May 27 2022 20:22:40]Muxto#8483 said: md help meme
[Fri May 27 2022 20:24:25]Muxto#8483 said: md help play
[Fri May 27 2022 20:24:25]Muxto#8483 said: md help play
[Fri May 27 2022 20:24:28]Muxto#8483 said: md help
[Fri May 27 2022 20:24:28]Muxto#8483 said: md help
[Fri May 27 2022 20:24:32]Muxto#8483 said: md help botinfo
[Fri May 27 2022 20:24:32]Muxto#8483 said: md help botinfo
[Fri May 27 2022 20:25:57]Muxto#8483 said: md help meme
[Fri May 27 2022 20:26:44]Muxto#8483 said: md meme cute
[Fri May 27 2022 20:26:51]Muxto#8483 said: md meme jfoajfjaf
[Fri May 27 2022 20:39:48]Muxto#8483 said: md meme
[Fri May 27 2022 20:39:51]Muxto#8483 said: md meme genshinimpact
[Fri May 27 2022 20:40:03]Muxto#8483 said: md image genshinimpact
[Fri May 27 2022 20:40:40]Muxto#8483 said: md image
[Fri May 27 2022 20:40:51]Muxto#8483 said: md meme genshinimpact
[Fri May 27 2022 20:43:21]Muxto#8483 said: md meme
[Fri May 27 2022 20:43:23]Muxto#8483 said: md meme genshin
[Fri May 27 2022 20:43:29]Muxto#8483 said: md meme genshinimpact
[Fri May 27 2022 20:43:38]Muxto#8483 said: md image genshinimpact
[Fri May 27 2022 20:43:51]Muxto#8483 said: md image loli
[Fri May 27 2022 20:43:53]Muxto#8483 said: md image anime
[Fri May 27 2022 20:44:01]Muxto#8483 said: md image animewaifu
[Fri May 27 2022 20:45:41]Muxto#8483 said: md cat
[Fri May 27 2022 20:45:48]Muxto#8483 said: md cat
[Fri May 27 2022 20:45:49]Muxto#8483 said: md cats
[Fri May 27 2022 20:45:59]Muxto#8483 said: md cat
[Fri May 27 2022 20:46:01]Muxto#8483 said: md cat
[Fri May 27 2022 20:46:03]Muxto#8483 said: md cats
[Fri May 27 2022 20:53:05]Muxto#8483 said: md cat
[Fri May 27 2022 20:53:58]Muxto#8483 said: md cat
[Fri May 27 2022 20:56:44]Muxto#8483 said: md cat
[Fri May 27 2022 20:57:27]Muxto#8483 said: md help
[Fri May 27 2022 20:57:55]Muxto#8483 said: md help meme
[Fri May 27 2022 20:57:58]Muxto#8483 said: md help cat
[Fri May 27 2022 20:58:42]Muxto#8483 said: md meme memorialuniversity
[Fri May 27 2022 21:13:48]Muxto#8483 said: md anime
[Fri May 27 2022 21:13:52]Muxto#8483 said: md animegirl
