[Wed Nov 30 2022 15:47:39]Werewolf#2427 said: well i can't see those channel actually 😅
[Mon Dec 12 2022 11:34:23]Pearl#4394 said: <@762610916851843072> what;s your username?
[Mon Dec 12 2022 11:34:33]Pearl#4394 said: <@757148419277193218> get rekt
[Mon Dec 12 2022 11:34:47]Pearl#4394 said: md reddit callofduty
[Mon Dec 12 2022 12:36:37]XLS氣Oceløtシ#5964 said: epic gaming session bois
[Mon Dec 12 2022 12:53:08]Pearl#4394 said: md reddit callofduty
[Mon Dec 12 2022 12:53:35]Pearl#4394 said: Yeee
[Mon Dec 12 2022 12:53:46]Pearl#4394 said: let us know when you're done eating <@762610916851843072>
[Mon Dec 12 2022 12:53:52]Pearl#4394 said: meanwhile... <@757148419277193218> also eat
[Mon Dec 12 2022 12:55:20]XLS氣Oceløtシ#5964 said: done
[Mon Dec 12 2022 12:55:25]Pearl#4394 said: oki
[Mon Dec 12 2022 12:55:32]XLS氣Oceløtシ#5964 said: waiting to whoop my cousins ass in cod
[Mon Dec 12 2022 12:55:34]Pearl#4394 said: Oi <@757148419277193218> <@757148419277193218> <@757148419277193218>
[Mon Dec 12 2022 12:55:40]Pearl#4394 said: noice
[Mon Dec 12 2022 12:55:44]Pearl#4394 said: what's his username?
[Mon Dec 12 2022 12:55:49]XLS氣Oceløtシ#5964 said: bro has to level up to lvl 10
[Mon Dec 12 2022 13:03:11]Marlizo Hatamachi#9374 said: <@531811739746959360> sry was busy scrolling thru insta
[Mon Dec 12 2022 13:03:16]Marlizo Hatamachi#9374 said: Imma join now
[Mon Dec 12 2022 13:03:28]Pearl#4394 said: tell him to join this server
[Mon Dec 12 2022 13:03:42]Pearl#4394 said: https://discord.gg/zdyKJWwzQd
[Mon Dec 12 2022 13:04:52]XLS氣Oceløtシ#5964 said: bro too young to join dicord
[Mon Dec 12 2022 13:11:23]Pearl#4394 said: lol
[Mon Dec 12 2022 13:11:27]Pearl#4394 said: < 13 yrs old?
[Mon Dec 12 2022 13:11:36]Pearl#4394 said: he's too young to even play FF or CODM then!
[Mon Dec 12 2022 13:12:29]Pearl#4394 said: just make him lie about his age and make an acc 🤣
[Mon Dec 12 2022 13:37:17]XLS氣Oceløtシ#5964 said: ikkk
[Mon Dec 12 2022 13:37:32]XLS氣Oceløtシ#5964 said: epix gaem session
[Mon Dec 12 2022 13:37:44]Pearl#4394 said: https://tenor.com/view/slav-dance-happy-dance-crazy-dance-gif-12405080
[Mon Dec 12 2022 13:37:48]XLS氣Oceløtシ#5964 said: my movement is just 🤌
[Mon Dec 12 2022 13:54:18]Pearl#4394 said: <@757148419277193218> which anime?
[Mon Dec 12 2022 13:54:30]Marlizo Hatamachi#9374 said: Ds s2
[Mon Dec 12 2022 13:54:35]Marlizo Hatamachi#9374 said: Demon slayer s2
[Mon Dec 12 2022 13:54:47]Pearl#4394 said: did you watch it?
[Mon Dec 12 2022 13:55:12]Marlizo Hatamachi#9374 said: I only watched upto like ep3 i think in s2
[Mon Dec 12 2022 13:55:23]Pearl#4394 said: also did you check this?
https://3d.mukto.net
[Tue Jan 10 2023 10:32:59]Mukto#4394 said: hmm
[Tue Jan 10 2023 10:33:57]Mukto#4394 said: hmm
[Wed Jan 11 2023 20:02:38]Mukto#4394 said: <@531811739746959360>
[Mon Jan 16 2023 16:01:48]Mukto#4394 said: Lol. Can
[Mon Jan 16 2023 16:02:13]Mukto#4394 said: <@523963627913478184>
[Mon Jan 16 2023 16:02:52]Mukto#4394 said: anyone else looking at this email without any context might think he's replying to an actual dean's message 🥴
[Mon Jan 16 2023 16:03:39]munky#0125 said: Haha mukto got autocorrected to Dean 😂
[Mon Jan 16 2023 16:03:50]munky#0125 said: My name gets changed to Major
[Mon Jan 16 2023 16:04:11]munky#0125 said: <@531811739746959360>
[Mon Jan 16 2023 16:04:17]munky#0125 said: <@531811739746959360>
[Mon Jan 16 2023 16:04:30]munky#0125 said: Why is your @ illegal to type?
[Mon Jan 16 2023 16:04:35]Mukto#4394 said: Major Hasan 🫡
[Mon Jan 16 2023 16:04:50]Mukto#4394 said: only while <@977262952354828308> is running
[Mon Jan 16 2023 16:05:28]Mukto#4394 said: well... Dewan got autocorrected to Dean.
[Mon Jan 16 2023 16:05:40]munky#0125 said: Makes more sense
[Mon Jan 16 2023 16:05:40]Mukto#4394 said: not Mukto, 'cause that would be Motor or something
[Mon Jan 16 2023 16:05:53]Mukto#4394 said: Mutton
[Mon Jan 16 2023 16:05:58]Mukto#4394 said: 🥴
[Mon Jan 16 2023 16:06:09]munky#0125 said: Mukto
[Mon Jan 16 2023 16:06:10]munky#0125 said: Lol
[Mon Jan 16 2023 16:06:37]Mukto#4394 said: mahir gets a correction suggestion : maharishi
[Mon Jan 16 2023 16:06:39]Mukto#4394 said: weird
[Mon Jan 16 2023 16:06:50]Mukto#4394 said: on Discord auto correction
[Mon Jan 16 2023 16:07:08]munky#0125 said: For iPhone users it’s this
[Sun Jan 29 2023 23:53:54]munky#0125 said: Lol 😆
[Sun Jan 29 2023 23:54:05]munky#0125 said: Idk what he means by affiliation either
