[Mon May 30 2022 17:27:20]DMukto#8483 said: md gacha
[Mon May 30 2022 17:27:24]DMukto#8483 said: md gacha
[Mon May 30 2022 17:27:26]DMukto#8483 said: md gacha
[Mon May 30 2022 17:27:30]DMukto#8483 said: md gacha
[Mon May 30 2022 17:27:37]DMukto#8483 said: md gacha
[Mon May 30 2022 17:27:49]DMukto#8483 said: md gacha
[Mon May 30 2022 18:43:23]DMukto#8483 said: md gacha
[Mon May 30 2022 18:43:31]DMukto#8483 said: md gacha
[Mon May 30 2022 18:43:37]DMukto#8483 said: md gacha
[Mon May 30 2022 18:43:41]DMukto#8483 said: md cards
[Mon May 30 2022 18:44:16]DMukto#8483 said: md gacha
[Mon May 30 2022 18:44:20]DMukto#8483 said: md gacha
[Mon May 30 2022 18:44:25]DMukto#8483 said: md roll
[Mon May 30 2022 18:44:30]DMukto#8483 said: md roll
[Mon May 30 2022 18:44:34]DMukto#8483 said: md roll
[Mon May 30 2022 18:44:39]DMukto#8483 said: md roll
[Mon May 30 2022 18:44:44]DMukto#8483 said: md roll
[Mon May 30 2022 18:44:48]DMukto#8483 said: md roll
[Mon May 30 2022 18:44:51]DMukto#8483 said: md roll
[Mon May 30 2022 18:46:36]DMukto#8483 said: md roll
[Mon May 30 2022 18:46:40]DMukto#8483 said: md roll
[Mon May 30 2022 18:46:44]DMukto#8483 said: md roll
[Mon May 30 2022 18:46:47]DMukto#8483 said: md roll
[Mon May 30 2022 18:46:50]DMukto#8483 said: md roll
[Mon May 30 2022 18:46:53]DMukto#8483 said: md roll
[Mon May 30 2022 18:46:55]DMukto#8483 said: md roll
[Mon May 30 2022 18:46:58]DMukto#8483 said: md roll
[Mon May 30 2022 18:47:00]DMukto#8483 said: md roll
[Mon May 30 2022 18:47:02]DMukto#8483 said: md roll
[Mon May 30 2022 18:47:05]DMukto#8483 said: md roll
[Mon May 30 2022 18:47:07]DMukto#8483 said: md roll
[Mon May 30 2022 18:47:10]DMukto#8483 said: md roll
[Mon May 30 2022 18:47:14]DMukto#8483 said: md roll
[Mon May 30 2022 18:47:17]DMukto#8483 said: md roll
[Mon May 30 2022 18:47:21]DMukto#8483 said: md roll
[Mon May 30 2022 18:47:25]DMukto#8483 said: md roll
[Mon May 30 2022 18:47:29]DMukto#8483 said: md roll
[Mon May 30 2022 18:47:32]DMukto#8483 said: md roll
[Mon May 30 2022 18:47:34]DMukto#8483 said: md roll
[Mon May 30 2022 18:47:36]DMukto#8483 said: md roll
[Mon May 30 2022 18:47:39]DMukto#8483 said: md roll
[Mon May 30 2022 18:47:42]DMukto#8483 said: md roll
[Mon May 30 2022 18:47:45]DMukto#8483 said: md roll
[Mon May 30 2022 18:47:47]DMukto#8483 said: md roll
[Mon May 30 2022 18:47:49]DMukto#8483 said: md roll
[Mon May 30 2022 18:47:52]DMukto#8483 said: md roll
[Mon May 30 2022 18:47:55]DMukto#8483 said: md roll
[Mon May 30 2022 18:48:00]DMukto#8483 said: md roll
[Mon May 30 2022 18:48:04]DMukto#8483 said: md roll
[Mon May 30 2022 18:48:06]Thoris#1906 said: dude wtf are you doing
[Mon May 30 2022 18:48:11]DMukto#8483 said: collecting cards
[Mon May 30 2022 18:48:15]DMukto#8483 said: md mycards
[Mon May 30 2022 18:48:17]Thoris#1906 said: why here
[Mon May 30 2022 18:48:23]Thoris#1906 said: you're literally spamming
[Mon May 30 2022 18:48:34]DMukto#8483 said: because of..... art ?
[Mon May 30 2022 18:49:28]DMukto#8483 said: md delete 24
[Mon May 30 2022 18:49:33]DMukto#8483 said: md delete 24
[Mon May 30 2022 18:49:37]DMukto#8483 said: md delete 40
[Mon May 30 2022 18:49:45]DMukto#8483 said: md delete 30
[Mon May 30 2022 18:49:54]DMukto#8483 said: md delete 10
[Mon May 30 2022 18:50:06]DMukto#8483 said: md delete 20
