Chub chub#5060 said: 
Chub chub#5060 said: 
Chub chub#5060 said: 
Chub chub#5060 said: 
Chub chub#5060 said: cat for u <@316173827669229568>
Chub chub#5060 said: HOYOVERSE
Chub chub#5060 said: STOP THIS SHIT
Chub chub#5060 said: ONLY 30 S CHIPS??????
sndeesool#8381 said: cat
Chub chub#5060 said: yes
Chub chub#5060 said: cat
Chub chub#5060 said: so true
Chub chub#5060 said: 
Chub chub#5060 said: 
Chub chub#5060 said: maypa ang mga iring
sndeesool#8381 said: naay forever
Chub chub#5060 said: GANI
Chub chub#5060 said: maypa
Lyfe#5779 said: literally
Lyfe#5779 said: ON GOD
Lyfe#5779 said: cannibalism
Chub chub#5060 said: 💀
Chub chub#5060 said: https://open.spotify.com/track/1Fid2jjqsHViMX6xNH70hE?si=3ab2faf771cf41f3
Chub chub#5060 said: very nice song
Chub chub#5060 said: </3
Chub chub#5060 said: 
rexonight134#9930 said: 
Chub chub#5060 said: 
Chub chub#5060 said: https://twitter.com/_omocat/status/1529164113527463936?s=20&t=sQ2lFKLD4ExAj9iANqB1rQ
Chub chub#5060 said: im gonna
Chub chub#5060 said: sob
Lyfe#5779 said: YO
Chub chub#5060 said: FR
Lyfe#5779 said: https://tenor.com/view/broke-bankrupt-no-money-gif-12560339
rexonight134#9930 said: <:kekw:826752890026328072>
Chub chub#5060 said: me crying about violet evergarden
Chub chub#5060 said: 
rexonight134#9930 said: tears
rexonight134#9930 said: what happen
Chub chub#5060 said: ¯\_(ツ)_/¯
