titas1971#7494 said: hi
[Sat May 28 2022 17:32:32]Muxto#8483 said: md balance
[Sat May 28 2022 17:33:04]Muxto#8483 said: new feature : currency & economy
more features coming soon!
[Sun May 29 2022 00:03:10]Muxto#8483 said: md bal
[Sun May 29 2022 00:03:17]Muxto#8483 said: stole some coins 😎
[Sun May 29 2022 00:03:26]Muxto#8483 said: lost my membership 😝
[Sun May 29 2022 11:33:41]DMukto#8483 said: md balance
[Sun May 29 2022 11:33:49]DMukto#8483 said: lol
[Sun May 29 2022 11:33:58]DMukto#8483 said: if you use `md beg` then you become a beggar
[Sun May 29 2022 12:01:53]wumpus#9713 said: xD
[Sun May 29 2022 12:11:49]Tommy Payne.#7680 said: md balance
[Sun May 29 2022 12:12:02]Tommy Payne.#7680 said: md balance
[Sun May 29 2022 12:12:08]Tommy Payne.#7680 said: Danm
[Sun May 29 2022 12:12:15]Tommy Payne.#7680 said: Damn
[Sun May 29 2022 12:12:55]DMukto#8483 said: md transfer <@543841753350799500> 200
[Sun May 29 2022 12:13:04]wumpus#9713 said: md bal
[Sun May 29 2022 12:13:12]Tommy Payne.#7680 said: md balance
[Sun May 29 2022 12:13:24]Tommy Payne.#7680 said: LETS GOOOOOO
[Sun May 29 2022 12:13:25]DMukto#8483 said: md bal
[Sun May 29 2022 12:13:32]DMukto#8483 said: md beg
[Sun May 29 2022 12:13:37]DMukto#8483 said: md beg
[Sun May 29 2022 12:13:39]DMukto#8483 said: md beg
[Sun May 29 2022 12:13:57]DMukto#8483 said: md reddit mildlyinteresting
[Sun May 29 2022 12:14:12]DMukto#8483 said: lol
[Sun May 29 2022 12:18:18]wumpus#9713 said: md steal <@543841753350799500>
[Sun May 29 2022 12:33:32]Tommy Payne.#7680 said: md steal <@735485879946182758>
[Sun May 29 2022 12:33:39]Tommy Payne.#7680 said: Get wrecked
[Sun May 29 2022 12:34:12]wumpus#9713 said: only 13
[Sun May 29 2022 12:34:17]wumpus#9713 said: i stole 66
[Sun May 29 2022 12:36:07]DMukto#8483 said: md help
[Sun May 29 2022 12:36:44]Zs'jei#0779 said: md steal <@784119755111661569>
[Sun May 29 2022 12:37:00]Zs'jei#0779 said: md steal <@735485879946182758>
[Sun May 29 2022 12:37:08]Zs'jei#0779 said: md steal <@543841753350799500>
[Sun May 29 2022 12:41:15]Tommy Payne.#7680 said: md steal <@204255221017214977>
[Sun May 29 2022 12:41:44]Tommy Payne.#7680 said: md steal <@&888338725510217728>
[Sun May 29 2022 16:34:20]DMukto#8483 said: <@735485879946182758> you there?
[Sun May 29 2022 16:34:47]DMukto#8483 said: try the new `md shop` command!
[Sun May 29 2022 16:35:17]Tommy Payne.#7680 said: md shop
[Sun May 29 2022 16:35:40]Tommy Payne.#7680 said: Cool
[Sun May 29 2022 16:38:48]uthsob_cb#9713 said: md buy Drill
[Sun May 29 2022 16:38:58]DMukto#8483 said: not yet! working on it
[Sun May 29 2022 16:39:04]DMukto#8483 said: also... try the command from scratch
[Sun May 29 2022 16:39:04]uthsob_cb#9713 said: Ok
[Sun May 29 2022 16:39:08]DMukto#8483 said: `md shop`
[Sun May 29 2022 16:39:15]uthsob_cb#9713 said: md shop
[Sun May 29 2022 16:39:52]DMukto#8483 said: I'll add more if you suggest
[Sun May 29 2022 16:40:21]DMukto#8483 said: the item stocks will decrease if people purchase. And also they'll be restocked every week/month
[Sun May 29 2022 16:40:39]DMukto#8483 said: I'll try to turn <@977262952354828308> into a game-like experience
[Sun May 29 2022 16:40:52]uthsob_cb#9713 said: lessgo
[Mon May 30 2022 17:40:39]DMukto#8483 said: md gacha
[Mon May 30 2022 17:40:41]DMukto#8483 said: md gacha
[Mon May 30 2022 17:40:43]DMukto#8483 said: md gacha
[Mon May 30 2022 17:40:44]DMukto#8483 said: md gacha
[Mon May 30 2022 17:40:59]DMukto#8483 said: md roll
[Mon May 30 2022 17:41:01]DMukto#8483 said: md roll
[Mon May 30 2022 17:41:03]DMukto#8483 said: md roll
[Mon May 30 2022 17:41:12]DMukto#8483 said: md roll
[Mon May 30 2022 17:41:14]DMukto#8483 said: md roll
[Mon May 30 2022 17:41:16]DMukto#8483 said: md roll
[Mon May 30 2022 17:41:25]DMukto#8483 said: whoa.... I'm lucky 🥴
[Mon May 30 2022 17:41:37]DMukto#8483 said: getting all legendary, epic and rare tier cards!
[Mon May 30 2022 23:02:43]DMukto#8483 said: md mycards
[Tue May 31 2022 19:11:05]DMukto#8483 said: md jobs
[Wed Jun 01 2022 03:31:06]uthsob_cb#9713 said: md apply judge
[Wed Jun 01 2022 03:31:15]uthsob_cb#9713 said: md jobs
[Wed Jun 01 2022 03:31:23]uthsob_cb#9713 said: md apply judge
[Wed Jun 01 2022 03:31:57]uthsob_cb#9713 said: md apply developer
[Tue Oct 04 2022 19:38:04]DewanMukto#8815 said: md botinfo
[Tue Oct 04 2022 19:38:10]DewanMukto#8815 said: md help
[Thu Nov 03 2022 21:23:56]DewanMukto#8815 said: md delete 20
[Thu Nov 03 2022 21:24:04]DewanMukto#8815 said: md delete 10
[Thu Nov 03 2022 21:24:07]DewanMukto#8815 said: md delete 2
[Thu Nov 03 2022 21:24:20]DewanMukto#8815 said: md delete 3
[Thu Nov 03 2022 21:24:38]DewanMukto#8815 said: md delete 3
[Thu Nov 03 2022 21:24:41]DewanMukto#8815 said: md delete 3
[Thu Nov 03 2022 21:24:44]DewanMukto#8815 said: md delete 3
[Thu Nov 03 2022 21:24:48]DewanMukto#8815 said: md delete 3
[Thu Nov 03 2022 21:24:52]DewanMukto#8815 said: md delete 3
