rexonight134#9930 said: 
rexonight134#9930 said: 💀
Chub chub#5060 said: HELP
Chub chub#5060 said: NAURURR
sndeesool#8381 said: lmfao tf
Chub chub#5060 said: i told you 😭
Chub chub#5060 said: i also cant do double auth cause i dont have my phone
Chub chub#5060 said: 😭
Cypho#7807 said: <:clueless:972336459740766258>
sndeesool#8381 said: use my phone
sndeesool#8381 said: :sinistergrin:
Cypho#7807 said: does this look real
sndeesool#8381 said: no
Chub chub#5060 said: tf is that
Cypho#7807 said: like an actual anime character
Chub chub#5060 said: 💀
Cypho#7807 said: https://www.thiswaifudoesnotexist.net/
Cypho#7807 said: this
Chub chub#5060 said: they look like theyre from a fantasy one
Chub chub#5060 said: wtf why is soul music on phone what
Cypho#7807 said: what
Chub chub#5060 said: 
sndeesool#8381 said: sheesh
sndeesool#8381 said: thats samsung smart fridge
rexonight134#9930 said: since when did kio have her own bedroom too 🗿
Cypho#7807 said: when we played obs
sndeesool#8381 said: istg
sndeesool#8381 said: this server
sndeesool#8381 said: is slowly descending to their tides
sndeesool#8381 said: i wont allow it
Cypho#7807 said: why tf is khen in there
Cypho#7807 said: <:clueless:972336459740766258>
sndeesool#8381 said: <:clueless:972336459740766258>
Chub chub#5060 said: FOR REAL
Chub chub#5060 said: this better not be his fucking house
sndeesool#8381 said: wont be
sndeesool#8381 said: never be
Chub chub#5060 said: can they not make their own server whats going on
Chub chub#5060 said: are they tryna show off they are a couple
Chub chub#5060 said: good
sndeesool#8381 said: never ever, i mean EVER
sndeesool#8381 said: have i seen someone flexing
Cypho#7807 said: you in the wrong house foo
sndeesool#8381 said: cause they have love ones
sndeesool#8381 said: but this is my domain
sndeesool#8381 said: we control it
sndeesool#8381 said: not them
Chub chub#5060 said: mhm
Chub chub#5060 said: true
rexonight134#9930 said: who made kio's bedroom then
rexonight134#9930 said: blame them <:omegalul:804514401855078461>
Cypho#7807 said: hayun
sndeesool#8381 said: check audit
Cypho#7807 said: Jesus Christ
rexonight134#9930 said: bruh moment
Cypho#7807 said: do you never check audit
rexonight134#9930 said: never
Cypho#7807 said: 💀
rexonight134#9930 said: because i didnt ask for this power
Chub chub#5060 said: its not something to flex at all fr
rexonight134#9930 said: also this is pretty much the first time im mod in a server
Cypho#7807 said: why does date night even exist
Cypho#7807 said: when they can call in dms <:clueless:972336459740766258>
sndeesool#8381 said: <:clueless:972336459740766258>
Chub chub#5060 said: AHHAHHAHHA LEGIT
Chub chub#5060 said: <:clueless:972336459740766258>
Chub chub#5060 said: and they can make their own lovey dovey server
sndeesool#8381 said: just them
sndeesool#8381 said: and them only
Chub chub#5060 said: yeah
Chub chub#5060 said: YEAH
Cypho#7807 said: and hydra constantly playing sunroof <:clueless:972336459740766258>
Chub chub#5060 said: and they can always be here IF invited to play or something
Chub chub#5060 said: <:clueless:972336459740766258>
sndeesool#8381 said: yes
sndeesool#8381 said: but most of the time when kio joins
sndeesool#8381 said: khen just
sndeesool#8381 said: leaves us
sndeesool#8381 said: he prefers bitches over bros
sndeesool#8381 said: and not balance it
Cypho#7807 said: bros before hoes man...<:clueless:972336459740766258>
Chub chub#5060 said: balance gone fr
rexonight134#9930 said: moment
Chub chub#5060 said: well, it is very nice having someone, and you'd want to spend time with them a lot

but at the same time, that shouldn't drive you away from the people that were with you before the partner
Chub chub#5060 said: otherwise it was like the friendships were for nothing
sndeesool#8381 said: exactly
sndeesool#8381 said: you cant just find comfort over powder that you'd recently found, while the others are there with you for years
Chub chub#5060 said: true true
Chub chub#5060 said: hope he realizes it himself

or not, a tragedy might take over for him to realize
Chub chub#5060 said: life is unfair with its scars and blood stained hands anyway
sndeesool#8381 said: yes
Chub chub#5060 said: mhm
rexonight134#9930 said: oh you can just look at their twitter
rexonight134#9930 said: https://twitter.com/SpectraboxRBLX
Chub chub#5060 said: oh
Chub chub#5060 said: 💀
rexonight134#9930 said: <:kekw:826752890026328072>
Chub chub#5060 said: all this time
bibble#4278 said: 
Chub chub#5060 said: wat da d
Mr_Madman#6842 said: hello
bibble#4278 said: 
bibble#4278 said: ._.
bibble#4278 said: <@316173827669229568>
bibble#4278 said: ._.
sndeesool#8381 said: trollege
Lyfe#5779 said: dude he is like that in PP too
Lyfe#5779 said: i hate this mfer so much
bibble#4278 said: 
bibble#4278 said: <@394010191625977857> <@316173827669229568>
bibble#4278 said: https://tenor.com/view/giga-chad-gif-23143840
Lyfe#5779 said: SO TRUEE
Lyfe#5779 said: rare bibble W
sndeesool#8381 said: <:clueless:972336459740766258>
rexonight134#9930 said: <:omegalul:804514401855078461>
Lyfe#5779 said: look at mux's message log in PP for instant brain cancer
rexonight134#9930 said: pp?
rexonight134#9930 said: what
rexonight134#9930 said: wher
Lyfe#5779 said: procrastination palace
Lyfe#5779 said: i think only tree is there
rexonight134#9930 said: Huh
Lyfe#5779 said: <:niko_sleep:720713577820061778>
Chub chub#5060 said: i used to be there
Chub chub#5060 said: i forgor what happened
Lyfe#5779 said: it got raided and everyone got banned
Chub chub#5060 said: WHAAAAAAAT
Chub chub#5060 said: BRUU
Chub chub#5060 said: i kinda liked the chaos there
Lyfe#5779 said: yesyes
Lyfe#5779 said: whole lotta furries there
Lyfe#5779 said: cool furries
Lyfe#5779 said: <:niko_sleep:720713577820061778>
Chub chub#5060 said: aye
sndeesool#8381 said: yes
sndeesool#8381 said: its...
sndeesool#8381 said: uhh
sndeesool#8381 said: full of femboys
sndeesool#8381 said: and furries
sndeesool#8381 said: i feel isolated
sndeesool#8381 said: there
Lyfe#5779 said: yes
Lyfe#5779 said: the only normal person  there
sndeesool#8381 said: yes...
sndeesool#8381 said: <@438934279339114507>
TardyIsLazy#0461 said: yeah?
sndeesool#8381 said: sex
sndeesool#8381 said: wanna hop on wild rift?
sndeesool#8381 said: https://tenor.com/view/reigen-wild-rift-gif-25367387
Lyfe#5779 said: https://tenor.com/view/hop-on-roblox-funny-roblox-gif-21156798
bibble#4278 said: what in the world
Cypho#7807 said: thats hot ngl
Lyfe#5779 said: TRUEEE
Lyfe#5779 said: unfortunately theres no full version <:frpensive:856429373425713192>
Cypho#7807 said: <:frpensive:856429373425713192>
rexonight134#9930 said: ew
bibble#4278 said: 34h9t4b
Lyfe#5779 said: aw hell nah mux is self promoting in cardboard
Lyfe#5779 said: <a:gone:855738198734274590>
Chub chub#5060 said: Wher
Cypho#7807 said: <:clueless:972336459740766258>
Lyfe#5779 said: md shutthefuckup
Lyfe#5779 said: <:4ktroll:969390601118285885>
sndeesool#8381 said: <:4ktroll:969390601118285885>
Cypho#7807 said: <:clueless:972336459740766258>
bibble#4278 said: <@316173827669229568> <@737255144789639199> <@394010191625977857>
bibble#4278 said: wtf
bibble#4278 said: general
bibble#4278 said: muktos bot
bibble#4278 said: deleted my link
bibble#4278 said: its not supposed to be a moderation bot
Chub chub#5060 said: what the fuck
Chub chub#5060 said: yeah i saw
Chub chub#5060 said: how is a streamable a sus link
Chub chub#5060 said: would anyone even send an ip grabber here though that
bibble#4278 said: <@737255144789639199>
bibble#4278 said: tell him to disable it here
bibble#4278 said: and tell him to tell us
bibble#4278 said: whenever he wants to implement a feature
bibble#4278 said: he cant just add whatever he wants
bibble#4278 said: if he has to manually whitelist websites for us
bibble#4278 said: then its going to be a nuisance
sndeesool#8381 said: ping
sndeesool#8381 said: or just fucking kick it out
sndeesool#8381 said: we dont give a fuck
sndeesool#8381 said: who gave him privilege to advertise most of his shit even tho we simply dont give a single damn fuck
Chub chub#5060 said: 😭😭
sndeesool#8381 said: no ones volunteering to kick it out
sndeesool#8381 said: cause i can
