Muxto#8483 said: md help
Muxto#8483 said: md play take over
Thoris#1906 said: amazing
Muxto#8483 said: Thanks. What's more amazing was your decision to finally let the bot enter yesterday 😁
Muxto#8483 said: Jus' kidding....
By "amazing", you could try the filters
Muxto#8483 said: md play werabbitzs blue da ba dee
Muxto#8483 said: md filterlist
Muxto#8483 said: md filter nightcore
Muxto#8483 said: md filter reset
Muxto#8483 said: md reset
Muxto#8483 said: md botinfo
Muxto#8483 said: md help
Thoris#1906 said: amazing
Zibblobet#1429 said: md amongus
Zibblobet#1429 said: No Amongus
Lyfe#5779 said: amog
Muxto#8483 said: md amongus
Muxto#8483 said: what do you want it to do?
Muxto#8483 said: when the `amongus` command is issued, I mean
Zibblobet#1429 said: It's perfect
Zibblobet#1429 said: md amongus
Thoris#1906 said: md amongus
Thoris#1906 said: amazing
Zibblobet#1429 said: This is the best bot
Zibblobet#1429 said: For this reason
Zibblobet#1429 said: 10/10 would recommend
Muxto#8483 said: lol
Muxto#8483 said: anyways... check out <@977262952354828308>'s twin sister
https://muxworks.com/musicbot
Muxto#8483 said: also, <@977262952354828308> will lose its music features soon
Muxto#8483 said: that's why I decided to migrate all of the music features to MuxMusic, and everything else would be in <@977262952354828308>'s possession.
Muxto#8483 said: <@290522112270270465> heya buddy! 👋 can you invite this bot here please? 🥺
Muxto#8483 said: or atleast check out that website. Spent hours to make it look fancy.
sUwUicide#1933 said: in a bit
Muxto#8483 said: And if everything work's correctly, you'll be able to hear some background music
Muxto#8483 said: md help
Muxto#8483 said: md amongus
Zibblobet#1429 said: md amongus
[Sun May 29 2022 21:05:05]DMukto#8483 said: md balance
[Sun May 29 2022 21:05:24]DMukto#8483 said: been a while, huh? A lot of new features have been added
[Sun May 29 2022 21:05:26]DMukto#8483 said: md help
[Sun May 29 2022 21:05:44]DMukto#8483 said: md bal
[Sun May 29 2022 21:05:50]DMukto#8483 said: md delete
[Sun May 29 2022 21:05:57]DMukto#8483 said: md delete 4
[Sun May 29 2022 21:06:02]DMukto#8483 said: md delete 4
[Sun May 29 2022 21:11:14]DMukto#8483 said: md help
