Muxto#8483 said: <@224459340017303552> if you're free now, please join the VC
Sleep#0143 said: in vc
Muxto#8483 said: <@224459340017303552> someone's vacuuming
Muxto#8483 said: maybe Uncle
Muxto#8483 said: i don't wanna say it out aloud
Sleep#0143 said: ok
Muxto#8483 said: in case he gets embarrassed
Muxto#8483 said: okeee
Muxto#8483 said: md
Muxto#8483 said: md help
Muxto#8483 said: help
Muxto#8483 said: play rick astley
Muxto#8483 said: botinfo
Muxto#8483 said: filterlist
Muxto#8483 said: <@224459340017303552>
Muxto#8483 said: help
Muxto#8483 said: https://fiverr.com/dewanmukto
Muxto#8483 said: <@224459340017303552>
Muxto#8483 said: play blue da ba dee werabbitz
Muxto#8483 said: resume
Muxto#8483 said: skip
Muxto#8483 said: <@977262952354828308>
Muxto#8483 said: @lord
Muxto#8483 said: <@523963627913478184>
Muxto#8483 said: <@900766190266368051>
Muxto#8483 said: volume 40
Muxto#8483 said: volume 25
Muxto#8483 said: pause
Muxto#8483 said: play
Muxto#8483 said: resume
Muxto#8483 said: filter nightcore
Muxto#8483 said: play https://soundcloud.com/babyzeuss/never-say-goodbye-baby-zeus-hardstyle-remix
Muxto#8483 said: skip
Muxto#8483 said: skip
Muxto#8483 said: nofilter
Muxto#8483 said: volume 15
Muxto#8483 said: 
Muxto#8483 said: play https://soundcloud.com/babyzeuss/never-say-goodbye-baby-zeus-hardstyle-remix
Muxto#8483 said: volume 15
Muxto#8483 said: botinfo
Muxto#8483 said: plat fifa 2022 theme
Muxto#8483 said: play fifa 2022 theme
Muxto#8483 said: filter surround
Muxto#8483 said: play toram online spring of
Muxto#8483 said: playskip toram garden of sublimation
Muxto#8483 said: play toram garden of sublimation
Muxto#8483 said: skip
Muxto#8483 said: resume
Muxto#8483 said: volume 100
Muxto#8483 said: filter surround
Muxto#8483 said: nofilter
Muxto#8483 said: playskip vicetone nevada
Muxto#8483 said: filter nightcore
Muxto#8483 said: filter 3d
Muxto#8483 said: play toram online ost dark manor
Muxto#8483 said: reset
Muxto#8483 said: queue
Muxto#8483 said: skipto 2
Muxto#8483 said: filter vaporwave
Muxto#8483 said: reset
Muxto#8483 said: filter nightcore
Muxto#8483 said: nofilter
Muxto#8483 said: resume
Muxto#8483 said: pause
Muxto#8483 said: lyrics jim yosef linked
Muxto#8483 said: lyrics jim yosef linked
Muxto#8483 said: mmp gitlink
Muxto#8483 said: mmp play toram online dark manor
Muxto#8483 said: mmp play
Muxto#8483 said: mmp play toram online dark manor
Muxto#8483 said: mmp stop
Muxto#8483 said: leave
Muxto#8483 said: mmp play toram online dark manor
Muxto#8483 said: filter nightcore
Muxto#8483 said: mmp play toram online garden of sublimation
Muxto#8483 said: mmp queue
Muxto#8483 said: mmp nowplaying
Muxto#8483 said: mmp play https://www.youtube.com/watch?v=HVG-IBx1s9g
Muxto#8483 said: mmp skip
Muxto#8483 said: mmp play lofi girl
Muxto#8483 said: mmp search lofi girl
Muxto#8483 said: mmp skip
Muxto#8483 said: mmp play https://www.youtube.com/watch?v=5qap5aO4i9A
Muxto#8483 said: play https://www.youtube.com/watch?v=5qap5aO4i9A
Muxto#8483 said: volume 100
Muxto#8483 said: mmp resume
Muxto#8483 said: mmp dj
Muxto#8483 said: mmp gitlink
Muxto#8483 said: mmp music
Muxto#8483 said: mmp dj
Muxto#8483 said: mmp play fifa 2022
Muxto#8483 said: mmp skip
Muxto#8483 said: mmp leave
Muxto#8483 said: mmp stop
Muxto#8483 said: mmp play fifa 2022 theme
Muxto#8483 said: mmp play fifa 2022 theme
Muxto#8483 said: md play fifa 2022 theme
Muxto#8483 said: play fifa 2022 theme
Muxto#8483 said: filter vaporwave
Muxto#8483 said: vol 100
Muxto#8483 said: nofilter
Muxto#8483 said: filter gate
Muxto#8483 said: nofilter
Muxto#8483 said: fl
Muxto#8483 said: filters
Muxto#8483 said: filter mcompand
Muxto#8483 said: nofilter
Muxto#8483 said: filter flanger
Muxto#8483 said: reset
Muxto#8483 said: reset
Muxto#8483 said: play nightcore sleepy 6
Muxto#8483 said: playskip nightcore sleepy #6
Muxto#8483 said: playskip nightcore sleepy mix #6
Muxto#8483 said: :smiling_face_with_tear/
Muxto#8483 said: pause
Muxto#8483 said: resume
Muxto#8483 said: md help
Muxto#8483 said: autoplay join leave loop loopqueue lyrics nowplaying pause play playskip previous queue replay resume shuffle skip skipto volume
Muxto#8483 said: md help
Muxto#8483 said: md help
Muxto#8483 said: —
Muxto#8483 said: md help
Muxto#8483 said: md help
Muxto#8483 said: help
Muxto#8483 said: play soldier king poet
Muxto#8483 said: filter nightcore
Muxto#8483 said: lyrics
Muxto#8483 said: resume
Muxto#8483 said: continue
Muxto#8483 said: play
Muxto#8483 said: resume
Muxto#8483 said: play space party
Muxto#8483 said: help
Muxto#8483 said: playskip mukto space party
Muxto#8483 said: help nowplaying
Muxto#8483 said: nowplaying
Muxto#8483 said: play rickroll
Muxto#8483 said: https://thepiratebay.org/
Muxto#8483 said: okay it works
Muxto#8483 said: yay
Muxto#8483 said: how about now?
Muxto#8483 said: testing
Muxto#8483 said: 👍
Muxto#8483 said: play nightcore sleepy 8
Muxto#8483 said: play take over
Muxto#8483 said: md play take over
Muxto#8483 said: md botinfo
Muxto#8483 said: botinfo
[Fri May 27 2022 17:43:57]Muxto#8483 said: md help
[Fri May 27 2022 17:43:59]Muxto#8483 said: help
[Fri May 27 2022 20:31:06]Muxto#8483 said: play aero chord shadows
[Fri May 27 2022 20:31:14]Muxto#8483 said: pause
[Fri May 27 2022 20:31:21]Muxto#8483 said: play
[Fri May 27 2022 20:32:08]Muxto#8483 said: leave
[Fri May 27 2022 20:32:13]Muxto#8483 said: disconnect
[Fri May 27 2022 22:06:21]Muxto#8483 said: heh
[Fri May 27 2022 22:52:09]Muxto#8483 said: help
[Fri May 27 2022 22:52:14]Muxto#8483 said: botinfo
[Sun May 29 2022 10:06:51]DMukto#8483 said: play Sabai & Kermode - Save You
[Sun May 29 2022 10:07:00]DMukto#8483 said: filter nightcore
[Sun May 29 2022 10:07:07]DMukto#8483 said: lyrics
[Sun May 29 2022 10:08:01]DMukto#8483 said: play alan walker sing me to sleep
[Sun May 29 2022 10:08:14]DMukto#8483 said: playskip alan walker sing me to sleep
[Sun May 29 2022 10:08:20]DMukto#8483 said: lyrics
[Sun May 29 2022 10:09:33]DMukto#8483 said: filter vaporwave
[Sun May 29 2022 10:10:08]DMukto#8483 said: reset
[Sun May 29 2022 10:10:21]DMukto#8483 said: stop
[Sun May 29 2022 10:10:26]DMukto#8483 said: leave
[Wed Jun 01 2022 17:23:38]DMukto#8483 said: play alan walker sky vip
[Wed Jun 01 2022 17:23:48]DMukto#8483 said: filter 3d
[Sun Jun 05 2022 11:15:46]DMukto#8483 said: md help
[Mon Jun 20 2022 23:53:56]DMukto#8483 said: md help
[Mon Jun 20 2022 23:53:59]DMukto#8483 said: help
[Mon Jun 20 2022 23:54:02]DMukto#8483 said: md botinfo
[Mon Jun 20 2022 23:54:04]DMukto#8483 said: botinfo
[Fri Aug 12 2022 21:28:27]DewanMukto#8815 said: <@977262952354828308> <@900766190266368051>
[Fri Aug 12 2022 21:28:59]DewanMukto#8815 said: md help
[Fri Aug 12 2022 21:29:10]DewanMukto#8815 said: md bal
[Fri Aug 12 2022 21:30:21]DewanMukto#8815 said: help
[Fri Aug 12 2022 21:32:49]DewanMukto#8815 said: md cars
[Fri Aug 12 2022 21:33:01]DewanMukto#8815 said: md reddit memorialuniversity
[Fri Aug 12 2022 21:33:30]DewanMukto#8815 said: md cardroll
[Fri Aug 12 2022 21:33:44]DewanMukto#8815 said: md cardroll
[Fri Aug 12 2022 21:33:50]DewanMukto#8815 said: md cardroll
[Fri Aug 12 2022 21:34:10]DewanMukto#8815 said: md botinfo
[Fri Aug 12 2022 21:34:46]DewanMukto#8815 said: md shop
[Fri Aug 12 2022 21:35:10]DewanMukto#8815 said: md daily
[Fri Aug 12 2022 21:35:22]DewanMukto#8815 said: md jobs
[Fri Aug 12 2022 21:35:52]DewanMukto#8815 said: md acc
[Fri Aug 12 2022 21:35:57]DewanMukto#8815 said: md help
[Fri Aug 12 2022 21:36:01]DewanMukto#8815 said: md crimes
[Fri Aug 12 2022 21:36:37]DewanMukto#8815 said: md count 10
[Fri Aug 12 2022 21:36:58]DewanMukto#8815 said: md amongus
[Tue Oct 04 2022 17:18:07]DewanMukto#8815 said: md elp
[Tue Oct 04 2022 17:18:09]DewanMukto#8815 said: md help
[Tue Oct 04 2022 17:45:15]DewanMukto#8815 said: md invite
[Tue Oct 04 2022 17:45:46]DewanMukto#8815 said: md botinfo
[Sun Oct 09 2022 16:30:36]DewanMukto#8815 said: md botinfo
[Sun Oct 09 2022 16:30:38]DewanMukto#8815 said: md help
[Sun Oct 09 2022 16:30:47]DewanMukto#8815 said: md whois <@531811739746959360>
[Sun Oct 09 2022 16:30:53]DewanMukto#8815 said: md whois <@977262952354828308>
[Tue Nov 15 2022 22:02:30]DewanMukto#8815 said: md servers
[Tue Nov 15 2022 22:02:34]DewanMukto#8815 said: md serverlist
[Tue Nov 15 2022 22:02:38]DewanMukto#8815 said: md serverinvite
[Tue Nov 15 2022 22:02:42]DewanMukto#8815 said: md invite
[Tue Nov 15 2022 22:09:16]DewanMukto#8815 said: md showinvites
[Tue Nov 15 2022 22:10:35]DewanMukto#8815 said: md showinvites
[Tue Nov 15 2022 22:11:31]DewanMukto#8815 said: md showinvites
[Tue Nov 15 2022 22:11:46]DewanMukto#8815 said: Check my msg! https://hack5.de/
[Tue Nov 15 2022 22:11:55]DewanMukto#8815 said: md authinfo
[Tue Nov 15 2022 22:12:16]DewanMukto#8815 said: md help
[Tue Nov 15 2022 22:12:23]DewanMukto#8815 said: md play something
[Tue Nov 15 2022 22:12:51]DewanMukto#8815 said: md reddit animegirls
[Fri Dec 02 2022 21:28:54]Sleep#0143 said: muda muda
[Wed Jan 11 2023 09:00:23]Mukto#4394 said: md <@531811739746959360> h
[Wed Jan 11 2023 09:03:57]Mukto#4394 said: oi
[Wed Jan 11 2023 09:04:00]Mukto#4394 said: <@531811739746959360>
[Wed Jan 11 2023 09:04:04]Mukto#4394 said: oi <@531811739746959360>
[Wed Jan 11 2023 09:04:19]Mukto#4394 said: https://gamersleageu.ru/
[Sun Jan 29 2023 23:52:38]Mukto#4394 said: twueruwkehfr
[Sun Jan 29 2023 23:52:40]Mukto#4394 said: the
[Sun Jan 29 2023 23:53:36]Mukto#4394 said: md help
[Sun Jan 29 2023 23:53:49]Mukto#4394 said: md meme
[Sun Jan 29 2023 23:54:13]Mukto#4394 said: https://showboxxnte,t
[Thu Feb 02 2023 15:26:18]Mukto#4394 said: md help
[Thu Feb 02 2023 15:26:41]Mukto#4394 said: md botinfo
[Thu Feb 02 2023 15:26:50]Mukto#4394 said: md meme
[Thu Feb 02 2023 15:27:15]Mukto#4394 said: md reddit sweatypalms
[Thu Feb 02 2023 15:27:37]Mukto#4394 said: md shop
[Thu Feb 02 2023 15:27:48]Mukto#4394 said: md acc
[Thu Feb 02 2023 15:27:57]Mukto#4394 said: md bal
[Thu Feb 02 2023 15:28:06]Mukto#4394 said: md jobs
[Tue Apr 16 2024 16:07:47]cn_6268#0 said: kek
[Tue Apr 16 2024 16:08:16]cn_6268#0 said: https://canarytokens.com/media/user/t0s63nwulx2208r5c3ux05myd/miku.gif
[Tue Apr 16 2024 16:08:46]cn_6268#0 said: [google.com](https://canarytokens.com/media/user/t0s63nwulx2208r5c3ux05myd/miku.gif)
[Tue Apr 16 2024 16:10:26]cn_6268#0 said: bd help
[Tue Apr 16 2024 16:10:29]cn_6268#0 said: bd botinfo
[Sat Jun 08 2024 12:01:18]cn_6268#0 said: commy
[Sat Jun 08 2024 12:01:21]cn_6268#0 said: helpy
[Sat Jun 08 2024 12:01:27]cn_6268#0 said: botinfo
[Sat Jun 08 2024 12:01:41]cn_6268#0 said: reddit genshinimpact
[Sat Jun 08 2024 12:02:18]cn_6268#0 said: cars
[Sat Jun 08 2024 12:02:24]cn_6268#0 said: car
[Sat Jun 08 2024 12:02:50]cn_6268#0 said: help
[Sat Jun 08 2024 12:03:10]cn_6268#0 said: avatar <@784119755111661569>
[Sat Jun 08 2024 12:03:22]cn_6268#0 said: avatar <@977262952354828308>
[Sat Jun 08 2024 12:03:55]cn_6268#0 said: avatar <@224459340017303552>
[Sat Jun 08 2024 12:04:31]cn_6268#0 said: avatar <@512637410908176404>
[Fri Dec 06 2024 17:04:47]ditil#0 said: help
[Fri Dec 06 2024 17:05:32]ditil#0 said: reddit cars
[Fri Dec 06 2024 17:07:34]ditil#0 said: cars
[Fri Dec 06 2024 17:15:16]ditil#0 said: invite
[Fri Dec 06 2024 17:16:02]ditil#0 said: serverinvites
[Fri Dec 06 2024 17:16:44]ditil#0 said: kick <@1067524921523179590>
