Zs'jei#0779 said: 
Muxto#8483 said: mdp.help
Muxto#8483 said: mdp.help
Muxto#8483 said: md help
Muxto#8483 said: md help
Muxto#8483 said: md authinfo
Muxto#8483 said: md help
Muxto#8483 said: help
Muxto#8483 said: md play alan walker
Muxto#8483 said: md filter nc
Muxto#8483 said: md filter nightcore
Muxto#8483 said: botinfo
Muxto#8483 said: md botinfo
Muxto#8483 said: Phoenix Nation #📢-announcements
Muxto#8483 said: Vibe Zone #📢announcements
Muxto#8483 said: https://muxworks.com/musicbot
Muxto#8483 said: https://musicbot.muxworks.com/
Muxto#8483 said: https://musicbot.muxworks.com/home
Muxto#8483 said: https://mikumikudance.org/
Muxto#8483 said: https://musicbot.muxworks.com/home
Muxto#8483 said: md help
Muxto#8483 said: help
Muxto#8483 said: https://muxworks.com/musicbot
Muxto#8483 said: https://musicbot.muxworks.com/
Muxto#8483 said: https://muxworks.com/musicbot
Muxto#8483 said: botinfo
Muxto#8483 said: creditinfo
Muxto#8483 said: 977262952354828308
Muxto#8483 said: botinfo
Muxto#8483 said: md botinfo
Muxto#8483 said: mmp gitlink
Muxto#8483 said: mmp gitlink
Muxto#8483 said: mmd gitlink
Muxto#8483 said: mmp gitlink
Muxto#8483 said: http://discord.com/app
Muxto#8483 said: http://disdord.com/app
Muxto#8483 said: https://youtube.com/flip
Muxto#8483 said: https://steamunlocked.net/
Muxto#8483 said: https://muxworks.com/musicbot
Muxto#8483 said: https://mux.com/
Muxto#8483 said: https://mux.com
Muxto#8483 said: https://mux.com
Muxto#8483 said: Check out this website, yo! https://mux.com
Muxto#8483 said: https://massmigrations.com/asenturisk.com
[Sun May 29 2022 15:44:16]DMukto#8483 said: <:axe:980533412609810502> <:cardskimmer:980533865527541800> <:carjack:980533677870186506> <:chainsaw:980533636220747776> <:crowbar:980533787115003954> <:drill:980533570957369425> <:gpstracker:980533825413206087> <:lockpick:980533720396230766> <:mining:980534168666636308> <:screwdriver:980533460194189344> <:wrench:980533347069620264>
[Sun May 29 2022 15:47:27]DMukto#8483 said: md shop
[Sun May 29 2022 16:19:12]DMukto#8483 said: hmmmm?
[Sun May 29 2022 16:19:30]DMukto#8483 said: https://media.discordapp.net/attachments/980533280510214164/980543249188020234/goldpile.gif?width=469&height=178
[Tue May 31 2022 17:25:05]DMukto#8483 said: https://pixeljoint.com/files/icons/full/sk_pixeloffice_20070912.gif
[Thu Jun 02 2022 07:09:49]DMukto#8483 said: `:fishingrod: `
[Thu Jun 02 2022 07:09:58]DMukto#8483 said: <:fishingrod:981854581057265674>
[Thu Jun 02 2022 07:29:08]DMukto#8483 said: <:arrowintobox:981859478603456563>
[Thu Jun 02 2022 07:31:37]DMukto#8483 said: https://media.discordapp.net/attachments/980533280510214164/981860104544612383/640x427-coho-salmon.png?width=674&height=450
[Thu Jun 02 2022 07:44:50]DMukto#8483 said: https://media.discordapp.net/attachments/980533280510214164/981863432359923712/640x427-western-atlantic-bluefin-tuna.png?width=674&height=450
[Thu Jun 02 2022 07:46:41]DMukto#8483 said: https://media.discordapp.net/attachments/980533280510214164/981863893775294474/640x427-atlantic-cod.png?width=674&height=450
[Thu Jun 02 2022 07:48:07]DMukto#8483 said: https://media.discordapp.net/attachments/980533280510214164/981864234440855573/balik-urun.png?width=801&height=450
[Thu Jun 02 2022 08:12:30]DMukto#8483 said: https://media.discordapp.net/attachments/980533280510214164/981864234440855573/balik-urun.png?width=801&height=450
[Thu Jun 02 2022 08:13:46]DMukto#8483 said: md shop
[Thu Jun 02 2022 08:14:09]DMukto#8483 said: https://media.fisheries.noaa.gov/styles/original/s3/dam-migration/640x427-coho-salmon.png?itok=-TsL97Hw
[Thu Jun 02 2022 08:14:27]DMukto#8483 said: https://media.fisheries.noaa.gov/styles/original/s3/dam-migration/640x427-western-atlantic-bluefin-tuna.png?itok=ZkBgYJV0
[Thu Jun 02 2022 08:14:34]DMukto#8483 said: https://media.fisheries.noaa.gov/styles/original/s3/dam-migration/640x427-atlantic-cod.png?itok=DfnzI7JZ
[Thu Jun 02 2022 08:14:39]DMukto#8483 said: http://tekno-yem.com/data/upload/balik-urun.png
[Thu Jun 02 2022 09:14:23]DMukto#8483 said: <:salmon:981885773441806376> <:tuna:981885808007065620> <:cod:981885839866986556> <:hilsa:981885867977232444>
