[Fri May 27 2022 21:55:54]LolQuattro#0125 said: md waifu
[Fri May 27 2022 22:07:27]LolQuattro#0125 said: md help
[Fri May 27 2022 22:25:07]LolQuattro#0125 said: md help
[Fri May 27 2022 22:41:31]LolQuattro#0125 said: md waifu
[Fri May 27 2022 22:41:42]LolQuattro#0125 said: md waifu
[Fri May 27 2022 22:42:24]LolQuattro#0125 said: md waifu
[Fri May 27 2022 22:42:34]LolQuattro#0125 said: md waifu
[Fri May 27 2022 22:42:38]LolQuattro#0125 said: md waifu
[Fri May 27 2022 22:42:44]LolQuattro#0125 said: md waifu
[Fri May 27 2022 22:43:39]LolQuattro#0125 said: md meme animegirlsfullynaked
[Fri May 27 2022 22:43:48]LolQuattro#0125 said: md meme animegirlsfullynaked
[Fri May 27 2022 22:44:00]LolQuattro#0125 said: md meme animegirlsfullynaked
[Fri May 27 2022 22:44:29]LolQuattro#0125 said: md meme porn
[Fri May 27 2022 22:44:49]LolQuattro#0125 said: md meme tits
[Fri May 27 2022 22:45:30]LolQuattro#0125 said: md meme tits
[Fri May 27 2022 22:46:38]LolQuattro#0125 said: md meme tits
[Fri May 27 2022 22:46:44]LolQuattro#0125 said: md meme tits
[Fri May 27 2022 22:46:49]LolQuattro#0125 said: md meme tits
[Fri May 27 2022 22:46:56]LolQuattro#0125 said: md meme tits
[Fri May 27 2022 22:47:02]LolQuattro#0125 said: md meme tits
[Fri May 27 2022 22:47:07]LolQuattro#0125 said: md meme tits
[Fri May 27 2022 22:48:14]LolQuattro#0125 said: md meme tits
[Fri May 27 2022 22:48:20]LolQuattro#0125 said: md meme tits
[Fri May 27 2022 22:49:34]LolQuattro#0125 said: md meme porn
[Fri May 27 2022 22:49:42]LolQuattro#0125 said: md meme porn
[Fri May 27 2022 22:49:55]LolQuattro#0125 said: md meme porn
[Fri May 27 2022 22:50:41]LolQuattro#0125 said: md delete 100
[Fri May 27 2022 23:09:53]LolQuattro#0125 said: md meme tits
[Fri May 27 2022 23:10:07]LolQuattro#0125 said: md titties
[Fri May 27 2022 23:10:23]LolQuattro#0125 said: md meme titties
[Fri May 27 2022 23:11:38]LolQuattro#0125 said: md nsfwmeme tits
[Fri May 27 2022 23:11:55]LolQuattro#0125 said: md nsfw
[Fri May 27 2022 23:12:10]LolQuattro#0125 said: md nsfwmeme boobs
[Fri May 27 2022 23:12:51]LolQuattro#0125 said: md meme tits
[Fri May 27 2022 23:13:25]LolQuattro#0125 said: md meme tits
[Sat May 28 2022 10:40:30]LolQuattro#0125 said: md nsfwmeme tits
[Sat May 28 2022 10:44:35]LolQuattro#0125 said: md delete 10
