Muxto#8483 said: Whoops
Muxto#8483 said: Don't click on anything!
nuke#7747 said: lel
nuke#7747 said: btw I'm Mukto. Don't kick me, lol
nuke#7747 said: This is just the acc I use via VirtualBox
Muxto#8483 said: OTAwNzY2MTkwMjY2MzY4MDUx.GtLpAo.p_2Xiuh-r9ZSmv0aT85g9MyZpDygW8qFsncH6w
Muxto#8483 said: https://discord.com/api/oauth2/authorize?client_id=900766190266368051&permissions=8&scope=bot
Muxto#8483 said: Okeee
Muxto#8483 said: Everything is still the way it was 24 hrs ago
Muxto#8483 said: Currently working on music functionalities from scratch 'cause apparently there's a new version of DiscordJS (v13) that needs everything to be recoded
Muxto#8483 said: It's kind of like migrating a program from Python v2 to v3
LolQuattro#0125 said: pls meme
LolQuattro#0125 said: pls meme
Muxto#8483 said: Now every bot is using buttons! 🥴
Muxto#8483 said: No problems. I'll add drop-down menus and built-in forms to my bots. (Though they too exist. 'Cause it's part of the Discord API)
Muxto#8483 said: <@523963627913478184> try sending a sus link
LolQuattro#0125 said: I dont know any sus links
Muxto#8483 said: just make one
Muxto#8483 said: misspell one
LolQuattro#0125 said: www.cornhub.com
LolQuattro#0125 said: not working
Muxto#8483 said: hmm 🤔
Muxto#8483 said: 'cause it's not a link
Muxto#8483 said: the highlight should be there
Muxto#8483 said: as in... clickable
Muxto#8483 said: beginning with 'https'
LolQuattro#0125 said: ok my parents are around not now
Muxto#8483 said: lol
LolQuattro#0125 said: https://www.cornhub.com
Muxto#8483 said: what kinda link were you about to send ?
LolQuattro#0125 said: ok now it worked
Muxto#8483 said: XD
LolQuattro#0125 said: cornhub
Muxto#8483 said: lol
LolQuattro#0125 said: its an actual site check it out
LolQuattro#0125 said: just filled with corn
LolQuattro#0125 said: not p***
Muxto#8483 said: 🌽 maize, you mean
LolQuattro#0125 said: corn you fool
Muxto#8483 said: Americans say maize, right? Or is it the Brits?
LolQuattro#0125 said: corn you fool
LolQuattro#0125 said: who tf says maize🤣
LolQuattro#0125 said: but cool feature
LolQuattro#0125 said: to safeguard from sus links <@784119755111661569>
Muxto#8483 said: yep
LolQuattro#0125 said: https://youtube.com
LolQuattro#0125 said: how will it know sus links from regular ones
Muxto#8483 said: 'cause often people don't realize what they're clicking since the most malicious ones look exact
Muxto#8483 said: easy. For now, there's a list of whitelisted domains
Muxto#8483 said: such as `youtube.com`, `google.com`
Muxto#8483 said: if any link is a scam link, obviously it has a misspelling in it
Muxto#8483 said: so it won't match
LolQuattro#0125 said: oh
LolQuattro#0125 said: so if I was to send a good site but thats not in the whitelist it wouldnt work
Muxto#8483 said: also... we ourselves don't trust any new websites or links we see, until one of our 'approved' friends informs us that it is safe, right?
Same concept here. Simple, but effective. Especially for kids' servers and those who tend to click all links they find. 🤣
LolQuattro#0125 said: https://tinywow.com
LolQuattro#0125 said: yep it got removed
LolQuattro#0125 said: but its not a sus site
Muxto#8483 said: note the `unknown` word used instead of `suspicious` or `malicious`
LolQuattro#0125 said: I see
Muxto#8483 said: yeah, I understand
Muxto#8483 said: this should clarify
LolQuattro#0125 said: Yea i see
Muxto#8483 said: a bot is basically a dumb human
Muxto#8483 said: you gotta specify everything for them
LolQuattro#0125 said: lol
LolQuattro#0125 said: sounds very much like some people I know🤣
LolQuattro#0125 said: pls meme
LolQuattro#0125 said: lol
Muxto#8483 said: nice timing for that meme
Muxto#8483 said: also... I whitelisted that image source domain beforehand, otherwise <@977262952354828308> would've deleted <@270904126974590976>'s msg
LolQuattro#0125 said: mux day sounds malicious
LolQuattro#0125 said: no
Muxto#8483 said: lol, why?
LolQuattro#0125 said: more like devious 😈
LolQuattro#0125 said: its like a bot that wants to overthrow other bots
Muxto#8483 said: heh heh. Basically Mux is the prefix I use for my branding
Muxto#8483 said: kinda, yeah
Muxto#8483 said: that's the spirit
LolQuattro#0125 said: lol
Muxto#8483 said: gonna work on meme features for <@977262952354828308> soon
Muxto#8483 said: and also <@270904126974590976>'s features (excluding the NSFW ones)
Muxto#8483 said: grigor
[Fri May 27 2022 17:33:59]Muxto#8483 said: Hmm
[Fri May 27 2022 17:34:34]Muxto#8483 said: <@939812858034810880> bro, when you get time, please invite https://muxworks.com/musicbot
[Fri May 27 2022 17:41:00]Muxto#8483 said: md meme
[Fri May 27 2022 17:43:17]Muxto#8483 said: https://scamsite.com
[Fri May 27 2022 17:43:26]Muxto#8483 said: lol
[Fri May 27 2022 19:45:32]Muxto#8483 said: md meme
[Fri May 27 2022 19:49:19]Muxto#8483 said: <@523963627913478184> guess what? For this new meme function, I'm using a plugin made by a 🇧🇩 developer!
[Fri May 27 2022 19:49:32]Muxto#8483 said: https://arifszn.com/
[Fri May 27 2022 19:49:37]LolQuattro#0125 said: Also guess what
[Fri May 27 2022 19:49:37]Muxto#8483 said: oh snap
[Fri May 27 2022 19:49:42]Muxto#8483 said: what?
[Fri May 27 2022 19:49:49]LolQuattro#0125 said: I’ve managed to create a portable gaming system
[Fri May 27 2022 19:50:00]LolQuattro#0125 said: Using a usb flash drive and Amazon fire stick
[Fri May 27 2022 19:50:04]Muxto#8483 said: have you also managed to record how you did it?
[Fri May 27 2022 19:50:14]Muxto#8483 said: oooooooooo
[Fri May 27 2022 19:50:14]Muxto#8483 said: damn
[Fri May 27 2022 19:50:29]Muxto#8483 said: what sorta games can ya play on it? PC? PS?
[Fri May 27 2022 19:51:27]LolQuattro#0125 said: Basically it can emulate any old games
[Fri May 27 2022 19:51:30]LolQuattro#0125 said: Like ps1
[Fri May 27 2022 19:51:32]LolQuattro#0125 said: Nintendo
[Fri May 27 2022 19:51:34]LolQuattro#0125 said: Psp
[Fri May 27 2022 19:51:37]LolQuattro#0125 said: Ps2
[Fri May 27 2022 19:51:40]LolQuattro#0125 said: Etc
[Fri May 27 2022 19:51:44]LolQuattro#0125 said: Idk about pc games
[Fri May 27 2022 19:51:46]Muxto#8483 said: Whoa
[Fri May 27 2022 19:51:49]Muxto#8483 said: Nice 👍
[Fri May 27 2022 20:50:28]Muxto#8483 said: md cat
[Fri May 27 2022 20:50:31]Muxto#8483 said: md cats
[Fri May 27 2022 20:50:34]Muxto#8483 said: md cats
[Fri May 27 2022 20:50:36]Muxto#8483 said: md cat
[Fri May 27 2022 21:52:43]LolQuattro#0125 said: md cat
[Fri May 27 2022 21:53:29]LolQuattro#0125 said: Cool just like dank memer <@784119755111661569>
[Fri May 27 2022 21:53:56]Muxto#8483 said: yep
[Fri May 27 2022 21:54:04]Muxto#8483 said: and just like dank memer.....
[Fri May 27 2022 21:54:10]Muxto#8483 said: md waifu
[Fri May 27 2022 21:54:16]Muxto#8483 said: snap! XD
[Fri May 27 2022 21:54:24]Muxto#8483 said: <@939812858034810880> set up an NSFW channel
[Fri May 27 2022 21:54:25]LolQuattro#0125 said: Lmaoo
[Fri May 27 2022 21:54:34]Muxto#8483 said: you could try it yourself
[Fri May 27 2022 21:54:42]LolQuattro#0125 said: I thought there was one 🤔
[Fri May 27 2022 21:54:53]Muxto#8483 said: it literally fetches some NSFW anime girl art
[Fri May 27 2022 21:54:57]Muxto#8483 said: 'was'
[Fri May 27 2022 21:54:59]Muxto#8483 said: 🤣
[Fri May 27 2022 21:55:02]LolQuattro#0125 said: Let me invite Dolly
[Fri May 27 2022 21:55:04]LolQuattro#0125 said: Give me link
[Fri May 27 2022 21:55:14]Muxto#8483 said: https://Dolly.muxsites.com/discordbot
[Fri May 27 2022 21:55:20]Muxto#8483 said: here
[Fri May 27 2022 21:55:29]LolQuattro#0125 said: Nvm I did it
[Fri May 27 2022 21:55:49]Muxto#8483 said: oh, right. Yeah, there's a "Add to server" button
[Fri May 27 2022 21:56:01]Muxto#8483 said: hit up `md help`
[Fri May 27 2022 21:56:24]Muxto#8483 said: you gotta keep trying
[Fri May 27 2022 21:56:29]Muxto#8483 said: it's  totally random
[Fri May 27 2022 21:56:37]Muxto#8483 said: or type `md animegirl`
[Fri May 27 2022 21:56:48]Muxto#8483 said: but first, just type `md help` over there
[Fri May 27 2022 21:57:04]Muxto#8483 said: wanna show you something
[Fri May 27 2022 21:57:51]Muxto#8483 said: <@523963627913478184> ?
[Fri May 27 2022 21:57:54]Muxto#8483 said: you there>
[Fri May 27 2022 22:06:46]LolQuattro#0125 said: Sorry
[Fri May 27 2022 22:06:52]LolQuattro#0125 said: Went to pray
[Fri May 27 2022 22:06:58]Muxto#8483 said: no probs
[Fri May 27 2022 22:07:01]LolQuattro#0125 said: Ok what should I do
[Fri May 27 2022 22:07:22]Muxto#8483 said: basically just pull up Dolly's help menu
[Fri May 27 2022 22:08:33]Muxto#8483 said: okeee it didn't work
[Fri May 27 2022 22:08:36]Muxto#8483 said: hang on
[Fri May 27 2022 22:08:47]Muxto#8483 said: lemme make some changes
[Fri May 27 2022 22:13:52]Muxto#8483 said: <@523963627913478184> now try again pls
[Fri May 27 2022 22:13:52]Muxto#8483 said: <@523963627913478184> now try again pls
[Fri May 27 2022 22:14:06]Muxto#8483 said: do the help menu thing by typing `md help`
[Fri May 27 2022 22:14:06]Muxto#8483 said: do the help menu thing by typing `md help`
[Fri May 27 2022 22:14:21]Muxto#8483 said: also... you're the only one in that server, right?
[Fri May 27 2022 22:14:21]Muxto#8483 said: also... you're the only one in that server, right?
[Fri May 27 2022 22:24:59]LolQuattro#0125 said: Yeah
[Fri May 27 2022 22:25:15]Muxto#8483 said: do it again, pls
[Fri May 27 2022 22:25:33]LolQuattro#0125 said: Now what
[Fri May 27 2022 22:27:14]Muxto#8483 said: nothing much.... you've experienced the `serverwise` hack! 🤣
[Fri May 27 2022 22:27:33]LolQuattro#0125 said: Intrusion of privacy
[Fri May 27 2022 23:29:20]Muxto#8483 said: md delete 2
[Fri May 27 2022 23:29:49]Muxto#8483 said: <@523963627913478184> try to issue the `md delete` command here, bro
[Sat May 28 2022 01:04:34]LolQuattro#0125 said: md delete 1
[Sat May 28 2022 08:42:24]Muxto#8483 said: md delete 3
[Sat May 28 2022 10:48:35]LolQuattro#0125 said: md cars
[Sat May 28 2022 10:48:54]LolQuattro#0125 said: md cars
[Sat May 28 2022 16:26:36]Muxto#8483 said: md balance
[Sat May 28 2022 16:31:23]Muxto#8483 said: md bal
[Sat May 28 2022 16:31:34]Muxto#8483 said: md delete 3
[Sat May 28 2022 17:05:30]Muxto#8483 said: md help
[Sat May 28 2022 17:07:20]Muxto#8483 said: md help
[Sat May 28 2022 17:08:09]Muxto#8483 said: md help
[Sat May 28 2022 17:08:14]Muxto#8483 said: md help
[Sat May 28 2022 17:08:49]Muxto#8483 said: md help
[Sat May 28 2022 17:16:25]Muxto#8483 said: md help
[Sat May 28 2022 17:21:01]Muxto#8483 said: md delete 4
[Sat May 28 2022 17:21:06]Muxto#8483 said: md delete 6
[Sat May 28 2022 17:21:12]Muxto#8483 said: md delete 4
[Sat May 28 2022 17:21:17]Muxto#8483 said: md delete 3
[Sat May 28 2022 23:39:47]Muxto#8483 said: md bal
[Sun May 29 2022 00:16:30]DMukto#8483 said: md bal
[Sun May 29 2022 00:16:52]DMukto#8483 said: added new protection 🔒 let's see who dares to steal now!
[Sun May 29 2022 08:38:09]DMukto#8483 said: pls help
[Sun May 29 2022 12:23:42]DMukto#8483 said: hmm
[Sun May 29 2022 19:04:00]DMukto#8483 said: <@523963627913478184> hey!!
[Sun May 29 2022 19:04:06]DMukto#8483 said: how's prep for tomorrow?
[Sun May 29 2022 19:04:17]DMukto#8483 said: 🛬 🇧🇩
[Sun May 29 2022 19:31:20]LolQuattro#0125 said: Going well
[Sun May 29 2022 19:31:38]LolQuattro#0125 said: We’ll be off to the airport tomorrow afternoon for nights flight
[Sun May 29 2022 19:31:45]LolQuattro#0125 said: <@784119755111661569>
[Sun May 29 2022 19:31:50]DMukto#8483 said: good luck!
[Sun May 29 2022 19:32:10]DMukto#8483 said: almost was about to say "Can't wait to meet ya in-person!"
[Sun May 29 2022 19:32:12]DMukto#8483 said: 🥲
[Sun May 29 2022 19:32:46]LolQuattro#0125 said: Hopefully we’ll meet someday somewhere
[Sun May 29 2022 20:39:27]DMukto#8483 said: <@939812858034810880>
[Sun May 29 2022 20:39:44]DMukto#8483 said: remember you used to search animal pics using bots?
[Sun May 29 2022 20:39:53]DMukto#8483 said: well... now you can just use <@977262952354828308>
[Sun May 29 2022 20:39:55]DMukto#8483 said: md help
[Sun May 29 2022 20:39:59]DMukto#8483 said: md cats
[Sun May 29 2022 20:40:02]DMukto#8483 said: md dog
[Sun May 29 2022 20:40:05]DMukto#8483 said: md fox
[Sun May 29 2022 20:40:19]DMukto#8483 said: md delete 6
[Sun May 29 2022 20:40:22]DMukto#8483 said: md cat
[Sun May 29 2022 20:40:25]DMukto#8483 said: md rabbit
[Sun May 29 2022 20:40:29]DMukto#8483 said: md fox
[Sun May 29 2022 20:40:34]DMukto#8483 said: md wabbit
[Mon May 30 2022 10:03:44]ValampZ#3213 said: md meow
[Mon May 30 2022 10:03:48]ValampZ#3213 said: md cat
[Mon May 30 2022 10:04:02]ValampZ#3213 said: md cat
[Mon May 30 2022 10:04:20]ValampZ#3213 said: aaww
[Mon May 30 2022 11:03:34]ValampZ#3213 said: md help
[Mon May 30 2022 11:06:08]DMukto#8483 said: help
[Mon May 30 2022 11:07:08]ValampZ#3213 said: <@784119755111661569> no prefix? 🤯
[Mon May 30 2022 11:07:45]ValampZ#3213 said: earwax 🤣
[Mon May 30 2022 11:07:56]ValampZ#3213 said: loooooolll
[Mon May 30 2022 11:13:21]ValampZ#3213 said: md createacc
[Mon May 30 2022 11:13:24]ValampZ#3213 said: oke
[Mon May 30 2022 11:13:30]ValampZ#3213 said: md help
[Mon May 30 2022 11:13:43]ValampZ#3213 said: md balance
[Mon May 30 2022 11:13:49]DMukto#8483 said: md transfer 300 <@939812858034810880>
[Mon May 30 2022 11:14:00]DMukto#8483 said: Dw, these currencies are overpowered
[Mon May 30 2022 11:14:03]ValampZ#3213 said: awww ty dude
[Mon May 30 2022 11:14:07]DMukto#8483 said: unlike <@270904126974590976>'s dankcoins
[Mon May 30 2022 11:14:13]DMukto#8483 said: I'll send ya more anytime
[Mon May 30 2022 11:14:27]DMukto#8483 said: md steal <@939812858034810880>
[Mon May 30 2022 11:14:35]DMukto#8483 said: md transfer 500 <@939812858034810880>
[Mon May 30 2022 11:14:36]ValampZ#3213 said: np it's alr8 🤣
[Mon May 30 2022 11:14:45]DMukto#8483 said: md shop
[Mon May 30 2022 11:15:52]DMukto#8483 said: I'm trying to develop a very realistic economy for <@977262952354828308>
[Mon May 30 2022 11:16:14]DMukto#8483 said: where stocks are limited, and people can basically do stuff like GTA Online RP
[Mon May 30 2022 11:16:30]ValampZ#3213 said: ye I can sense that
[Mon May 30 2022 11:16:31]DMukto#8483 said: I'm also thinking of adding an Among Us-like game
[Mon May 30 2022 11:16:43]DMukto#8483 said: currently I'm working on a gacha & card battle ga,e
[Mon May 30 2022 11:16:44]DMukto#8483 said: *game
[Mon May 30 2022 11:16:47]DMukto#8483 said: md meme
[Mon May 30 2022 11:16:54]DMukto#8483 said: md reddit mildlyinteresting
[Mon May 30 2022 11:17:24]ValampZ#3213 said: subreddit works with it too?
[Mon May 30 2022 11:17:32]DMukto#8483 said: yep
[Mon May 30 2022 11:17:36]DMukto#8483 said: More info here
https://Dolly.muxsites.com/discordbot/
[Mon May 30 2022 11:17:41]DMukto#8483 said: including devlog
[Mon May 30 2022 11:17:42]ValampZ#3213 said: md reddit linuxporn
[Mon May 30 2022 11:17:56]ValampZ#3213 said: noicceee
[Mon May 30 2022 11:18:10]DMukto#8483 said: thanks to an NPM package called 'reddit-image-fetcher'
[Mon May 30 2022 11:18:23]DMukto#8483 said: also fetches NSFW 😬
[Mon May 30 2022 11:18:31]DMukto#8483 said: according to the subreddit you choose
[Mon May 30 2022 11:18:39]ValampZ#3213 said: not a problem 🤣
[Mon May 30 2022 11:18:51]DMukto#8483 said: I made some default semi-NSFW ones like `md waifu` and `md husbando`
[Mon May 30 2022 11:18:53]DMukto#8483 said: md waifu
[Mon May 30 2022 11:19:01]ValampZ#3213 said: XD
[Mon May 30 2022 11:19:10]ValampZ#3213 said: we got kids in this server 🤣
[Mon May 30 2022 11:19:17]DMukto#8483 said: and for real NSFW, just use `md reddit <subreddit>`
[Mon May 30 2022 11:19:22]DMukto#8483 said: I see
[Mon May 30 2022 11:19:23]DMukto#8483 said: Np
[Mon May 30 2022 11:19:25]ValampZ#3213 said: ye gottit
[Mon May 30 2022 11:19:28]DMukto#8483 said: That's why there's protection
[Mon May 30 2022 11:19:42]DMukto#8483 said: md bal
[Mon May 30 2022 11:19:57]ValampZ#3213 said: bal 🤣🤣
[Mon May 30 2022 11:20:02]DMukto#8483 said: you can `md steal @user` but slowly it'll increase your wanted level
[Mon May 30 2022 11:20:10]DMukto#8483 said: shorthand alias
[Mon May 30 2022 11:20:15]DMukto#8483 said: md crimes
[Mon May 30 2022 11:20:17]ValampZ#3213 said: ye 🤣
[Mon May 30 2022 11:20:24]ValampZ#3213 said: md crimes
[Mon May 30 2022 11:20:34]DMukto#8483 said: good boi
[Mon May 30 2022 11:20:39]ValampZ#3213 said: 🤣🤣
[Mon May 30 2022 11:20:40]DMukto#8483 said: "clean citizen"
[Mon May 30 2022 11:20:44]DMukto#8483 said: hope you stay that way
[Mon May 30 2022 11:21:10]DMukto#8483 said: otherwise, when `jobs` will drop, if there are people with law enforcement jobs, they can issue `md arrest @user` to get ya
[Mon May 30 2022 11:21:23]DMukto#8483 said: and while in prison, you cannot use any commands
[Mon May 30 2022 11:21:30]ValampZ#3213 said: F
[Mon May 30 2022 11:21:31]DMukto#8483 said: nor transfer money to an alt acc
[Mon May 30 2022 11:21:34]DMukto#8483 said: 😎
[Mon May 30 2022 11:21:38]DMukto#8483 said: just like real life
[Mon May 30 2022 11:21:45]ValampZ#3213 said: 🤣
[Mon May 30 2022 11:21:53]DMukto#8483 said: though if you're prepared and if you're lucky, you can break out of prison
[Mon May 30 2022 11:22:12]DMukto#8483 said: Prison usually would last for 1-3 days depending on your wanted lvl
[Mon May 30 2022 11:22:24]ValampZ#3213 said: gd ideas but too complicated...hopefully u don't stress urself out 🤣
[Mon May 30 2022 11:22:39]DMukto#8483 said: already did, bro
[Mon May 30 2022 11:22:41]DMukto#8483 said: XD
[Mon May 30 2022 11:22:49]ValampZ#3213 said: F
[Mon May 30 2022 11:22:51]DMukto#8483 said: Today marks the 10th day on <@977262952354828308>
[Mon May 30 2022 11:22:57]DMukto#8483 said: been working nonstop
[Mon May 30 2022 11:23:16]ValampZ#3213 said: holy shiet
[Mon May 30 2022 11:23:27]DMukto#8483 said: all I do is eat, sleep, toilet, program, troubleshoot and test
[Mon May 30 2022 11:33:56]ValampZ#3213 said: md help
[Mon May 30 2022 11:41:12]DMukto#8483 said: md delete 40
[Mon May 30 2022 11:45:01]DMukto#8483 said: md rabbit
[Mon May 30 2022 11:45:04]DMukto#8483 said: md wabbit
[Mon May 30 2022 11:45:08]DMukto#8483 said: md pussies
[Mon May 30 2022 11:45:12]DMukto#8483 said: md catto
[Mon May 30 2022 11:45:16]DMukto#8483 said: md kitties
[Mon May 30 2022 11:45:21]DMukto#8483 said: md neko
[Mon May 30 2022 11:45:25]DMukto#8483 said: md fox
[Mon May 30 2022 11:45:32]DMukto#8483 said: md duck
[Mon May 30 2022 11:45:39]DMukto#8483 said: md hooters
[Mon May 30 2022 23:03:36]DMukto#8483 said: <@939812858034810880> wanna claim some cards?
[Mon May 30 2022 23:03:54]DMukto#8483 said: add them to your collection for battle mode later on
[Mon May 30 2022 23:03:58]DMukto#8483 said: md gacah
[Mon May 30 2022 23:04:02]DMukto#8483 said: md gacha
[Mon May 30 2022 23:04:05]DMukto#8483 said: md gacha
[Mon May 30 2022 23:04:06]DMukto#8483 said: md roll
[Mon May 30 2022 23:04:08]DMukto#8483 said: md roll
[Mon May 30 2022 23:04:09]DMukto#8483 said: md roll
[Mon May 30 2022 23:04:12]DMukto#8483 said: md gacharoll
[Mon May 30 2022 23:04:17]DMukto#8483 said: md cardroll
[Mon May 30 2022 23:04:20]DMukto#8483 said: md my cards
[Mon May 30 2022 23:04:24]DMukto#8483 said: md mycards
[Tue May 31 2022 10:31:08]ValampZ#3213 said: md cardroll
[Tue May 31 2022 10:32:51]ValampZ#3213 said: md cardroll
[Tue May 31 2022 10:36:40]DMukto#8483 said: md transfer 6000 <@939812858034810880>
[Tue May 31 2022 10:37:20]DMukto#8483 said: There are very few items right now because it was for testing purposes.
[Tue May 31 2022 10:37:32]DMukto#8483 said: I'll add more
[Tue May 31 2022 10:37:55]ValampZ#3213 said: aww ty bro
[Tue May 31 2022 10:38:09]ValampZ#3213 said: oke
[Tue May 31 2022 12:10:36]DMukto#8483 said: Lol. No need to thank me.
[Tue May 31 2022 12:10:39]DMukto#8483 said: md bal
[Tue May 31 2022 12:10:45]DMukto#8483 said: md bal
[Tue May 31 2022 19:13:24]DMukto#8483 said: md jobs
[Tue May 31 2022 19:32:04]DMukto#8483 said: <@939812858034810880>
[Tue May 31 2022 19:32:19]DMukto#8483 said: bro, if you have time, check out today's features!
[Tue May 31 2022 19:32:28]DMukto#8483 said: `md daily` and `md jobs`
[Tue May 31 2022 20:44:16]ValampZ#3213 said: md daily
[Tue May 31 2022 20:44:42]ValampZ#3213 said: md jobs
[Tue May 31 2022 20:46:39]ValampZ#3213 said: "Either you leave the hospital alive or ur patient does" sounds pretty much what happens in BD 🤣 🤣
[Tue May 31 2022 22:13:43]DMukto#8483 said: lol
[Tue May 31 2022 22:14:04]DMukto#8483 said: yeah, tbh, the descriptions are based on my opinions and satirical interpretations
[Tue May 31 2022 22:14:14]DMukto#8483 said: btw Mahir is coming to 🇧🇩
[Tue May 31 2022 22:14:22]DMukto#8483 said: He could come over to your place <@939812858034810880>
[Tue May 31 2022 22:14:36]DMukto#8483 said: sadly, I won't be there 🥲
[Thu Jun 02 2022 10:02:51]DMukto#8483 said: md inv
[Thu Jun 02 2022 10:02:55]DMukto#8483 said: md sell salmon
[Thu Jun 02 2022 10:03:03]DMukto#8483 said: F.
[Thu Jun 02 2022 10:07:19]DMukto#8483 said: md delete 24
