Muxto#8483 said: md help
Muxto#8483 said: whoops... I thought this is where the music commands are dropped
sndeesool#8381 said: you can use music bots cmd here
Kebab#4760 said: ok so
Kebab#4760 said: long story short
Kebab#4760 said: yeah
Kebab#4760 said: AHAHAHAHAH
Kebab#4760 said: 11k men
Kebab#4760 said: 3k e girls
Kebab#4760 said: wat
Kebab#4760 said: dont think imma comp wid her
Kebab#4760 said: her
Kebab#4760 said: rr
Kebab#4760 said: is
Kebab#4760 said: 0/100
Kebab#4760 said: so i is scared
Kebab#4760 said: :D
sndeesool#8381 said: rtc connecting
sndeesool#8381 said: rtc connecting
Kebab#4760 said: rip
sndeesool#8381 said: rtc connecting
sndeesool#8381 said: rtc connecting
sndeesool#8381 said: disconnected
sndeesool#8381 said: rtc connecting
sndeesool#8381 said: connected
sndeesool#8381 said: 5000 ms
bibble#4278 said: amazing
sndeesool#8381 said: help
bibble#4278 said: that happens to me
Kebab#4760 said: oh
Kebab#4760 said: bro
Kebab#4760 said: why
Kebab#4760 said: HAHA
Kebab#4760 said: intertaining
Kebab#4760 said: entertaining
Kebab#4760 said: shush
Kebab#4760 said: no i look at the convos
Kebab#4760 said: exactly
Kebab#4760 said: HAHAHA
bibble#4278 said: <@773461978890764299>
bibble#4278 said: what happened
Kebab#4760 said: i
Kebab#4760 said: joined
Kebab#4760 said: the
Kebab#4760 said: vc
bibble#4278 said: HAHAHAHAHAH
Kebab#4760 said: 2 people has covid
Kebab#4760 said: HAHAHA
Kebab#4760 said: THEY ARE SAYING MY NAME AS IN THE FOOD
Kebab#4760 said: HAHAHAHA
Kebab#4760 said: DINNER KEBAB
Kebab#4760 said: "I OVE KEBAB"
bibble#4278 said: HAHAHAHAAHHAAHAHAH
Kebab#4760 said: BRO
Kebab#4760 said: AHAHAHAHAHAHAHAHAHAH
vae#0809 said: HAHAHAHAHA
Kebab#4760 said: I LEFT
Kebab#4760 said: THEY
Kebab#4760 said: KEPT
Kebab#4760 said: REPEATING IT
Kebab#4760 said: HAHAHAHAHAHAHAHHAHA
Kebab#4760 said: 💀
Kebab#4760 said: ello
Kebab#4760 said: grape
Cypho#7807 said: ello
Cypho#7807 said: grape
bibble#4278 said: mr white
Kebab#4760 said: yow
Kebab#4760 said: wat
Kebab#4760 said: wat
bibble#4278 said: i need you to cook meth for me
Kebab#4760 said: sure
sndeesool#8381 said: :weedpepe:
Lyfe#5779 said: <a:weedpepe:884785910124773397>
