[Fri May 27 2022 21:46:16]Zs'jei#0779 said: md waifu
[Fri May 27 2022 21:46:54]Zs'jei#0779 said: md anime
[Fri May 27 2022 21:46:57]Zs'jei#0779 said: md animegirl
[Fri May 27 2022 23:17:04]Muxto#8483 said: md nsfwwaifu
[Fri May 27 2022 23:17:10]Muxto#8483 said: md nsfwwaifu
[Fri May 27 2022 23:17:20]Muxto#8483 said: md nsfwanimegirl
[Fri May 27 2022 23:27:48]Muxto#8483 said: md nsfwwaifu
[Fri May 27 2022 23:27:53]Muxto#8483 said: md nsfwwaifu
[Fri May 27 2022 23:28:02]Muxto#8483 said: md meme tits
[Fri May 27 2022 23:28:10]Muxto#8483 said: md delete 3
[Fri May 27 2022 23:28:17]Muxto#8483 said: md nsfwwaifu
[Fri May 27 2022 23:28:28]Muxto#8483 said: md nsfwwaifu
[Fri May 27 2022 23:28:29]Muxto#8483 said: md nsfwwaifu
[Fri May 27 2022 23:28:29]Muxto#8483 said: md nsfwwaifu
[Fri May 27 2022 23:28:48]Muxto#8483 said: md animewaifu
[Fri May 27 2022 23:28:55]Muxto#8483 said: md animewaifu
[Fri May 27 2022 23:28:57]Muxto#8483 said: md waifu
[Fri May 27 2022 23:28:59]Muxto#8483 said: md waifu
[Fri May 27 2022 23:29:53]Muxto#8483 said: md waifu
[Fri May 27 2022 23:29:56]Muxto#8483 said: md waifu
[Fri May 27 2022 23:29:57]Muxto#8483 said: md waifu
[Fri May 27 2022 23:30:00]Muxto#8483 said: md waifu
[Fri May 27 2022 23:30:03]Muxto#8483 said: md nsfwwaifu
[Fri May 27 2022 23:30:11]Muxto#8483 said: md nfswwaifu
[Fri May 27 2022 23:30:25]Muxto#8483 said: md delete 101
[Fri May 27 2022 23:30:32]Muxto#8483 said: md delete 100
[Fri May 27 2022 23:31:09]Muxto#8483 said: md waifu
[Fri May 27 2022 23:31:10]Muxto#8483 said: md waifu
[Fri May 27 2022 23:31:11]Muxto#8483 said: md waifu
[Fri May 27 2022 23:31:19]Muxto#8483 said: md animegirl
[Fri May 27 2022 23:31:19]Muxto#8483 said: md animegirl
[Fri May 27 2022 23:31:20]Muxto#8483 said: md animegirl
[Fri May 27 2022 23:31:20]Muxto#8483 said: md animegirl
[Fri May 27 2022 23:31:21]Muxto#8483 said: md animegirl
[Fri May 27 2022 23:31:22]Muxto#8483 said: md animegirl
[Fri May 27 2022 23:31:33]Muxto#8483 said: md animegirl
[Fri May 27 2022 23:31:35]Muxto#8483 said: md animegirl
[Fri May 27 2022 23:31:40]Muxto#8483 said: md waifu
[Fri May 27 2022 23:31:44]Muxto#8483 said: md waifu
[Fri May 27 2022 23:31:49]Muxto#8483 said: md nsfwanimegirls
[Fri May 27 2022 23:33:30]Muxto#8483 said: md nsfwwaifu
[Fri May 27 2022 23:33:31]Muxto#8483 said: md nsfwwaifu
[Fri May 27 2022 23:33:34]Muxto#8483 said: md nsfwwaifu
[Fri May 27 2022 23:33:41]Muxto#8483 said: md nsfwwaifu
[Fri May 27 2022 23:35:54]Muxto#8483 said: md nsfwwaifu
[Fri May 27 2022 23:35:56]Muxto#8483 said: md nsfwwaifu
[Fri May 27 2022 23:35:58]Muxto#8483 said: md nsfwwaifu
[Fri May 27 2022 23:35:59]Muxto#8483 said: md nsfwwaifu
[Fri May 27 2022 23:36:00]Muxto#8483 said: md nsfwwaifu
[Fri May 27 2022 23:36:01]Muxto#8483 said: md nsfwwaifu
[Fri May 27 2022 23:36:02]Muxto#8483 said: md nsfwwaifu
[Fri May 27 2022 23:36:11]Muxto#8483 said: md nsfwwaifu
[Fri May 27 2022 23:36:14]Muxto#8483 said: md nsfwwaifu
[Fri May 27 2022 23:36:22]Muxto#8483 said: md delete 100
[Fri May 27 2022 23:37:42]Muxto#8483 said: md nsfwwaifu
[Fri May 27 2022 23:37:46]Muxto#8483 said: md nsfwwaifu
[Fri May 27 2022 23:37:51]Muxto#8483 said: md nsfwwaifu
[Fri May 27 2022 23:37:53]Muxto#8483 said: md nsfwwaifu
[Fri May 27 2022 23:37:55]Muxto#8483 said: md nsfwwaifu
[Fri May 27 2022 23:38:04]Muxto#8483 said: md nfswwaifu
[Fri May 27 2022 23:38:06]Muxto#8483 said: md nfswwaifu
[Fri May 27 2022 23:38:10]Muxto#8483 said: md nfswwaifu
[Fri May 27 2022 23:38:15]Muxto#8483 said: md nfswwaifu
[Fri May 27 2022 23:38:23]Muxto#8483 said: md delete 100
[Fri May 27 2022 23:38:26]Muxto#8483 said: md waifu
[Fri May 27 2022 23:38:28]Muxto#8483 said: md waifu
[Fri May 27 2022 23:38:30]Muxto#8483 said: md waifu
[Fri May 27 2022 23:38:33]Muxto#8483 said: md waifu
[Fri May 27 2022 23:38:39]Muxto#8483 said: md waifu
[Fri May 27 2022 23:38:48]Muxto#8483 said: md anime
[Fri May 27 2022 23:38:57]Muxto#8483 said: md anime
[Fri May 27 2022 23:39:00]Muxto#8483 said: md animegirls
[Fri May 27 2022 23:39:12]Muxto#8483 said: md nsfwmeme animegirlsnsfw_
[Fri May 27 2022 23:39:52]Muxto#8483 said: md nsfwmeme animensfw_
[Fri May 27 2022 23:39:56]Muxto#8483 said: md nsfwmeme animensfw_
[Fri May 27 2022 23:40:00]Muxto#8483 said: md nsfwmeme animensfw_
[Fri May 27 2022 23:40:04]Muxto#8483 said: md nsfwmeme animensfw_
[Fri May 27 2022 23:40:07]Muxto#8483 said: md nsfwmeme animensfw_
[Fri May 27 2022 23:40:09]Muxto#8483 said: md nsfwmeme animensfw_
[Fri May 27 2022 23:40:17]Muxto#8483 said: md animegirl
[Fri May 27 2022 23:40:17]Muxto#8483 said: md animegirl
[Fri May 27 2022 23:40:18]Muxto#8483 said: md animegirl
[Fri May 27 2022 23:40:19]Muxto#8483 said: md animegirl
[Fri May 27 2022 23:40:19]Muxto#8483 said: md animegirl
[Fri May 27 2022 23:40:21]Muxto#8483 said: md animegirl
[Fri May 27 2022 23:40:21]Muxto#8483 said: md animegirl
[Fri May 27 2022 23:40:22]Muxto#8483 said: md animegirl
[Fri May 27 2022 23:40:22]Muxto#8483 said: md animegirl
[Fri May 27 2022 23:40:23]Muxto#8483 said: md animegirl
[Fri May 27 2022 23:40:27]Muxto#8483 said: md animegirl
[Fri May 27 2022 23:40:27]Muxto#8483 said: md animegirl
[Fri May 27 2022 23:40:28]Muxto#8483 said: md animegirl
[Sun May 29 2022 20:07:27]DMukto#8483 said: md waifu
[Sun May 29 2022 20:07:31]DMukto#8483 said: md waifu
[Sun May 29 2022 20:07:37]DMukto#8483 said: md waifu
[Sun May 29 2022 20:07:46]DMukto#8483 said: md waifu
[Sun May 29 2022 20:44:34]DMukto#8483 said: md waifu
[Sun May 29 2022 20:44:40]DMukto#8483 said: md waifu
[Sun May 29 2022 20:44:47]DMukto#8483 said: md waifu
[Sun May 29 2022 20:44:51]DMukto#8483 said: md waifu
[Sun May 29 2022 20:44:56]DMukto#8483 said: md waifu
[Sun May 29 2022 20:45:01]DMukto#8483 said: md waifu
[Sun May 29 2022 20:45:37]DMukto#8483 said: md waifu
[Sun May 29 2022 20:45:41]DMukto#8483 said: md waifu
[Sun May 29 2022 20:45:48]DMukto#8483 said: md waifu
[Sun May 29 2022 20:45:53]DMukto#8483 said: md waifu
[Sun May 29 2022 20:46:21]DMukto#8483 said: md waifu
[Sun May 29 2022 20:46:28]DMukto#8483 said: md waifu
[Sun May 29 2022 20:46:31]DMukto#8483 said: md waifu
[Sun May 29 2022 20:46:37]DMukto#8483 said: md waifu
[Sun May 29 2022 20:46:44]DMukto#8483 said: mdwaifu
[Sun May 29 2022 20:46:49]DMukto#8483 said: md waifu
[Mon May 30 2022 22:38:24]DMukto#8483 said: md reddit animegirlsfullynaked
[Mon May 30 2022 22:38:43]DMukto#8483 said: md reddit animegirlsfullynaked
[Mon May 30 2022 22:38:53]DMukto#8483 said: md delete 2
[Mon May 30 2022 22:38:56]DMukto#8483 said: md reddit animegirlsfullynaked
[Mon May 30 2022 22:39:00]DMukto#8483 said: md reddit animegirlsfullynaked
[Mon May 30 2022 22:39:17]DMukto#8483 said: md delete 3
[Mon May 30 2022 22:40:42]DMukto#8483 said: md delete 5
[Sat Jan 07 2023 17:50:07]Mukto#4394 said: md reddit dvansfw
[Sat Jan 07 2023 17:50:22]Mukto#4394 said: md reddit dvansfw
[Sat Jan 07 2023 17:50:40]Mukto#4394 said: md reddit dvansfw
[Sat Jan 07 2023 17:50:55]Mukto#4394 said: md delete 2
[Sat Jan 07 2023 17:51:05]Mukto#4394 said: md reddit dvansfw
[Sat Jan 07 2023 17:51:14]Mukto#4394 said: md delete 2
[Sat Jan 07 2023 17:51:21]Mukto#4394 said: md reddit dvansfw
[Sat Jan 07 2023 17:51:33]Mukto#4394 said: md reddit dvansfw
[Sat Jan 07 2023 17:51:44]Mukto#4394 said: md reddit dvansfw
[Sat Jan 07 2023 17:51:52]Mukto#4394 said: md delete 5
[Sat Jan 07 2023 17:52:00]Mukto#4394 said: md reddit dvansfw
[Sat Jan 07 2023 17:52:13]Mukto#4394 said: md delete 3
[Sat Jan 07 2023 17:52:24]Mukto#4394 said: md reddit dvansfw
[Sat Jan 07 2023 17:52:30]Mukto#4394 said: md delete 3
[Sat Jan 07 2023 17:52:40]Mukto#4394 said: md reddit dvansfw
[Sat Jan 07 2023 17:52:46]Mukto#4394 said: md delete 3
[Sat Jan 07 2023 17:52:52]Mukto#4394 said: md reddit dvansfw
[Sat Jan 07 2023 17:53:00]Mukto#4394 said: md delete 3
[Sat Jan 07 2023 17:53:05]Mukto#4394 said: md reddit dvansfw
[Sat Jan 07 2023 17:53:10]Mukto#4394 said: md delete 3
