Muxto#8483 said: oooooh, nice! 👍
MAC11#1641 said: what's this?
Muxto#8483 said: New bot in progress. This one has new features, such as 'buttons'!
MAC11#1641 said: ooo nice! 👍
Muxto#8483 said: thanks!
Muxto#8483 said: Been working since 2 pm on this
Muxto#8483 said: and now it's almost 10 pm
Muxto#8483 said: 8 hrs 🥴
MAC11#1641 said: Wow! that looks like a lot! but idk i am not trained in this matter XD
Muxto#8483 said: Kek
Muxto#8483 said: Kek
Muxto#8483 said: Heh heh
Muxto#8483 said: Heh heh
Muxto#8483 said: <@977262952354828308> watches everything 👁️
Muxto#8483 said: <@977262952354828308> watches everything 👁️
Muxto#8483 said: What's news?
Your Local Degenerate#5964 said: <@784119755111661569> you may not spy on our chats again ❎
Muxto#8483 said: I saw what you did, Hujayfa 🙂
Muxto#8483 said: Stupid <@757148419277193218> . You should've checked your DMs.
Muxto#8483 said: Now I won't help you anymore. Pick your own poison.
Your Local Degenerate#5964 said: yeah why do were you spying on our private chats?
Your Local Degenerate#5964 said: may i ask?
Marlizo Hamachi#9374 said: wtf is going on
Muxto#8483 said: Many bots do. You don't even notice. For my case, it was for analysis purposes and safety reasons, too.
I was expecting to find some predators. Instead, I found immature teens.
Your Local Degenerate#5964 said: what do you expect us to be?
Muxto#8483 said: don't dare to spill the beans to anyone else. Otherwise, I'm sending a copy of the entire chat to your homeroom teacher!
Muxto#8483 said: well-behaved little kids, perhaps?
Your Local Degenerate#5964 said: bruh
Your Local Degenerate#5964 said: you expect some angsty teens of this age to be well-behaved?
Muxto#8483 said: You were supposed to be innocent and pure, before the harsh reality hits you. But instead, you're all li'l grown ups.
Your Local Degenerate#5964 said: my friends already know
Muxto#8483 said: okay
Muxto#8483 said: good
Marlizo Hamachi#9374 said: ehhh??
Muxto#8483 said: now may I ask who told ya ? Was it <@757148419277193218> ?
Marlizo Hamachi#9374 said: Me yes?
Muxto#8483 said: or... better yet, how did you find out my bot was spying?
Muxto#8483 said: <@762610916851843072>
Your Local Degenerate#5964 said: your generation maybe like that but this is 2022 where all kids are are ppl like these
Muxto#8483 said: hmm... I see
Muxto#8483 said: oh well, I wouldn't care much
Marlizo Hamachi#9374 said: Bro u loterally shown it in dis server it scans the whole server
Your Local Degenerate#5964 said: my friend says that bot can see msgs
Your Local Degenerate#5964 said: and log them
Your Local Degenerate#5964 said: so i banned yiur bot
Muxto#8483 said: which friend?
Muxto#8483 said: <@757148419277193218> ?
Marlizo Hamachi#9374 said: no i didnt
Marlizo Hamachi#9374 said: Wtf
Your Local Degenerate#5964 said: my dev friend bruh
Your Local Degenerate#5964 said: duh
Muxto#8483 said: Shuvro, oh?
Muxto#8483 said: makes sense
Your Local Degenerate#5964 said: yeah
Your Local Degenerate#5964 said: his user is douma
Marlizo Hamachi#9374 said: coding ppl huh?
Marlizo Hamachi#9374 said: Wtf
Marlizo Hamachi#9374 said: How
Your Local Degenerate#5964 said: and he likes to touch pps a lot
Your Local Degenerate#5964 said: so please ignore him doig that
Your Local Degenerate#5964 said: and mahim has a very low tolerance level so it aint our fault he gets annoyed a lot
Your Local Degenerate#5964 said: ¯\_(ツ)_/¯
Marlizo Hamachi#9374 said: i gotta go.. Dis shit is rlly going weird
Your Local Degenerate#5964 said: i suggest you dont interfere
Marlizo Hamachi#9374 said: eh
Your Local Degenerate#5964 said: man you suck <@784119755111661569>
Your Local Degenerate#5964 said: you ruined the least toxic friendship extsing in this school rn
Your Local Degenerate#5964 said: like bruh
Marlizo Hamachi#9374 said: <@784119755111661569> ignore him
Muxto#8483 said: How so?
Marlizo Hamachi#9374 said: He's kinda acting crazy atm so watever he say rn
Muxto#8483 said: Lol
Marlizo Hamachi#9374 said: They r dramatic
Marlizo Hamachi#9374 said: More dramatic than i am
Marlizo Hamachi#9374 said: ;-;
Muxto#8483 said: Are there bombs blasting in the Gay Homies server or what?
Your Local Degenerate#5964 said: yes there is
Marlizo Hamachi#9374 said: Perhaps
Your Local Degenerate#5964 said: mahim betrayed all of us
Muxto#8483 said: Who's blaming who?
Your Local Degenerate#5964 said: why wouldnt there be hell
Marlizo Hamachi#9374 said: Me..
Muxto#8483 said: Actually, no.
Muxto#8483 said: Hujayfa invited the bot
Muxto#8483 said: So it's his fault
Marlizo Hamachi#9374 said: Actually its no1's fault ffs
Marlizo Hamachi#9374 said: Just stop
Muxto#8483 said: md amongus
Your Local Degenerate#5964 said: mahim blames me and veeyrone else that we give 0 shit abt him meanwhile we actually helped him in stduies and stuff but he straight up said he was gonna snitch on us
Your Local Degenerate#5964 said: and you created the bot
Your Local Degenerate#5964 said: so its your fault
Muxto#8483 said: Oh
Marlizo Hamachi#9374 said: 
Muxto#8483 said: You weren't supposed to use the bot
Marlizo Hamachi#9374 said: *imposter theme*
Your Local Degenerate#5964 said: mahim please stop sending cringe stuff
Marlizo Hamachi#9374 said: y not
Your Local Degenerate#5964 said: i guess my stay ends here then
Muxto#8483 said: Just like Mark Zuck steals everyone's info and still they blame hackers when the data gets stolen
Your Local Degenerate#5964 said: goodbye everyone.
Marlizo Hamachi#9374 said: https://tenor.com/view/colbert-popcorn-popcorn-stephen-colbert-eat-popcorn-popcorn2020-gif-16075618
Marlizo Hamachi#9374 said: Its a whole drama and i wanna wake up from dis stupid dream
Marlizo Hamachi#9374 said: Too sad its reality..
Muxto#8483 said: Let's vibe <@757148419277193218> 
Play some music
Marlizo Hamachi#9374 said: Nah i have a test tmrw i gotta study
Muxto#8483 said: Okay
Muxto#8483 said: So study
Marlizo Hamachi#9374 said: Also.. I didnt say "all" of u..
Marlizo Hamachi#9374 said: they never knw i dont actually snitch , i just use it as a method make every1 leave me alone in peace
Muxto#8483 said: very bad method
Marlizo Hamachi#9374 said: Wat can i do, they all annoy me
Marlizo Hamachi#9374 said: Except for a few
Muxto#8483 said: <@757148419277193218> New website!
https://muxworks.com/musicbot
Marlizo Hamachi#9374 said: Alr
Muxto#8483 said: send a sus/malicious link
Muxto#8483 said: see what happens
Marlizo Hamachi#9374 said: Wdym?
Marlizo Hamachi#9374 said: Tht website malicious??
Marlizo Hamachi#9374 said: Wat r u up to? Tryna be a malicious user now??
Muxto#8483 said: No, just for testing <@977262952354828308>
Muxto#8483 said: New feature that autodeletes unknown links
Marlizo Hamachi#9374 said: ohh
Muxto#8483 said: Lol
Marlizo Hamachi#9374 said: Stupid .e
Muxto#8483 said: If you cannot find any, just misspell a normal link
Muxto#8483 said: That's how most scam links work
Muxto#8483 said: They look very similar to the genuine ones
Marlizo Hamachi#9374 said: Also i rlly do realise tht ur whole batch is millennial, cuz today maimuna miss didnt understand wat "bussin" meant at first (we were doing an activity in our book which told us to list some slangs of our generations so we did) and then later we explained her wat it is and how to use it, later she tried for a sentence as well lol
Muxto#8483 said: Oh, lol
Muxto#8483 said: Anyways... Just type a link
Marlizo Hamachi#9374 said: Alr
Muxto#8483 said: Replace a letter
Muxto#8483 said: Misspell it
Marlizo Hamachi#9374 said: @🍱 New website!
https://muxwork.com/musicbot
Marlizo Hamachi#9374 said: Damn
Muxto#8483 said: See?
Muxto#8483 said: 😎
Marlizo Hamachi#9374 said: No more malicious user tryna send unknown links now yay
Muxto#8483 said: In this way, when someone gets hacked, they can't send any FREE Nitro links anymore
Muxto#8483 said: Because they often tag `everyone`
Muxto#8483 said: And spam in every channel
Marlizo Hamachi#9374 said: But ur bot does spy on servers which is both good(to track down malicious users) and bad(stop looking into ppl's private chats)
Marlizo Hamachi#9374 said: 😕
Muxto#8483 said: Not really. A bot is just like a user
Muxto#8483 said: It's the same as inviting me to a server
Muxto#8483 said: Lol
Muxto#8483 said: Nothing invasive or bad
Muxto#8483 said: About reading msgs
Muxto#8483 said: Discord themselves always track msgs. And even other bots do. But they don't expose it.
Marlizo Hamachi#9374 said: but u still do can read their private msgs(speaking of strangers ones mostly)
Muxto#8483 said: I'm honest and I tell exactly what my bot does.
Marlizo Hamachi#9374 said: Oh
Marlizo Hamachi#9374 said: Well thts good then
Muxto#8483 said: Not really. If they are true strangers, I wouldnt bother.
Marlizo Hamachi#9374 said: Wat if u wanted ur bot in Goldcode 😈
Marlizo Hamachi#9374 said: Nah forget it , they'd start a raid on u if they get to knw it spies
Muxto#8483 said: Nothing much. As long as they don't discuss about a terrorist project they're upto, I won't care.
Muxto#8483 said: My point is simple : Talk about dangerous things or things harmful to others, then I'll take action.
Marlizo Hamachi#9374 said: Lol they rnt like tht but r just some normal gang of bullies and toxic ppl
Muxto#8483 said: This is what a true "safety" bot is, anyway
Marlizo Hamachi#9374 said: Nah u wont do the action, u will just let the authority knw abt it, they'll handle tht, u dont take the action alr?
Marlizo Hamachi#9374 said: I think u've become a "fbi agent" or sth
Muxto#8483 said: Also... If someone doesn't know that I made the bot, dont tell them about it.
Marlizo Hamachi#9374 said: Aight
Marlizo Hamachi#9374 said: Just dont cause trouble or put urself into trouble, u gotta make sure u r safe as well
Marlizo Hamachi#9374 said: <@784119755111661569>
Marlizo Hamachi#9374 said: Also
Marlizo Hamachi#9374 said: Watched the new eps today alone
Marlizo Hamachi#9374 said: From ep5 to ep7
Marlizo Hamachi#9374 said: All tho i loved ep5 the most today for the cool castle scenes
Marlizo Hamachi#9374 said: With epik fighting angles
Marlizo Hamachi#9374 said: https://tenor.com/view/loid-forger-spy-x-family-spy-x-family-loid-loid-pfp-loid-gif-gif-25617158
Marlizo Hamachi#9374 said: boom
Muxto#8483 said: hmm
Muxto#8483 said: let's try again
Muxto#8483 said: ye
Muxto#8483 said: ooooh
Muxto#8483 said: md invite
[Fri May 27 2022 08:45:40]Muxto#8483 said: vadim blyat!
[Fri May 27 2022 08:45:47]Muxto#8483 said: Testing new feature
[Fri May 27 2022 08:45:52]Muxto#8483 said: lol
[Fri May 27 2022 08:49:10]Muxto#8483 said: <@757148419277193218> now generates invite links in the server it is in, if someone says certain words. For most cases, the link is ignored. But if there are toxic people, we can go ahead and have some fun 😎
[Fri May 27 2022 08:57:31]Marlizo Hamachi#9374 said: Alr
[Fri May 27 2022 08:57:39]Marlizo Hamachi#9374 said: Gonna test sth
[Fri May 27 2022 08:57:43]Marlizo Hamachi#9374 said: Shit
[Fri May 27 2022 08:58:08]Marlizo Hamachi#9374 said: I thought dis bot had swear word censorship system
[Fri May 27 2022 08:58:25]Muxto#8483 said: there's no anti profanity system yet
[Fri May 27 2022 08:58:26]Muxto#8483 said: but.......
[Fri May 27 2022 08:58:49]Muxto#8483 said: that's one of those keywords that generates an invite to investigate
[Fri May 27 2022 08:59:05]Marlizo Hamachi#9374 said: Alr
[Fri May 27 2022 09:58:56]Muxto#8483 said: Lol. It worked
[Fri May 27 2022 09:59:10]Muxto#8483 said: i entered a truly random server from Malaysia or something
[Fri May 27 2022 09:59:17]Muxto#8483 said: but luckily they seemed friendly
[Fri May 27 2022 09:59:27]Muxto#8483 said: the reason I got the invite link was because I wanted to!
[Fri May 27 2022 09:59:33]Muxto#8483 said: Not because they were toxic
[Fri May 27 2022 09:59:35]Muxto#8483 said: 🤣
[Fri May 27 2022 10:01:11]Marlizo Hamachi#9374 said: malaysians r frndly ofc
[Fri May 27 2022 10:01:19]Marlizo Hamachi#9374 said: Lol wat did u expect
[Fri May 27 2022 10:03:54]Muxto#8483 said: the evidence says otherwise
[Fri May 27 2022 10:04:17]Muxto#8483 said: but anyways, that was the past
[Fri May 27 2022 10:04:22]Muxto#8483 said: now, they seemed OK
[Fri May 27 2022 10:31:04]Marlizo Hamachi#9374 said: Even frndly ppl do sometime curse becoz they r frustrated lmao 🤣
[Fri May 27 2022 15:25:16]XLS氣Oceløtシ#5964 said: bro they bullied me hardcore for simping 😭
[Fri May 27 2022 15:26:38]Marlizo Hamachi#9374 said: https://tenor.com/view/madara-using-sharingan-who-tf-gif-22218333
[Fri May 27 2022 15:27:20]XLS氣Oceløtシ#5964 said: inapporpirate usage of "who asked"
[Fri May 27 2022 15:27:42]Marlizo Hamachi#9374 said: didnt ask again
[Fri May 27 2022 15:27:44]Marlizo Hamachi#9374 said: heh
[Fri May 27 2022 15:27:50]Marlizo Hamachi#9374 said: Sksjskskdkdj
[Fri May 27 2022 15:28:04]XLS氣Oceløtシ#5964 said: bro twitter langauge kidna cringe nowadys
[Fri May 27 2022 15:28:08]XLS氣Oceløtシ#5964 said: dont use em
[Fri May 27 2022 15:29:21]Marlizo Hamachi#9374 said: Ohhhhh OHHHHHHH
[Fri May 27 2022 15:29:27]Marlizo Hamachi#9374 said: ok
[Fri May 27 2022 15:29:30]Marlizo Hamachi#9374 said: :P
[Fri May 27 2022 22:22:51]Muxto#8483 said: check <#979871028425658448> <@757148419277193218>
[Sat May 28 2022 10:22:11]Marlizo Hamachi#9374 said: <@784119755111661569> wait here for a few mins, i'll be back after prayer
[Sat May 28 2022 10:23:59]Muxto#8483 said: 🆗
[Sat May 28 2022 10:36:54]Marlizo Hamachi#9374 said: <@784119755111661569> <@784119755111661569> gibibibiibibibi
[Sat May 28 2022 10:36:57]Marlizo Hamachi#9374 said: giv link
[Sat May 28 2022 10:37:00]Marlizo Hamachi#9374 said: gibb link
[Sat May 28 2022 10:37:02]Marlizo Hamachi#9374 said: quiccc
[Sat May 28 2022 10:37:07]Muxto#8483 said: what link?
[Sat May 28 2022 10:37:10]Muxto#8483 said: anime?
[Sat May 28 2022 10:37:13]Marlizo Hamachi#9374 said: zoom link
[Sat May 28 2022 10:37:18]Muxto#8483 said: zoom? oh
[Sat May 28 2022 10:37:26]Marlizo Hamachi#9374 said: ik wat website duh
[Sat May 28 2022 10:39:07]Marlizo Hamachi#9374 said: where link :0
[Sat May 28 2022 10:39:13]Muxto#8483 said: https://us05web.zoom.us/j/3298191644?pwd=M3hsanBOMEl3VkJnRlVueUhBTjdPZz09
[Sat May 28 2022 10:39:19]Marlizo Hamachi#9374 said: lmfaoooo
[Sat May 28 2022 10:39:25]Marlizo Hamachi#9374 said: send in dm
[Sat May 28 2022 10:39:29]Muxto#8483 said: just copy-paste it
[Sat May 28 2022 10:39:43]Marlizo Hamachi#9374 said: alr
[Sat May 28 2022 11:04:15]Marlizo Hamachi#9374 said: ???
[Sat May 28 2022 11:10:55]Muxto#8483 said: https://dewal.bubbleapps.io/instantroom
[Sat May 28 2022 11:20:19]Muxto#8483 said: use same link
[Sat May 28 2022 11:20:21]Muxto#8483 said: <@757148419277193218>
[Sun May 29 2022 00:18:43]DMukto#8483 said: <@757148419277193218> check the <#979871028425658448>
[Sun May 29 2022 01:44:19]MAC11#1641 said: does this happen with every link
[Sun May 29 2022 05:29:06]XLS氣Oceløtシ#5964 said: i guess si
[Sun May 29 2022 05:29:07]XLS氣Oceløtシ#5964 said: so
[Sun May 29 2022 08:35:25]DMukto#8483 said: no, no. It doesn't happen with the most trusted websites
[Sun May 29 2022 10:27:48]Marlizo Hamachi#9374 said: <@784119755111661569> yo, send zoom link and les watch ep 8
[Sun May 29 2022 10:28:00]DMukto#8483 said: okay
[Sun May 29 2022 10:28:15]DMukto#8483 said: md bal
[Sun May 29 2022 10:28:38]DMukto#8483 said: md beg
[Sun May 29 2022 10:28:40]DMukto#8483 said: md bal
[Sun May 29 2022 10:28:45]Marlizo Hamachi#9374 said: after ep 8, les watch yesterday's komi 2nd season episodes
[Sun May 29 2022 10:28:55]DMukto#8483 said: became a beggar 🤣
[Sun May 29 2022 10:29:14]Marlizo Hamachi#9374 said: beggar best job in da world  ah yes
[Sun May 29 2022 10:29:18]DMukto#8483 said: no
[Sun May 29 2022 10:29:31]Marlizo Hamachi#9374 said: being sarcastic
[Sun May 29 2022 10:29:33]DMukto#8483 said: for <@977262952354828308> there are chances you'll be unlucky
[Sun May 29 2022 10:29:41]DMukto#8483 said: also chances you'll be very lucky
[Sun May 29 2022 10:29:48]Marlizo Hamachi#9374 said: just send da zoom link now
[Sun May 29 2022 10:29:54]Marlizo Hamachi#9374 said: les watch the ep 8
[Sun May 29 2022 10:30:02]DMukto#8483 said: 😤 ✊  I'll defeat DankMemer and all other bots!
[Sun May 29 2022 10:30:06]Marlizo Hamachi#9374 said: then we'll watch komi episodes
[Sun May 29 2022 10:30:08]DMukto#8483 said: take it from above
[Sun May 29 2022 10:30:19]DMukto#8483 said: 📌
[Sun May 29 2022 10:30:20]Marlizo Hamachi#9374 said: where link
[Sun May 29 2022 10:30:31]Marlizo Hamachi#9374 said: alr
[Sun May 29 2022 11:03:31]DMukto#8483 said: I'll just work on my bots now
[Sun May 29 2022 11:06:25]Marlizo Hamachi#9374 said: sure
[Sun May 29 2022 11:39:07]DMukto#8483 said: md steal <@757148419277193218>
[Mon May 30 2022 09:24:06]DMukto#8483 said: <@757148419277193218> Mahimjada!
[Mon May 30 2022 09:24:14]DMukto#8483 said: Get on Discord already!
[Mon May 30 2022 09:56:24]XLS氣Oceløtシ#5964 said: nibber's on a strict schedule
[Mon May 30 2022 09:56:38]XLS氣Oceløtシ#5964 said: so he aint ver active
[Mon May 30 2022 09:56:49]DMukto#8483 said: hmmm
[Mon May 30 2022 09:57:04]DMukto#8483 said: anyways... you can check the new stuff out in <#979871028425658448>
[Mon May 30 2022 12:00:46]XLS氣Oceløtシ#5964 said: h
[Mon May 30 2022 12:36:19]Marlizo Hamachi#9374 said: Was napping for a good ol' 3 hr
[Mon May 30 2022 12:36:27]Marlizo Hamachi#9374 said: Alr
[Mon May 30 2022 12:36:30]Marlizo Hamachi#9374 said: Wats up
[Mon May 30 2022 12:36:36]Marlizo Hamachi#9374 said: Wat u need <@784119755111661569>
[Mon May 30 2022 12:37:18]Marlizo Hamachi#9374 said: <@784119755111661569> also gotta tell u sth in dm
[Tue May 31 2022 05:33:45]XLS氣Oceløtシ#5964 said: ok nahhh <@757148419277193218> has gone too far im leaving fr this time bye
[Tue May 31 2022 07:32:22]Marlizo Hamachi#9374 said: -_-
[Tue May 31 2022 08:25:29]Marlizo Hamachi#9374 said: https://tenor.com/view/yes-very-sad-anyway-loki-sad-loki-gif-22079369
[Tue May 31 2022 12:46:00]Abigail_Heisie_#3489 said: cringe gif
[Tue May 31 2022 12:54:56]Marlizo Hamachi#9374 said: he still here i knew it! HA!
[Tue May 31 2022 12:55:48]Marlizo Hamachi#9374 said: Ok now he left with da alts as well  :|
[Tue May 31 2022 12:55:51]Marlizo Hamachi#9374 said: meh
[Tue May 31 2022 13:18:31]DMukto#8483 said: md kick <@&873214841366667324>
[Tue May 31 2022 23:24:25]DMukto#8483 said: <@757148419277193218> new website! https://muxworks.com/discordbot
[Tue May 31 2022 23:24:30]DMukto#8483 said: take a look 👍
[Thu Jun 02 2022 06:29:30]DMukto#8483 said: the heck?
[Thu Jun 02 2022 08:49:50]DMukto#8483 said: <@757148419277193218> oi
[Thu Jun 02 2022 08:49:53]DMukto#8483 said: you there?
[Sun Jun 05 2022 10:35:01]Marlizo Hamachi#9374 said: 29th june
[Sun Jun 05 2022 11:11:16]DMukto#8483 said: oh, okay
[Sun Jun 05 2022 12:32:04]Marlizo Hamachi#9374 said: <@784119755111661569> who was ur math teacher in class 8?
[Sun Jun 05 2022 12:47:10]DMukto#8483 said: Tuli Miss 💀
[Sun Jun 05 2022 12:47:30]Marlizo Hamachi#9374 said: Bro 💀
[Sun Jun 05 2022 12:47:42]Marlizo Hamachi#9374 said: Im dead..
[Sun Jun 05 2022 12:47:50]Marlizo Hamachi#9374 said: I fear tuli miss greatly
[Sun Jun 05 2022 12:48:29]Marlizo Hamachi#9374 said: Now if i pass to class 8... I at least dont want to go to a teacher's coaching tht i fear
[Sun Jun 05 2022 12:48:41]Marlizo Hamachi#9374 said: 💀 💀 💀
[Sun Jun 05 2022 12:49:23]Marlizo Hamachi#9374 said: Anyways , me bumping into multiverses and joining other animes
[Tue Jun 21 2022 16:02:56]MarliMarl#9374 said: Wot
[Tue Jun 21 2022 16:03:03]MarliMarl#9374 said: Sry i was offline
[Tue Jun 21 2022 16:03:14]MarliMarl#9374 said: Even tho i am invisible
[Tue Jun 21 2022 16:03:56]MarliMarl#9374 said: Was working on dis art
[Tue Jun 21 2022 16:04:09]MarliMarl#9374 said: <@784119755111661569> <@784119755111661569> <@784119755111661569>
[Tue Jun 21 2022 16:04:24]MarliMarl#9374 said: Goddamn where da hell r u when im online
[Tue Jun 21 2022 16:06:03]MarliMarl#9374 said: And here's pop styled version of it
[Tue Jun 21 2022 16:10:05]DMukto#8483 said: Okeee good
[Tue Jun 21 2022 16:10:30]DMukto#8483 said: Nothing much. Just wanted to show ya how the screenmirror thing worked
[Tue Jun 21 2022 16:11:04]DMukto#8483 said: I was screensharing the window from my laptop which was screenmirroring my phone
[Wed Jun 22 2022 01:08:00]DMukto#8483 said: <@523963627913478184>
[Sun Aug 21 2022 00:12:05]DewanMukto#8815 said: I wish MCPE had multiplayer like the PC one
[Sun Aug 21 2022 00:12:19]DewanMukto#8815 said: I remember you used to play Bed Wars on the PC one last year
[Tue Sep 06 2022 15:13:07]DewanMukto#8815 said: Okay
[Tue Oct 04 2022 21:15:51]DewanMukto#8815 said: Chad coder
[Tue Oct 04 2022 21:15:54]DewanMukto#8815 said: <@757148419277193218>
[Tue Oct 04 2022 21:15:56]DewanMukto#8815 said: Lol
[Tue Oct 04 2022 21:16:27]DewanMukto#8815 said: Not based on my pic this time. I just typed "gigachad holding laptop with one hand, wearing cool sunglasses"
[Tue Oct 04 2022 21:23:29]DewanMukto#8815 said: there's another one, though, which makes me look like some macho GTA 5 character 🥴
[Sat Oct 08 2022 22:18:38]DewanMukto#8815 said: Yo <@757148419277193218>
[Sat Oct 08 2022 22:23:16]DewanMukto#8815 said: also remember this?
[Sun Oct 09 2022 16:39:23]DewanMukto#8815 said: not exactly.... but you can say they 'saw' me
[Sun Oct 09 2022 16:39:30]DewanMukto#8815 said: md whois <@531811739746959360>
[Sun Oct 09 2022 16:39:59]DewanMukto#8815 said: <@757148419277193218> new pfp. A.I. generated to fit my red hoodie.
[Sun Oct 09 2022 16:40:18]DewanMukto#8815 said: I also made a new 'wordmark' logo with my name as a brand
[Sun Oct 09 2022 16:40:30]DewanMukto#8815 said: And this one was edited to look like its made of diamond and emerald
[Sun Oct 09 2022 23:06:10]DewanMukto#8815 said: <@729002593665417237> you once told me something about Milo Murphy. 🤔 What was it?
[Sun Oct 09 2022 23:06:22]DewanMukto#8815 said: whoops... wrong tag 😅 sorry
[Sun Oct 09 2022 23:06:42]DewanMukto#8815 said: <@757148419277193218> you once told me something about Milo Murphy. 🤔 What was it?
