[Wed Oct 05 2022 01:31:16]DewanMukto#8815 said: hmmm 🤔
[Wed Oct 05 2022 01:31:21]DewanMukto#8815 said: md delete 100
[Wed Oct 05 2022 01:31:27]DewanMukto#8815 said: md delete 99
[Wed Oct 05 2022 01:31:36]DewanMukto#8815 said: md delete 44
[Wed Oct 05 2022 01:31:43]DewanMukto#8815 said: md delete 50
[Wed Oct 05 2022 01:31:49]DewanMukto#8815 said: md delete 49
[Wed Oct 05 2022 01:31:54]DewanMukto#8815 said: md delete 44
[Wed Oct 05 2022 01:32:02]DewanMukto#8815 said: md delete 44
[Wed Oct 05 2022 01:32:03]DewanMukto#8815 said: md delete 44
[Wed Oct 05 2022 01:32:03]DewanMukto#8815 said: md delete 44
[Wed Oct 05 2022 01:32:03]DewanMukto#8815 said: md delete 44
[Wed Oct 05 2022 01:32:04]DewanMukto#8815 said: md delete 44
[Wed Oct 05 2022 01:32:04]DewanMukto#8815 said: md delete 44
[Wed Oct 05 2022 01:32:04]DewanMukto#8815 said: md delete 44
[Wed Oct 05 2022 01:32:12]DewanMukto#8815 said: md delete 44
[Wed Oct 05 2022 01:32:20]DewanMukto#8815 said: md delete 44
[Wed Oct 05 2022 01:32:28]DewanMukto#8815 said: md delete 44
[Wed Oct 05 2022 01:32:36]DewanMukto#8815 said: md delete 12
[Wed Oct 05 2022 01:32:51]DewanMukto#8815 said: md delete 2
[Wed Oct 05 2022 01:32:56]DewanMukto#8815 said: md delete 8
[Wed Oct 05 2022 01:33:02]DewanMukto#8815 said: md delete 16
[Wed Oct 05 2022 01:33:07]DewanMukto#8815 said: md delete 32
[Wed Oct 05 2022 01:33:19]DewanMukto#8815 said: heh heh heh 😎
[Thu Oct 06 2022 21:06:13]! Phoenix#1608 said: I mean you dont need to
[Thu Oct 06 2022 21:06:36]! Phoenix#1608 said: Oy why am I purple
