Muxto#8483 said: Wait a minute..... 🤔 I think you invited the wrong bot. 🥴
Muxto#8483 said: This was the latest link
Muxto#8483 said: Lol
! Phoenix#1608 said: theres 2 bots
! Phoenix#1608 said: 💀
Reshildship127#3113 said: lol
Muxto#8483 said: Yeah. <@977262952354828308> is gonna split. The audio features will move to the respective "new" bot.
Muxto#8483 said: 'cause music drains a lot of bandwidth and memory.
Muxto#8483 said: So I figured I can keep 'em separate.
! Phoenix#1608 said: ah
Muxto#8483 said: Need more? 💀
Muxto#8483 said: I can help you with <@811588043877908480>
Muxto#8483 said: md help
! Phoenix#1608 said: nah its basically scrapped
Muxto#8483 said: Lol. I could've help you with it. 😅
Muxto#8483 said: Anyways... here's a vid. Maybe it'll inspire you to invite the new bot!
https://www.youtube.com/watch?v=XDLdRamo_G8
Muxto#8483 said: and no need to kick <@977262952354828308> out either. Keep both bots.
I've gonna add some security and safety features to Dolly, such as auto-deleting any malicious links.
Muxto#8483 said: p!help
Muxto#8483 said: It says `more features on the way` in the footer 💀
Muxto#8483 said: p!snipe <@977262952354828308>
Muxto#8483 said: p!meme
Muxto#8483 said: p!poll
Muxto#8483 said: p!poll test
Muxto#8483 said: Nice. Atleast you had some good and useful features on your bot.
! Phoenix#1608 said: ye
Muxto#8483 said: md amongus
Muxto#8483 said: Heh heh
[Sat May 28 2022 23:57:03]Muxto#8483 said: md balance
[Sat May 28 2022 23:57:11]Tec M BACKUP#3420 said: The
[Sat May 28 2022 23:57:12]Muxto#8483 said: anyone want DayCoins ? 😎
[Sat May 28 2022 23:57:22]Muxto#8483 said: type `md balance`
[Sat May 28 2022 23:57:31]Tec M BACKUP#3420 said: Ok?
[Sat May 28 2022 23:57:38]Tec M BACKUP#3420 said: md balance
[Sat May 28 2022 23:57:41]Muxto#8483 said: md transfer 200 <@843549307415035925>
[Sat May 28 2022 23:57:50]Muxto#8483 said: there ya go! some starter fund
[Sat May 28 2022 23:57:50]Tec M BACKUP#3420 said: What
[Sat May 28 2022 23:57:56]Muxto#8483 said: check your balance now
[Sat May 28 2022 23:58:01]Tec M BACKUP#3420 said: md transfer 200 <@784119755111661569>
[Sat May 28 2022 23:58:04]Tec M BACKUP#3420 said: Hehe
[Sat May 28 2022 23:58:06]Muxto#8483 said: no, lol
[Sat May 28 2022 23:58:12]Muxto#8483 said: md transfer 200
[Sat May 28 2022 23:58:15]Muxto#8483 said: oh wait
[Sat May 28 2022 23:58:22]Muxto#8483 said: md transfer 2000 <@843549307415035925>
[Sat May 28 2022 23:58:29]Muxto#8483 said: just check your balance
[Sat May 28 2022 23:58:33]Muxto#8483 said: I'll do something else
[Sat May 28 2022 23:58:37]Tec M BACKUP#3420 said: Fine
[Sat May 28 2022 23:58:44]Tec M BACKUP#3420 said: md balance
[Sat May 28 2022 23:58:45]Muxto#8483 said: good
[Sat May 28 2022 23:58:47]Muxto#8483 said: now...
[Sat May 28 2022 23:58:50]Muxto#8483 said: md steal <@843549307415035925>
[Sat May 28 2022 23:58:54]Muxto#8483 said: heh heh
[Sat May 28 2022 23:58:56]Muxto#8483 said: md steal <@843549307415035925>
[Sat May 28 2022 23:59:00]Muxto#8483 said: md bal
[Sat May 28 2022 23:59:03]Muxto#8483 said: 😎
[Sat May 28 2022 23:59:10]Tec M BACKUP#3420 said: Calculating---
[Sat May 28 2022 23:59:16]Muxto#8483 said: have you ever used bots like this?
[Sat May 28 2022 23:59:24]Muxto#8483 said: DankMemer and OwObot are examples
[Sat May 28 2022 23:59:31]Muxto#8483 said: where you have currency and accounts
[Sat May 28 2022 23:59:38]Tec M BACKUP#3420 said: 200 - 89 = obama
[Sat May 28 2022 23:59:38]Muxto#8483 said: md steal <@843549307415035925>
[Sat May 28 2022 23:59:45]Muxto#8483 said: md steal <@843549307415035925>
[Sat May 28 2022 23:59:52]Muxto#8483 said: md steal <@843549307415035925>
[Sat May 28 2022 23:59:55]Muxto#8483 said: md bal
[Sun May 29 2022 00:00:00]Tec M BACKUP#3420 said: md steal <@784119755111661569>
[Sun May 29 2022 00:00:03]Tec M BACKUP#3420 said: md steal <@784119755111661569>
[Sun May 29 2022 00:00:04]Muxto#8483 said: heh heh
[Sun May 29 2022 00:00:07]Tec M BACKUP#3420 said: Ok
[Sun May 29 2022 00:00:11]Muxto#8483 said: you need to buy equipment
[Sun May 29 2022 00:00:16]Tec M BACKUP#3420 said: khmmm
[Sun May 29 2022 00:00:22]Muxto#8483 said: sadly, the 'shop' feature hasn't been set up yet
[Sun May 29 2022 00:00:22]Tec M BACKUP#3420 said: md help
[Sun May 29 2022 00:00:24]Muxto#8483 said: tomorrow I'll
[Sun May 29 2022 00:00:40]Muxto#8483 said: md meme
[Sun May 29 2022 00:00:45]Muxto#8483 said: md meme
[Sun May 29 2022 00:00:49]Muxto#8483 said: md anime
[Sun May 29 2022 00:00:58]Muxto#8483 said: md meme mildlyinteresting
[Sun May 29 2022 00:01:02]Tec M BACKUP#3420 said: md currency help
[Sun May 29 2022 00:01:08]Muxto#8483 said: md help currency
[Sun May 29 2022 00:01:09]Tec M BACKUP#3420 said: If thats a command
[Sun May 29 2022 00:01:14]Muxto#8483 said: not yet
[Sun May 29 2022 00:01:18]Muxto#8483 said: md help createacc
[Sun May 29 2022 00:01:36]Tec M BACKUP#3420 said: Trees
[Sun May 29 2022 00:01:49]Muxto#8483 said: md meme trees
[Sun May 29 2022 00:01:59]Muxto#8483 said: md authinfo
[Sun May 29 2022 00:02:01]Tec M BACKUP#3420 said: md transfer 512 <@784119755111661569>
[Sun May 29 2022 00:02:05]Tec M BACKUP#3420 said: Didnt see that comming
[Sun May 29 2022 00:02:06]Muxto#8483 said: md balance
[Sun May 29 2022 00:02:11]Tec M BACKUP#3420 said: XD
[Sun May 29 2022 00:02:13]Muxto#8483 said: thanks... 👍
[Sun May 29 2022 00:02:21]Muxto#8483 said: I'll add more services which you can use those coins for
[Sun May 29 2022 00:02:28]Muxto#8483 said: 🤔
[Sun May 29 2022 00:02:34]Muxto#8483 said: I wonder what kind
[Sun May 29 2022 00:02:41]Tec M BACKUP#3420 said: 2 + 2 = 21
[Sun May 29 2022 00:02:44]Muxto#8483 said: md waifu
[Sun May 29 2022 00:03:23]Tec M BACKUP#3420 said: Trees
[Sun May 29 2022 00:03:59]Tec M BACKUP#3420 said: Wait what did help say again
[Sun May 29 2022 00:04:04]Tec M BACKUP#3420 said: md help
[Sun May 29 2022 00:04:29]Tec M BACKUP#3420 said: md amongus
[Sun May 29 2022 00:04:33]Tec M BACKUP#3420 said: AAAA
[Sun May 29 2022 00:04:53]Tec M BACKUP#3420 said: Ive been haunted for 69 days now 😨
[Sun May 29 2022 00:06:21]Tec M BACKUP#3420 said: Lets look at pictures of epik cat
[Sun May 29 2022 00:06:24]Tec M BACKUP#3420 said: md cat
[Sun May 29 2022 00:06:37]Tec M BACKUP#3420 said: That aint a cat
[Sun May 29 2022 00:06:40]Tec M BACKUP#3420 said: md cat
[Sun May 29 2022 00:06:51]Tec M BACKUP#3420 said: Tis cat
[Sun May 29 2022 00:07:30]DMukto#8483 said: md cars
[Sun May 29 2022 00:07:36]DMukto#8483 said: md cars
[Sun May 29 2022 00:07:43]DMukto#8483 said: md delete 4
[Sun May 29 2022 00:07:48]DMukto#8483 said: md car
[Sun May 29 2022 00:07:55]DMukto#8483 said: md delete 3
[Sun May 29 2022 00:07:56]DMukto#8483 said: md car
[Sun May 29 2022 00:08:02]Tec M BACKUP#3420 said: Vroom?
[Sun May 29 2022 00:08:18]DMukto#8483 said: yeah, basically whatever people would type similar to the main keyword 🤣
[Sun May 29 2022 00:08:36]DMukto#8483 said: `md vroom = md car = md cars`
I assume you already know how aliases work
[Sun May 29 2022 00:08:37]Tec M BACKUP#3420 said: Ok now lets see random goku scenes or smt idk idk what md has on anime
[Sun May 29 2022 00:08:42]Tec M BACKUP#3420 said: md anime
[Sun May 29 2022 00:08:46]DMukto#8483 said: md anime
[Sun May 29 2022 00:08:50]Tec M BACKUP#3420 said: Ok its elsa
[Sun May 29 2022 00:08:54]DMukto#8483 said: md delete 3
[Sun May 29 2022 00:08:57]Tec M BACKUP#3420 said: And a hoodie i think
[Sun May 29 2022 00:09:04]Tec M BACKUP#3420 said: YO ITS ELSA
[Sun May 29 2022 00:09:30]DMukto#8483 said: I'll add a feature that lets you save images/memes/GIFs to your acc via DMs
[Sun May 29 2022 00:09:43]DMukto#8483 said: https://muxworks.com/musicbot
[Sun May 29 2022 00:09:48]DMukto#8483 said: also check out my website
[Sun May 29 2022 00:09:51]DMukto#8483 said: for the other bot
[Sun May 29 2022 00:09:54]Tec M BACKUP#3420 said: Cloud service but in dms somehow
[Sun May 29 2022 00:10:07]Tec M BACKUP#3420 said: Unlimited power
[Sun May 29 2022 00:10:11]DMukto#8483 said: 'cause that's the most convenient way of Discord storage
[Sun May 29 2022 00:10:16]DMukto#8483 said: lol
[Sun May 29 2022 00:10:24]DMukto#8483 said: so.... you're into tech as well, I see
[Sun May 29 2022 00:10:26]Tec M BACKUP#3420 said: Wqit you made all this
[Sun May 29 2022 00:10:30]DMukto#8483 said: Yep
[Sun May 29 2022 00:10:30]! Phoenix#1608 said: wh
[Sun May 29 2022 00:10:42]Tec M BACKUP#3420 said: Hello human
[Sun May 29 2022 00:10:51]DMukto#8483 said: Why else would I be spamming it up so much in the last few days? 🤣
[Sun May 29 2022 00:11:05]DMukto#8483 said: heh heh... anyways... it's midnight at my place so I'm signing off for tonight
[Sun May 29 2022 00:11:08]DMukto#8483 said: but no worries...
[Sun May 29 2022 00:11:14]DMukto#8483 said: my bots will be awake
[Sun May 29 2022 00:11:16]DMukto#8483 said: md botinfo
[Sun May 29 2022 00:11:16]Tec M BACKUP#3420 said: Trees
[Sun May 29 2022 00:11:30]DMukto#8483 said: it's currently running in a virtual machine inside my laptop
[Sun May 29 2022 00:11:36]Tec M BACKUP#3420 said: Nice
[Sun May 29 2022 00:11:49]Tec M BACKUP#3420 said: Vmware or oracle
[Sun May 29 2022 00:11:58]! Phoenix#1608 said: 💀
[Sun May 29 2022 00:12:01]DMukto#8483 said: oracle
[Sun May 29 2022 00:12:04]DMukto#8483 said: ubuntu
[Sun May 29 2022 00:12:09]Tec M BACKUP#3420 said: Or the one no one but eveeyone knows
Q e m u
[Sun May 29 2022 00:12:38]DMukto#8483 said: na, definitely not qemu
[Sun May 29 2022 00:13:20]DMukto#8483 said: anyways, buddy. A pleasure meeting ya. But sadly, I gotta go now
[Sun May 29 2022 00:13:24]DMukto#8483 said: 👋
[Sun May 29 2022 00:13:26]DMukto#8483 said: tomorrow!
[Sun May 29 2022 00:13:27]Tec M BACKUP#3420 said: Bye
[Sun May 29 2022 00:13:29]Tec M BACKUP#3420 said: See you in
[Sun May 29 2022 00:13:35]Tec M BACKUP#3420 said: Shut up
[Sun May 29 2022 00:13:44]DMukto#8483 said: md delete 5
[Sun May 29 2022 00:15:44]Tec M BACKUP#3420 said: google.com

How to grill air
[Sun May 29 2022 00:16:08]Tec M BACKUP#3420 said: **You dont**
Why grill air when you cant
[Sun May 29 2022 00:17:28]Tec M BACKUP#3420 said: Hmm imma see if i can find epik tree meme
[Sun May 29 2022 00:17:34]Tec M BACKUP#3420 said: md meme trees
[Sun May 29 2022 00:18:04]Tec M BACKUP#3420 said: Such inspiration to tree a tree
[Sun May 29 2022 00:19:16]Tec M BACKUP#3420 said: md meme obama
[Sun May 29 2022 00:19:38]Tec M BACKUP#3420 said: Dont think it likes obama or it died tomorrow
[Sun May 29 2022 00:19:52]Tec M BACKUP#3420 said: md amongus
[Sun May 29 2022 00:19:55]Tec M BACKUP#3420 said: AAA
[Sun May 29 2022 00:20:07]Tec M BACKUP#3420 said: md help
[Sun May 29 2022 00:20:31]Tec M BACKUP#3420 said: md automobiles
[Sun May 29 2022 00:20:52]Tec M BACKUP#3420 said: Lets see if he did the thing thing thing
[Sun May 29 2022 00:21:00]Tec M BACKUP#3420 said: md automobile toyota
[Sun May 29 2022 00:21:17]Tec M BACKUP#3420 said: Wow
[Sun May 29 2022 00:21:42]Tec M BACKUP#3420 said: Ok lets try another brand name
[Sun May 29 2022 00:21:48]Tec M BACKUP#3420 said: And confuse it
[Sun May 29 2022 00:21:58]Tec M BACKUP#3420 said: md automobile cheeze
[Sun May 29 2022 00:22:02]DMukto#8483 said: actually
[Sun May 29 2022 00:22:19]Tec M BACKUP#3420 said: Cheeze car 😳
[Sun May 29 2022 00:22:22]DMukto#8483 said: `md automobiles` just fetches images from a fixed array of subreddit
[Sun May 29 2022 00:22:37]DMukto#8483 said: if you want custom images, use `md meme <subreddit>`
[Sun May 29 2022 00:22:40]DMukto#8483 said: like :
[Sun May 29 2022 00:22:45]DMukto#8483 said: md meme genshinimpact
[Sun May 29 2022 00:22:51]DMukto#8483 said: md meme genshinimpactmemes
[Sun May 29 2022 00:22:52]Tec M BACKUP#3420 said: Epik
[Sun May 29 2022 00:22:57]DMukto#8483 said: md meme toyota
[Sun May 29 2022 00:23:01]DMukto#8483 said: md meme lamborghini
[Sun May 29 2022 00:23:02]Tec M BACKUP#3420 said: md meme Luigikid
[Sun May 29 2022 00:23:08]Tec M BACKUP#3420 said: Sheesh
[Sun May 29 2022 00:23:22]DMukto#8483 said: and ofcourse.... the links to the original posts on Reddit are provided on the titles
[Sun May 29 2022 00:23:34]DMukto#8483 said: just click/tap on the title to take you to the posts
[Sun May 29 2022 00:23:35]DMukto#8483 said: 👍
[Sun May 29 2022 00:23:43]Tec M BACKUP#3420 said: All he did was casually pause the video 😭 😭 😭
[Sun May 29 2022 00:24:08]DMukto#8483 said: ⚠️  If you specify NSFW subreddits, <@977262952354828308> WILL return results
[Sun May 29 2022 00:24:11]DMukto#8483 said: so be careful
[Sun May 29 2022 00:24:21]Tec M BACKUP#3420 said: Ok
[Sun May 29 2022 00:24:51]Tec M BACKUP#3420 said: Epik way of browsing random reddit memes
[Sun May 29 2022 00:24:55]DMukto#8483 said: to let people NOT use `md meme` for NSFW, I specified `md waifu` for anime girls, and `md meme husbando` for anime boys. According to peoples' desires.
[Sun May 29 2022 00:24:59]DMukto#8483 said: Aye.
[Sun May 29 2022 00:25:00]Tec M BACKUP#3420 said: md meme Luigikid
[Sun May 29 2022 00:25:02]DMukto#8483 said: But sadly,
[Sun May 29 2022 00:25:05]DMukto#8483 said: yeah
[Sun May 29 2022 00:25:07]DMukto#8483 said: THAT
[Sun May 29 2022 00:25:09]DMukto#8483 said: it repeats
[Sun May 29 2022 00:25:10]Tec M BACKUP#3420 said: I got the same one XD
[Sun May 29 2022 00:25:11]DMukto#8483 said: sometimes
[Sun May 29 2022 00:25:19]DMukto#8483 said: if you're unlucky, you get the same image
[Sun May 29 2022 00:25:20]! Phoenix#1608 said: thats just the api
[Sun May 29 2022 00:25:26]DMukto#8483 said: yep
[Sun May 29 2022 00:25:32]Tec M BACKUP#3420 said: Im unlucky XD
[Sun May 29 2022 00:25:34]DMukto#8483 said: will take time to add in a 'memory'
[Sun May 29 2022 00:25:44]DMukto#8483 said: so that the bot knows what images have already been sent in a server
[Sun May 29 2022 00:25:56]DMukto#8483 said: nah, it just so happens to everyone
[Sun May 29 2022 00:26:02]DMukto#8483 said: md meme luigikid
[Sun May 29 2022 00:26:08]DMukto#8483 said: md meme luigikid
[Sun May 29 2022 00:26:16]DMukto#8483 said: md meme anime
[Sun May 29 2022 00:26:21]Tec M BACKUP#3420 said: md meme Luigikid
[Sun May 29 2022 00:26:26]DMukto#8483 said: md meme murderedbywords
[Sun May 29 2022 00:26:28]Tec M BACKUP#3420 said: Sunky
[Sun May 29 2022 00:26:43]Tec M BACKUP#3420 said: Is discord even a subreddit
[Sun May 29 2022 00:26:51]DMukto#8483 said: md meme discord
[Sun May 29 2022 00:27:01]DMukto#8483 said: aye, if <@977262952354828308> returns, then it is!
[Sun May 29 2022 00:27:09]DMukto#8483 said: if not, then  the subreddit doesn't exist
[Sun May 29 2022 00:27:11]Tec M BACKUP#3420 said: Intellegent thinking with no internet so basically no thinking
[Sun May 29 2022 00:27:18]DMukto#8483 said: lol
[Sun May 29 2022 00:27:20]Tec M BACKUP#3420 said: Hmm
[Sun May 29 2022 00:27:26]Tec M BACKUP#3420 said: heinz
[Sun May 29 2022 00:27:34]Tec M BACKUP#3420 said: All i need it heinz memes now
[Sun May 29 2022 00:27:38]! Phoenix#1608 said: add a `reddit [subreddit]` command and an enable/disable nsfw feature
[Sun May 29 2022 00:27:42]DMukto#8483 said: what do you mean? <@977262952354828308> HAS an internet connection. Otherwise how would it connect with us ? XD
[Sun May 29 2022 00:27:46]! Phoenix#1608 said: instead of meme
[Sun May 29 2022 00:27:49]DMukto#8483 said: there is
[Sun May 29 2022 00:27:59]Tec M BACKUP#3420 said: I dont have internet in my mind
[Sun May 29 2022 00:28:04]DMukto#8483 said: yeah sure, I'll add `md reddit <subreddit>`
[Sun May 29 2022 00:28:09]DMukto#8483 said: for NSFW....
[Sun May 29 2022 00:28:15]DMukto#8483 said: just add it in front
[Sun May 29 2022 00:28:26]DMukto#8483 said: e.g. `md nsfwmeme <subreddit>`
[Sun May 29 2022 00:28:27]Tec M BACKUP#3420 said: Ok lets see if theres a heinz subreddit
[Sun May 29 2022 00:28:34]DMukto#8483 said: md meme heinz
[Sun May 29 2022 00:28:38]Tec M BACKUP#3420 said: md meme heinz
[Sun May 29 2022 00:28:39]DMukto#8483 said: Heinz ketchup?
[Sun May 29 2022 00:28:44]DMukto#8483 said: probably not
[Sun May 29 2022 00:28:45]! Phoenix#1608 said: or that
[Sun May 29 2022 00:28:50]Tec M BACKUP#3420 said: No heinz 😭 😭 😭
[Sun May 29 2022 00:28:58]DMukto#8483 said: aye, no heinz
[Sun May 29 2022 00:29:03]DMukto#8483 said: my console returned an error
[Sun May 29 2022 00:29:24]! Phoenix#1608 said: everytime my console says error, its mostly a fatal error 💀
[Sun May 29 2022 00:29:38]! Phoenix#1608 said: my bot is hella spagetti code
[Sun May 29 2022 00:29:45]DMukto#8483 said: I configured my bot to keep running no matter what error it finds
[Sun May 29 2022 00:29:53]Tec M BACKUP#3420 said: How does your computer even survive having a vm with a bot online a lot XD
[Sun May 29 2022 00:30:04]! Phoenix#1608 said: ye
[Sun May 29 2022 00:30:08]Tec M BACKUP#3420 said: You got 1030303 fans or smt
[Sun May 29 2022 00:30:10]DMukto#8483 said: I previously made lots of bots, so by now I have enough experience to design the algorithm and directory in the right way 😂
[Sun May 29 2022 00:30:31]! Phoenix#1608 said: i just use a website to keep the repo running
[Sun May 29 2022 00:30:38]DMukto#8483 said: 8 GB RAM
Intel i5 CPU
Intel Iris Xe GPU
[Sun May 29 2022 00:30:38]Tec M BACKUP#3420 said: No 1030303 amount of fans then
[Sun May 29 2022 00:30:40]! Phoenix#1608 said: which is probably why its slow sometimes
[Sun May 29 2022 00:30:48]! Phoenix#1608 said: hi
[Sun May 29 2022 00:30:51]! Phoenix#1608 said: wait
[Sun May 29 2022 00:30:53]! Phoenix#1608 said: its dead?
[Sun May 29 2022 00:30:55]DMukto#8483 said: I used to use Replit for hosting
[Sun May 29 2022 00:31:02]! Phoenix#1608 said: ye
[Sun May 29 2022 00:31:08]DMukto#8483 said: but.... for now, I rely on my own device
[Sun May 29 2022 00:31:11]DMukto#8483 said: faster
[Sun May 29 2022 00:31:14]DMukto#8483 said: safer
[Sun May 29 2022 00:31:16]Tec M BACKUP#3420 said: Trees
[Sun May 29 2022 00:31:24]! Phoenix#1608 said: i think someone accidentally triggered a fatal error i forgot to remove
[Sun May 29 2022 00:31:31]! Phoenix#1608 said: im too lazy to revive it
[Sun May 29 2022 00:31:40]DMukto#8483 said: I haven't made the design for <@977262952354828308> but here's how MuxMusic works
[Sun May 29 2022 00:31:45]Tec M BACKUP#3420 said: md help
[Sun May 29 2022 00:31:48]Tec M BACKUP#3420 said: Mum help
[Sun May 29 2022 00:31:55]DMukto#8483 said: cooling fans you mean?
[Sun May 29 2022 00:32:11]DMukto#8483 said: just 1-2 tiny ones are enough
[Sun May 29 2022 00:32:15]DMukto#8483 said: 'cause I'm in 🇨🇦
[Sun May 29 2022 00:32:19]DMukto#8483 said: the weather is cold anyways
[Sun May 29 2022 00:32:19]Tec M BACKUP#3420 said: Count draccula
[Sun May 29 2022 00:32:22]DMukto#8483 said: 😅
[Sun May 29 2022 00:32:24]Tec M BACKUP#3420 said: md count
[Sun May 29 2022 00:32:32]DMukto#8483 said: f
[Sun May 29 2022 00:32:36]Tec M BACKUP#3420 said: That aint dracc
[Sun May 29 2022 00:33:09]! Phoenix#1608 said: make it count to a specified value
[Sun May 29 2022 00:33:16]DMukto#8483 said: it just
[Sun May 29 2022 00:33:20]DMukto#8483 said: md count 4
[Sun May 29 2022 00:33:27]! Phoenix#1608 said: oh
[Sun May 29 2022 00:33:36]! Phoenix#1608 said: dead
[Sun May 29 2022 00:33:44]DMukto#8483 said: it's slow on purpose, 'cause Discord API would ratelimit it if it goes too fast
[Sun May 29 2022 00:33:51]Tec M BACKUP#3420 said: So i put settings to infinity by accident by having no value
[Sun May 29 2022 00:33:55]DMukto#8483 said: no, it counts upto that value
[Sun May 29 2022 00:33:58]Tec M BACKUP#3420 said: Or max value in stuff
[Sun May 29 2022 00:34:00]! Phoenix#1608 said: oh
[Sun May 29 2022 00:34:01]DMukto#8483 said: aye
[Sun May 29 2022 00:34:06]Tec M BACKUP#3420 said: Whatever the number is
[Sun May 29 2022 00:34:21]DMukto#8483 said: there's also `md countfrom <value>`  that starts counting from that value to infinity
[Sun May 29 2022 00:34:34]DMukto#8483 said: it is supposed to be near infinity in binary terms
[Sun May 29 2022 00:34:38]! Phoenix#1608 said: 💀
[Sun May 29 2022 00:34:50]DMukto#8483 said: basically some people have a "count-to-infinity" channel on their servers
[Sun May 29 2022 00:34:57]DMukto#8483 said: so it was for that
[Sun May 29 2022 00:35:01]DMukto#8483 said: md help
[Sun May 29 2022 00:35:33]DMukto#8483 said: I should add a `stopcount` command and move those count commands to another category 🤔
[Sun May 29 2022 00:35:44]! Phoenix#1608 said: why does amongus even exist
[Sun May 29 2022 00:36:05]DMukto#8483 said: anyways... if you're into bot development as well, maybe this can inspire you to store your files efficiently
[Sun May 29 2022 00:36:11]! Phoenix#1608 said: also, are the commands toLowerCase()'d?
[Sun May 29 2022 00:36:12]DMukto#8483 said: 'cause people wanted it
[Sun May 29 2022 00:36:17]DMukto#8483 said: yep
[Sun May 29 2022 00:36:24]! Phoenix#1608 said: oh ok then
[Sun May 29 2022 00:36:26]DMukto#8483 said: whatever people told me to make, I made
[Sun May 29 2022 00:36:49]Tec M BACKUP#3420 said: -500 seconds earlier
[Sun May 29 2022 00:37:06]Tec M BACKUP#3420 said: Hello humans again
[Sun May 29 2022 00:37:21]DMukto#8483 said: also, you can use `md delete <number of msgs>` to purge
[Sun May 29 2022 00:37:32]DMukto#8483 said: only admins and mods can the permission
[Sun May 29 2022 00:37:44]DMukto#8483 said: however, I can override any setting of the bot 🙂
[Sun May 29 2022 00:37:48]Tec M BACKUP#3420 said: Ye itd be crazy if randoms had access lol
[Sun May 29 2022 00:37:55]DMukto#8483 said: o'course
[Sun May 29 2022 00:38:31]DMukto#8483 said: I try to run an online bot building sideheist on Fiverr, so I know the risks and the professional ways to approach situations
[Sun May 29 2022 00:38:45]Tec M BACKUP#3420 said: Ngl
My name came from when i was making a yt channel of tech as my first go
I misspelled Tech so i was Tec Master
And now i shortenned it to Tec M
[Sun May 29 2022 00:38:59]DMukto#8483 said: here's a flyer, just in case. You guys can get 1 bot ordered for free
[Sun May 29 2022 00:39:11]DMukto#8483 said: oooo... Nice
[Sun May 29 2022 00:39:32]DMukto#8483 said: I used to have several aliases, such as MuktoDBoss, MuktoDMI, etc.
[Sun May 29 2022 00:39:35]DMukto#8483 said: For music.
[Sun May 29 2022 00:39:49]DMukto#8483 said: But now I jus' go by Mux or Dewan Mukto (my real name)
[Sun May 29 2022 00:39:55]Tec M BACKUP#3420 said: Orders bot

**It dosent come to my house**
[Sun May 29 2022 00:40:15]DMukto#8483 said: bruh
[Sun May 29 2022 00:40:21]DMukto#8483 said: 🤣
[Sun May 29 2022 00:40:53]DMukto#8483 said: all those bots in the scrnsht are mine, btw. Sadly, none of them became as popular or useful as <@977262952354828308>
[Sun May 29 2022 00:41:07]Tec M BACKUP#3420 said: I will have to ask you to stop dying
Its been -1 deaths ready
So many WE ARE AT MINUS VALUES
[Sun May 29 2022 00:41:16]DMukto#8483 said: if you check my website, devlog section, you'll see how much progress I made in just 7 days
[Sun May 29 2022 00:41:26]DMukto#8483 said: deaths?
[Sun May 29 2022 00:41:28]DMukto#8483 said: lol
[Sun May 29 2022 00:41:31]Tec M BACKUP#3420 said: I will visit it if i can see it
[Sun May 29 2022 00:41:50]DMukto#8483 said: I'll send it, if you ask for it
[Sun May 29 2022 00:41:52]DMukto#8483 said: 😆
[Sun May 29 2022 00:41:53]DMukto#8483 said: https://Dolly.muxsites.com/discordbot
[Sun May 29 2022 00:43:17]Tec M BACKUP#3420 said: Much epik
[Sun May 29 2022 00:43:58]Tec M BACKUP#3420 said: But i thought you sleeping
[Sun May 29 2022 00:43:59]DMukto#8483 said: got more websites of mine. Don't wanna spam, so... you can just find 'em on my Discord profile
[Sun May 29 2022 00:44:05]DMukto#8483 said: yeah, I' m goin'
[Sun May 29 2022 00:44:15]DMukto#8483 said: but this chat doesn't want to let me sleep
[Sun May 29 2022 00:44:32]DMukto#8483 said: I might go now
[Sun May 29 2022 00:44:47]DMukto#8483 said: so.... just becareful not to activate `md count` again!
[Sun May 29 2022 00:44:57]! Phoenix#1608 said: why is there so many deleted messages
[Sun May 29 2022 00:45:05]DMukto#8483 said: and if any of you need any help, lemme know!
[Sun May 29 2022 00:45:14]Tec M BACKUP#3420 said: Honestly i need sleep aswell lol
[Sun May 29 2022 00:45:16]DMukto#8483 said: 👋 good-night
[Sun May 29 2022 12:53:26]DMukto#8483 said: md balance
[Sun May 29 2022 12:53:29]DMukto#8483 said: md help
[Sun May 29 2022 15:37:31]Tec M BACKUP#3420 said: trees
[Sun May 29 2022 15:37:57]Tec M BACKUP#3420 said: md meme luigikid
[Sun May 29 2022 15:38:12]Tec M BACKUP#3420 said: i just got random reddited XD
[Sun May 29 2022 15:38:21]Tec M BACKUP#3420 said: maybe because i didnt put the capital l in
[Sun May 29 2022 15:38:56]Tec M BACKUP#3420 said: md meme shittysuperpowers
[Sun May 29 2022 15:39:18]Tec M BACKUP#3420 said: ok im getting random reddited
[Sun May 29 2022 15:39:30]Tec M BACKUP#3420 said: new word: random reddited
[Sun May 29 2022 15:39:35]Tec M BACKUP#3420 said: md meme Luigikid
[Sun May 29 2022 15:39:48]Tec M BACKUP#3420 said: md help
[Sun May 29 2022 15:39:50]Tec M BACKUP#3420 said: mum help
[Sun May 29 2022 15:40:00]Tec M BACKUP#3420 said: reddit?
[Sun May 29 2022 15:40:02]Tec M BACKUP#3420 said: md reddit
[Sun May 29 2022 15:40:06]Tec M BACKUP#3420 said: ok
[Sun May 29 2022 15:40:13]Tec M BACKUP#3420 said: ill do the exampe
[Sun May 29 2022 15:40:24]Tec M BACKUP#3420 said: md reddit mildlyinteresting
[Sun May 29 2022 15:40:45]Tec M BACKUP#3420 said: wow 😍
[Sun May 29 2022 15:41:29]Tec M BACKUP#3420 said: that is the best driving director ive ever seens
[Sun May 29 2022 15:42:13]Tec M BACKUP#3420 said: md reddit Luigikid
[Sun May 29 2022 15:42:19]Tec M BACKUP#3420 said: its a tomato
[Sun May 29 2022 16:32:16]DMukto#8483 said: ayyyo!
[Sun May 29 2022 16:32:19]DMukto#8483 said: check this out!
[Sun May 29 2022 16:32:21]DMukto#8483 said: md shop
[Sun May 29 2022 16:34:03]DMukto#8483 said: note: the buy command hasn't been added yet. Working on it meanwhile!
[Sun May 29 2022 17:34:00]Tec M BACKUP#3420 said: epik
[Sun May 29 2022 17:34:47]DMukto#8483 said: gotta use `md shop` again 'cause the buttons stop working if I reboot the bot after every test
[Sun May 29 2022 19:03:59]Tec M BACKUP#3420 said: idk how buttons even just started appearing in bots XD
[Sun May 29 2022 19:04:03]Tec M BACKUP#3420 said: md shop
[Sun May 29 2022 19:04:47]DMukto#8483 said: oh, there's MORE than just buttons, my friend
[Sun May 29 2022 19:04:50]Tec M BACKUP#3420 said: im pressing buttons
[Sun May 29 2022 19:04:58]DMukto#8483 said: you can even add drop-down menus, forms, etc to bots
[Sun May 29 2022 19:05:10]DMukto#8483 said: i can see that 😶
[Sun May 29 2022 19:05:15]DMukto#8483 said: anyways...
[Sun May 29 2022 19:05:23]DMukto#8483 said: md bal
[Sun May 29 2022 19:05:27]DMukto#8483 said: md crimes
[Sun May 29 2022 19:05:32]DMukto#8483 said: md steal <@843549307415035925>
[Sun May 29 2022 19:05:33]Tec M BACKUP#3420 said: md bal
[Sun May 29 2022 19:05:36]Tec M BACKUP#3420 said: A
[Sun May 29 2022 19:05:42]DMukto#8483 said: now you can buy items
[Sun May 29 2022 19:05:45]DMukto#8483 said: md shop
[Sun May 29 2022 19:05:59]DMukto#8483 said: the stocks get reduced
[Sun May 29 2022 19:06:06]DMukto#8483 said: and I have to refill them
[Sun May 29 2022 19:06:12]Tec M BACKUP#3420 said: md buy drill
[Sun May 29 2022 19:06:15]Tec M BACKUP#3420 said: yay
[Sun May 29 2022 19:06:19]Tec M BACKUP#3420 said: md bal
[Sun May 29 2022 19:06:21]DMukto#8483 said: and some specific rarer items are always low in supply 😉
[Sun May 29 2022 19:06:29]DMukto#8483 said: to keep them "rare"
[Sun May 29 2022 19:06:30]DMukto#8483 said: lol
[Sun May 29 2022 19:06:35]Tec M BACKUP#3420 said: can i use the drill and drill the drill
[Sun May 29 2022 19:06:41]DMukto#8483 said: not yet
[Sun May 29 2022 19:06:52]Tec M BACKUP#3420 said: i need to wait before i can rob you
[Sun May 29 2022 19:06:58]Tec M BACKUP#3420 said: wait what were the requirements
[Sun May 29 2022 19:07:00]DMukto#8483 said: but you auto-use the drill against someone who has a metal vault
[Sun May 29 2022 19:07:04]Tec M BACKUP#3420 said: md rob <@784119755111661569>
[Sun May 29 2022 19:07:09]DMukto#8483 said: `steal`
[Sun May 29 2022 19:07:16]Tec M BACKUP#3420 said: md steal <@784119755111661569>
[Sun May 29 2022 19:07:20]DMukto#8483 said: rob is gonna be different for <@977262952354828308>
[Sun May 29 2022 19:07:21]Tec M BACKUP#3420 said: ok i need
[Sun May 29 2022 19:07:23]Tec M BACKUP#3420 said: aa
[Sun May 29 2022 19:07:44]DMukto#8483 said: this is a level 4 protection 😆 the strongest one as of now
[Sun May 29 2022 19:07:53]Tec M BACKUP#3420 said: i need helicopter & bombs & mercenaires
[Sun May 29 2022 19:08:01]DMukto#8483 said: with your drill, you can now steal from those with lvl 0 and lvl 1
[Sun May 29 2022 19:08:02]Tec M BACKUP#3420 said: jesus christ
[Sun May 29 2022 19:08:13]DMukto#8483 said: o'course, it's a military vault!
[Sun May 29 2022 19:08:14]DMukto#8483 said: md shop
[Sun May 29 2022 19:08:15]Tec M BACKUP#3420 said: i drill their their
[Sun May 29 2022 19:08:34]DMukto#8483 said: vehicles haven't been added yet!
[Sun May 29 2022 19:08:43]Tec M BACKUP#3420 said: i didnt even know you doing vehicles
[Sun May 29 2022 19:08:49]Tec M BACKUP#3420 said: idk how you even do this still
[Sun May 29 2022 19:09:06]DMukto#8483 said: yeah, I'm trying to make it like real life
[Sun May 29 2022 19:09:10]DMukto#8483 said: now you end up raising your wanted lvl if you steal from someone or do any sort of crime
and if you do lots of crime, then if someone (a real user) has a job in the legal industry, then they can execute md arrest @user to arrest them
if criminals are arrested, they go to prison, and while they're in prison they cannot use any commands from the bot as punishment
so.... basically it's like a self-propelled economy.
[Sun May 29 2022 19:09:34]Tec M BACKUP#3420 said: random bot game lore
[Sun May 29 2022 19:09:35]DMukto#8483 said: still didn't add yet :
- vehicles
- jobs
- use items manually
- add friends
[Sun May 29 2022 19:09:58]DMukto#8483 said: and more
[Sun May 29 2022 19:10:02]DMukto#8483 said: much more!
[Sun May 29 2022 19:10:09]DMukto#8483 said: lol
[Sun May 29 2022 19:10:27]DMukto#8483 said: <@977262952354828308> also has some special abilities and tactics
[Sun May 29 2022 19:10:43]DMukto#8483 said: to demonstrate it, I need you to enter a server where no one else is there
[Sun May 29 2022 19:10:50]DMukto#8483 said: and invite the bot
[Sun May 29 2022 19:10:51]Tec M BACKUP#3420 said: like drilling in your credit card so you dont steal it from mum coz you cant use it
[Sun May 29 2022 19:11:09]DMukto#8483 said: ❔
[Sun May 29 2022 19:11:15]Tec M BACKUP#3420 said: idk tbh lol
[Sun May 29 2022 19:11:33]DMukto#8483 said: md reddit mildlyinfuriating
[Sun May 29 2022 19:11:44]Tec M BACKUP#3420 said: md reddit obama
[Sun May 29 2022 19:11:45]Tec M BACKUP#3420 said: or smt
[Sun May 29 2022 19:11:50]Tec M BACKUP#3420 said: no obama reddit
[Sun May 29 2022 19:11:53]Tec M BACKUP#3420 said: 😢
[Sun May 29 2022 19:12:00]DMukto#8483 said: md reddit america
[Sun May 29 2022 19:12:01]Tec M BACKUP#3420 said: md reddit Luigikid
[Sun May 29 2022 19:12:05]Tec M BACKUP#3420 said: ballz
[Sun May 29 2022 19:12:32]Tec M BACKUP#3420 said: 👍
[Sun May 29 2022 19:13:14]DMukto#8483 said: check your crime records
[Sun May 29 2022 19:13:18]DMukto#8483 said: with `md crimes`
[Sun May 29 2022 19:13:18]Tec M BACKUP#3420 said: md crime
[Sun May 29 2022 19:13:24]DMukto#8483 said: good boi
[Sun May 29 2022 19:13:27]DMukto#8483 said: no crime at all
[Sun May 29 2022 19:13:28]DMukto#8483 said: 🥴
[Sun May 29 2022 19:13:31]Tec M BACKUP#3420 said: i mean i cant do any lol
[Sun May 29 2022 19:13:31]DMukto#8483 said: md crimes
[Sun May 29 2022 19:13:35]Tec M BACKUP#3420 said: 😮
[Sun May 29 2022 19:13:45]Tec M BACKUP#3420 said: good boi
[Sun May 29 2022 19:13:50]DMukto#8483 said: you can. Jus' tell your friends to use <@977262952354828308>
[Sun May 29 2022 19:14:03]DMukto#8483 said: and then steal from them 😎
[Sun May 29 2022 19:14:27]Tec M BACKUP#3420 said: i have now invited---

intens think*
[Sun May 29 2022 19:15:21]Tec M BACKUP#3420 said: the % really fits in XD
[Sun May 29 2022 19:15:29]DMukto#8483 said: to get arrested, some other user (who has a 'police officer' job or similar) needs to type `md arrest @user`
[Sun May 29 2022 19:15:39]Tec M BACKUP#3420 said: md arrest <@784119755111661569>
[Sun May 29 2022 19:15:43]Tec M BACKUP#3420 said: or smt like dat
[Sun May 29 2022 19:15:49]DMukto#8483 said: you're not a cop yet
[Sun May 29 2022 19:15:53]DMukto#8483 said: you have no job
[Sun May 29 2022 19:16:05]Tec M BACKUP#3420 said: :-;
[Sun May 29 2022 19:16:05]DMukto#8483 said: will add later
[Sun May 29 2022 19:16:06]Tec M BACKUP#3420 said: XD
[Sun May 29 2022 19:16:16]DMukto#8483 said: the only job available is `beggar`
[Sun May 29 2022 19:16:24]DMukto#8483 said: to get it, just say `md beg`
[Sun May 29 2022 19:16:29]DMukto#8483 said: md account
[Sun May 29 2022 19:16:31]Tec M BACKUP#3420 said: md beg
[Sun May 29 2022 19:16:33]Tec M BACKUP#3420 said: or smt
[Sun May 29 2022 19:16:34]DMukto#8483 said: I'm a beggar
[Sun May 29 2022 19:16:38]DMukto#8483 said: 🤣
[Sun May 29 2022 19:16:41]Tec M BACKUP#3420 said: ok
[Sun May 29 2022 19:17:12]Tec M BACKUP#3420 said: md account
[Sun May 29 2022 19:17:19]Tec M BACKUP#3420 said: can i make my membership the tree dude
[Sun May 29 2022 19:17:24]Tec M BACKUP#3420 said: and type the tree dude
[Sun May 29 2022 19:18:18]Tec M BACKUP#3420 said: coz im the tree dude
[Sun May 29 2022 19:18:33]Tec M BACKUP#3420 said: md reddit reddit
[Sun May 29 2022 19:18:36]Tec M BACKUP#3420 said: reddits reddit
[Sun May 29 2022 19:18:40]Tec M BACKUP#3420 said: XD
[Sun May 29 2022 19:18:45]Tec M BACKUP#3420 said: md reddit Luigikid
[Sun May 29 2022 19:18:48]Tec M BACKUP#3420 said: or smt
[Sun May 29 2022 19:19:22]Tec M BACKUP#3420 said: Oh no what happened to dr *robot*nic 😮
[Sun May 29 2022 19:19:40]Tec M BACKUP#3420 said: idk what that even is tho
[Sun May 29 2022 19:19:42]Tec M BACKUP#3420 said: md account
[Sun May 29 2022 19:19:46]Tec M BACKUP#3420 said: omg drill
[Sun May 29 2022 19:19:58]Tec M BACKUP#3420 said: md meme mildlyinteresting
[Sun May 29 2022 19:20:04]Tec M BACKUP#3420 said: what
[Sun May 29 2022 19:20:08]Tec M BACKUP#3420 said: what have they done
[Sun May 29 2022 19:20:22]Tec M BACKUP#3420 said: md reddit mildlyinteresting
[Sun May 29 2022 19:20:39]Tec M BACKUP#3420 said: and you get scricles
[Sun May 29 2022 19:20:43]Tec M BACKUP#3420 said: i mean circles
[Sun May 29 2022 19:21:25]Tec M BACKUP#3420 said: md meme Luigikid
[Sun May 29 2022 19:21:33]Tec M BACKUP#3420 said: ok another reddit lol
[Sun May 29 2022 19:21:50]Tec M BACKUP#3420 said: what if i just type random letters, what does it do
[Sun May 29 2022 19:21:56]Tec M BACKUP#3420 said: md meme ioejtoiejt435390d
[Sun May 29 2022 19:21:59]Tec M BACKUP#3420 said: or smt
[Sun May 29 2022 19:21:59]Tec M BACKUP#3420 said: lol
[Sun May 29 2022 19:22:04]Tec M BACKUP#3420 said: what
[Sun May 29 2022 19:22:21]Tec M BACKUP#3420 said: your bot is special <@784119755111661569>
[Sun May 29 2022 19:22:31]Tec M BACKUP#3420 said: i typed random stuff and it turned in results XD
[Sun May 29 2022 19:23:21]DMukto#8483 said: not really
[Sun May 29 2022 19:23:30]DMukto#8483 said: `md meme <subreddit>` no longer works
[Sun May 29 2022 19:23:46]DMukto#8483 said: basically you're running `md meme` which is supposed to fetch random content
[Sun May 29 2022 19:23:52]Tec M BACKUP#3420 said: ok
[Sun May 29 2022 19:23:54]Tec M BACKUP#3420 said: md meme
[Sun May 29 2022 19:24:00]DMukto#8483 said: been changed to `md reddit <subreddit>`
[Sun May 29 2022 19:24:04]Tec M BACKUP#3420 said: oh
[Sun May 29 2022 19:24:05]Tec M BACKUP#3420 said: ok
[Sun May 29 2022 19:24:11]Tec M BACKUP#3420 said: md reddit mildlyinteresting
[Sun May 29 2022 19:24:24]Tec M BACKUP#3420 said: ghost hotdogs
[Sun May 29 2022 19:24:33]Tec M BACKUP#3420 said: spoopy
[Sun May 29 2022 19:24:43]Tec M BACKUP#3420 said: md help
[Sun May 29 2022 19:24:44]Tec M BACKUP#3420 said: mum helps
[Sun May 29 2022 19:24:57]DMukto#8483 said: what's with that phrase? XD
[Sun May 29 2022 19:25:01]Tec M BACKUP#3420 said: yes
[Sun May 29 2022 19:25:09]Tec M BACKUP#3420 said: md automobiles
[Sun May 29 2022 19:25:20]DMukto#8483 said: md help cars
[Sun May 29 2022 19:25:22]Tec M BACKUP#3420 said: toyota got subreddit
[Sun May 29 2022 19:25:28]Tec M BACKUP#3420 said: md reddit toyota
[Sun May 29 2022 19:25:28]DMukto#8483 said: md reddit toyota
[Sun May 29 2022 19:25:36]Tec M BACKUP#3420 said: noice
[Sun May 29 2022 19:26:12]Tec M BACKUP#3420 said: eye frogort hew tu spaell
[Sun May 29 2022 19:26:24]DMukto#8483 said: lol
[Sun May 29 2022 19:26:36]DMukto#8483 said: about the membership, it refers to this
[Sun May 29 2022 19:26:43]Tec M BACKUP#3420 said: ok nevermind i learnt it again in approximately 40935 milliseconds
[Sun May 29 2022 19:27:10]Tec M BACKUP#3420 said: is that your membership stuff for the bot
[Sun May 29 2022 19:27:14]DMukto#8483 said: yep
[Sun May 29 2022 19:27:16]DMukto#8483 said: md help
[Sun May 29 2022 19:27:21]DMukto#8483 said: that 'upgrade' button
[Sun May 29 2022 19:27:21]Tec M BACKUP#3420 said: mum help
[Sun May 29 2022 19:27:26]Tec M BACKUP#3420 said: you saw that comming, dont lie
[Sun May 29 2022 19:27:28]Tec M BACKUP#3420 said: HEY
[Sun May 29 2022 19:27:33]DMukto#8483 said: lol
[Sun May 29 2022 19:27:38]DMukto#8483 said: sorry
[Sun May 29 2022 19:27:41]Tec M BACKUP#3420 said: XD
[Sun May 29 2022 19:27:45]Tec M BACKUP#3420 said: md amongus
[Sun May 29 2022 19:27:57]Tec M BACKUP#3420 said: i have been cursed for 69 years
[Sun May 29 2022 19:28:28]Tec M BACKUP#3420 said: md help
[Sun May 29 2022 19:28:33]Tec M BACKUP#3420 said: dad help
[Sun May 29 2022 19:28:47]Tec M BACKUP#3420 said: md cat
[Sun May 29 2022 19:28:50]Tec M BACKUP#3420 said: much cat
[Sun May 29 2022 19:29:03]Tec M BACKUP#3420 said: md botinfo
[Sun May 29 2022 19:29:33]Tec M BACKUP#3420 said: 27 servers
[Sun May 29 2022 19:29:46]Tec M BACKUP#3420 said: idk what that means but ok
[Sun May 29 2022 19:29:55]DMukto#8483 said: 27 Discord servers
[Sun May 29 2022 19:29:59]Tec M BACKUP#3420 said: nice
[Sun May 29 2022 19:30:17]Tec M BACKUP#3420 said: md botinfo
[Sun May 29 2022 19:30:22]Tec M BACKUP#3420 said: now its 28
[Sun May 29 2022 19:30:48]DMukto#8483 said: hmmm
[Sun May 29 2022 19:31:21]DMukto#8483 said: if there are friends over there, feel free to show 'em what Dolly does
[Sun May 29 2022 19:31:46]Tec M BACKUP#3420 said: theres no one there
[Sun May 29 2022 19:31:50]Tec M BACKUP#3420 said: its not even finished
[Sun May 29 2022 19:31:55]Tec M BACKUP#3420 said: just like your bot XD
[Sun May 29 2022 19:32:10]Tec M BACKUP#3420 said: but its still good so far
[Sun May 29 2022 19:32:24]Tec M BACKUP#3420 said: 11th gen intel 😳
[Sun May 29 2022 19:32:29]Tec M BACKUP#3420 said: md reddit
[Sun May 29 2022 19:32:32]Tec M BACKUP#3420 said: md meme
[Sun May 29 2022 19:32:47]Tec M BACKUP#3420 said: ok
[Sun May 29 2022 19:32:55]Tec M BACKUP#3420 said: md reddit mildlyinteresting
[Sun May 29 2022 19:33:24]DMukto#8483 said: no probs
[Sun May 29 2022 19:33:30]DMukto#8483 said: lemme show you a trick
[Sun May 29 2022 19:33:47]Tec M BACKUP#3420 said: ---notepad or smt---
[Sun May 29 2022 19:33:49]Tec M BACKUP#3420 said: _
[Sun May 29 2022 19:33:56]DMukto#8483 said: for that, use `md help` in that server of yours
[Sun May 29 2022 19:34:44]Tec M BACKUP#3420 said: ok
[Sun May 29 2022 19:36:28]Tec M BACKUP#3420 said: what in the world did you do XD
[Sun May 29 2022 19:36:40]DMukto#8483 said: nothin' much, jus' a little backdoor hack
[Sun May 29 2022 19:36:44]DMukto#8483 said: 🤣
[Sun May 29 2022 19:36:51]Tec M BACKUP#3420 said: hekcer
[Sun May 29 2022 19:36:53]DMukto#8483 said: not even an actual 'hack'
[Sun May 29 2022 19:36:59]Tec M BACKUP#3420 said: the bot invited you?
[Sun May 29 2022 19:37:04]DMukto#8483 said: yep
[Sun May 29 2022 19:38:12]Tec M BACKUP#3420 said: im litterally a few clicks from making that server public but i wont
[Sun May 29 2022 19:38:24]DMukto#8483 said: okay
[Sun May 29 2022 19:38:28]DMukto#8483 said: understandable
[Sun May 29 2022 19:38:33]DMukto#8483 said: md delete 30
[Sun May 29 2022 19:41:16]Tec M BACKUP#3420 said: trees
[Sun May 29 2022 19:41:53]Tec M BACKUP#3420 said: trees in mspaint 😳
[Sun May 29 2022 19:42:19]Tec M BACKUP#3420 said: ngl i have no idea why wea re chatting in here like its the main chat lo
[Sun May 29 2022 19:42:41]Tec M BACKUP#3420 said: well im chatting here like its the main chat rn lol
[Sun May 29 2022 20:41:13]DMukto#8483 said: md rabbit
[Sun May 29 2022 20:41:18]DMukto#8483 said: md fox
[Sun May 29 2022 20:41:28]DMukto#8483 said: md owl
[Sun May 29 2022 20:41:32]DMukto#8483 said: md duck
[Sun May 29 2022 20:43:29]Tec M BACKUP#3420 said: Duck
[Sun May 29 2022 20:43:30]Tec M BACKUP#3420 said: Epik
[Sun May 29 2022 20:43:33]Tec M BACKUP#3420 said: md help
[Sun May 29 2022 20:43:37]Tec M BACKUP#3420 said: Mum help
[Sun May 29 2022 20:43:55]Tec M BACKUP#3420 said: md fox
[Mon May 30 2022 17:00:54]DMukto#8483 said: md gacha
[Mon May 30 2022 17:00:56]DMukto#8483 said: md gacha
[Mon May 30 2022 17:00:57]DMukto#8483 said: md gacha
[Mon May 30 2022 17:00:57]DMukto#8483 said: md gacha
[Mon May 30 2022 17:00:58]DMukto#8483 said: md gacha
[Mon May 30 2022 17:01:20]Tec M BACKUP#3420 said: ok
[Mon May 30 2022 17:01:35]Tec M BACKUP#3420 said: md gacha
[Mon May 30 2022 17:01:46]Tec M BACKUP#3420 said: ok
[Mon May 30 2022 17:01:53]Tec M BACKUP#3420 said: md gacha
[Mon May 30 2022 17:02:25]Tec M BACKUP#3420 said: i put her into the van that has free candy in big letters
[Mon May 30 2022 17:02:33]Tec M BACKUP#3420 said: 👍
[Mon May 30 2022 17:03:22]DMukto#8483 said: md gacha
[Mon May 30 2022 17:03:27]DMukto#8483 said: md gacha
[Mon May 30 2022 17:03:30]DMukto#8483 said: md gacha
[Mon May 30 2022 17:03:33]DMukto#8483 said: md gacha
[Mon May 30 2022 17:03:39]DMukto#8483 said: md gacha
[Mon May 30 2022 17:03:44]DMukto#8483 said: md gacha
[Mon May 30 2022 17:03:47]DMukto#8483 said: md gacha
[Mon May 30 2022 17:03:48]DMukto#8483 said: md gacha
[Mon May 30 2022 17:03:50]DMukto#8483 said: md gacha
[Mon May 30 2022 17:03:51]DMukto#8483 said: md gacha
[Mon May 30 2022 17:03:51]DMukto#8483 said: md gacha
[Mon May 30 2022 17:03:52]DMukto#8483 said: md gacha
[Mon May 30 2022 17:03:53]DMukto#8483 said: md gacha
[Mon May 30 2022 17:03:54]DMukto#8483 said: md gacha
[Mon May 30 2022 17:03:54]DMukto#8483 said: md gacha
[Mon May 30 2022 17:03:55]DMukto#8483 said: md gacha
[Mon May 30 2022 17:03:55]DMukto#8483 said: md gacha
[Mon May 30 2022 17:03:56]DMukto#8483 said: md gacha
[Mon May 30 2022 17:03:56]DMukto#8483 said: md gacha
[Mon May 30 2022 17:03:57]DMukto#8483 said: md gacha
[Mon May 30 2022 17:03:58]DMukto#8483 said: md gacha
[Mon May 30 2022 17:03:58]DMukto#8483 said: md gacha
[Mon May 30 2022 17:03:59]DMukto#8483 said: md gacha
[Mon May 30 2022 17:03:59]DMukto#8483 said: md gacha
[Mon May 30 2022 17:04:08]DMukto#8483 said: ooooh, I got a rare one!
[Mon May 30 2022 17:04:14]DMukto#8483 said: oooooo
[Mon May 30 2022 17:04:15]DMukto#8483 said: Epic one!
[Mon May 30 2022 17:11:53]Tec M BACKUP#3420 said: epik
[Mon May 30 2022 17:34:36]DMukto#8483 said: md gacha
[Mon May 30 2022 17:34:38]DMukto#8483 said: md gacha
[Mon May 30 2022 17:34:40]DMukto#8483 said: md gacha
[Mon May 30 2022 17:34:42]DMukto#8483 said: md gacha
[Mon May 30 2022 17:34:44]DMukto#8483 said: md gacha
[Mon May 30 2022 17:34:45]DMukto#8483 said: md gacha
[Mon May 30 2022 17:34:48]DMukto#8483 said: md gacha
[Mon May 30 2022 17:34:49]DMukto#8483 said: md gacha
[Mon May 30 2022 17:34:51]DMukto#8483 said: md gacha
[Mon May 30 2022 17:34:53]DMukto#8483 said: md gacha
[Mon May 30 2022 17:34:55]DMukto#8483 said: md gacha
[Mon May 30 2022 17:34:57]DMukto#8483 said: md gacha
[Mon May 30 2022 17:35:01]DMukto#8483 said: md gacha
[Mon May 30 2022 17:35:03]DMukto#8483 said: md gacha
[Mon May 30 2022 17:35:05]DMukto#8483 said: md gacha
[Mon May 30 2022 17:35:07]DMukto#8483 said: md gacha
[Mon May 30 2022 17:35:11]DMukto#8483 said: md roll
[Mon May 30 2022 17:35:12]DMukto#8483 said: md roll
[Mon May 30 2022 17:35:12]DMukto#8483 said: md roll
[Mon May 30 2022 17:35:20]DMukto#8483 said: holy sh.... !
[Mon May 30 2022 18:40:50]DMukto#8483 said: md gacha
[Mon May 30 2022 18:40:58]DMukto#8483 said: md gacha
[Mon May 30 2022 18:41:02]DMukto#8483 said: md gacha
[Mon May 30 2022 18:41:09]DMukto#8483 said: md mycards
[Mon May 30 2022 18:49:08]Tec M BACKUP#3420 said: cards
[Tue May 31 2022 11:50:25]Tec M BACKUP#3420 said: md mycards
[Tue May 31 2022 11:50:26]Tec M BACKUP#3420 said: or smt
[Tue May 31 2022 11:50:34]Tec M BACKUP#3420 said: wait
[Tue May 31 2022 11:50:35]DMukto#8483 said: md mycards
[Tue May 31 2022 11:51:00]DMukto#8483 said: Sometimes you gotta type the command twice
[Tue May 31 2022 11:51:05]Tec M BACKUP#3420 said: md mycards
[Tue May 31 2022 11:51:06]DMukto#8483 said: 'cause it misses
[Tue May 31 2022 11:51:11]Tec M BACKUP#3420 said: md gacha
[Tue May 31 2022 11:51:20]Tec M BACKUP#3420 said: lol
[Tue May 31 2022 11:51:27]Tec M BACKUP#3420 said: md gacharolll
[Tue May 31 2022 11:51:31]Tec M BACKUP#3420 said: md gacharoll
[Tue May 31 2022 11:51:34]Tec M BACKUP#3420 said: according to the bot
[Tue May 31 2022 11:51:35]DMukto#8483 said: Md transfer <@617672993425850376> 23000
[Tue May 31 2022 11:51:41]Tec M BACKUP#3420 said: illegal
[Tue May 31 2022 11:51:48]DMukto#8483 said: md transfer 23000 <@617672993425850376>
[Tue May 31 2022 11:51:51]Tec M BACKUP#3420 said: or smt lol
[Tue May 31 2022 11:51:57]Tec M BACKUP#3420 said: im not real
[Tue May 31 2022 11:52:09]DMukto#8483 said: md transfer 23000 <@843549307415035925>
[Tue May 31 2022 11:52:10]Tec M BACKUP#3420 said: or am i
[Tue May 31 2022 11:52:13]Tec M BACKUP#3420 said: A
[Tue May 31 2022 11:52:16]DMukto#8483 said: md bal
[Tue May 31 2022 11:52:23]Tec M BACKUP#3420 said: md bal
[Tue May 31 2022 11:52:30]Tec M BACKUP#3420 said: cheeze
[Tue May 31 2022 11:52:32]Tec M BACKUP#3420 said: md gacha
[Tue May 31 2022 11:52:38]Tec M BACKUP#3420 said: md gahca
[Tue May 31 2022 11:52:43]Tec M BACKUP#3420 said: md gacha
[Tue May 31 2022 11:52:45]DMukto#8483 said: You gotta claim
[Tue May 31 2022 11:52:54]Tec M BACKUP#3420 said: skipping because yes
[Tue May 31 2022 11:52:57]Tec M BACKUP#3420 said: md gacha
[Tue May 31 2022 11:53:09]Tec M BACKUP#3420 said: XD
[Tue May 31 2022 11:53:13]Tec M BACKUP#3420 said: md gacha
[Tue May 31 2022 11:53:27]Tec M BACKUP#3420 said: md gacharoll
[Tue May 31 2022 11:53:41]Tec M BACKUP#3420 said: ok
[Tue May 31 2022 11:53:47]Tec M BACKUP#3420 said: md gacharoll
[Tue May 31 2022 11:54:00]Tec M BACKUP#3420 said: litterally a handy sword 😳
[Tue May 31 2022 11:54:12]Tec M BACKUP#3420 said: md gacharoll
[Tue May 31 2022 11:54:25]Tec M BACKUP#3420 said: i put her in the same van
[Tue May 31 2022 11:54:56]Tec M BACKUP#3420 said: but how is a human a card
[Tue May 31 2022 11:54:59]Tec M BACKUP#3420 said: md mycards
[Tue May 31 2022 11:55:08]Tec M BACKUP#3420 said: mm handy sword
[Tue May 31 2022 11:55:29]Tec M BACKUP#3420 said: its race is undefined lol
[Tue May 31 2022 11:56:07]Tec M BACKUP#3420 said: md count 5
[Tue May 31 2022 11:56:14]Tec M BACKUP#3420 said: i cant access count draccula
[Tue May 31 2022 11:56:22]Tec M BACKUP#3420 said: or smt lol
[Tue May 31 2022 11:56:25]Tec M BACKUP#3420 said: md help
[Tue May 31 2022 11:56:26]Tec M BACKUP#3420 said: mum help
[Tue May 31 2022 11:56:46]Tec M BACKUP#3420 said: md meme
[Tue May 31 2022 11:56:58]Tec M BACKUP#3420 said: md reddit technicallythetruth
[Tue May 31 2022 11:56:59]Tec M BACKUP#3420 said: or smt
[Tue May 31 2022 11:57:31]Tec M BACKUP#3420 said: noice
[Tue May 31 2022 11:57:47]Tec M BACKUP#3420 said: md meme
[Tue May 31 2022 11:57:56]Tec M BACKUP#3420 said: its a new plant
[Tue May 31 2022 11:57:59]Tec M BACKUP#3420 said: the cat plant
[Tue May 31 2022 11:58:08]Tec M BACKUP#3420 said: md shop
[Tue May 31 2022 11:58:18]Tec M BACKUP#3420 said: i want prottec
[Tue May 31 2022 11:58:34]Tec M BACKUP#3420 said: md buy metal vault
[Tue May 31 2022 11:58:40]Tec M BACKUP#3420 said: md buy meta
[Tue May 31 2022 11:58:45]Tec M BACKUP#3420 said: hmm
[Tue May 31 2022 11:58:50]Tec M BACKUP#3420 said: md buy metalvault
[Tue May 31 2022 11:58:56]Tec M BACKUP#3420 said: i now metal vault
[Tue May 31 2022 11:59:02]Tec M BACKUP#3420 said: md acc
[Tue May 31 2022 11:59:05]Tec M BACKUP#3420 said: md account
[Tue May 31 2022 11:59:23]Tec M BACKUP#3420 said: Google Search
how to use a metalvault
[Tue May 31 2022 11:59:28]Tec M BACKUP#3420 said: md use metalvault
[Tue May 31 2022 11:59:30]Tec M BACKUP#3420 said: ok
[Tue May 31 2022 11:59:35]Tec M BACKUP#3420 said: i guess smt happenes
[Tue May 31 2022 11:59:39]Tec M BACKUP#3420 said: lol
[Tue May 31 2022 11:59:50]Tec M BACKUP#3420 said: md crimes
[Tue May 31 2022 12:00:03]Tec M BACKUP#3420 said: only because i cant commit stuff
[Tue May 31 2022 19:02:43]DMukto#8483 said: The job board is here!
[Tue May 31 2022 19:02:45]DMukto#8483 said: md jobs
[Tue May 31 2022 19:03:02]DMukto#8483 said: Note : You cannot apply for jobs yet! 🥱 I'm tired
[Tue May 31 2022 19:03:08]DMukto#8483 said: Will add that tomorrow
[Tue May 31 2022 19:03:10]DMukto#8483 said: Also...
[Tue May 31 2022 19:03:12]DMukto#8483 said: md daily
[Tue May 31 2022 19:03:20]DMukto#8483 said: There's daily rewards now
[Tue May 31 2022 19:11:48]DMukto#8483 said: however, you can still view the jobs
[Tue May 31 2022 19:12:02]DMukto#8483 said: md jobs
[Tue May 31 2022 22:54:08]DMukto#8483 said: here's a flyer
[Tue May 31 2022 23:23:40]DMukto#8483 said: New website : https://muxworks.com/discordbot
[Wed Jun 01 2022 06:54:39]Tec M BACKUP#3420 said: noice
[Wed Jun 01 2022 06:54:42]Tec M BACKUP#3420 said: md daily
[Wed Jun 01 2022 06:54:57]Tec M BACKUP#3420 said: wow XD
[Wed Jun 01 2022 06:55:04]Tec M BACKUP#3420 said: either automatic or trees
[Wed Jun 01 2022 06:55:05]Tec M BACKUP#3420 said: anyway
[Wed Jun 01 2022 06:55:06]Tec M BACKUP#3420 said: md meme
[Wed Jun 01 2022 06:55:45]Tec M BACKUP#3420 said: flying
aero
planes
[Wed Jun 01 2022 18:24:03]DMukto#8483 said: <@843549307415035925> have you collected your daily rewards?
[Wed Jun 01 2022 18:24:06]DMukto#8483 said: <@617672993425850376>
[Wed Jun 01 2022 18:24:09]DMukto#8483 said: md daily
[Wed Jun 01 2022 18:24:18]DMukto#8483 said: looks I did!
[Wed Jun 01 2022 18:24:24]DMukto#8483 said: also... now you can apply to jobs!
[Wed Jun 01 2022 18:24:26]DMukto#8483 said: and work!
[Wed Jun 01 2022 18:24:29]DMukto#8483 said: md bal
[Wed Jun 01 2022 18:24:33]DMukto#8483 said: md work
[Wed Jun 01 2022 18:24:38]DMukto#8483 said: md work
[Wed Jun 01 2022 19:03:15]Tec M BACKUP#3420 said: Noice
[Wed Jun 01 2022 19:03:31]Tec M BACKUP#3420 said: md help
[Wed Jun 01 2022 19:03:34]Tec M BACKUP#3420 said: Mum help
[Wed Jun 01 2022 19:03:47]Tec M BACKUP#3420 said: md jobs
[Wed Jun 01 2022 19:03:50]DMukto#8483 said: av <@843549307415035925>
[Wed Jun 01 2022 19:03:55]DMukto#8483 said: md av <@843549307415035925>
[Wed Jun 01 2022 19:04:16]Tec M BACKUP#3420 said: its a scricle head idiot
[Wed Jun 01 2022 19:04:40]DMukto#8483 said: guess what? If you have crime records, you can't get a law job
[Wed Jun 01 2022 19:04:48]DMukto#8483 said: md apply police
[Wed Jun 01 2022 19:04:54]DMukto#8483 said: md apply mechanic
[Wed Jun 01 2022 19:04:57]DMukto#8483 said: md bal
[Wed Jun 01 2022 19:05:01]DMukto#8483 said: md work
[Wed Jun 01 2022 19:05:05]DMukto#8483 said: md daily
[Wed Jun 01 2022 19:05:09]DMukto#8483 said: 😦
[Wed Jun 01 2022 19:05:21]Tec M BACKUP#3420 said: md apply teacher
[Wed Jun 01 2022 19:05:27]DMukto#8483 said: I'll make the work more interesting, no worries
[Wed Jun 01 2022 19:05:36]Tec M BACKUP#3420 said: i teach kids how to tree
[Wed Jun 01 2022 19:05:37]DMukto#8483 said: but today I'm tired and depressed 😅
[Wed Jun 01 2022 19:05:58]Tec M BACKUP#3420 said: Step 1:
Sleep
[Wed Jun 01 2022 19:06:10]DMukto#8483 said: no, no... sleep isn't enough
[Wed Jun 01 2022 19:06:10]DMukto#8483 said: XD
[Wed Jun 01 2022 19:06:14]Tec M BACKUP#3420 said: Or smt
[Wed Jun 01 2022 19:06:45]DMukto#8483 said: also, I might shut <@977262952354828308> down now, for updates
[Wed Jun 01 2022 19:06:50]Tec M BACKUP#3420 said: md work
[Wed Jun 01 2022 19:06:59]Tec M BACKUP#3420 said: ok
[Wed Jun 01 2022 19:07:11]Tec M BACKUP#3420 said: Ill you miss the is are yes <@977262952354828308>
[Wed Jun 01 2022 19:07:13]DMukto#8483 said: don't worry it'll be back in 10-20 seconds
[Wed Jun 01 2022 19:07:35]Tec M BACKUP#3420 said: Best inglish in 2022
[Wed Jun 01 2022 19:12:13]DMukto#8483 said: also take a look at the new website for <@977262952354828308> 
https://muxworks.com/Dolly
[Wed Jun 01 2022 19:12:30]Tec M BACKUP#3420 said: Ok
[Wed Jun 01 2022 19:13:58]Tec M BACKUP#3420 said: Its amiizijg
[Wed Jun 01 2022 19:14:06]Tec M BACKUP#3420 said: Aμazing*
[Wed Jun 01 2022 19:14:16]Tec M BACKUP#3420 said: Amaxing
[Wed Jun 01 2022 19:14:22]Tec M BACKUP#3420 said: The big epic
[Thu Jun 02 2022 06:51:11]DMukto#8483 said: md avatar <@812982949250990090>
[Thu Jun 02 2022 09:39:31]DMukto#8483 said: md fish
[Thu Jun 02 2022 09:39:35]DMukto#8483 said: md sell tuna
[Thu Jun 02 2022 09:39:43]DMukto#8483 said: md sell cod
[Thu Jun 02 2022 09:39:47]DMukto#8483 said: md sell hilsa
[Thu Jun 02 2022 09:39:52]DMukto#8483 said: md inv
[Thu Jun 02 2022 09:39:56]DMukto#8483 said: md fish
[Thu Jun 02 2022 09:40:22]DMukto#8483 said: md sell salmon
[Thu Jun 02 2022 09:40:28]DMukto#8483 said: md sell salmon
[Thu Jun 02 2022 09:40:30]DMukto#8483 said: md fish
[Thu Jun 02 2022 09:40:34]DMukto#8483 said: md sell salmon
[Thu Jun 02 2022 09:40:38]DMukto#8483 said: md fish
[Thu Jun 02 2022 09:40:42]DMukto#8483 said: md inv
[Thu Jun 02 2022 09:40:48]DMukto#8483 said: md sell tuna
[Thu Jun 02 2022 09:41:19]DMukto#8483 said: md work
[Thu Jun 02 2022 09:42:31]DMukto#8483 said: md meme
[Thu Jun 02 2022 09:42:50]DMukto#8483 said: md reddit mildlyinteresting
[Thu Jun 02 2022 09:43:17]DMukto#8483 said: hi
[Thu Jun 02 2022 09:43:19]DMukto#8483 said: hi
[Thu Jun 02 2022 09:43:21]DMukto#8483 said: hi
[Thu Jun 02 2022 09:43:24]DMukto#8483 said: hi
[Thu Jun 02 2022 09:43:26]DMukto#8483 said: hi
[Thu Jun 02 2022 09:43:31]DMukto#8483 said: md delete 10
[Thu Jun 02 2022 09:56:16]! Phoenix#1608 said: ew
[Thu Jun 02 2022 09:56:18]! Phoenix#1608 said: why is it so hd
[Thu Jun 02 2022 09:57:08]! Phoenix#1608 said: hi
[Thu Jun 02 2022 09:57:10]! Phoenix#1608 said: ok
[Sun Oct 09 2022 22:30:13]DewanMukto#8815 said: md botinfo
[Wed Nov 29 2023 18:29:25]logicalharmony#0 said: bd help
[Wed Nov 29 2023 18:30:22]logicalharmony#0 said: bd inventory
[Wed Nov 29 2023 18:30:33]logicalharmony#0 said: BD Balance
[Wed Nov 29 2023 18:30:43]logicalharmony#0 said: bd balance
[Wed Nov 29 2023 18:31:00]logicalharmony#0 said: bd daily
[Wed Nov 29 2023 18:31:39]logicalharmony#0 said: bd jobs
