Douma#8056 said: thats it
M4D4R4#3388 said: Aay
Douma#8056 said: md help
M4D4R4#3388 said: Tumi mittha bolso
Bl1zar1n#6706 said: Sheeesh
Bl1zar1n#6706 said: Whats the bg song btw
M4D4R4#3388 said: Ur dad can easily afford a 2crore car easily
XLS氣Oceløtシ#5964 said: seqs
Douma#8056 said: crazier - taylor swift
Douma#8056 said: yeah then we live inside wooden house 💀
XLS氣Oceløtシ#5964 said: woah
Bl1zar1n#6706 said: Oh
XLS氣Oceløtシ#5964 said: swift bto???!!!11
Douma#8056 said: yk those new mc beginners houses
M4D4R4#3388 said: No taylor swift
Bl1zar1n#6706 said: Eita min3vraft naki
Douma#8056 said: 5x5 wooden houses
M4D4R4#3388 said: XD
Douma#8056 said: lol
M4D4R4#3388 said: Na
Douma#8056 said: yeah my dad'll buy 2 crore car then we live inside those 5x5 mc wooden houses
M4D4R4#3388 said: U will live in ur current house
Douma#8056 said: yeah and ur dad will pay out current bills?
Douma#8056 said: school fees?
Douma#8056 said: tuition fees
Douma#8056 said: electrician fees
Douma#8056 said: driver fees
Douma#8056 said: kajer bua fees
Douma#8056 said: ur dad will give?
M4D4R4#3388 said: Yes he can do it easily
Douma#8056 said: then my sisters ragib rabeya thing
Douma#8056 said: ye totally
M4D4R4#3388 said: Ur dad earns 1 laakh a day
M4D4R4#3388 said: Go ask him
Douma#8056 said: DUDE
Douma#8056 said: he earns like 10k or smth per day
Douma#8056 said: ur crazy
M4D4R4#3388 said: 30lakh a.month
Bl1zar1n#6706 said: Thats still a lot
Douma#8056 said: ur dad earns 30 lakh a day then
Douma#8056 said: ye ig
M4D4R4#3388 said: At the end of the year4crore😵
Douma#8056 said: his 1 day earning wasted on my mouse 💀
Bl1zar1n#6706 said: Lol
M4D4R4#3388 said: Aishob ki bolen
Bl1zar1n#6706 said: <@701670848167149628> eng2 hw korsen naki
Douma#8056 said: facts
Douma#8056 said: im just gonna copy kingshuk
M4D4R4#3388 said: Ki hw?
Douma#8056 said: md help
M4D4R4#3388 said: Same here
Bl1zar1n#6706 said: Ei beta toh mars thaika aise
Douma#8056 said: md play crazier
Douma#8056 said: huro
Douma#8056 said: dude
Bl1zar1n#6706 said: <@701670848167149628> eng2 pg118 act3 no2
M4D4R4#3388 said: Ami chudon planet theikka aisi
Douma#8056 said: md play crazier taylor swift
Douma#8056 said: k
Douma#8056 said: ok good quality
M4D4R4#3388 said: Bro dua korben
Douma#8056 said: chudon planet 24/7 chuda chudi
Bl1zar1n#6706 said: Aiccha aiccha okhon hw khorsoth ni kho
Douma#8056 said: <@762610916851843072> good but <@614109280508968980> 10x times better
Bl1zar1n#6706 said: Help lagbo plzz
Douma#8056 said: it lags
Douma#8056 said: and my net is 100% okay
Douma#8056 said: i just played mc without any net lag
Bl1zar1n#6706 said: Isnt lagging for me tho
Douma#8056 said: ektu lag hoy
Douma#8056 said: majhe
Bl1zar1n#6706 said: Ok nah i kinda dont like this song
Douma#8056 said: ok
Bl1zar1n#6706 said: Partya typin essay
Douma#8056 said: my mom screaming at me to go to sleep rn
Douma#8056 said: literally dude
Douma#8056 said: 11:32
M4D4R4#3388 said: If I ever suicide,  I can peacefully die peacefully die in an intentional car crash with my bugatti
M4D4R4#3388 said: Pls pray that I can afford it 🙏
Bl1zar1n#6706 said: Nigga help with eng2
Douma#8056 said: ..
Douma#8056 said: ur father could afford 200k pc+
Douma#8056 said: u can prolly afford 200 crore pc (if that exists )
Douma#8056 said: <@762610916851843072> ok nah chip better
Douma#8056 said: and none of these bots come close to spotify.
M4D4R4#3388 said: After I take all my super cars to some1 wedding just to say congrats
M4D4R4#3388 said: Then I go do the thing
Douma#8056 said: huro mia
Douma#8056 said: aso tumar wedding niya
M4D4R4#3388 said: Aapne eto mitthuk keno
Douma#8056 said: u arent even 18 dude
Douma#8056 said: and u thinking abt marriage rn
M4D4R4#3388 said: Arek junar
Douma#8056 said: jari hok
Douma#8056 said: apni gay
Douma#8056 said: ar arek jon - nusrat
M4D4R4#3388 said: Attending arek junar marriage
Douma#8056 said: nusrat.
M4D4R4#3388 said: 🥲
Douma#8056 said: ok lemme go b4 my mom swears at me
Douma#8056 said: didnt ask tho
Douma#8056 said: sleeeep
M4D4R4#3388 said: Amar ma amake ador kore Kuttar Bacca Shuwar er bacca dake 👍
M4D4R4#3388 said: Bole aai Shuwar aidik aso
Douma#8056 said: …
Douma#8056 said: Md help
Marlizo Hamachi#9374 said: Nice
Marlizo Hamachi#9374 said: Who inv the bot.. I was abt to do it
Marlizo Hamachi#9374 said: <@762610916851843072> alr thnx for inviting it :/
XLS氣Oceløtシ#5964 said: seqs
XLS氣Oceløtシ#5964 said: <@740649832133296188> link to download ankha vid ples
Douma#8056 said: BROOO
Douma#8056 said: TODAY WAS INSANEEEEE
Douma#8056 said: LMAOOO
Douma#8056 said: I OPENED <@762610916851843072> 'S PANT CHAIN TWICE
Douma#8056 said: AND MAHIM HAD HIS WORST DAY TODAY
Douma#8056 said: LMAOOOOOOOOO
Douma#8056 said: I CANT STOP LAUGHING DUDEEE
Douma#8056 said: LMAOOO
XLS氣Oceløtシ#5964 said: bro fuck you mannn
XLS氣Oceløtシ#5964 said: why open my chain in public
XLS氣Oceløtシ#5964 said: every girl was looking
Bl1zar1n#6706 said: @everyone how do i do project
Bl1zar1n#6706 said: 😭 😭
Bl1zar1n#6706 said: Broo how do i even do thid usrlrss peice of shit
Bl1zar1n#6706 said: AND ON FUCKJNG TOP OF THAT I HAVE NANDITA MISS'S FUCKING CLASS TODAY FUCKNRJDB DHDJF
XLS氣Oceløtシ#5964 said: rip
XLS氣Oceløtシ#5964 said: <@740649832133296188> send link to download ankha vid ples
Bl1zar1n#6706 said: bro just search up ankha porn video and you will hgey ot
Bl1zar1n#6706 said: for fucks actual sake how do i do geo fucking gayass project
Bl1zar1n#6706 said: what the fuck am i supposed to write
Douma#8056 said: loll
Bl1zar1n#6706 said: <@779347839028297758>
Bl1zar1n#6706 said: <@779347839028297758>
Bl1zar1n#6706 said: project
Bl1zar1n#6706 said: korso naki
Douma#8056 said: dara
Douma#8056 said: no ofc
Bl1zar1n#6706 said: great
Bl1zar1n#6706 said: we will fail togeter
Bl1zar1n#6706 said: manjar isnt responding
Bl1zar1n#6706 said: great.
Douma#8056 said: and ebtu wont help at all
Douma#8056 said: and ebtu wont help at all
Douma#8056 said: <@740649832133296188> heres the base idea: brochure is basically like a book, so just get like 5 pages then staple it together then u have a book, write a country name on the header then stick pics of the places of that country in the first pg of the brochure
Douma#8056 said: next pages just write travel things
Douma#8056 said: like
Douma#8056 said: where to eat
Douma#8056 said: where to stay
Douma#8056 said: places to visit
Douma#8056 said: <@740649832133296188> did u get it
Douma#8056 said: dead
Douma#8056 said: damn the airpods are good
Bl1zar1n#6706 said: a4 papers o oibo ni
Douma#8056 said: wtf my internet so shit today
Bl1zar1n#6706 said: jawad is sayimg that we needa make trifold art papers like this and do
Douma#8056 said: yeah
Douma#8056 said: thats how u shud do it
Bl1zar1n#6706 said: alright
Bl1zar1n#6706 said: geo nightmare project
eng1 test
hizra miss's 10 bakko rochonas
Bl1zar1n#6706 said: <:sigh:978270935016677437>
Bl1zar1n#6706 said: my life is so fucked
Douma#8056 said: and yeah i have to read sci now
Douma#8056 said: for fahim niggas exam
Douma#8056 said: idfk why he has to take exams and the questions are from another universe bro
XLS氣Oceløtシ#5964 said: i opened twiter
XLS氣Oceløtシ#5964 said: yay
Douma#8056 said: + get rekt
Douma#8056 said: + cry abt it + get triggered + opened ur zip +
Douma#8056 said: wtf
Douma#8056 said: my net gay
Douma#8056 said: deleted earlier msgs
Bl1zar1n#6706 said: how.
Bl1zar1n#6706 said: whenever i try to open they ask for number
Bl1zar1n#6706 said: and when i give they dont send any code
Bl1zar1n#6706 said: gay twidder
Bl1zar1n#6706 said: <@779347839028297758> can u suggest what to write in like the middle paras
Bl1zar1n#6706 said: im done with intro
Douma#8056 said: did u even fucking read what i sent earlier
Douma#8056 said: .
Douma#8056 said: im so pissed rn
Douma#8056 said: sci exam + eng
Douma#8056 said: if there wasnt sci exqm
Douma#8056 said: i couldve done the geo proj
Bl1zar1n#6706 said: alr can i just write it like how it was written in geo book
Bl1zar1n#6706 said: like matterhorn has these things
Bl1zar1n#6706 said: sry if im bothering too much
Douma#8056 said: yeah
Douma#8056 said: nah np
Douma#8056 said: idrm
Douma#8056 said: im pissed at fahim sir
Douma#8056 said: why does that nigga take exams
Douma#8056 said: smfh
Douma#8056 said: sometimes i just want to go and suicide with partha
Bl1zar1n#6706 said: thx
Bl1zar1n#6706 said: kill him
Bl1zar1n#6706 said: easy
Douma#8056 said: alr
Douma#8056 said: nice idea
Douma#8056 said: thx
Bl1zar1n#6706 said: 🫂
Douma#8056 said: i'll not only kill him
Douma#8056 said: but blow up his entire house
Douma#8056 said: with a tank.
Douma#8056 said: his dad especially
Douma#8056 said: that motherfucker nigga didnt help me that day
Douma#8056 said: curse him
Bl1zar1n#6706 said: https://tenor.com/view/monkey-dance-swag-gif-14656700
Bl1zar1n#6706 said: after u kill them eat them
Douma#8056 said: shukhe achen dekhi
Douma#8056 said: yeah i'll share it withu
Bl1zar1n#6706 said: thsnks
Bl1zar1n#6706 said: apni onek generous
Douma#8056 said: <@762610916851843072> can u not wear teh underwear tmrw?
Douma#8056 said: yes
Douma#8056 said: i'll give u boobs
Douma#8056 said: of some woman if there
Bl1zar1n#6706 said: 😍
Douma#8056 said: <@762610916851843072> dont weat the underwear
Douma#8056 said: i'll open ur chains and get a peek at ur pp
Douma#8056 said: i opened this niggas chain today
Bl1zar1n#6706 said: dont wet the underpants?
Bl1zar1n#6706 said: 🤨
Douma#8056 said: HE RAN OFF AFTER THAT LMAOO
Bl1zar1n#6706 said: tumi ektu gay
Douma#8056 said: no
Douma#8056 said: ami gay na
Douma#8056 said: ami straight
Douma#8056 said: bro
Douma#8056 said: i annoyed <@757148419277193218> so much today
Douma#8056 said: he got triggered 💀
Douma#8056 said: i touched his balls like every second
Douma#8056 said: tried to open his chains
Douma#8056 said: wrote 'sex - mahim' in his desk
Douma#8056 said: and on books
Douma#8056 said: lolll
Douma#8056 said: he had his worst day today
Douma#8056 said: <@757148419277193218> right? 💀
Douma#8056 said: i deleted rules channel
Douma#8056 said: it was cringe
Bl1zar1n#6706 said: i just dont want to do this project man
Bl1zar1n#6706 said: these shits are so fuvcking annoying
Douma#8056 said: ifkr
Douma#8056 said: final exam time dont the fuckin niggas know that we have exams
Douma#8056 said: brainless dipshts fill us with useless projs when we have billions of exams
Douma#8056 said: niggas
Bl1zar1n#6706 said: bro ifkr
Douma#8056 said: dhur baal
Douma#8056 said: im feeling rly frustrated rn
Bl1zar1n#6706 said: bro
Bl1zar1n#6706 said: do u know that we arent gonna get exam syllabus b4 13th may?
Bl1zar1n#6706 said: like we are literally gonna get the syllabus 2 weeks b4 exam
Douma#8056 said: but-
Douma#8056 said: BUT-
Douma#8056 said: MAIMUNA MISS AID ON 1TH JUNE??????/?//
Douma#8056 said: WTF?!!?!?
Douma#8056 said: ight
Douma#8056 said: im going to 9th floor and then to the roof
Douma#8056 said: i think i shouldnt survive from 10 floors up
Douma#8056 said: hm
Douma#8056 said: nice
Bl1zar1n#6706 said: tf
Bl1zar1n#6706 said: for our class she said 13th june
Bl1zar1n#6706 said: eita kun type of retardary
Douma#8056 said: ...
Douma#8056 said: bro im going retarded
Bl1zar1n#6706 said: or maybe i just have broken hearing
Douma#8056 said: *1th* june
Bl1zar1n#6706 said: i already am 🤡
Douma#8056 said: i was retarded from the moment i was bron
Douma#8056 said: born*
Bl1zar1n#6706 said: i was retarded even b4 i was born
Douma#8056 said: i was retarded before i was born in my moms stomache
Bl1zar1n#6706 said: i was retarded even in my last life
Douma#8056 said: ..
Bl1zar1n#6706 said: 2 paragraphsss doneeee
Douma#8056 said: sheesh
Douma#8056 said: plz share
Douma#8056 said: i'll copy paster
Bl1zar1n#6706 said: more 10
Bl1zar1n#6706 said: mair dibo kintu
Douma#8056 said: i mean
Douma#8056 said: change some stuff
Douma#8056 said: ofc
Bl1zar1n#6706 said: ok
Douma#8056 said: dena plzzz
Bl1zar1n#6706 said: 
Bl1zar1n#6706 said: i just copied stuff from a site
Douma#8056 said: so i recommend???
Douma#8056 said: it shud be so its recommended
XLS氣Oceløtシ#5964 said: bruh there's a "use email" button
XLS氣Oceløtシ#5964 said: also you had a link to download ankha vid
XLS氣Oceløtシ#5964 said: so give.
Bl1zar1n#6706 said: they still ask for number even when i do use email
XLS氣Oceløtシ#5964 said: im lazy i cant search shit up
Bl1zar1n#6706 said: it was in my laptop
XLS氣Oceløtシ#5964 said: wtaf
Bl1zar1n#6706 said: and i dont have laptop
XLS氣Oceløtシ#5964 said: where laptop
Bl1zar1n#6706 said: laptop charger got lost
XLS氣Oceløtシ#5964 said: rip
Bl1zar1n#6706 said: not actually lost, stolen.
Douma#8056 said: <@762610916851843072> bro
XLS氣Oceløtシ#5964 said: who would steal a charger but not the lptop itslef 💀
XLS氣Oceløtシ#5964 said: seqs
Douma#8056 said: remember the time when i used to force ppl to join nitro scam servers
Douma#8056 said: 💀
Bl1zar1n#6706 said: the wifi fixer guy lmao
Douma#8056 said: i was new to dsicrd
XLS氣Oceløtシ#5964 said: you did?
XLS氣Oceløtシ#5964 said: damn
Douma#8056 said: dont u remember
Douma#8056 said: u joined
Douma#8056 said: faiaz joined
Douma#8056 said: avik joined
XLS氣Oceløtシ#5964 said: <:bruh:967098427588636772>
Douma#8056 said: avik was pretty nice that time
XLS氣Oceløtシ#5964 said: i frogor
XLS氣Oceløtシ#5964 said: dude avik had been a dickhead even after u joined
Douma#8056 said: uh idts
Douma#8056 said: he was pretty nice to me
Bl1zar1n#6706 said: yeah but he was nice to shuvro
XLS氣Oceløtシ#5964 said: bruh what
Bl1zar1n#6706 said: cuz he thought shuvro was a snitch
Bl1zar1n#6706 said: like partha
XLS氣Oceløtシ#5964 said: fuck avik
Douma#8056 said: ...
Douma#8056 said: loll
XLS氣Oceløtシ#5964 said: piece of shit gets scared from snitcung
Bl1zar1n#6706 said: lol ikr
Bl1zar1n#6706 said: this nigga got so scared tday when kakon miss mentioned parents getting called
XLS氣Oceløtシ#5964 said: and i literally opened twitter only for the one reason: get the ankha vid 💀
Bl1zar1n#6706 said: down bad.
XLS氣Oceløtシ#5964 said: it got deleted 😭
XLS氣Oceløtシ#5964 said: loll
Douma#8056 said: im gonan buy the redragon keybaoird after exams
Douma#8056 said: 😎
XLS氣Oceløtシ#5964 said: alhamdulilah the hizra miss didnt call my parents
Douma#8056 said: im pretty sure any teachers dont have any complain abt me
XLS氣Oceløtシ#5964 said: eibeta stop becoming partho
Douma#8056 said: behaviour
Douma#8056 said: partha = pc parts costs more than 30k
me = not over 10k.
XLS氣Oceløtシ#5964 said: unless they see you harassing me or mahim to touch pp 💀
Douma#8056 said: ei
Douma#8056 said: ami oigula korina
XLS氣Oceløtシ#5964 said: or they catch you
Douma#8056 said: im mahims worst friend
Douma#8056 said: ngl
Bl1zar1n#6706 said: <@762610916851843072>
XLS氣Oceløtシ#5964 said: at least you can buy those my parents will only buy me a phone but nt a pc
XLS氣Oceløtシ#5964 said: ALHAMDULILLAH
XLS氣Oceløtシ#5964 said: THANK YOU BROTHER
Douma#8056 said: stay happy with that
Bl1zar1n#6706 said: no problem
Bl1zar1n#6706 said: btw
Bl1zar1n#6706 said: why do you even need it tho
Bl1zar1n#6706 said: 🤨
Bl1zar1n#6706 said: bruh this isnt the original video
Bl1zar1n#6706 said: ffs
Douma#8056 said: im failing fahim sirs tests
XLS氣Oceløtシ#5964 said: yeah i gave him a tip that in the future if his kids punch his bals will he tolerate them or kick them out of his house lol
Douma#8056 said: ofc tolerate
Douma#8056 said: fahim sirs baby scratches him
XLS氣Oceløtシ#5964 said: im becoming a part of the furry communtiy and i will embrace it with my monke brain
Douma#8056 said: also i caught fahim sir lifting his balls to sit properly 💀
Bl1zar1n#6706 said: bro.
Bl1zar1n#6706 said: <@779347839028297758> sometings wrong with hujayfa man
XLS氣Oceløtシ#5964 said: yeah im a degenrate 😔
Bl1zar1n#6706 said: this man started liking lamiya
is getting into furry cat porn
sex
Douma#8056 said: matha ulta palta hoye gese tar bcuz i opened his chain and girls saw it
Bl1zar1n#6706 said: what losing your tab does to a man
XLS氣Oceløtシ#5964 said: <@757148419277193218> you may unfriend me i have become a depressed furry addict
Bl1zar1n#6706 said: oh.
Douma#8056 said: <@762610916851843072> do u ACTUALLY have a crush on that girl?
Douma#8056 said: lamiya
Douma#8056 said: bro
XLS氣Oceløtシ#5964 said: when did i say i did
XLS氣Oceløtシ#5964 said: ill admit she's kinda pretty but her personality sucks
Douma#8056 said: .
Douma#8056 said: SHE ISNT PRETTY
Douma#8056 said: NO.
Bl1zar1n#6706 said: what the fuck
XLS氣Oceløtシ#5964 said: damn i forgor t mention that i hwas high on atermleon
Bl1zar1n#6706 said: how is she pretty
XLS氣Oceløtシ#5964 said: idk
Bl1zar1n#6706 said: bro even zunaira is better looking than her
Douma#8056 said: ifkr
XLS氣Oceløtシ#5964 said: my dumbass brain cant tell whos pretty r not
Douma#8056 said: zunaira looked kinda hot in pti
Bl1zar1n#6706 said: EVEN YOU ARE PRETTIER THAN THAT BITCH
Douma#8056 said: facrts
XLS氣Oceløtシ#5964 said: i have truly become a degenreate
Bl1zar1n#6706 said: ..
Douma#8056 said: 🤡
Bl1zar1n#6706 said: enaera ke betray korcho naki <@779347839028297758>
Bl1zar1n#6706 said: fuckckckc
XLS氣Oceløtシ#5964 said: im not a rightless woman
Bl1zar1n#6706 said: i didnt take ss
Bl1zar1n#6706 said: of that msg
Douma#8056 said: wdym i just complimented her
Bl1zar1n#6706 said: oh yh
Douma#8056 said: nth else
Douma#8056 said: just said the truth
Douma#8056 said: im not simping for her
Bl1zar1n#6706 said: beshi kotha bolba na
Douma#8056 said: neither i have a crush on her
Bl1zar1n#6706 said: simp
Douma#8056 said: wtf
Douma#8056 said: bruhhh
Douma#8056 said: ffs man
Douma#8056 said: i dont
Douma#8056 said: i'll only accept 1 girl from our entire school.
Bl1zar1n#6706 said: become a chad
start liking men
not women
Douma#8056 said: that wont change
Bl1zar1n#6706 said: no
Bl1zar1n#6706 said: avcccept men only
Douma#8056 said: no
Douma#8056 said: i already accepted them
Bl1zar1n#6706 said: no peepee poopoo women 🤢
Douma#8056 said: i just made mahim sterile today
XLS氣Oceløtシ#5964 said: or become bisexual
Bl1zar1n#6706 said: yeah but gay>>>>
Douma#8056 said: <@762610916851843072> so ur planning to date lamiy
Douma#8056 said: ?
XLS氣Oceløtシ#5964 said: no
Douma#8056 said: thank goodness
Douma#8056 said: i bet u will date smn in c8
Douma#8056 said: all of u will
Douma#8056 said: then me dhiman and partha
XLS氣Oceløtシ#5964 said: 
Douma#8056 said: together
Douma#8056 said: we chat
Douma#8056 said: and u chat w ur bitch
Bl1zar1n#6706 said: hujayfa gon be the new target to get twittered at that time
Douma#8056 said: ikrrrrr
Douma#8056 said: istg man if hujayfa betrays us
Douma#8056 said: and talks w his bitch only
Douma#8056 said: i'll cut his pp off to end his life
Bl1zar1n#6706 said: he most probably wont
Bl1zar1n#6706 said: he isnt like ebtesham
Douma#8056 said: yeah
Douma#8056 said: ikr
Bl1zar1n#6706 said: thius p[rojwnfunqf
Bl1zar1n#6706 said: what dodkjnfqunf
Douma#8056 said: wat
XLS氣Oceløtシ#5964 said: waht
Bl1zar1n#6706 said: project sex
XLS氣Oceløtシ#5964 said: oh he most probably did shit to his project
XLS氣Oceløtシ#5964 said: yup i was right
XLS氣Oceløtシ#5964 said: https://cdn.discordapp.com/attachments/473062374400589828/968646481198342184/phone.mp4
XLS氣Oceløtシ#5964 said: some gay shit dhiman would like
Douma#8056 said: today hot
Douma#8056 said: me turn on ac
Douma#8056 said: one day abtahi was asking the speling of "A.C"
Bl1zar1n#6706 said: fully agree
Douma#8056 said: 💀
Your Local Degenerate#5964 said: what have i done to myself
Douma#8056 said: cringe bio
Douma#8056 said: krinz
Your Local Degenerate#5964 said: its supposed to be lmao
Douma#8056 said: ok]
Douma#8056 said: <@762610916851843072> <@614109280508968980> better than <@977262952354828308>
Douma#8056 said: abpfaosfd[
Douma#8056 said: sdfasdfasdfash;odfuijasfkasdfpapls
Douma#8056 said: dfa
Douma#8056 said: sfd
Douma#8056 said: asd
Douma#8056 said: fa
Douma#8056 said: sdf
Douma#8056 said: a
Douma#8056 said: sf
Douma#8056 said: afj[jas'kasl
Douma#8056 said: Ffasfoa'isnkdjfld
Douma#8056 said: fasdkfas
Douma#8056 said: l
Douma#8056 said: <@740649832133296188> lets play mc
Douma#8056 said: yes we have a lot of studies but lets play mc
Douma#8056 said: lets find fortress
Bl1zar1n#6706 said: oh yes yes sureeee
Douma#8056 said: yeeeeeeee
Douma#8056 said: srv on
Bl1zar1n#6706 said: nice bio
Douma#8056 said: join
Bl1zar1n#6706 said: bro
Bl1zar1n#6706 said: i willl die if i join
Bl1zar1n#6706 said: oto fora rakia kheltam kilan
Douma#8056 said: bro it was meant for fun, the serv isnt on
Bl1zar1n#6706 said: oh.
Douma#8056 said: i was just being sarcastic
Douma#8056 said: apni gay
Bl1zar1n#6706 said: i thought u were being serious
Bl1zar1n#6706 said: ami dum
Douma#8056 said: lol
Douma#8056 said: tumar pp pull kore dibo nondita miss er shamne
Douma#8056 said: no actually ill gift ur pp in her bday
Douma#8056 said: 💀 💀
Bl1zar1n#6706 said: https://images-ext-2.discordapp.net/external/8JhMRRzKdUzno-PXwJpKlnZqhNlb2-6zaMAL9E40S1s/https/cdn.discordapp.com/emojis/906901894880976966.gif
Douma#8056 said: the way the boobs jiggle
Douma#8056 said: lol
Bl1zar1n#6706 said: ikrr
Bl1zar1n#6706 said: https://youtu.be/GVxuGiAiVb8
Bl1zar1n#6706 said: YEEEEEEEEEEEEEEEEE
Bl1zar1n#6706 said: finally
Bl1zar1n#6706 said: oh wait
Bl1zar1n#6706 said: bruh i thought blueray was the hd version
Bl1zar1n#6706 said: ahbfdbfwf
Your Local Degenerate#5964 said: !ban <@977262952354828308>
