nuke#7747 said: coomandenta!
nuke#7747 said: *commandante!
nuke#7747 said: !help
nuke#7747 said: !play
nuke#7747 said: !play https://www.youtube.com/watch?v=rZ8VVfrdcpc
nuke#7747 said: !play https://www.youtube.com/watch?v=rZ8VVfrdcpc
nuke#7747 said: !play https://www.youtube.com/watch?v=rZ8VVfrdcpc
nuke#7747 said: !play https://www.youtube.com/watch?v=rZ8VVfrdcpc
nuke#7747 said: !play https://www.youtube.com/watch?v=rZ8VVfrdcpc
nuke#7747 said: !play https://www.youtube.com/watch?v=rZ8VVfrdcpc
nuke#7747 said: !play https://www.youtube.com/watch?v=rZ8VVfrdcpc
nuke#7747 said: !queue
nuke#7747 said: !play
nuke#7747 said: !queue
nuke#7747 said: !queue
nuke#7747 said: !stats
nuke#7747 said: !help
nuke#7747 said: !play take over
nuke#7747 said: !skip
nuke#7747 said: !leave
nuke#7747 said: !help
nuke#7747 said: !connect
nuke#7747 said: !play take over
nuke#7747 said: !stop
nuke#7747 said: !connect
nuke#7747 said: !play take over
nuke#7747 said: !np
nuke#7747 said: !stop
nuke#7747 said: !play take over
nuke#7747 said: !play take over
nuke#7747 said: !leave
nuke#7747 said: !stop
nuke#7747 said: !search take over
nuke#7747 said: !help
nuke#7747 said: !play take over
nuke#7747 said: !stop
nuke#7747 said: !play take over
nuke#7747 said: !stop
nuke#7747 said: !player take over
nuke#7747 said: !play take over
nuke#7747 said: !stop
nuke#7747 said: !play take over
nuke#7747 said: !stop
nuke#7747 said: !play caramel
nuke#7747 said: !play
nuke#7747 said: !connect
nuke#7747 said: !connect
nuke#7747 said: !connect
nuke#7747 said: !connect
nuke#7747 said: !play take over
nuke#7747 said: !leave
nuke#7747 said: !np
nuke#7747 said: !connect
nuke#7747 said: !play take over
nuke#7747 said: !help
nuke#7747 said: help
nuke#7747 said: /help
nuke#7747 said: /play
nuke#7747 said: !help
nuke#7747 said: !play
nuke#7747 said: !play take over
serverwise#7747 said: md help
serverwise#7747 said: md help
serverwise#7747 said: md help
serverwise#7747 said: md help
serverwise#7747 said: md help
serverwise#7747 said: md help
serverwise#7747 said: md abandon
serverwise#7747 said: md abandon <@977618117595385926>
serverwise#7747 said: md help
serverwise#7747 said: md help
serverwise#7747 said: md abandon me
serverwise#7747 said: md abandon <@977618117595385926>
serverwise#7747 said: md help
serverwise#7747 said: md botinfo
serverwise#7747 said: md fils
serverwise#7747 said: md filters
serverwise#7747 said: md help abandon
serverwise#7747 said: md disown me
serverwise#7747 said: md disown someone
serverwise#7747 said: md play take over
serverwise#7747 said: md filter vaporwave
serverwise#7747 said: md reset
serverwise#7747 said: md play take over
serverwise#7747 said: md help
serverwise#7747 said: 
serverwise#7747 said: md amongus
serverwise#7747 said: md amongus
serverwise#7747 said: md amongus
serverwise#7747 said: md help
serverwise#7747 said: md help
serverwise#7747 said: md play silence
serverwise#7747 said: md np
serverwise#7747 said: md play https://www.youtube.com/playlist?list=PLIkI8X95-BW0QjcKgrxTK6-wk-tpy0TF1
serverwise#7747 said: md np
serverwise#7747 said: md nowplaying
serverwise#7747 said: md play https://www.youtube.com/playlist?list=PLIkI8X95-BW0QjcKgrxTK6-wk-tpy0TF1
serverwise#7747 said: md np
serverwise#7747 said: md play
serverwise#7747 said: md play https://www.youtube.com/playlist?list=PLIkI8X95-BW0QjcKgrxTK6-wk-tpy0TF1
serverwise#7747 said: md botinfo
serverwise#7747 said: md stat
serverwise#7747 said: md np
serverwise#7747 said: md leave
serverwise#7747 said: md kick
serverwise#7747 said: md pow
serverwise#7747 said: md help
serverwise#7747 said: md server
serverwise#7747 said: md stats
serverwise#7747 said: md authinfo
serverwise#7747 said: invite
serverwise#7747 said: invite me
serverwise#7747 said: https://discord.com/api/oauth2/authorize?client_id=900766190266368051&permissions=1644971949559&scope=bot
serverwise#7747 said: md help
serverwise#7747 said: md help
serverwise#7747 said: md help
serverwise#7747 said: md help
serverwise#7747 said: md menu
serverwise#7747 said: md help
serverwise#7747 said: md help
serverwise#7747 said: md help
serverwise#7747 said: md help
serverwise#7747 said: md play something
serverwise#7747 said: md play something
serverwise#7747 said: md play something
serverwise#7747 said: authinfo
serverwise#7747 said: mmp play toram online dark manor
serverwise#7747 said: mmp np
serverwise#7747 said: mmp leave
serverwise#7747 said: mmp stop
