Muxto#8483 said: md play take over
Muxto#8483 said: md play mahir beats
Muxto#8483 said: md volume 100
LolQuattro#0125 said: can it play anything?
LolQuattro#0125 said: like soundcloud and stuff
Muxto#8483 said: Youtube, Souncloud, Spotify
Muxto#8483 said: only tested YT today
Muxto#8483 said: dunno if the others would work or not
LolQuattro#0125 said: can i try soundcloud?
LolQuattro#0125 said: what are the commands?
Muxto#8483 said: md help
Muxto#8483 said: got some filters as well
Muxto#8483 said: will add more
LolQuattro#0125 said: md play Never Say Goodbye [Baby Zeuss] Hardstyle Remix
LolQuattro#0125 said: hmm not exactly my track lol
Muxto#8483 said: although.... since the bot is running on my laptop instead of a web server... (plus, in a virtual machine) there will be lagging if filters are used
Muxto#8483 said: md queue
LolQuattro#0125 said: I see
Muxto#8483 said: md skip
LolQuattro#0125 said: it occasionaly lags for a millisecond
Muxto#8483 said: what the ?
Muxto#8483 said: did you choose this?
Muxto#8483 said: XD
LolQuattro#0125 said: yeah
LolQuattro#0125 said: actually no
Muxto#8483 said: md filter nightcore
Muxto#8483 said: md filter 3d
LolQuattro#0125 said: but it's similar to my track
LolQuattro#0125 said: interesting
Muxto#8483 said: md filter surround
Muxto#8483 said: you can stack up filters
LolQuattro#0125 said: damn
Muxto#8483 said: at the cost of lag
Muxto#8483 said: 😅
Muxto#8483 said: also...
LolQuattro#0125 said: I cant hear the track tho
Muxto#8483 said: md botinfo
LolQuattro#0125 said: ok now I do
LolQuattro#0125 said: it's just stereorizing from ear to ear
Muxto#8483 said: Took me a while to format this correctly
Muxto#8483 said: md nowplaying
LolQuattro#0125 said: shit bro this is great
LolQuattro#0125 said: good work
LolQuattro#0125 said: <@784119755111661569>
Muxto#8483 said: thanks!
Muxto#8483 said: 🥲
Muxto#8483 said: 3 days of non-stop coding paid off
Muxto#8483 said: md stop
LolQuattro#0125 said: how do you turn off filters
Muxto#8483 said: but still... there are some bugs
Muxto#8483 said: forgot to add an option 🥴
LolQuattro#0125 said: lol
Muxto#8483 said: for now, you just stop everything
Muxto#8483 said: md play take over
LolQuattro#0125 said: oh
Muxto#8483 said: can you see this panel? <@523963627913478184>
Muxto#8483 said: do you see the buttons?
LolQuattro#0125 said: yeah
Muxto#8483 said: try to use 'em
Muxto#8483 said: pause it
LolQuattro#0125 said: ya they work
Muxto#8483 said: ooookay
Muxto#8483 said: and also, to reduce clutter/spam, I configured it to send replies privately
Muxto#8483 said: for any error msgs
LolQuattro#0125 said: smart thinking
LolQuattro#0125 said: md play glass heart
LolQuattro#0125 said: no
LolQuattro#0125 said: wrong song
LolQuattro#0125 said: lol
Muxto#8483 said: yeah... gonna need some time
Muxto#8483 said: to polish everything perfectly
LolQuattro#0125 said: md play glass heart caskets
LolQuattro#0125 said: md help
LolQuattro#0125 said: md skip
LolQuattro#0125 said: md skip
Muxto#8483 said: you can use the buttons
Muxto#8483 said: the ⏭️
LolQuattro#0125 said: didnt work last time I pressed
Muxto#8483 said: 🤔
LolQuattro#0125 said: I mean a couple seconds ago
Muxto#8483 said: I see
LolQuattro#0125 said: md play Never Say Goodbye [Baby Zeuss] Hardstyle Remix
Muxto#8483 said: oh wait
LolQuattro#0125 said: md play Blue (Hardstyle Remix By Team Blue)
LolQuattro#0125 said: md skip
Muxto#8483 said: you're trying to play your Soundcloud song>
LolQuattro#0125 said: md skip
Muxto#8483 said: *?
LolQuattro#0125 said: yeah
LolQuattro#0125 said: md play
LolQuattro#0125 said: md play Blue (Hardstyle Remix By Team Blue)
Muxto#8483 said: try `md play <your soundcloud link>`
LolQuattro#0125 said: oh
Muxto#8483 said: ⚠️ not sure if it will work though
Muxto#8483 said: give it a try
LolQuattro#0125 said: md play https://soundcloud.com/babyzeuss/never-say-goodbye-baby-zeus-hardstyle-remix
Muxto#8483 said: aye
LolQuattro#0125 said: ok it worked
LolQuattro#0125 said: nice
Muxto#8483 said: it's working 👍
LolQuattro#0125 said: my first remix
Muxto#8483 said: no errors
Muxto#8483 said: wooohoo! 🎉
LolQuattro#0125 said: making a comeback on soundcloud
LolQuattro#0125 said: nice
Muxto#8483 said: also... nice music, mate 👍 <@523963627913478184>
Muxto#8483 said: 😎 👊
Muxto#8483 said: hehe boi
Muxto#8483 said: md filter 3d
LolQuattro#0125 said: only gym music and remixes tho
Muxto#8483 said: md filter vaporwave
Muxto#8483 said: hehe... the filters work on any stream of audio, since it's applied after the audio is received at the buffer
Muxto#8483 said: also, today I learnt several lessons
Muxto#8483 said: as in... hard mistakes
LolQuattro#0125 said: oh
Muxto#8483 said: Such as using too many comments in the code
Muxto#8483 said: I noticed that the quality of the audio dropped
Muxto#8483 said: since more lines = more data for the buffer = more latency
Muxto#8483 said: md stop
Muxto#8483 said: md play https://soundcloud.com/babyzeuss/never-say-goodbye-baby-zeus-hardstyle-remix
Muxto#8483 said: md filter vaporwave
Muxto#8483 said: md filter bassboost
Muxto#8483 said: alright
Muxto#8483 said: now you can set the filters to normal
Muxto#8483 said: md filter reset
LolQuattro#0125 said: lol
Muxto#8483 said: whoops
Muxto#8483 said: what the
Muxto#8483 said: md fl
Muxto#8483 said: md help
LolQuattro#0125 said: md reset
Muxto#8483 said: it shows up here 🤔 but isn't called
LolQuattro#0125 said: i did it
Muxto#8483 said: oooh, nice
LolQuattro#0125 said: lol
Muxto#8483 said: I guess I should recheck the commands
LolQuattro#0125 said: i mean it's working so
Muxto#8483 said: it's supposed to work like `md filter reset`
LolQuattro#0125 said: oh
Muxto#8483 said: another similar bug is when the queue is called
Muxto#8483 said: still haven't fixed that one
Muxto#8483 said: md play https://www.youtube.com/playlist?list=PLIkI8X95-BW0QjcKgrxTK6-wk-tpy0TF1
Muxto#8483 said: md queue
Muxto#8483 said: the page navigation buttons got inverted
Muxto#8483 said: for some reason
LolQuattro#0125 said: navigation buttons dont work
Muxto#8483 said: as in... they're supposed to be disabled if there aren't more than 1 page
Muxto#8483 said: yep
LolQuattro#0125 said: oh
Muxto#8483 said: 👆
LolQuattro#0125 said: okay bro, I've got to go study now
Muxto#8483 said: alright
LolQuattro#0125 said: talk to ya later
Muxto#8483 said: thanks for your time!
Muxto#8483 said: see you in 48 hrs! (24th)
LolQuattro#0125 said: yep
Muxto#8483 said: and lastly, good luck!
LolQuattro#0125 said: thanks
Muxto#8483 said: md leave
LolQuattro#0125 said: let's go on a VR Rave once I'm done!
Muxto#8483 said: 🖕 you <@977262952354828308>
Muxto#8483 said: lol
Muxto#8483 said: can't even leave
Muxto#8483 said: now it left
Muxto#8483 said: 'cause of the 60s cooldown
Muxto#8483 said: alright 👋 c ya
Muxto#8483 said: md play take over league
Muxto#8483 said: md play https://www.youtube.com/watch?v=DWcJFNfaw9c
Muxto#8483 said: md play
Muxto#8483 said: md stop
Muxto#8483 said: md play https://open.spotify.com/album/1RvwRAMSHp78d44pzIaKhT?si=uBwWw4BiQ4a3-jNCerbdGA
Muxto#8483 said: md play shake ishowspeed
Muxto#8483 said: md play rocket league theme
Muxto#8483 said: md help
Muxto#8483 said: md help
Muxto#8483 said: md play rocket league theme
Muxto#8483 said: md autoplay
Muxto#8483 said: md help
Muxto#8483 said: aye
Muxto#8483 said: md play lofi girl
Muxto#8483 said: md join
Muxto#8483 said: md leave
Muxto#8483 said: md join
Muxto#8483 said: md leave
Muxto#8483 said: md stop
Muxto#8483 said: md leave
Muxto#8483 said: md botinfo
Muxto#8483 said: md play nightcore sad 1 hour
Muxto#8483 said: here's the API map of <@977262952354828308>'s directories
Muxto#8483 said: there are lots of empty spaces to indicate that there will be more features added
Muxto#8483 said: md play https://www.youtube.com/playlist?list=PLIkI8X95-BW0QjcKgrxTK6-wk-tpy0TF1
Muxto#8483 said: md queue
Muxto#8483 said: md resume
Muxto#8483 said: md play
Muxto#8483 said: md queue
Muxto#8483 said: md skipto 1
Muxto#8483 said: md play https://www.youtube.com/playlist?list=PLIkI8X95-BW0QjcKgrxTK6-wk-tpy0TF1
Muxto#8483 said: md queue
Muxto#8483 said: md join
Muxto#8483 said: md play https://www.youtube.com/playlist?list=PLIkI8X95-BW0QjcKgrxTK6-wk-tpy0TF1
Muxto#8483 said: md queue
Muxto#8483 said: md filter nightcore
Muxto#8483 said: md play https://www.youtube.com/watch?v=1D5cxbDbKMc
Muxto#8483 said: md filter nightcore
Muxto#8483 said: md filterlist
Muxto#8483 said: md filter haas
Muxto#8483 said: md reset
Muxto#8483 said: md filter nightcore
Muxto#8483 said: md filter echo
Muxto#8483 said: md filter reset
Muxto#8483 said: md filter nightcore
Muxto#8483 said: md filter echo
Muxto#8483 said: md filter nightcore
Muxto#8483 said: md pause
Muxto#8483 said: md play nightcore sleepy mix 9
Muxto#8483 said: md play nightcore sleepy mix 5
Muxto#8483 said: md play nightcore sleepy mix 6
Muxto#8483 said: md play nightcore sleepy mix #6
Muxto#8483 said: md play https://www.youtube.com/watch?v=dmJKHTdzAvI&list=PLFsi9YnqVto7_Ryh3-WiTBQNB6ZV62ljd&index=9
Muxto#8483 said: md filter
Muxto#8483 said: md fl
Muxto#8483 said: md filter karaoke
Muxto#8483 said: md reset
Muxto#8483 said: play alan walker
Muxto#8483 said: md play alan walker
Muxto#8483 said: md loud
[Mon May 30 2022 11:08:27]ValampZ#3213 said: join
[Mon May 30 2022 11:08:55]ValampZ#3213 said: play the score in my blood
[Mon May 30 2022 11:09:10]DMukto#8483 said: type `lyrics`
[Mon May 30 2022 11:09:15]ValampZ#3213 said: lyrics
[Mon May 30 2022 11:09:25]DMukto#8483 said: 👍
[Mon May 30 2022 11:09:32]DMukto#8483 said: filters
[Mon May 30 2022 11:09:36]ValampZ#3213 said: seessh gd bot bro 🔥🔥
[Mon May 30 2022 11:09:45]DMukto#8483 said: thanks
[Mon May 30 2022 11:09:47]DMukto#8483 said: botinfo
[Mon May 30 2022 11:09:55]DMukto#8483 said: runs on NodeJS
[Mon May 30 2022 11:10:06]ValampZ#3213 said: what
[Mon May 30 2022 11:10:09]DMukto#8483 said: and inside a virtual machine on my laptop
[Mon May 30 2022 11:10:13]ValampZ#3213 said: cpu
[Mon May 30 2022 11:10:23]ValampZ#3213 said: r u running it on ur own laptop?
[Mon May 30 2022 11:10:27]DMukto#8483 said: yep
[Mon May 30 2022 11:10:31]ValampZ#3213 said: broooo
[Mon May 30 2022 11:10:35]DMukto#8483 said: I couldn't afford web server 🥲
[Mon May 30 2022 11:10:36]ValampZ#3213 said: lol
[Mon May 30 2022 11:10:45]ValampZ#3213 said: u can use the free ones
[Mon May 30 2022 11:10:57]DMukto#8483 said: I already used up all my Github student pack subscriptions
[Mon May 30 2022 11:11:03]DMukto#8483 said: and the free ones suck
[Mon May 30 2022 11:11:15]ValampZ#3213 said: XD
[Mon May 30 2022 11:11:19]DMukto#8483 said: I used to use Replit and a neat trick to keep them active by firing uptime bots at them
[Mon May 30 2022 11:11:30]DMukto#8483 said: but now Replit issued a notice to Uptimerobot.com
[Mon May 30 2022 11:11:47]DMukto#8483 said: that they'll remove all pointers to Replit servers
[Mon May 30 2022 11:11:53]ValampZ#3213 said: ye I had that problem with replit too
[Mon May 30 2022 11:11:53]DMukto#8483 said: 😢
[Mon May 30 2022 11:12:03]ValampZ#3213 said: tried to keep mc server 24/7 🤣
[Mon May 30 2022 11:12:17]DMukto#8483 said: I see
[Mon May 30 2022 11:12:23]DMukto#8483 said: md steal <@939812858034810880>
[Mon May 30 2022 11:12:38]DMukto#8483 said: md steal <@939812858034810880>
[Mon May 30 2022 11:12:50]ValampZ#3213 said: hahahhah I'm already broke 🤣🤣
[Mon May 30 2022 11:12:55]DMukto#8483 said: `md createacc` or `md newacc`
[Mon May 30 2022 11:13:04]ValampZ#3213 said: oke
[Mon May 30 2022 11:13:06]DMukto#8483 said: Np, I'll transfer
[Mon May 30 2022 11:13:13]DMukto#8483 said: create the acc first
[Mon May 30 2022 11:13:30]DMukto#8483 said: I can do it manually too, but it's better you do it
[Mon May 30 2022 11:23:50]DMukto#8483 said: try the filters
[Mon May 30 2022 11:23:53]DMukto#8483 said: <@939812858034810880>
[Mon May 30 2022 11:24:00]ValampZ#3213 said: oke
[Mon May 30 2022 11:24:05]DMukto#8483 said: try `filter nightcore` on a song with female vocals
[Mon May 30 2022 11:24:20]ValampZ#3213 said: play imagine dragons bones
[Mon May 30 2022 11:24:25]DMukto#8483 said: if you don't know what's nightcore, it's gonna make the voice sound anime-ish
[Mon May 30 2022 11:24:36]ValampZ#3213 said: filter nightcore
[Mon May 30 2022 11:24:48]DMukto#8483 said: or try `filter vaporwave` for the opposite effect
[Mon May 30 2022 11:24:55]ValampZ#3213 said: noiceee
[Mon May 30 2022 11:24:57]DMukto#8483 said: before that, use `reset` to reset
[Mon May 30 2022 11:25:05]ValampZ#3213 said: reset
[Mon May 30 2022 11:25:07]DMukto#8483 said: otherwise it'll just stack the filters together
[Mon May 30 2022 11:25:13]ValampZ#3213 said: filter vaporwave
[Mon May 30 2022 11:25:27]ValampZ#3213 said: it affects the tempo I see
[Mon May 30 2022 11:25:37]ValampZ#3213 said: reset
[Mon May 30 2022 11:25:52]DMukto#8483 said: yep. Vaporwave = slower tempo, lower pitch
Nightcore = faster tempo, higher pitch
[Mon May 30 2022 11:26:11]DMukto#8483 said: `filter 3d` and `filter surround` don't work so well, but you could try
[Mon May 30 2022 11:26:19]DMukto#8483 said: `filter bassboost`
[Mon May 30 2022 11:26:21]ValampZ#3213 said: filter 3d
[Mon May 30 2022 11:26:52]ValampZ#3213 said: panning is too slow
[Mon May 30 2022 11:27:02]ValampZ#3213 said: it's still good though
[Mon May 30 2022 11:27:20]ValampZ#3213 said: reset
[Mon May 30 2022 11:28:04]DMukto#8483 said: if you find bugs or glitches.... feel free to let me know. But the fact is : I've kinda abandoned <@900766190266368051> for now
[Mon May 30 2022 11:28:24]DMukto#8483 said: 'cause there are plenty of music bots out there, but very few like <@977262952354828308>
[Mon May 30 2022 11:28:37]ValampZ#3213 said: yes
[Mon May 30 2022 11:28:55]DMukto#8483 said: lemme know if you have any features to suggest! 😁 👍
[Mon May 30 2022 11:29:15]ValampZ#3213 said: u r already ahead of lot of feature 🤣🤣
[Mon May 30 2022 11:37:28]ValampZ#3213 said: play the score enemies
[Mon May 30 2022 11:43:39]ValampZ#3213 said: leave
[Mon May 30 2022 11:44:00]ValampZ#3213 said: help
[Mon May 30 2022 11:44:07]ValampZ#3213 said: leave
[Mon May 30 2022 11:44:10]DMukto#8483 said: in case of emergency, just leave the VC and within 60 seconds, the bot will leave
[Mon May 30 2022 11:44:24]DMukto#8483 said: it's a major bug I noticed but haven't repaired yet
