Chub chub#5060 said: maybe nostalgia
Chub chub#5060 said: I like casual

yes
Mr_Madman#6842 said: baggy clothes 👍
Mr_Madman#6842 said: also monochrome type of colouring is best
Chub chub#5060 said: hell yeah
Chub chub#5060 said: baggy is everything
Chub chub#5060 said: fit = down to hell
Chub chub#5060 said: hot as hell
Mr_Madman#6842 said: tight clothes-
Mr_Madman#6842 said: <:cringe:804512992476659783>
Chub chub#5060 said: FRRR
Chub chub#5060 said: SUCKS
rexonight134#9930 said: s u i t
sndeesool#8381 said: casual
rexonight134#9930 said: and
rexonight134#9930 said: chill
Lyfe#5779 said: average boymoder
Cypho#7807 said: t shirt
Lyfe#5779 said: t shirt w no pants fit goes crazy
rexonight134#9930 said: <:bruh:804324718731722782>
Cypho#7807 said: khaki
Chub chub#5060 said: not sure

i like the morning, birds tweeting and sunny sun

night is nice because it is silent and cold, and no one is awake much
Chub chub#5060 said: i can be on my own thoughts
Lyfe#5779 said: night cuz fuck having a social life
Lyfe#5779 said: and cause its more chill in general
Lyfe#5779 said: no kids screaming, only me and my thoughts <:niko_sleep:720713577820061778>
Cypho#7807 said: morning because im not asleep
rexonight134#9930 said: night
rexonight134#9930 said: SAME
rexonight134#9930 said: introvert gang
Lyfe#5779 said: yessir
Lyfe#5779 said: <:fingerguns:837581645468139600>
rexonight134#9930 said: <:nikosleep:837550323781599253>
Lyfe#5779 said: <:niko_sleep:720713577820061778>
Mr_Madman#6842 said: night because there are less people and cold
Chub chub#5060 said: all the elements combined 😈
sndeesool#8381 said: jack of all trades
sndeesool#8381 said: mistress of magic
Chub chub#5060 said: hehuehuehhueue
rexonight134#9930 said: 4 letters
rexonight134#9930 said: wind
C❆ldes#1702 said: dough
C❆ldes#1702 said: cum bending
C❆ldes#1702 said: <:troll:969390804709818428>
Lyfe#5779 said: 
Lyfe#5779 said: earth would be sick tbh
Lyfe#5779 said: fly around on a tree
Lyfe#5779 said: also throwing rocks at my neighbor
Chub chub#5060 said: LMAO
Cypho#7807 said: water
Cypho#7807 said: I don't have to get out of my chair to drink water
Cypho#7807 said: also I can cause heavy rain everytime I don't feel like going to school
Cypho#7807 said: also if I hate someone specifically, I can give them their own rain cloud that always follow them to fuck with them <:clueless:972336459740766258>
Lyfe#5779 said: yes but instead of rain you can throw 2 tons worth of rocks at them instead
Lyfe#5779 said: <:clueless:972336459740766258>
Cypho#7807 said: that'd kill them <:clueless:972336459740766258>
Cypho#7807 said: make them suffer
Lyfe#5779 said: that is true
Lyfe#5779 said: throw a stalagmite into their kneecap instead
Cypho#7807 said: also I can wet their socks
Cypho#7807 said: <:clueless:972336459740766258>
Lyfe#5779 said: OH MY GOD
Lyfe#5779 said: unimaginably evil
Cypho#7807 said: turn their food soggy
Lyfe#5779 said: jesus
Lyfe#5779 said: 😨
Lyfe#5779 said: wait
Lyfe#5779 said: does shit count as earth
Cypho#7807 said: uh oh
Lyfe#5779 said: EHEHEHEH
Chub chub#5060 said: YES
rexonight134#9930 said: 💀
Lyfe#5779 said: hohohoho
Cypho#7807 said: hit someone with shit at 100mph
Cypho#7807 said: 💀
Lyfe#5779 said: LMFAOO
Lyfe#5779 said: cause of death: got hit by shit
Chub chub#5060 said: HAHHAHAHHAHAHHAAHHA
Chub chub#5060 said: what if you can let their shit not come outta them
rexonight134#9930 said: VILE
Chub chub#5060 said: HAHHAHAHAHHAHHAHAHHAHAHHAHAHHAHA
Lyfe#5779 said: EVIL
Lyfe#5779 said: nah wtf that is some joker type shit 😭
Cypho#7807 said: make the shit go upwards <:clueless:972336459740766258>
rexonight134#9930 said: just
rexonight134#9930 said: why
Lyfe#5779 said: menace
rexonight134#9930 said: fr
Chub chub#5060 said: AHAHAHAHA
Chub chub#5060 said: pain
Chub chub#5060 said: :)
Chub chub#5060 said: "i wanna shit so bad"

WHY CANT I SHIT"
rexonight134#9930 said: they finna die
Cypho#7807 said: they explode
Chub chub#5060 said: vine boom vine boom
Chub chub#5060 said: oh god blood mixed w shit
rexonight134#9930 said: ew
Lyfe#5779 said: VINE BOOM 😭😭
Chub chub#5060 said: HAAHHAHHAHHAHHAHHAAHHAH
sndeesool#8381 said: <@233505569665712128> can i pair fire prot and prot?
sndeesool#8381 said: or no
Cypho#7807 said: no
sndeesool#8381 said: fuck
Chub chub#5060 said: this is aotd
Cypho#7807 said: why did u ask this in aotd <:clueless:972336459740766258>
Lyfe#5779 said: why would u want fire prot
sndeesool#8381 said: wait
sndeesool#8381 said: this is aotd
sndeesool#8381 said: FUCK
Lyfe#5779 said: pro
Chub chub#5060 said: LOL
sndeesool#8381 said: dies*
rexonight134#9930 said: <:omegalul:804514401855078461>
rexonight134#9930 said: asylum
Chub chub#5060 said: living
rexonight134#9930 said: agre
Chub chub#5060 said: hhhh
Chub chub#5060 said: oh but whats fun is triggering someone slowly everyday
rexonight134#9930 said: <:imOkayChamp:804524425021227038>
