[Thu Nov 10 2022 12:21:35]DewanMukto#8815 said: md.emojistorm
[Thu Nov 10 2022 12:21:48]DewanMukto#8815 said: md.help
[Thu Nov 10 2022 12:21:53]DewanMukto#8815 said: md emojistorm
[Thu Nov 10 2022 12:26:08]DewanMukto#8815 said: md emojistorm
[Thu Nov 10 2022 12:37:38]DewanMukto#8815 said: md emojistorm
[Thu Nov 10 2022 12:42:06]DewanMukto#8815 said: md emojistorm
[Thu Nov 10 2022 12:42:33]DewanMukto#8815 said: md emojistorm
[Thu Nov 10 2022 12:49:38]DewanMukto#8815 said: !ecoji 99
[Thu Nov 10 2022 12:49:41]DewanMukto#8815 said: !ecoji 99
[Thu Nov 10 2022 12:49:42]DewanMukto#8815 said: !ecoji 99
[Thu Nov 10 2022 12:49:43]DewanMukto#8815 said: !ecoji 99
[Thu Nov 10 2022 12:49:44]DewanMukto#8815 said: !ecoji 99
[Thu Nov 10 2022 12:49:46]DewanMukto#8815 said: !ecoji 99
[Thu Nov 10 2022 12:49:47]DewanMukto#8815 said: !ecoji 99
[Thu Nov 10 2022 12:49:48]DewanMukto#8815 said: !ecoji 99
[Thu Nov 10 2022 12:49:52]DewanMukto#8815 said: !ecoji 99
[Thu Nov 10 2022 12:49:59]DewanMukto#8815 said: !ecoji 99
[Thu Nov 10 2022 12:50:05]DewanMukto#8815 said: !ecoji 99
[Thu Nov 10 2022 12:50:14]DewanMukto#8815 said: !ecoji 99
[Thu Nov 10 2022 12:54:47]DewanMukto#8815 said: ecojistorm
[Thu Nov 10 2022 12:56:52]DewanMukto#8815 said: ecojistorm
[Thu Nov 10 2022 12:57:59]DewanMukto#8815 said: ecojistorm
[Thu Nov 10 2022 12:58:58]DewanMukto#8815 said: ecojistorm
