Zibblobet#1429 said: Sure I guess
Muxto#8483 said: Heh heh
Zibblobet#1429 said: I'm.
Zibblobet#1429 said: I'm .
Zibblobet#1429 said: It's gone!
Muxto#8483 said: What?
Zibblobet#1429 said: Dad is gone!
Muxto#8483 said: Daddy?
Zibblobet#1429 said: Indeed
Zibblobet#1429 said: Dad left, spam shut up
SachitO#6484 said: Bubba
Thoris#1906 said: https://tenor.com/view/dioramoseggloshara-gif-25426460
SachitO#6484 said: Fr fr
Zibblobet#1429 said: Indeed
Lyfe#5779 said: on god
Muxto#8483 said: Wait.. you guys don't have any music bots in this server?
Muxto#8483 said: 😎 Splendid! 'Cause today I jus' added music features for <@977262952354828308>
Muxto#8483 said: <#753646392492425338>
Zibblobet#1429 said: 
Lyfe#5779 said: based ben ong
sUwUicide#1933 said: Yo
Lyfe#5779 said: <:niko_83c:417681627536162828>
sUwUicide#1933 said: Hruu
Lyfe#5779 said: good good <:niko_sleep:720713577820061778>
sUwUicide#1933 said: That's goods to hear
Zibblobet#1429 said: 
Lyfe#5779 said: fr
Thoris#1906 said: this is so funny
Lyfe#5779 said: <:joobilaugh:820756025832374274>
Frico#4472 said: 👽
Glorious Kat#5643 said: 5 days too late
[Fri May 27 2022 09:16:44]Zibblobet#1429 said: md amongus
[Fri May 27 2022 11:12:38]Lyfe#5779 said: https://cdn.discordapp.com/emojis/915676990206517328.png?quality=lossless&size=48
[Sun May 29 2022 03:05:49]Bravo#0185 said: woop
[Sun May 29 2022 03:54:27]Thoris#1906 said: no way it's bravo
[Sun May 29 2022 03:57:43]Bravo#0185 said: :0
[Sun May 29 2022 03:57:46]Bravo#0185 said: It is I
[Sun May 29 2022 03:59:25]Bravo#0185 said: Bwavo:3
[Sun May 29 2022 07:34:13]Thoris#1906 said: hey :)
[Sun May 29 2022 08:40:59]SachitO#6484 said: bravo
[Sun May 29 2022 08:41:05]SachitO#6484 said: moment
[Sun May 29 2022 08:46:17]Thoris#1906 said: i mean who are you anyways
[Sun May 29 2022 09:11:26]SachitO#6484 said: SachitO
[Sun May 29 2022 09:11:32]SachitO#6484 said: Skill issue in reading
[Sun May 29 2022 09:11:34]SachitO#6484 said: Skh
[Sun May 29 2022 09:29:19]Thoris#1906 said: stfu
[Mon May 30 2022 01:52:44]Bravo#0185 said: A
[Mon May 30 2022 01:53:27]Lyfe#5779 said: n
[Mon May 30 2022 01:53:31]Lyfe#5779 said: GOD DAMMIT
[Mon May 30 2022 01:53:32]Lyfe#5779 said: b
[Mon May 30 2022 02:10:02]Bravo#0185 said: Hehe
[Mon May 30 2022 02:10:03]Bravo#0185 said: C
[Mon May 30 2022 02:13:45]Lyfe#5779 said: d
[Mon May 30 2022 04:52:22]SachitO#6484 said: Yeah
[Tue May 31 2022 02:19:26]Bravo#0185 said: 🥸
[Tue May 31 2022 02:19:40]Bravo#0185 said: ong
[Tue May 31 2022 02:23:45]Lyfe#5779 said: fr
[Tue May 31 2022 03:06:23]Bravo#0185 said: noooooooooooooooooooooooo
[Tue May 31 2022 03:08:07]Bravo#0185 said: not fr
[Tue May 31 2022 03:08:10]Bravo#0185 said: :(
[Tue May 31 2022 04:04:38]Lyfe#5779 said: https://cdn.discordapp.com/emojis/739838597485822055.png?quality=lossless&size=48
[Tue May 31 2022 04:06:52]Bravo#0185 said: hehe
[Tue May 31 2022 04:07:27]Bravo#0185 said: :3
[Tue May 31 2022 04:07:47]Lyfe#5779 said: https://cdn.discordapp.com/emojis/564469760373555220.gif?quality=lossless&size=48
[Tue May 31 2022 04:29:01]Bravo#0185 said: its the meatball guy!!!!!!!!!!
[Tue May 31 2022 04:30:39]Lyfe#5779 said: its the what
[Tue May 31 2022 04:30:45]Lyfe#5779 said: https://cdn.discordapp.com/emojis/417681755521417216.png?quality=lossless&size=48
[Tue May 31 2022 14:12:53]Bravo#0185 said: bro cloudy with a chance of meatballs
[Tue May 31 2022 14:12:54]Bravo#0185 said: its him
[Tue May 31 2022 14:19:55]Lyfe#5779 said: Oh my god i see it
[Tue May 31 2022 14:22:00]Lyfe#5779 said: tim lockwood real
[Tue May 31 2022 14:22:35]Bravo#0185 said: Wait his name is fucking Tim
[Tue May 31 2022 14:22:46]Lyfe#5779 said: yes
[Tue May 31 2022 14:22:48]Lyfe#5779 said: tim
[Tue May 31 2022 14:22:54]Lyfe#5779 said: tim is such a cute name
[Tue May 31 2022 14:22:58]Lyfe#5779 said: tim..
[Tue May 31 2022 14:23:34]Bravo#0185 said: Bro daydreaming 💀
[Tue May 31 2022 14:24:04]Bravo#0185 said: Tim rlly said: 🥸
[Tue May 31 2022 14:25:19]Lyfe#5779 said: AHAHAHAHAH
[Tue May 31 2022 14:25:32]Lyfe#5779 said: I AM NIT
[Tue May 31 2022 14:25:44]Lyfe#5779 said: just the name
[Tue May 31 2022 14:25:49]Lyfe#5779 said: https://cdn.discordapp.com/emojis/417681755458371594.png?quality=lossless&size=48
[Tue May 31 2022 14:26:31]Bravo#0185 said: Suuuureee
[Tue May 31 2022 14:26:46]Bravo#0185 said: LYFE LOLES BIG MEN
[Tue May 31 2022 14:27:11]Bravo#0185 said: OMG SJIALWLEKDKCC NOWAY
[Tue May 31 2022 14:27:22]Lyfe#5779 said: I DO NOT LIKE BIG MEN
[Tue May 31 2022 14:27:33]Lyfe#5779 said: I WILL NOT STAND FOR LYFE SLANDER
[Tue May 31 2022 14:27:55]Bravo#0185 said: Lyfe…. Saver…….
[Tue May 31 2022 14:28:29]Lyfe#5779 said: https://cdn.discordapp.com/emojis/761248466852249611.png?quality=lossless&size=48
[Tue May 31 2022 14:28:42]Bravo#0185 said: Shit wrong thing
[Tue May 31 2022 14:28:42]Lyfe#5779 said: SO TRUE
[Tue May 31 2022 14:28:46]Lyfe#5779 said: #VictoryRoyale
[Tue May 31 2022 14:28:50]Bravo#0185 said: WTF U MEAN TRUE
[Tue May 31 2022 14:29:20]Lyfe#5779 said: 🤨
[Tue May 31 2022 14:29:21]Bravo#0185 said: Why is this in my camera role
[Tue May 31 2022 14:29:28]Lyfe#5779 said: idk u tell me
[Tue May 31 2022 14:29:40]Bravo#0185 said: Someone air dropped my that at lunch
[Tue May 31 2022 14:30:01]Bravo#0185 said: On the last day of school 😤
[Tue May 31 2022 14:31:39]Lyfe#5779 said: LMFAOO
[Tue May 31 2022 14:31:48]Lyfe#5779 said: which one tho
[Tue May 31 2022 14:31:53]Lyfe#5779 said: the ninja one or the other one
[Tue May 31 2022 14:34:35]Bravo#0185 said: both
[Tue May 31 2022 14:39:24]Lyfe#5779 said: incredible
[Tue May 31 2022 14:39:59]Bravo#0185 said: more like interesting
[Tue May 31 2022 14:40:16]Bravo#0185 said: freshmen are complete menaces
[Tue May 31 2022 14:43:01]Lyfe#5779 said: real
[Tue May 31 2022 15:44:46]sUwUicide#1933 said: Yo
[Tue May 31 2022 15:47:47]Bravo#0185 said: Yo
[Tue May 31 2022 15:47:52]Bravo#0185 said: Yo?
[Tue May 31 2022 15:48:43]SachitO#6484 said: yo
[Tue May 31 2022 15:48:53]Bravo#0185 said: :D pepol
[Tue May 31 2022 16:03:19]Lyfe#5779 said: woa
[Tue May 31 2022 16:04:53]Bravo#0185 said: the people left me :(
[Tue May 31 2022 16:05:46]SachitO#6484 said: Oof
[Tue May 31 2022 16:24:36]Lyfe#5779 said: 😔
[Wed Jun 01 2022 00:20:59]ʇɐɔ s,ǝɹʎs+ɥsᴉq/ɯǝlqoɹdǝɯɐuʎlsɹS#6989 said: :)
[Tue Jun 21 2022 03:48:29]Lyfe#5779 said: guh
