[Wed Jun 01 2022 17:55:12]Zs'jei#0779 said: play alan walker sky vip
[Wed Jun 01 2022 17:55:14]Zs'jei#0779 said: loop
[Wed Jun 01 2022 17:55:19]Zs'jei#0779 said: loop
[Wed Jun 01 2022 17:55:30]Zs'jei#0779 said: filter surround
[Wed Jun 01 2022 18:32:35]Zs'jei#0779 said: stop
[Wed Jun 01 2022 18:32:53]Zs'jei#0779 said: play nightcore sleepy mix 9
[Wed Jun 01 2022 18:33:13]Zs'jei#0779 said: playskip nightcore sleepy mix 6
[Wed Jun 01 2022 18:33:37]Zs'jei#0779 said: play nightcore sleepy mix best of 2019 mix 6
[Wed Jun 01 2022 18:34:50]Zs'jei#0779 said: md av <@784119755111661569>
[Wed Jun 01 2022 18:37:10]Zs'jei#0779 said: md av <@784119755111661569>
[Wed Jun 01 2022 18:38:07]Zs'jei#0779 said: md av <@784119755111661569>
[Wed Jun 01 2022 18:38:46]Zs'jei#0779 said: md av <@784119755111661569>
[Wed Jun 01 2022 18:41:51]Zs'jei#0779 said: md av <@784119755111661569>
[Wed Jun 01 2022 18:43:48]DMukto#8483 said: md av <@854404138107928576>
[Wed Jun 01 2022 18:44:45]DMukto#8483 said: md av <@854404138107928576>
[Wed Jun 01 2022 18:46:38]DMukto#8483 said: md av <@854404138107928576>
[Wed Jun 01 2022 18:56:14]Zs'jei#0779 said: md av <@784119755111661569>
[Wed Jun 01 2022 18:58:34]DMukto#8483 said: md ava <@854404138107928576>
[Wed Jun 01 2022 18:58:41]DMukto#8483 said: md av <@854404138107928576>
[Wed Jun 01 2022 18:59:45]DMukto#8483 said: md av <@854404138107928576>
[Wed Jun 01 2022 19:00:15]DMukto#8483 said: md av <@854404138107928576>
[Wed Jun 01 2022 19:00:38]DMukto#8483 said: md av <@523963627913478184>
[Wed Jun 01 2022 19:00:51]DMukto#8483 said: md av <@977262952354828308>
[Wed Jun 01 2022 19:02:26]DMukto#8483 said: md delete 30
[Thu Jun 02 2022 03:09:54]LolQuattro#0125 said: <@784119755111661569>
[Thu Jun 02 2022 03:10:02]LolQuattro#0125 said: You pinged?
[Thu Jun 02 2022 06:23:19]DMukto#8483 said: uh, yeah by mistake
[Thu Jun 02 2022 06:23:28]DMukto#8483 said: was testing out a new command
